<?xml version="1.0" encoding="UTF-8"?>
<!-- Generated by org.testng.reporters.JUnitXMLReporter -->
<testsuite ignored="1" hostname="ip-192-168-0-101.ap-south-1.compute.internal" failures="0" tests="1" name="Default test" time="37.228" errors="0" timestamp="2023-04-05T14:41:47 IST">
  <testcase classname="com.mamaearth.TestCase.TC_CheckcoutWithoutGI" name="Test_GuestUser_WithoutCoupon_withoutGI_COD" time="25.394"/>
  <testcase classname="com.mamaearth.TestCase.TC_CheckcoutWithoutGI" name="Test_GuestUser_WithCoupon_withoutGI_COD" time="0.0">
    <ignored/>
  </testcase> <!-- Test_GuestUser_WithCoupon_withoutGI_COD -->
</testsuite> <!-- Default test -->
