<?xml version="1.0" encoding="UTF-8"?>
<!-- Generated by org.testng.reporters.JUnitXMLReporter -->
<testsuite ignored="0" hostname="Udit-078.local" failures="0" tests="2" name="Default test" time="75.488" errors="0" timestamp="2023-04-10T16:46:50 IST">
  <testcase classname="com.mamaearth.TestCase.TC_CheckcoutWithoutGI" name="Test_GuestUser_WithCoupon_withoutGI_COD" time="26.656"/>
  <testcase classname="com.mamaearth.TestCase.TC_CheckcoutWithoutGI" name="Test_GuestUser_WithoutCoupon_withoutGI_COD" time="24.598"/>
</testsuite> <!-- Default test -->
