<?xml version="1.0" encoding="UTF-8"?>
<!-- Generated by org.testng.reporters.JUnitXMLReporter -->
<testsuite ignored="0" hostname="Udit-078.local" failures="0" tests="35" name="Default test" time="2.283" errors="0" timestamp="2023-03-10T12:21:31 IST">
  <testcase classname="com.mamaearth.TestCase.TC_VerifyAllCategories" name="@BeforeClass setup" time="2.133">
    <failure type="org.openqa.selenium.remote.http.ConnectionFailedException" message="Unable to establish websocket connection to http://localhost:49602/devtools/browser/110a1e7a-2f7a-4149-bf47-19082bd4342e
Build info: version: &amp;apos;4.5.0&amp;apos;, revision: &amp;apos;fe167b119a&amp;apos;
System info: os.name: &amp;apos;Mac OS X&amp;apos;, os.arch: &amp;apos;x86_64&amp;apos;, os.version: &amp;apos;11.5.1&amp;apos;, java.version: &amp;apos;18.0.1.1&amp;apos;
Driver info: driver.version: ChromeDriver">
      <![CDATA[org.openqa.selenium.remote.http.ConnectionFailedException: Unable to establish websocket connection to http://localhost:49602/devtools/browser/110a1e7a-2f7a-4149-bf47-19082bd4342e
Build info: version: '4.5.0', revision: 'fe167b119a'
System info: os.name: 'Mac OS X', os.arch: 'x86_64', os.version: '11.5.1', java.version: '18.0.1.1'
Driver info: driver.version: ChromeDriver
at org.openqa.selenium.remote.http.netty.NettyWebSocket.<init>(NettyWebSocket.java:102)
at org.openqa.selenium.remote.http.netty.NettyWebSocket.lambda$create$3(NettyWebSocket.java:128)
at org.openqa.selenium.remote.http.netty.NettyClient.openSocket(NettyClient.java:107)
at org.openqa.selenium.devtools.Connection.<init>(Connection.java:77)
at org.openqa.selenium.chromium.ChromiumDriver.lambda$new$2(ChromiumDriver.java:116)
at java.base/java.util.Optional.map(Optional.java:260)
at org.openqa.selenium.chromium.ChromiumDriver.<init>(ChromiumDriver.java:114)
at org.openqa.selenium.chrome.ChromeDriver.<init>(ChromeDriver.java:81)
at org.openqa.selenium.chrome.ChromeDriver.<init>(ChromeDriver.java:49)
at com.mamaearth.Base.mamaearth_Base.initialization(mamaearth_Base.java:41)
at com.mamaearth.TestCase.TC_VerifyAllCategories.setup(TC_VerifyAllCategories.java:120)
at java.base/jdk.internal.reflect.DirectMethodHandleAccessor.invoke(DirectMethodHandleAccessor.java:104)
at java.base/java.lang.reflect.Method.invoke(Method.java:577)
at org.testng.internal.MethodInvocationHelper.invokeMethod(MethodInvocationHelper.java:133)
at org.testng.internal.MethodInvocationHelper.invokeMethodConsideringTimeout(MethodInvocationHelper.java:62)
at org.testng.internal.ConfigInvoker.invokeConfigurationMethod(ConfigInvoker.java:385)
at org.testng.internal.ConfigInvoker.invokeConfigurations(ConfigInvoker.java:321)
at org.testng.internal.TestMethodWorker.invokeBeforeClassMethods(TestMethodWorker.java:176)
at org.testng.internal.TestMethodWorker.run(TestMethodWorker.java:122)
at java.base/java.util.ArrayList.forEach(ArrayList.java:1511)
at org.testng.TestRunner.privateRun(TestRunner.java:794)
at org.testng.TestRunner.run(TestRunner.java:596)
at org.testng.SuiteRunner.runTest(SuiteRunner.java:377)
at org.testng.SuiteRunner.runSequentially(SuiteRunner.java:371)
at org.testng.SuiteRunner.privateRun(SuiteRunner.java:332)
at org.testng.SuiteRunner.run(SuiteRunner.java:276)
at org.testng.SuiteRunnerWorker.runSuite(SuiteRunnerWorker.java:53)
at org.testng.SuiteRunnerWorker.run(SuiteRunnerWorker.java:96)
at org.testng.TestNG.runSuitesSequentially(TestNG.java:1212)
at org.testng.TestNG.runSuitesLocally(TestNG.java:1134)
at org.testng.TestNG.runSuites(TestNG.java:1063)
at org.testng.TestNG.run(TestNG.java:1031)
at org.testng.remote.AbstractRemoteTestNG.run(AbstractRemoteTestNG.java:115)
at org.testng.remote.RemoteTestNG.initAndRun(RemoteTestNG.java:251)
at org.testng.remote.RemoteTestNG.main(RemoteTestNG.java:77)
]]>
    </failure>
  </testcase> <!-- @BeforeClass setup -->
  <testcase classname="com.mamaearth.TestCase.TC_VerifyAllCategories" name="@AfterClass tearDown" time="-1.678431086844E9">
    <skipped/>
  </testcase> <!-- @AfterClass tearDown -->
  <testcase classname="com.mamaearth.TestCase.TC_VerifyAllCategories" name="Test_mamaearth_launching" time="0.0">
    <skipped/>
  </testcase> <!-- Test_mamaearth_launching -->
  <testcase classname="com.mamaearth.TestCase.TC_VerifyAllCategories" name="Test_mamaearth_category_Beauty_launching" time="0.0">
    <skipped/>
  </testcase> <!-- Test_mamaearth_category_Beauty_launching -->
  <testcase classname="com.mamaearth.TestCase.TC_VerifyAllCategories" name="Test_mamaearth_category_Beauty_Fragrance_launching" time="0.0">
    <skipped/>
  </testcase> <!-- Test_mamaearth_category_Beauty_Fragrance_launching -->
  <testcase classname="com.mamaearth.TestCase.TC_VerifyAllCategories" name="Test_mamaearth_category_Beauty_FacialKits_launching" time="0.0">
    <skipped/>
  </testcase> <!-- Test_mamaearth_category_Beauty_FacialKits_launching -->
  <testcase classname="com.mamaearth.TestCase.TC_VerifyAllCategories" name="Test_mamaearth_category_Hair_launching" time="0.0">
    <skipped/>
  </testcase> <!-- Test_mamaearth_category_Hair_launching -->
  <testcase classname="com.mamaearth.TestCase.TC_VerifyAllCategories" name="Test_mamaearth_category_Hair_Shampoo_launching" time="0.0">
    <skipped/>
  </testcase> <!-- Test_mamaearth_category_Hair_Shampoo_launching -->
  <testcase classname="com.mamaearth.TestCase.TC_VerifyAllCategories" name="Test_mamaearth_category_Hair_Conditioner_launching" time="0.0">
    <skipped/>
  </testcase> <!-- Test_mamaearth_category_Hair_Conditioner_launching -->
  <testcase classname="com.mamaearth.TestCase.TC_VerifyAllCategories" name="Test_mamaearth_category_Hair_HairOil_launching" time="0.0">
    <skipped/>
  </testcase> <!-- Test_mamaearth_category_Hair_HairOil_launching -->
  <testcase classname="com.mamaearth.TestCase.TC_VerifyAllCategories" name="Test_mamaearth_category_Hair_HairMask_launching" time="0.0">
    <skipped/>
  </testcase> <!-- Test_mamaearth_category_Hair_HairMask_launching -->
  <testcase classname="com.mamaearth.TestCase.TC_VerifyAllCategories" name="Test_mamaearth_category_Hair_HairSerum_launching" time="0.0">
    <skipped/>
  </testcase> <!-- Test_mamaearth_category_Hair_HairSerum_launching -->
  <testcase classname="com.mamaearth.TestCase.TC_VerifyAllCategories" name="Test_mamaearth_category_Hair_HairOilBooster_launching" time="0.0">
    <skipped/>
  </testcase> <!-- Test_mamaearth_category_Hair_HairOilBooster_launching -->
  <testcase classname="com.mamaearth.TestCase.TC_VerifyAllCategories" name="Test_mamaearth_category_Face_launching" time="0.0">
    <skipped/>
  </testcase> <!-- Test_mamaearth_category_Face_launching -->
  <testcase classname="com.mamaearth.TestCase.TC_VerifyAllCategories" name="Test_mamaearth_category_Face_FaceWash_launching" time="0.0">
    <skipped/>
  </testcase> <!-- Test_mamaearth_category_Face_FaceWash_launching -->
  <testcase classname="com.mamaearth.TestCase.TC_VerifyAllCategories" name="Test_mamaearth_category_Face_FaceMask_launching" time="0.0">
    <skipped/>
  </testcase> <!-- Test_mamaearth_category_Face_FaceMask_launching -->
  <testcase classname="com.mamaearth.TestCase.TC_VerifyAllCategories" name="Test_mamaearth_category_Face_FaceCream_launching" time="0.0">
    <skipped/>
  </testcase> <!-- Test_mamaearth_category_Face_FaceCream_launching -->
  <testcase classname="com.mamaearth.TestCase.TC_VerifyAllCategories" name="Test_mamaearth_category_Face_FaceSerum_launching" time="0.0">
    <skipped/>
  </testcase> <!-- Test_mamaearth_category_Face_FaceSerum_launching -->
  <testcase classname="com.mamaearth.TestCase.TC_VerifyAllCategories" name="Test_mamaearth_category_Face_FaceScrub_launching" time="0.0">
    <skipped/>
  </testcase> <!-- Test_mamaearth_category_Face_FaceScrub_launching -->
  <testcase classname="com.mamaearth.TestCase.TC_VerifyAllCategories" name="Test_mamaearth_category_Face_FaceToner_launching" time="0.0">
    <skipped/>
  </testcase> <!-- Test_mamaearth_category_Face_FaceToner_launching -->
  <testcase classname="com.mamaearth.TestCase.TC_VerifyAllCategories" name="Test_mamaearth_category_Face_FaceGel_launching" time="0.0">
    <skipped/>
  </testcase> <!-- Test_mamaearth_category_Face_FaceGel_launching -->
  <testcase classname="com.mamaearth.TestCase.TC_VerifyAllCategories" name="Test_mamaearth_category_Face_FaceSheetMask_launching" time="0.0">
    <skipped/>
  </testcase> <!-- Test_mamaearth_category_Face_FaceSheetMask_launching -->
  <testcase classname="com.mamaearth.TestCase.TC_VerifyAllCategories" name="Test_mamaearth_category_Face_FaceMoisturizer_launching" time="0.0">
    <skipped/>
  </testcase> <!-- Test_mamaearth_category_Face_FaceMoisturizer_launching -->
  <testcase classname="com.mamaearth.TestCase.TC_VerifyAllCategories" name="Test_mamaearth_category_Body_launching" time="0.0">
    <skipped/>
  </testcase> <!-- Test_mamaearth_category_Body_launching -->
  <testcase classname="com.mamaearth.TestCase.TC_VerifyAllCategories" name="Test_mamaearth_category_Body_BodyLotion_launching" time="0.0">
    <skipped/>
  </testcase> <!-- Test_mamaearth_category_Body_BodyLotion_launching -->
  <testcase classname="com.mamaearth.TestCase.TC_VerifyAllCategories" name="Test_mamaearth_category_Body_UnderarmCream_launching" time="0.0">
    <skipped/>
  </testcase> <!-- Test_mamaearth_category_Body_UnderarmCream_launching -->
  <testcase classname="com.mamaearth.TestCase.TC_VerifyAllCategories" name="Test_mamaearth_category_Body_BodyScrub_launching" time="0.0">
    <skipped/>
  </testcase> <!-- Test_mamaearth_category_Body_BodyScrub_launching -->
  <testcase classname="com.mamaearth.TestCase.TC_VerifyAllCategories" name="Test_mamaearth_category_Body_HandCream_launching" time="0.0">
    <skipped/>
  </testcase> <!-- Test_mamaearth_category_Body_HandCream_launching -->
  <testcase classname="com.mamaearth.TestCase.TC_VerifyAllCategories" name="Test_mamaearth_category_Body_BodyWash_launching" time="0.0">
    <skipped/>
  </testcase> <!-- Test_mamaearth_category_Body_BodyWash_launching -->
  <testcase classname="com.mamaearth.TestCase.TC_VerifyAllCategories" name="Test_mamaearth_category_Body_BodySoap_launching" time="0.0">
    <skipped/>
  </testcase> <!-- Test_mamaearth_category_Body_BodySoap_launching -->
  <testcase classname="com.mamaearth.TestCase.TC_VerifyAllCategories" name="Test_mamaearth_category_Makeup_launching" time="0.0">
    <skipped/>
  </testcase> <!-- Test_mamaearth_category_Makeup_launching -->
  <testcase classname="com.mamaearth.TestCase.TC_VerifyAllCategories" name="Test_mamaearth_category_Makeup_Lipsticks_launching" time="0.0">
    <skipped/>
  </testcase> <!-- Test_mamaearth_category_Makeup_Lipsticks_launching -->
  <testcase classname="com.mamaearth.TestCase.TC_VerifyAllCategories" name="Test_mamaearth_category_Makeup_LipBalm_launching" time="0.0">
    <skipped/>
  </testcase> <!-- Test_mamaearth_category_Makeup_LipBalm_launching -->
  <testcase classname="com.mamaearth.TestCase.TC_VerifyAllCategories" name="Test_mamaearth_category_Makeup_Foundation_launching" time="0.0">
    <skipped/>
  </testcase> <!-- Test_mamaearth_category_Makeup_Foundation_launching -->
  <testcase classname="com.mamaearth.TestCase.TC_VerifyAllCategories" name="Test_mamaearth_category_Makeup_Kajal_launching" time="0.0">
    <skipped/>
  </testcase> <!-- Test_mamaearth_category_Makeup_Kajal_launching -->
  <testcase classname="com.mamaearth.TestCase.TC_VerifyAllCategories" name="Test_mamaearth_category_Makeup_Compact_launching" time="0.0">
    <skipped/>
  </testcase> <!-- Test_mamaearth_category_Makeup_Compact_launching -->
  <testcase classname="com.mamaearth.TestCase.TC_VerifyAllCategories" name="Test_mamaearth_category_Makeup_Concealer_launching" time="0.0">
    <skipped/>
  </testcase> <!-- Test_mamaearth_category_Makeup_Concealer_launching -->
</testsuite> <!-- Default test -->
