<?xml version="1.0" encoding="UTF-8"?>
<!-- Generated by org.testng.reporters.JUnitXMLReporter -->
<testsuite ignored="0" hostname="ip-192-168-3-50.ap-south-1.compute.internal" failures="0" tests="19" name="Default test" time="48.231" errors="0" timestamp="2023-02-22T15:52:29 IST">
  <testcase classname="com.mamaearth.TestCase.TC_VerifyAllCategories" name="Test_mamaearth_launching" time="0.08"/>
  <testcase classname="com.mamaearth.TestCase.TC_VerifyAllCategories" name="Test_mamaearth_category_Beauty_launching" time="4.218"/>
  <testcase classname="com.mamaearth.TestCase.TC_VerifyAllCategories" name="Test_mamaearth_category_Fragrance_launching" time="1.959"/>
  <testcase classname="com.mamaearth.TestCase.TC_VerifyAllCategories" name="Test_mamaearth_category_FacialKits_launching" time="3.274"/>
  <testcase classname="com.mamaearth.TestCase.TC_VerifyAllCategories" name="Test_mamaearth_category_Hair_launching" time="1.606"/>
  <testcase classname="com.mamaearth.TestCase.TC_VerifyAllCategories" name="Test_mamaearth_category_Shampoo_launching" time="1.274"/>
  <testcase classname="com.mamaearth.TestCase.TC_VerifyAllCategories" name="Test_mamaearth_category_Face_launching" time="2.252"/>
  <testcase classname="com.mamaearth.TestCase.TC_VerifyAllCategories" name="Test_mamaearth_category_Body_launching" time="1.63"/>
  <testcase classname="com.mamaearth.TestCase.TC_VerifyAllCategories" name="Test_mamaearth_category_Makeup_launching" time="1.489"/>
  <testcase classname="com.mamaearth.TestCase.TC_VerifyAllCategories" name="Test_mamaearth_category_Ingredient_launching" time="1.59"/>
  <testcase classname="com.mamaearth.TestCase.TC_VerifyAllCategories" name="Test_mamaearth_category_Baby_launching" time="1.356"/>
  <testcase classname="com.mamaearth.TestCase.TC_VerifyAllCategories" name="Test_mamaearth_category_GiftPacks_launching" time="1.335"/>
  <testcase classname="com.mamaearth.TestCase.TC_VerifyAllCategories" name="Test_mamaearth_category_AllProducts_launching" time="3.193"/>
  <testcase classname="com.mamaearth.TestCase.TC_VerifyAllCategories" name="Test_mamaearth_category_PlantGoodness_launching" time="3.144"/>
  <testcase classname="com.mamaearth.TestCase.TC_VerifyAllCategories" name="Test_mamaearth_category_StoreLocator_launching" time="4.891"/>
  <testcase classname="com.mamaearth.TestCase.TC_VerifyAllCategories" name="Test_mamaearth_category_Hair_Conditioner_launching" time="1.161"/>
  <testcase classname="com.mamaearth.TestCase.TC_VerifyAllCategories" name="Test_mamaearth_category_Hair_HairMask_launching" time="1.377"/>
  <testcase classname="com.mamaearth.TestCase.TC_VerifyAllCategories" name="Test_mamaearth_category_Hair_HairSerum_launching" time="1.457"/>
  <testcase classname="com.mamaearth.TestCase.TC_VerifyAllCategories" name="Test_mamaearth_category_Hair_HairOil_launching" time="1.174"/>
</testsuite> <!-- Default test -->
