<?xml version="1.0" encoding="UTF-8"?>
<!-- Generated by org.testng.reporters.JUnitXMLReporter -->
<testsuite ignored="0" hostname="ip-192-168-3-50.ap-south-1.compute.internal" failures="1" tests="28" name="Default test" time="49.94" errors="0" timestamp="2023-03-09T16:46:35 IST">
  <testcase classname="com.mamaearth.TestCase.TC_VerifyAllCategories" name="Test_mamaearth_launching" time="0.073"/>
  <testcase classname="com.mamaearth.TestCase.TC_VerifyAllCategories" name="Test_mamaearth_category_Beauty_launching" time="3.726"/>
  <testcase classname="com.mamaearth.TestCase.TC_VerifyAllCategories" name="Test_mamaearth_category_Beauty_Fragrance_launching" time="1.685"/>
  <testcase classname="com.mamaearth.TestCase.TC_VerifyAllCategories" name="Test_mamaearth_category_Beauty_FacialKits_launching" time="3.273"/>
  <testcase classname="com.mamaearth.TestCase.TC_VerifyAllCategories" name="Test_mamaearth_category_Hair_launching" time="1.476"/>
  <testcase classname="com.mamaearth.TestCase.TC_VerifyAllCategories" name="Test_mamaearth_category_Hair_Shampoo_launching" time="1.261"/>
  <testcase classname="com.mamaearth.TestCase.TC_VerifyAllCategories" name="Test_mamaearth_category_Hair_Conditioner_launching" time="1.734"/>
  <testcase classname="com.mamaearth.TestCase.TC_VerifyAllCategories" name="Test_mamaearth_category_Hair_HairOil_launching" time="1.088"/>
  <testcase classname="com.mamaearth.TestCase.TC_VerifyAllCategories" name="Test_mamaearth_category_Hair_HairMask_launching" time="1.162"/>
  <testcase classname="com.mamaearth.TestCase.TC_VerifyAllCategories" name="Test_mamaearth_category_Hair_HairSerum_launching" time="1.029"/>
  <testcase classname="com.mamaearth.TestCase.TC_VerifyAllCategories" name="Test_mamaearth_category_Hair_HairOilBooster_launching" time="1.02"/>
  <testcase classname="com.mamaearth.TestCase.TC_VerifyAllCategories" name="Test_mamaearth_category_Face_launching" time="1.929"/>
  <testcase classname="com.mamaearth.TestCase.TC_VerifyAllCategories" name="Test_mamaearth_category_Face_FaceWash_launching" time="1.545"/>
  <testcase classname="com.mamaearth.TestCase.TC_VerifyAllCategories" name="Test_mamaearth_category_Face_FaceMask_launching" time="1.176"/>
  <testcase classname="com.mamaearth.TestCase.TC_VerifyAllCategories" name="Test_mamaearth_category_Face_FaceCream_launching" time="1.261"/>
  <testcase classname="com.mamaearth.TestCase.TC_VerifyAllCategories" name="Test_mamaearth_category_Face_FaceSerum_launching" time="1.169"/>
  <testcase classname="com.mamaearth.TestCase.TC_VerifyAllCategories" name="Test_mamaearth_category_Face_FaceScrub_launching" time="1.264"/>
  <testcase classname="com.mamaearth.TestCase.TC_VerifyAllCategories" name="Test_mamaearth_category_Face_FaceToner_launching" time="1.175"/>
  <testcase classname="com.mamaearth.TestCase.TC_VerifyAllCategories" name="Test_mamaearth_category_Face_FaceGel_launching" time="1.213"/>
  <testcase classname="com.mamaearth.TestCase.TC_VerifyAllCategories" name="Test_mamaearth_category_Face_FaceSheetMask_launching" time="2.566"/>
  <testcase classname="com.mamaearth.TestCase.TC_VerifyAllCategories" name="Test_mamaearth_category_Face_FaceMoisturizer_launching" time="1.306"/>
  <testcase classname="com.mamaearth.TestCase.TC_VerifyAllCategories" name="Test_mamaearth_category_Body_launching" time="1.46"/>
  <testcase classname="com.mamaearth.TestCase.TC_VerifyAllCategories" name="Test_mamaearth_category_Body_BodyLotion_launching" time="1.458"/>
  <testcase classname="com.mamaearth.TestCase.TC_VerifyAllCategories" name="Test_mamaearth_category_Body_BodySoap_launching" time="0.002">
    <failure type="java.lang.NullPointerException" message="Cannot invoke &amp;quot;com.mamaearth.PageObject.mamaearth_Category_Body_BodyWash.categoriesRefrence()&amp;quot; because &amp;quot;this.bodyWash&amp;quot; is null">
      <![CDATA[java.lang.NullPointerException: Cannot invoke "com.mamaearth.PageObject.mamaearth_Category_Body_BodyWash.categoriesRefrence()" because "this.bodyWash" is null
at com.mamaearth.TestCase.TC_VerifyAllCategories.Test_mamaearth_category_Body_BodySoap_launching(TC_VerifyAllCategories.java:329)
at java.base/jdk.internal.reflect.DirectMethodHandleAccessor.invoke(DirectMethodHandleAccessor.java:104)
at java.base/java.lang.reflect.Method.invoke(Method.java:577)
at org.testng.internal.MethodInvocationHelper.invokeMethod(MethodInvocationHelper.java:133)
at org.testng.internal.TestInvoker.invokeMethod(TestInvoker.java:598)
at org.testng.internal.TestInvoker.invokeTestMethod(TestInvoker.java:173)
at org.testng.internal.MethodRunner.runInSequence(MethodRunner.java:46)
at org.testng.internal.TestInvoker$MethodInvocationAgent.invoke(TestInvoker.java:824)
at org.testng.internal.TestInvoker.invokeTestMethods(TestInvoker.java:146)
at org.testng.internal.TestMethodWorker.invokeTestMethods(TestMethodWorker.java:146)
at org.testng.internal.TestMethodWorker.run(TestMethodWorker.java:128)
at java.base/java.util.ArrayList.forEach(ArrayList.java:1511)
at org.testng.TestRunner.privateRun(TestRunner.java:794)
at org.testng.TestRunner.run(TestRunner.java:596)
at org.testng.SuiteRunner.runTest(SuiteRunner.java:377)
at org.testng.SuiteRunner.runSequentially(SuiteRunner.java:371)
at org.testng.SuiteRunner.privateRun(SuiteRunner.java:332)
at org.testng.SuiteRunner.run(SuiteRunner.java:276)
at org.testng.SuiteRunnerWorker.runSuite(SuiteRunnerWorker.java:53)
at org.testng.SuiteRunnerWorker.run(SuiteRunnerWorker.java:96)
at org.testng.TestNG.runSuitesSequentially(TestNG.java:1212)
at org.testng.TestNG.runSuitesLocally(TestNG.java:1134)
at org.testng.TestNG.runSuites(TestNG.java:1063)
at org.testng.TestNG.run(TestNG.java:1031)
at org.testng.remote.AbstractRemoteTestNG.run(AbstractRemoteTestNG.java:115)
at org.testng.remote.RemoteTestNG.initAndRun(RemoteTestNG.java:251)
at org.testng.remote.RemoteTestNG.main(RemoteTestNG.java:77)
]]>
    </failure>
  </testcase> <!-- Test_mamaearth_category_Body_BodySoap_launching -->
  <testcase classname="com.mamaearth.TestCase.TC_VerifyAllCategories" name="Test_mamaearth_category_Body_UnderarmCream_launching" time="1.124"/>
  <testcase classname="com.mamaearth.TestCase.TC_VerifyAllCategories" name="Test_mamaearth_category_Body_BodyScrub_launching" time="0.987"/>
  <testcase classname="com.mamaearth.TestCase.TC_VerifyAllCategories" name="Test_mamaearth_category_Body_HandCream_launching" time="1.019"/>
  <testcase classname="com.mamaearth.TestCase.TC_VerifyAllCategories" name="Test_mamaearth_category_Body_BodyWash_launching" time="1.113"/>
</testsuite> <!-- Default test -->
