<?xml version="1.0" encoding="UTF-8"?>
<!-- Generated by org.testng.reporters.JUnitXMLReporter -->
<testsuite ignored="57" hostname="Udit-078.local" failures="0" tests="1" name="Default test" time="11.495" errors="0" timestamp="2023-04-05T22:57:20 IST">
  <testcase classname="com.mamaearth.TestCase.TC_VerifyAllCategories" name="Test_mamaearth_category_Hair_Conditioner_launching" time="2.154"/>
  <testcase classname="com.mamaearth.TestCase.TC_VerifyAllCategories" name="Test_mamaearth_category_Hair_HairMask_launching" time="0.0">
    <ignored/>
  </testcase> <!-- Test_mamaearth_category_Hair_HairMask_launching -->
  <testcase classname="com.mamaearth.TestCase.TC_VerifyAllCategories" name="Test_mamaearth_category_Makeup_Kajal_launching" time="0.0">
    <ignored/>
  </testcase> <!-- Test_mamaearth_category_Makeup_Kajal_launching -->
  <testcase classname="com.mamaearth.TestCase.TC_VerifyAllCategories" name="Test_mamaearth_category_Makeup_Compact_launching" time="0.0">
    <ignored/>
  </testcase> <!-- Test_mamaearth_category_Makeup_Compact_launching -->
  <testcase classname="com.mamaearth.TestCase.TC_VerifyAllCategories" name="Test_mamaearth_category_Face_FaceScrub_launching" time="0.0">
    <ignored/>
  </testcase> <!-- Test_mamaearth_category_Face_FaceScrub_launching -->
  <testcase classname="com.mamaearth.TestCase.TC_VerifyAllCategories" name="Test_mamaearth_category_Face_FaceMask_launching" time="0.0">
    <ignored/>
  </testcase> <!-- Test_mamaearth_category_Face_FaceMask_launching -->
  <testcase classname="com.mamaearth.TestCase.TC_VerifyAllCategories" name="Test_mamaearth_category_Body_BodyWash_launching" time="0.0">
    <ignored/>
  </testcase> <!-- Test_mamaearth_category_Body_BodyWash_launching -->
  <testcase classname="com.mamaearth.TestCase.TC_VerifyAllCategories" name="Test_mamaearth_category_Makeup_LipBalm_launching" time="0.0">
    <ignored/>
  </testcase> <!-- Test_mamaearth_category_Makeup_LipBalm_launching -->
  <testcase classname="com.mamaearth.TestCase.TC_VerifyAllCategories" name="Test_mamaearth_category_Face_FaceMoisturizer_launching" time="0.0">
    <ignored/>
  </testcase> <!-- Test_mamaearth_category_Face_FaceMoisturizer_launching -->
  <testcase classname="com.mamaearth.TestCase.TC_VerifyAllCategories" name="Test_mamaearth_category_Ingredient_launching" time="0.0">
    <ignored/>
  </testcase> <!-- Test_mamaearth_category_Ingredient_launching -->
  <testcase classname="com.mamaearth.TestCase.TC_VerifyAllCategories" name="Test_mamaearth_category_Ingredient_Onion_launching" time="0.0">
    <ignored/>
  </testcase> <!-- Test_mamaearth_category_Ingredient_Onion_launching -->
  <testcase classname="com.mamaearth.TestCase.TC_VerifyAllCategories" name="Test_mamaearth_category_Face_FaceGel_launching" time="0.0">
    <ignored/>
  </testcase> <!-- Test_mamaearth_category_Face_FaceGel_launching -->
  <testcase classname="com.mamaearth.TestCase.TC_VerifyAllCategories" name="Test_mamaearth_category_Beauty_launching" time="0.0">
    <ignored/>
  </testcase> <!-- Test_mamaearth_category_Beauty_launching -->
  <testcase classname="com.mamaearth.TestCase.TC_VerifyAllCategories" name="Test_mamaearth_category_Makeup_Lipsticks_launching" time="0.0">
    <ignored/>
  </testcase> <!-- Test_mamaearth_category_Makeup_Lipsticks_launching -->
  <testcase classname="com.mamaearth.TestCase.TC_VerifyAllCategories" name="Test_mamaearth_category_Baby__BabyBath_launching" time="0.0">
    <ignored/>
  </testcase> <!-- Test_mamaearth_category_Baby__BabyBath_launching -->
  <testcase classname="com.mamaearth.TestCase.TC_VerifyAllCategories" name="Test_mamaearth_category_Baby_launching" time="0.0">
    <ignored/>
  </testcase> <!-- Test_mamaearth_category_Baby_launching -->
  <testcase classname="com.mamaearth.TestCase.TC_VerifyAllCategories" name="Test_mamaearth_category_Ingredient_AppleCiderVinegar_launching" time="0.0">
    <ignored/>
  </testcase> <!-- Test_mamaearth_category_Ingredient_AppleCiderVinegar_launching -->
  <testcase classname="com.mamaearth.TestCase.TC_VerifyAllCategories" name="Test_mamaearth_launching" time="0.0">
    <ignored/>
  </testcase> <!-- Test_mamaearth_launching -->
  <testcase classname="com.mamaearth.TestCase.TC_VerifyAllCategories" name="Test_mamaearth_category_Face_FaceWash_launching" time="0.0">
    <ignored/>
  </testcase> <!-- Test_mamaearth_category_Face_FaceWash_launching -->
  <testcase classname="com.mamaearth.TestCase.TC_VerifyAllCategories" name="Test_mamaearth_category_Body_BodyLotion_launching" time="0.0">
    <ignored/>
  </testcase> <!-- Test_mamaearth_category_Body_BodyLotion_launching -->
  <testcase classname="com.mamaearth.TestCase.TC_VerifyAllCategories" name="Test_mamaearth_category_Hair_HairOil_launching" time="0.0">
    <ignored/>
  </testcase> <!-- Test_mamaearth_category_Hair_HairOil_launching -->
  <testcase classname="com.mamaearth.TestCase.TC_VerifyAllCategories" name="Test_mamaearth_category_Ingredient_Ubtan_launching" time="0.0">
    <ignored/>
  </testcase> <!-- Test_mamaearth_category_Ingredient_Ubtan_launching -->
  <testcase classname="com.mamaearth.TestCase.TC_VerifyAllCategories" name="Test_mamaearth_category_Ingredient_Retinol_launching" time="0.0">
    <ignored/>
  </testcase> <!-- Test_mamaearth_category_Ingredient_Retinol_launching -->
  <testcase classname="com.mamaearth.TestCase.TC_VerifyAllCategories" name="Test_mamaearth_category_Ingredient_Bhringmla_launching" time="0.0">
    <ignored/>
  </testcase> <!-- Test_mamaearth_category_Ingredient_Bhringmla_launching -->
  <testcase classname="com.mamaearth.TestCase.TC_VerifyAllCategories" name="Test_mamaearth_category_Makeup_Foundation_launching" time="0.0">
    <ignored/>
  </testcase> <!-- Test_mamaearth_category_Makeup_Foundation_launching -->
  <testcase classname="com.mamaearth.TestCase.TC_VerifyAllCategories" name="Test_mamaearth_category_Ingredient_Rice_launching" time="0.0">
    <ignored/>
  </testcase> <!-- Test_mamaearth_category_Ingredient_Rice_launching -->
  <testcase classname="com.mamaearth.TestCase.TC_VerifyAllCategories" name="Test_mamaearth_category_Face_launching" time="0.0">
    <ignored/>
  </testcase> <!-- Test_mamaearth_category_Face_launching -->
  <testcase classname="com.mamaearth.TestCase.TC_VerifyAllCategories" name="Test_mamaearth_category_Baby__BabyOil_launching" time="0.0">
    <ignored/>
  </testcase> <!-- Test_mamaearth_category_Baby__BabyOil_launching -->
  <testcase classname="com.mamaearth.TestCase.TC_VerifyAllCategories" name="Test_mamaearth_category_Face_FaceCream_launching" time="0.0">
    <ignored/>
  </testcase> <!-- Test_mamaearth_category_Face_FaceCream_launching -->
  <testcase classname="com.mamaearth.TestCase.TC_VerifyAllCategories" name="Test_mamaearth_category_Face_FaceSerum_launching" time="0.0">
    <ignored/>
  </testcase> <!-- Test_mamaearth_category_Face_FaceSerum_launching -->
  <testcase classname="com.mamaearth.TestCase.TC_VerifyAllCategories" name="Test_mamaearth_category_Ingredient_VitaminC_launching" time="0.0">
    <ignored/>
  </testcase> <!-- Test_mamaearth_category_Ingredient_VitaminC_launching -->
  <testcase classname="com.mamaearth.TestCase.TC_VerifyAllCategories" name="Test_mamaearth_category_Body_UnderarmCream_launching" time="0.0">
    <ignored/>
  </testcase> <!-- Test_mamaearth_category_Body_UnderarmCream_launching -->
  <testcase classname="com.mamaearth.TestCase.TC_VerifyAllCategories" name="Test_mamaearth_category_Ingredient_Coco_launching" time="0.0">
    <ignored/>
  </testcase> <!-- Test_mamaearth_category_Ingredient_Coco_launching -->
  <testcase classname="com.mamaearth.TestCase.TC_VerifyAllCategories" name="Test_mamaearth_category_Body_HandCream_launching" time="0.0">
    <ignored/>
  </testcase> <!-- Test_mamaearth_category_Body_HandCream_launching -->
  <testcase classname="com.mamaearth.TestCase.TC_VerifyAllCategories" name="Test_mamaearth_category_Ingredient_HoneyMalai_launching" time="0.0">
    <ignored/>
  </testcase> <!-- Test_mamaearth_category_Ingredient_HoneyMalai_launching -->
  <testcase classname="com.mamaearth.TestCase.TC_VerifyAllCategories" name="Test_mamaearth_category_Face_FaceToner_launching" time="0.0">
    <ignored/>
  </testcase> <!-- Test_mamaearth_category_Face_FaceToner_launching -->
  <testcase classname="com.mamaearth.TestCase.TC_VerifyAllCategories" name="Test_mamaearth_category_Face_FaceSheetMask_launching" time="0.0">
    <ignored/>
  </testcase> <!-- Test_mamaearth_category_Face_FaceSheetMask_launching -->
  <testcase classname="com.mamaearth.TestCase.TC_VerifyAllCategories" name="Test_mamaearth_category_Beauty_FacialKits_launching" time="0.0">
    <ignored/>
  </testcase> <!-- Test_mamaearth_category_Beauty_FacialKits_launching -->
  <testcase classname="com.mamaearth.TestCase.TC_VerifyAllCategories" name="Test_mamaearth_category_Makeup_launching" time="0.0">
    <ignored/>
  </testcase> <!-- Test_mamaearth_category_Makeup_launching -->
  <testcase classname="com.mamaearth.TestCase.TC_VerifyAllCategories" name="Test_mamaearth_category_Ingredient_GreenTea_launching" time="0.0">
    <ignored/>
  </testcase> <!-- Test_mamaearth_category_Ingredient_GreenTea_launching -->
  <testcase classname="com.mamaearth.TestCase.TC_VerifyAllCategories" name="Test_mamaearth_category_Makeup_Concealer_launching" time="0.0">
    <ignored/>
  </testcase> <!-- Test_mamaearth_category_Makeup_Concealer_launching -->
  <testcase classname="com.mamaearth.TestCase.TC_VerifyAllCategories" name="Test_mamaearth_category_Beauty_Fragrance_launching" time="0.0">
    <ignored/>
  </testcase> <!-- Test_mamaearth_category_Beauty_Fragrance_launching -->
  <testcase classname="com.mamaearth.TestCase.TC_VerifyAllCategories" name="Test_mamaearth_category_Hair_Shampoo_launching" time="0.0">
    <ignored/>
  </testcase> <!-- Test_mamaearth_category_Hair_Shampoo_launching -->
  <testcase classname="com.mamaearth.TestCase.TC_VerifyAllCategories" name="Test_mamaearth_category_Ingredient_Henna_launching" time="0.0">
    <ignored/>
  </testcase> <!-- Test_mamaearth_category_Ingredient_Henna_launching -->
  <testcase classname="com.mamaearth.TestCase.TC_VerifyAllCategories" name="Test_mamaearth_category_Ingredient_Charcoal_launching" time="0.0">
    <ignored/>
  </testcase> <!-- Test_mamaearth_category_Ingredient_Charcoal_launching -->
  <testcase classname="com.mamaearth.TestCase.TC_VerifyAllCategories" name="Test_mamaearth_category_Ingredient_TeaTree_launching" time="0.0">
    <ignored/>
  </testcase> <!-- Test_mamaearth_category_Ingredient_TeaTree_launching -->
  <testcase classname="com.mamaearth.TestCase.TC_VerifyAllCategories" name="Test_mamaearth_category_Baby__BabyOralcare_launching" time="0.0">
    <ignored/>
  </testcase> <!-- Test_mamaearth_category_Baby__BabyOralcare_launching -->
  <testcase classname="com.mamaearth.TestCase.TC_VerifyAllCategories" name="Test_mamaearth_category_Ingredient_Aqua_launching" time="0.0">
    <ignored/>
  </testcase> <!-- Test_mamaearth_category_Ingredient_Aqua_launching -->
  <testcase classname="com.mamaearth.TestCase.TC_VerifyAllCategories" name="Test_mamaearth_category_Body_BodySoap_launching" time="0.0">
    <ignored/>
  </testcase> <!-- Test_mamaearth_category_Body_BodySoap_launching -->
  <testcase classname="com.mamaearth.TestCase.TC_VerifyAllCategories" name="Test_mamaearth_category_Ingredient_Argan_launching" time="0.0">
    <ignored/>
  </testcase> <!-- Test_mamaearth_category_Ingredient_Argan_launching -->
  <testcase classname="com.mamaearth.TestCase.TC_VerifyAllCategories" name="Test_mamaearth_category_Hair_HairOilBooster_launching" time="0.0">
    <ignored/>
  </testcase> <!-- Test_mamaearth_category_Hair_HairOilBooster_launching -->
  <testcase classname="com.mamaearth.TestCase.TC_VerifyAllCategories" name="Test_mamaearth_category_Body_BodyScrub_launching" time="0.0">
    <ignored/>
  </testcase> <!-- Test_mamaearth_category_Body_BodyScrub_launching -->
  <testcase classname="com.mamaearth.TestCase.TC_VerifyAllCategories" name="Test_mamaearth_category_Hair_HairSerum_launching" time="0.0">
    <ignored/>
  </testcase> <!-- Test_mamaearth_category_Hair_HairSerum_launching -->
  <testcase classname="com.mamaearth.TestCase.TC_VerifyAllCategories" name="Test_mamaearth_category_Baby__BabyShampoo_launching" time="0.0">
    <ignored/>
  </testcase> <!-- Test_mamaearth_category_Baby__BabyShampoo_launching -->
  <testcase classname="com.mamaearth.TestCase.TC_VerifyAllCategories" name="Test_mamaearth_category_Hair_launching" time="0.0">
    <ignored/>
  </testcase> <!-- Test_mamaearth_category_Hair_launching -->
  <testcase classname="com.mamaearth.TestCase.TC_VerifyAllCategories" name="Test_mamaearth_category_Body_launching" time="0.0">
    <ignored/>
  </testcase> <!-- Test_mamaearth_category_Body_launching -->
  <testcase classname="com.mamaearth.TestCase.TC_VerifyAllCategories" name="Test_mamaearth_category_Baby__BabySkin_launching" time="0.0">
    <ignored/>
  </testcase> <!-- Test_mamaearth_category_Baby__BabySkin_launching -->
  <testcase classname="com.mamaearth.TestCase.TC_VerifyAllCategories" name="Test_mamaearth_category_Baby__BabyBodyLotion_launching" time="0.0">
    <ignored/>
  </testcase> <!-- Test_mamaearth_category_Baby__BabyBodyLotion_launching -->
</testsuite> <!-- Default test -->
