<?xml version="1.0" encoding="UTF-8"?>
<!-- Generated by org.testng.reporters.JUnitXMLReporter -->
<testsuite ignored="0" hostname="ip-192-168-0-103.ap-south-1.compute.internal" failures="0" tests="7" name="Default test" time="75.504" errors="0" timestamp="2023-03-22T13:23:15 IST">
  <testcase classname="com.mamaearth.TestCase.TC_StaticPagesVerification" name="Test_mamaearth_PrivacyPolicy_Page" time="1.67"/>
  <testcase classname="com.mamaearth.TestCase.TC_StaticPagesVerification" name="Test_mamaearth_Returns_Page" time="1.779"/>
  <testcase classname="com.mamaearth.TestCase.TC_StaticPagesVerification" name="Test_mamaearth_TermsAndConditions_Page" time="1.645"/>
  <testcase classname="com.mamaearth.TestCase.TC_StaticPagesVerification" name="Test_mamaearth_TermsAndConditionsAndCashback_Page" time="1.561"/>
  <testcase classname="com.mamaearth.TestCase.TC_StaticPagesVerification" name="Test_mamaearth_FAQs_Page" time="1.723"/>
  <testcase classname="com.mamaearth.TestCase.TC_StaticPagesVerification" name="Test_mamaearth_WeAreSafe_Page" time="1.729"/>
  <testcase classname="com.mamaearth.TestCase.TC_StaticPagesVerification" name="Test_mamaearth_AboutUS_Page" time="2.208"/>
</testsuite> <!-- Default test -->
