<?xml version="1.0" encoding="UTF-8"?>
<!-- Generated by org.testng.reporters.JUnitXMLReporter -->
<testsuite ignored="0" hostname="Udit-078.local" failures="0" tests="4" name="Default test" time="64.752" errors="0" timestamp="2023-04-12T22:51:31 IST">
  <testcase classname="com.mamaearth.TestCase.TC_VerifyLoginFlow" name="Test_login_with_EmptyNumber" time="1.141"/>
  <testcase classname="com.mamaearth.TestCase.TC_VerifyLoginFlow" name="Test_login_with_InvalidNumber" time="1.208"/>
  <testcase classname="com.mamaearth.TestCase.TC_VerifyLoginFlow" name="Test_login_with_lessThanTenDigitNumber" time="1.025"/>
  <testcase classname="com.mamaearth.TestCase.TC_VerifyLoginFlow" name="Test_login_with_moreThanTenDigitNumber" time="1.362"/>
</testsuite> <!-- Default test -->
