<?xml version="1.0" encoding="UTF-8"?>
<!-- Generated by org.testng.reporters.JUnitXMLReporter -->
<testsuite ignored="0" hostname="ip-192-168-0-102.ap-south-1.compute.internal" failures="0" tests="5" name="Default test" time="204.745" errors="0" timestamp="2023-01-18T01:02:54 IST">
  <testcase classname="com.mamaearth.TestCase.TC_CheckcoutWithoutGI" name="TC_001" time="21.104"/>
  <testcase classname="com.mamaearth.TestCase.TC_CheckcoutWithoutGI" name="TC_001" time="20.728"/>
  <testcase classname="com.mamaearth.TestCase.TC_CheckcoutWithoutGI" name="TC_001" time="21.015"/>
  <testcase classname="com.mamaearth.TestCase.TC_CheckcoutWithoutGI" name="TC_001" time="20.477"/>
  <testcase classname="com.mamaearth.TestCase.TC_CheckcoutWithoutGI" name="TC_001" time="20.694"/>
</testsuite> <!-- Default test -->
