<?xml version="1.0" encoding="UTF-8"?>
<!-- Generated by org.testng.reporters.JUnitXMLReporter -->
<testsuite ignored="0" hostname="Udit-078.local" failures="0" tests="58" name="Category Test" time="95.506" errors="0" timestamp="2023-04-10T16:56:21 IST">
  <testcase classname="com.mamaearth.TestCase.TC_VerifyAllCategories" name="Test_mamaearth_launching" time="0.078"/>
  <testcase classname="com.mamaearth.TestCase.TC_VerifyAllCategories" name="Test_mamaearth_category_Beauty_launching" time="3.545"/>
  <testcase classname="com.mamaearth.TestCase.TC_VerifyAllCategories" name="Test_mamaearth_category_Beauty_Fragrance_launching" time="1.613"/>
  <testcase classname="com.mamaearth.TestCase.TC_VerifyAllCategories" name="Test_mamaearth_category_Beauty_FacialKits_launching" time="0.848"/>
  <testcase classname="com.mamaearth.TestCase.TC_VerifyAllCategories" name="Test_mamaearth_category_Hair_launching" time="1.48"/>
  <testcase classname="com.mamaearth.TestCase.TC_VerifyAllCategories" name="Test_mamaearth_category_Hair_Shampoo_launching" time="1.311"/>
  <testcase classname="com.mamaearth.TestCase.TC_VerifyAllCategories" name="Test_mamaearth_category_Hair_Conditioner_launching" time="1.007"/>
  <testcase classname="com.mamaearth.TestCase.TC_VerifyAllCategories" name="Test_mamaearth_category_Hair_HairOil_launching" time="1.153"/>
  <testcase classname="com.mamaearth.TestCase.TC_VerifyAllCategories" name="Test_mamaearth_category_Hair_HairMask_launching" time="1.048"/>
  <testcase classname="com.mamaearth.TestCase.TC_VerifyAllCategories" name="Test_mamaearth_category_Hair_HairSerum_launching" time="1.127"/>
  <testcase classname="com.mamaearth.TestCase.TC_VerifyAllCategories" name="Test_mamaearth_category_Hair_HairOilBooster_launching" time="0.826"/>
  <testcase classname="com.mamaearth.TestCase.TC_VerifyAllCategories" name="Test_mamaearth_category_Face_launching" time="1.83"/>
  <testcase classname="com.mamaearth.TestCase.TC_VerifyAllCategories" name="Test_mamaearth_category_Face_FaceWash_launching" time="1.732"/>
  <testcase classname="com.mamaearth.TestCase.TC_VerifyAllCategories" name="Test_mamaearth_category_Face_FaceMask_launching" time="1.154"/>
  <testcase classname="com.mamaearth.TestCase.TC_VerifyAllCategories" name="Test_mamaearth_category_Face_FaceCream_launching" time="1.422"/>
  <testcase classname="com.mamaearth.TestCase.TC_VerifyAllCategories" name="Test_mamaearth_category_Face_FaceSerum_launching" time="1.273"/>
  <testcase classname="com.mamaearth.TestCase.TC_VerifyAllCategories" name="Test_mamaearth_category_Face_FaceScrub_launching" time="1.049"/>
  <testcase classname="com.mamaearth.TestCase.TC_VerifyAllCategories" name="Test_mamaearth_category_Face_FaceToner_launching" time="1.041"/>
  <testcase classname="com.mamaearth.TestCase.TC_VerifyAllCategories" name="Test_mamaearth_category_Face_FaceGel_launching" time="1.01"/>
  <testcase classname="com.mamaearth.TestCase.TC_VerifyAllCategories" name="Test_mamaearth_category_Face_FaceSheetMask_launching" time="2.724"/>
  <testcase classname="com.mamaearth.TestCase.TC_VerifyAllCategories" name="Test_mamaearth_category_Face_FaceMoisturizer_launching" time="1.13"/>
  <testcase classname="com.mamaearth.TestCase.TC_VerifyAllCategories" name="Test_mamaearth_category_Body_launching" time="1.423"/>
  <testcase classname="com.mamaearth.TestCase.TC_VerifyAllCategories" name="Test_mamaearth_category_Body_BodyLotion_launching" time="2.092"/>
  <testcase classname="com.mamaearth.TestCase.TC_VerifyAllCategories" name="Test_mamaearth_category_Body_UnderarmCream_launching" time="1.16"/>
  <testcase classname="com.mamaearth.TestCase.TC_VerifyAllCategories" name="Test_mamaearth_category_Body_BodyScrub_launching" time="0.887"/>
  <testcase classname="com.mamaearth.TestCase.TC_VerifyAllCategories" name="Test_mamaearth_category_Body_HandCream_launching" time="0.888"/>
  <testcase classname="com.mamaearth.TestCase.TC_VerifyAllCategories" name="Test_mamaearth_category_Body_BodyWash_launching" time="0.984"/>
  <testcase classname="com.mamaearth.TestCase.TC_VerifyAllCategories" name="Test_mamaearth_category_Body_BodySoap_launching" time="1.011"/>
  <testcase classname="com.mamaearth.TestCase.TC_VerifyAllCategories" name="Test_mamaearth_category_Makeup_launching" time="1.374"/>
  <testcase classname="com.mamaearth.TestCase.TC_VerifyAllCategories" name="Test_mamaearth_category_Makeup_Lipsticks_launching" time="1.819"/>
  <testcase classname="com.mamaearth.TestCase.TC_VerifyAllCategories" name="Test_mamaearth_category_Makeup_LipBalm_launching" time="1.649"/>
  <testcase classname="com.mamaearth.TestCase.TC_VerifyAllCategories" name="Test_mamaearth_category_Makeup_Foundation_launching" time="1.391"/>
  <testcase classname="com.mamaearth.TestCase.TC_VerifyAllCategories" name="Test_mamaearth_category_Makeup_Kajal_launching" time="1.479"/>
  <testcase classname="com.mamaearth.TestCase.TC_VerifyAllCategories" name="Test_mamaearth_category_Makeup_Compact_launching" time="1.395"/>
  <testcase classname="com.mamaearth.TestCase.TC_VerifyAllCategories" name="Test_mamaearth_category_Makeup_Concealer_launching" time="1.517"/>
  <testcase classname="com.mamaearth.TestCase.TC_VerifyAllCategories" name="Test_mamaearth_category_Ingredient_launching" time="1.795"/>
  <testcase classname="com.mamaearth.TestCase.TC_VerifyAllCategories" name="Test_mamaearth_category_Ingredient_Onion_launching" time="2.104"/>
  <testcase classname="com.mamaearth.TestCase.TC_VerifyAllCategories" name="Test_mamaearth_category_Ingredient_Henna_launching" time="1.405"/>
  <testcase classname="com.mamaearth.TestCase.TC_VerifyAllCategories" name="Test_mamaearth_category_Ingredient_Rice_launching" time="1.429"/>
  <testcase classname="com.mamaearth.TestCase.TC_VerifyAllCategories" name="Test_mamaearth_category_Ingredient_Ubtan_launching" time="1.833"/>
  <testcase classname="com.mamaearth.TestCase.TC_VerifyAllCategories" name="Test_mamaearth_category_Ingredient_VitaminC_launching" time="1.793"/>
  <testcase classname="com.mamaearth.TestCase.TC_VerifyAllCategories" name="Test_mamaearth_category_Ingredient_GreenTea_launching" time="1.444"/>
  <testcase classname="com.mamaearth.TestCase.TC_VerifyAllCategories" name="Test_mamaearth_category_Ingredient_TeaTree_launching" time="1.683"/>
  <testcase classname="com.mamaearth.TestCase.TC_VerifyAllCategories" name="Test_mamaearth_category_Ingredient_Aqua_launching" time="1.785"/>
  <testcase classname="com.mamaearth.TestCase.TC_VerifyAllCategories" name="Test_mamaearth_category_Ingredient_Bhringmla_launching" time="1.455"/>
  <testcase classname="com.mamaearth.TestCase.TC_VerifyAllCategories" name="Test_mamaearth_category_Ingredient_Charcoal_launching" time="1.762"/>
  <testcase classname="com.mamaearth.TestCase.TC_VerifyAllCategories" name="Test_mamaearth_category_Ingredient_Coco_launching" time="2.489"/>
  <testcase classname="com.mamaearth.TestCase.TC_VerifyAllCategories" name="Test_mamaearth_category_Ingredient_Argan_launching" time="1.563"/>
  <testcase classname="com.mamaearth.TestCase.TC_VerifyAllCategories" name="Test_mamaearth_category_Ingredient_AppleCiderVinegar_launching" time="1.384"/>
  <testcase classname="com.mamaearth.TestCase.TC_VerifyAllCategories" name="Test_mamaearth_category_Ingredient_Retinol_launching" time="1.292"/>
  <testcase classname="com.mamaearth.TestCase.TC_VerifyAllCategories" name="Test_mamaearth_category_Ingredient_HoneyMalai_launching" time="1.263"/>
  <testcase classname="com.mamaearth.TestCase.TC_VerifyAllCategories" name="Test_mamaearth_category_Baby_launching" time="1.599"/>
  <testcase classname="com.mamaearth.TestCase.TC_VerifyAllCategories" name="Test_mamaearth_category_Baby__BabyShampoo_launching" time="1.498"/>
  <testcase classname="com.mamaearth.TestCase.TC_VerifyAllCategories" name="Test_mamaearth_category_Baby__BabyOralcare_launching" time="1.498"/>
  <testcase classname="com.mamaearth.TestCase.TC_VerifyAllCategories" name="Test_mamaearth_category_Baby__BabyOil_launching" time="1.221"/>
  <testcase classname="com.mamaearth.TestCase.TC_VerifyAllCategories" name="Test_mamaearth_category_Baby__BabySkin_launching" time="1.119"/>
  <testcase classname="com.mamaearth.TestCase.TC_VerifyAllCategories" name="Test_mamaearth_category_Baby__BabyBath_launching" time="1.351"/>
  <testcase classname="com.mamaearth.TestCase.TC_VerifyAllCategories" name="Test_mamaearth_category_Baby__BabyBodyLotion_launching" time="1.584"/>
</testsuite> <!-- Category Test -->
