<?xml version="1.0" encoding="UTF-8"?>
<!-- Generated by org.testng.reporters.JUnitXMLReporter -->
<testsuite ignored="0" hostname="ip-192-168-0-103.ap-south-1.compute.internal" failures="0" tests="2" name="Cheackout Test" time="74.628" errors="0" timestamp="2023-04-11T17:00:59 IST">
  <testcase classname="com.mamaearth.TestCase.TC_CheckcoutWithoutGI" name="Test_GuestUser_WithCoupon_withoutGI_COD" time="29.916"/>
  <testcase classname="com.mamaearth.TestCase.TC_CheckcoutWithoutGI" name="Test_GuestUser_WithoutCoupon_withoutGI_COD" time="25.651"/>
</testsuite> <!-- Cheackout Test -->
