<?xml version="1.0" encoding="UTF-8"?>
<!-- Generated by org.testng.reporters.JUnitXMLReporter -->
<testsuite ignored="0" hostname="Udit-078.local" failures="1" tests="10" name="Sanity Test" time="189.773" errors="0" timestamp="2023-04-06T11:44:56 IST">
  <testcase classname="com.mamaearth.TestCase.TC_SearchingAndAlgolia" name="Test_Search_ProductSearch" time="0.317">
    <failure type="org.openqa.selenium.NoSuchSessionException" message="Session ID is null. Using WebDriver after calling quit()?
Build info: version: &amp;apos;4.5.0&amp;apos;, revision: &amp;apos;fe167b119a&amp;apos;
System info: os.name: &amp;apos;Mac OS X&amp;apos;, os.arch: &amp;apos;x86_64&amp;apos;, os.version: &amp;apos;11.5.1&amp;apos;, java.version: &amp;apos;18.0.1.1&amp;apos;
Driver info: org.openqa.selenium.chrome.ChromeDriver
Command: [null, actions {actions=[org.openqa.selenium.interactions.Sequence@5c79c5ec]}]
Capabilities {acceptInsecureCerts: false, browserName: chrome, browserVersion: 111.0.5563.146, chrome: {chromedriverVersion: 111.0.5563.64 (c710e93d5b63..., userDataDir: /var/folders/vc/xx8_9t4d2c9...}, goog:chromeOptions: {debuggerAddress: localhost:57607}, networkConnectionEnabled: false, pageLoadStrategy: normal, platformName: MAC, proxy: Proxy(), se:cdp: ws://localhost:57607/devtoo..., se:cdpVersion: 111.0.5563.146, setWindowRect: true, strictFileInteractability: false, timeouts: {implicit: 0, pageLoad: 300000, script: 30000}, unhandledPromptBehavior: dismiss and notify, webauthn:extension:credBlob: true, webauthn:extension:largeBlob: true, webauthn:extension:minPinLength: true, webauthn:extension:prf: true, webauthn:virtualAuthenticators: true}">
      <![CDATA[org.openqa.selenium.NoSuchSessionException: Session ID is null. Using WebDriver after calling quit()?
Build info: version: '4.5.0', revision: 'fe167b119a'
System info: os.name: 'Mac OS X', os.arch: 'x86_64', os.version: '11.5.1', java.version: '18.0.1.1'
Driver info: org.openqa.selenium.chrome.ChromeDriver
Command: [null, actions {actions=[org.openqa.selenium.interactions.Sequence@5c79c5ec]}]
Capabilities {acceptInsecureCerts: false, browserName: chrome, browserVersion: 111.0.5563.146, chrome: {chromedriverVersion: 111.0.5563.64 (c710e93d5b63..., userDataDir: /var/folders/vc/xx8_9t4d2c9...}, goog:chromeOptions: {debuggerAddress: localhost:57607}, networkConnectionEnabled: false, pageLoadStrategy: normal, platformName: MAC, proxy: Proxy(), se:cdp: ws://localhost:57607/devtoo..., se:cdpVersion: 111.0.5563.146, setWindowRect: true, strictFileInteractability: false, timeouts: {implicit: 0, pageLoad: 300000, script: 30000}, unhandledPromptBehavior: dismiss and notify, webauthn:extension:credBlob: true, webauthn:extension:largeBlob: true, webauthn:extension:minPinLength: true, webauthn:extension:prf: true, webauthn:virtualAuthenticators: true}
at org.openqa.selenium.remote.HttpCommandExecutor.execute(HttpCommandExecutor.java:145)
at org.openqa.selenium.remote.service.DriverCommandExecutor.invokeExecute(DriverCommandExecutor.java:167)
at org.openqa.selenium.remote.service.DriverCommandExecutor.execute(DriverCommandExecutor.java:142)
at org.openqa.selenium.remote.RemoteWebDriver.execute(RemoteWebDriver.java:547)
at org.openqa.selenium.remote.RemoteWebDriver.perform(RemoteWebDriver.java:615)
at org.openqa.selenium.interactions.Actions$BuiltAction.perform(Actions.java:567)
at org.openqa.selenium.interactions.Actions.perform(Actions.java:536)
at com.mamaearth.Utils.mamaearth_utils_actionFunction.double_click(mamaearth_utils_actionFunction.java:38)
at com.mamaearth.Utils.mamaearth_utils_Algolia.search_product_category(mamaearth_utils_Algolia.java:29)
at com.mamaearth.TestCase.TC_SearchingAndAlgolia.Test_Search_ProductSearch(TC_SearchingAndAlgolia.java:27)
at java.base/java.util.ArrayList.forEach(ArrayList.java:1511)
... Removed 25 stack frames]]>
    </failure>
  </testcase> <!-- Test_Search_ProductSearch -->
  <testcase classname="com.mamaearth.TestCase.TC_CheckcoutWithoutGI" name="Test_GuestUser_WithCoupon_withoutGI_COD" time="27.481"/>
  <testcase classname="com.mamaearth.TestCase.TC_CheckcoutWithoutGI" name="Test_GuestUser_WithoutCoupon_withoutGI_COD" time="27.049"/>
  <testcase classname="com.mamaearth.TestCase.TC_StaticPagesVerification" name="Test_mamaearth_PrivacyPolicy_Page" time="9.46"/>
  <testcase classname="com.mamaearth.TestCase.TC_StaticPagesVerification" name="Test_mamaearth_Returns_Page" time="2.43"/>
  <testcase classname="com.mamaearth.TestCase.TC_StaticPagesVerification" name="Test_mamaearth_TermsAndConditions_Page" time="2.631"/>
  <testcase classname="com.mamaearth.TestCase.TC_StaticPagesVerification" name="Test_mamaearth_TermsAndConditionsAndCashback_Page" time="3.568"/>
  <testcase classname="com.mamaearth.TestCase.TC_StaticPagesVerification" name="Test_mamaearth_FAQs_Page" time="2.858"/>
  <testcase classname="com.mamaearth.TestCase.TC_StaticPagesVerification" name="Test_mamaearth_WeAreSafe_Page" time="1.877"/>
  <testcase classname="com.mamaearth.TestCase.TC_StaticPagesVerification" name="Test_mamaearth_AboutUS_Page" time="3.071"/>
</testsuite> <!-- Sanity Test -->
