<?xml version="1.0" encoding="UTF-8"?>
<!-- Generated by org.testng.reporters.JUnitXMLReporter -->
<testsuite ignored="0" hostname="ip-192-168-0-103.ap-south-1.compute.internal" failures="0" tests="7" name="Static Page Test" time="145.681" errors="0" timestamp="2023-04-11T16:59:44 IST">
  <testcase classname="com.mamaearth.TestCase.TC_StaticPagesVerification" name="Test_mamaearth_PrivacyPolicy_Page" time="3.529"/>
  <testcase classname="com.mamaearth.TestCase.TC_StaticPagesVerification" name="Test_mamaearth_Returns_Page" time="2.105"/>
  <testcase classname="com.mamaearth.TestCase.TC_StaticPagesVerification" name="Test_mamaearth_TermsAndConditions_Page" time="2.456"/>
  <testcase classname="com.mamaearth.TestCase.TC_StaticPagesVerification" name="Test_mamaearth_TermsAndConditionsAndCashback_Page" time="5.04"/>
  <testcase classname="com.mamaearth.TestCase.TC_StaticPagesVerification" name="Test_mamaearth_FAQs_Page" time="7.708"/>
  <testcase classname="com.mamaearth.TestCase.TC_StaticPagesVerification" name="Test_mamaearth_WeAreSafe_Page" time="3.577"/>
  <testcase classname="com.mamaearth.TestCase.TC_StaticPagesVerification" name="Test_mamaearth_AboutUS_Page" time="3.708"/>
</testsuite> <!-- Static Page Test -->
