<?xml version="1.0" encoding="UTF-8"?>
<!-- Generated by org.testng.reporters.JUnitXMLReporter -->
<testsuite ignored="0" hostname="ip-192-168-3-50.ap-south-1.compute.internal" failures="0" tests="7" name="Static Page Test" time="70.17" errors="0" timestamp="2023-04-06T13:48:52 IST">
  <testcase classname="com.mamaearth.TestCase.TC_StaticPagesVerification" name="Test_mamaearth_PrivacyPolicy_Page" time="1.661"/>
  <testcase classname="com.mamaearth.TestCase.TC_StaticPagesVerification" name="Test_mamaearth_Returns_Page" time="1.569"/>
  <testcase classname="com.mamaearth.TestCase.TC_StaticPagesVerification" name="Test_mamaearth_TermsAndConditions_Page" time="1.674"/>
  <testcase classname="com.mamaearth.TestCase.TC_StaticPagesVerification" name="Test_mamaearth_TermsAndConditionsAndCashback_Page" time="1.816"/>
  <testcase classname="com.mamaearth.TestCase.TC_StaticPagesVerification" name="Test_mamaearth_FAQs_Page" time="1.679"/>
  <testcase classname="com.mamaearth.TestCase.TC_StaticPagesVerification" name="Test_mamaearth_WeAreSafe_Page" time="1.581"/>
  <testcase classname="com.mamaearth.TestCase.TC_StaticPagesVerification" name="Test_mamaearth_AboutUS_Page" time="1.872"/>
</testsuite> <!-- Static Page Test -->
