<?xml version="1.0" encoding="UTF-8"?>
<!-- Generated by org.testng.reporters.JUnitXMLReporter -->
<testsuite ignored="0" hostname="HONASAs-MacBook-Pro.local" failures="1" tests="3" name="Test" time="13.411" errors="0" timestamp="2022-12-23T13:57:08 IST">
  <testcase classname="com.mamaearth.TestCase.TC_LaunchingTest_0001" name="TC_0002" time="0.344"/>
  <testcase classname="com.mamaearth.TestCase.TC_LaunchingTest_0001" name="TC_0003" time="1.082">
    <failure type="org.openqa.selenium.ElementClickInterceptedException" message="element click intercepted: Element &amp;lt;a class=&amp;quot;mamaearth-logo-wrapper&amp;quot; href=&amp;quot;/&amp;quot;&amp;gt;...&amp;lt;/a&amp;gt; is not clickable at point (175, 65). Other element would receive the click: &amp;lt;div class=&amp;quot;Overlay-sc-gr01yv-0 hGprdb&amp;quot; open=&amp;quot;&amp;quot;&amp;gt;&amp;lt;/div&amp;gt;
  (Session info: chrome=108.0.5359.124)
Build info: version: &amp;apos;4.3.0&amp;apos;, revision: &amp;apos;a4995e2c09*&amp;apos;
System info: host: &amp;apos;HONASAs-MacBook-Pro.local&amp;apos;, ip: &amp;apos;fe80:0:0:0:1849:3350:dc70:4e65%en0&amp;apos;, os.name: &amp;apos;Mac OS X&amp;apos;, os.arch: &amp;apos;x86_64&amp;apos;, os.version: &amp;apos;11.5.1&amp;apos;, java.version: &amp;apos;18.0.1.1&amp;apos;
Driver info: org.openqa.selenium.chrome.ChromeDriver
Command: [5fd88bad64e0285ffd6312f6857df8a6, clickElement {id=11c61790-2bd5-4363-bdec-e0903ad4ff4d}]
Capabilities {acceptInsecureCerts: false, browserName: chrome, browserVersion: 108.0.5359.124, chrome: {chromedriverVersion: 108.0.5359.71 (1e0e3868ee06..., userDataDir: /var/folders/vc/xx8_9t4d2c9...}, goog:chromeOptions: {debuggerAddress: localhost:50834}, networkConnectionEnabled: false, pageLoadStrategy: normal, platformName: MAC, proxy: Proxy(), se:cdp: ws://localhost:50834/devtoo..., se:cdpVersion: 108.0.5359.124, setWindowRect: true, strictFileInteractability: false, timeouts: {implicit: 0, pageLoad: 300000, script: 30000}, unhandledPromptBehavior: dismiss and notify, webauthn:extension:credBlob: true, webauthn:extension:largeBlob: true, webauthn:virtualAuthenticators: true}
Element: [[ChromeDriver: chrome on MAC (5fd88bad64e0285ffd6312f6857df8a6)] -&amp;gt; xpath: //a[@class=&amp;apos;mamaearth-logo-wrapper&amp;apos;]]
Session ID: 5fd88bad64e0285ffd6312f6857df8a6">
      <![CDATA[org.openqa.selenium.ElementClickInterceptedException: element click intercepted: Element <a class="mamaearth-logo-wrapper" href="/">...</a> is not clickable at point (175, 65). Other element would receive the click: <div class="Overlay-sc-gr01yv-0 hGprdb" open=""></div>
  (Session info: chrome=108.0.5359.124)
Build info: version: '4.3.0', revision: 'a4995e2c09*'
System info: host: 'HONASAs-MacBook-Pro.local', ip: 'fe80:0:0:0:1849:3350:dc70:4e65%en0', os.name: 'Mac OS X', os.arch: 'x86_64', os.version: '11.5.1', java.version: '18.0.1.1'
Driver info: org.openqa.selenium.chrome.ChromeDriver
Command: [5fd88bad64e0285ffd6312f6857df8a6, clickElement {id=11c61790-2bd5-4363-bdec-e0903ad4ff4d}]
Capabilities {acceptInsecureCerts: false, browserName: chrome, browserVersion: 108.0.5359.124, chrome: {chromedriverVersion: 108.0.5359.71 (1e0e3868ee06..., userDataDir: /var/folders/vc/xx8_9t4d2c9...}, goog:chromeOptions: {debuggerAddress: localhost:50834}, networkConnectionEnabled: false, pageLoadStrategy: normal, platformName: MAC, proxy: Proxy(), se:cdp: ws://localhost:50834/devtoo..., se:cdpVersion: 108.0.5359.124, setWindowRect: true, strictFileInteractability: false, timeouts: {implicit: 0, pageLoad: 300000, script: 30000}, unhandledPromptBehavior: dismiss and notify, webauthn:extension:credBlob: true, webauthn:extension:largeBlob: true, webauthn:virtualAuthenticators: true}
Element: [[ChromeDriver: chrome on MAC (5fd88bad64e0285ffd6312f6857df8a6)] -> xpath: //a[@class='mamaearth-logo-wrapper']]
Session ID: 5fd88bad64e0285ffd6312f6857df8a6
at org.openqa.selenium.remote.codec.w3c.W3CHttpResponseCodec.createException(W3CHttpResponseCodec.java:200)
at org.openqa.selenium.remote.codec.w3c.W3CHttpResponseCodec.decode(W3CHttpResponseCodec.java:133)
at org.openqa.selenium.remote.codec.w3c.W3CHttpResponseCodec.decode(W3CHttpResponseCodec.java:53)
at org.openqa.selenium.remote.HttpCommandExecutor.execute(HttpCommandExecutor.java:184)
at org.openqa.selenium.remote.service.DriverCommandExecutor.invokeExecute(DriverCommandExecutor.java:167)
at org.openqa.selenium.remote.service.DriverCommandExecutor.execute(DriverCommandExecutor.java:142)
at org.openqa.selenium.remote.RemoteWebDriver.execute(RemoteWebDriver.java:569)
at org.openqa.selenium.remote.RemoteWebElement.execute(RemoteWebElement.java:257)
at org.openqa.selenium.remote.RemoteWebElement.click(RemoteWebElement.java:78)
at org.openqa.selenium.support.pagefactory.internal.LocatingElementHandler.invoke(LocatingElementHandler.java:52)
at jdk.proxy2/jdk.proxy2.$Proxy17.click(Unknown Source)
at com.mamaearth.PageObject.mamaearth_CartPage.click_on_mamaearth_logo(mamaearth_CartPage.java:19)
at com.mamaearth.TestCase.TC_LaunchingTest_0001.TC_0003(TC_LaunchingTest_0001.java:46)
at java.base/java.util.ArrayList.forEach(ArrayList.java:1511)
... Removed 30 stack frames]]>
    </failure>
  </testcase> <!-- TC_0003 -->
  <testcase classname="com.mamaearth.TestCase.TC_LaunchingTest_0001" name="TC_0004" time="0.021"/>
</testsuite> <!-- Test -->
