<?xml version="1.0" encoding="UTF-8"?>
<!-- Generated by org.testng.reporters.JUnitXMLReporter -->
<testsuite ignored="0" hostname="ip-192-168-0-101.ap-south-1.compute.internal" failures="56" tests="68" name="Test" time="164.9" errors="0" timestamp="2023-04-05T14:30:23 IST">
  <testcase classname="com.mamaearth.TestCase.TC_SearchingAndAlgolia" name="TC1" time="4.398"/>
  <testcase classname="com.mamaearth.TestCase.TC_StaticPagesVerification" name="Test_mamaearth_PrivacyPolicy_Page" time="1.734"/>
  <testcase classname="com.mamaearth.TestCase.TC_StaticPagesVerification" name="Test_mamaearth_Returns_Page" time="1.561"/>
  <testcase classname="com.mamaearth.TestCase.TC_StaticPagesVerification" name="Test_mamaearth_TermsAndConditions_Page" time="1.617"/>
  <testcase classname="com.mamaearth.TestCase.TC_StaticPagesVerification" name="Test_mamaearth_TermsAndConditionsAndCashback_Page" time="1.546"/>
  <testcase classname="com.mamaearth.TestCase.TC_StaticPagesVerification" name="Test_mamaearth_FAQs_Page" time="1.608"/>
  <testcase classname="com.mamaearth.TestCase.TC_StaticPagesVerification" name="Test_mamaearth_WeAreSafe_Page" time="1.756"/>
  <testcase classname="com.mamaearth.TestCase.TC_StaticPagesVerification" name="Test_mamaearth_AboutUS_Page" time="5.262"/>
  <testcase classname="com.mamaearth.TestCase.TC_VerifyAllCategories" name="Test_mamaearth_launching" time="0.061"/>
  <testcase classname="com.mamaearth.TestCase.TC_VerifyAllCategories" name="Test_mamaearth_category_Beauty_launching" time="3.228"/>
  <testcase classname="com.mamaearth.TestCase.TC_VerifyAllCategories" name="Test_mamaearth_category_Beauty_Fragrance_launching" time="0.008">
    <failure type="org.openqa.selenium.NoSuchSessionException" message="Session ID is null. Using WebDriver after calling quit()?
Build info: version: &amp;apos;4.5.0&amp;apos;, revision: &amp;apos;fe167b119a&amp;apos;
System info: os.name: &amp;apos;Mac OS X&amp;apos;, os.arch: &amp;apos;x86_64&amp;apos;, os.version: &amp;apos;11.5.1&amp;apos;, java.version: &amp;apos;18.0.1.1&amp;apos;
Driver info: org.openqa.selenium.chrome.ChromeDriver
Command: [null, actions {actions=[org.openqa.selenium.interactions.Sequence@23ee2ccf]}]
Capabilities {acceptInsecureCerts: false, browserName: chrome, browserVersion: 111.0.5563.146, chrome: {chromedriverVersion: 111.0.5563.64 (c710e93d5b63..., userDataDir: /var/folders/vc/xx8_9t4d2c9...}, goog:chromeOptions: {debuggerAddress: localhost:61091}, networkConnectionEnabled: false, pageLoadStrategy: normal, platformName: MAC, proxy: Proxy(), se:cdp: ws://localhost:61091/devtoo..., se:cdpVersion: 111.0.5563.146, setWindowRect: true, strictFileInteractability: false, timeouts: {implicit: 0, pageLoad: 300000, script: 30000}, unhandledPromptBehavior: dismiss and notify, webauthn:extension:credBlob: true, webauthn:extension:largeBlob: true, webauthn:extension:minPinLength: true, webauthn:extension:prf: true, webauthn:virtualAuthenticators: true}">
      <![CDATA[org.openqa.selenium.NoSuchSessionException: Session ID is null. Using WebDriver after calling quit()?
Build info: version: '4.5.0', revision: 'fe167b119a'
System info: os.name: 'Mac OS X', os.arch: 'x86_64', os.version: '11.5.1', java.version: '18.0.1.1'
Driver info: org.openqa.selenium.chrome.ChromeDriver
Command: [null, actions {actions=[org.openqa.selenium.interactions.Sequence@23ee2ccf]}]
Capabilities {acceptInsecureCerts: false, browserName: chrome, browserVersion: 111.0.5563.146, chrome: {chromedriverVersion: 111.0.5563.64 (c710e93d5b63..., userDataDir: /var/folders/vc/xx8_9t4d2c9...}, goog:chromeOptions: {debuggerAddress: localhost:61091}, networkConnectionEnabled: false, pageLoadStrategy: normal, platformName: MAC, proxy: Proxy(), se:cdp: ws://localhost:61091/devtoo..., se:cdpVersion: 111.0.5563.146, setWindowRect: true, strictFileInteractability: false, timeouts: {implicit: 0, pageLoad: 300000, script: 30000}, unhandledPromptBehavior: dismiss and notify, webauthn:extension:credBlob: true, webauthn:extension:largeBlob: true, webauthn:extension:minPinLength: true, webauthn:extension:prf: true, webauthn:virtualAuthenticators: true}
at org.openqa.selenium.remote.HttpCommandExecutor.execute(HttpCommandExecutor.java:145)
at org.openqa.selenium.remote.service.DriverCommandExecutor.invokeExecute(DriverCommandExecutor.java:167)
at org.openqa.selenium.remote.service.DriverCommandExecutor.execute(DriverCommandExecutor.java:142)
at org.openqa.selenium.remote.RemoteWebDriver.execute(RemoteWebDriver.java:547)
at org.openqa.selenium.remote.RemoteWebDriver.perform(RemoteWebDriver.java:615)
at org.openqa.selenium.interactions.Actions$BuiltAction.perform(Actions.java:567)
at com.mamaearth.Utils.mamaearth_utils_ActionFunction.move_cursor_to_element(mamaearth_utils_ActionFunction.java:18)
at com.mamaearth.Utils.mamaearth_utils_CategoriesFunctions.click_on_Beauty_Fragrance_cateogry(mamaearth_utils_CategoriesFunctions.java:507)
at com.mamaearth.TestCase.TC_VerifyAllCategories.Test_mamaearth_category_Beauty_Fragrance_launching(TC_VerifyAllCategories.java:181)
at java.base/java.util.ArrayList.forEach(ArrayList.java:1511)
... Removed 25 stack frames]]>
    </failure>
  </testcase> <!-- Test_mamaearth_category_Beauty_Fragrance_launching -->
  <testcase classname="com.mamaearth.TestCase.TC_VerifyAllCategories" name="Test_mamaearth_category_Beauty_FacialKits_launching" time="0.002">
    <failure type="org.openqa.selenium.NoSuchSessionException" message="Session ID is null. Using WebDriver after calling quit()?
Build info: version: &amp;apos;4.5.0&amp;apos;, revision: &amp;apos;fe167b119a&amp;apos;
System info: os.name: &amp;apos;Mac OS X&amp;apos;, os.arch: &amp;apos;x86_64&amp;apos;, os.version: &amp;apos;11.5.1&amp;apos;, java.version: &amp;apos;18.0.1.1&amp;apos;
Driver info: org.openqa.selenium.chrome.ChromeDriver
Command: [null, actions {actions=[org.openqa.selenium.interactions.Sequence@77896335]}]
Capabilities {acceptInsecureCerts: false, browserName: chrome, browserVersion: 111.0.5563.146, chrome: {chromedriverVersion: 111.0.5563.64 (c710e93d5b63..., userDataDir: /var/folders/vc/xx8_9t4d2c9...}, goog:chromeOptions: {debuggerAddress: localhost:61091}, networkConnectionEnabled: false, pageLoadStrategy: normal, platformName: MAC, proxy: Proxy(), se:cdp: ws://localhost:61091/devtoo..., se:cdpVersion: 111.0.5563.146, setWindowRect: true, strictFileInteractability: false, timeouts: {implicit: 0, pageLoad: 300000, script: 30000}, unhandledPromptBehavior: dismiss and notify, webauthn:extension:credBlob: true, webauthn:extension:largeBlob: true, webauthn:extension:minPinLength: true, webauthn:extension:prf: true, webauthn:virtualAuthenticators: true}">
      <![CDATA[org.openqa.selenium.NoSuchSessionException: Session ID is null. Using WebDriver after calling quit()?
Build info: version: '4.5.0', revision: 'fe167b119a'
System info: os.name: 'Mac OS X', os.arch: 'x86_64', os.version: '11.5.1', java.version: '18.0.1.1'
Driver info: org.openqa.selenium.chrome.ChromeDriver
Command: [null, actions {actions=[org.openqa.selenium.interactions.Sequence@77896335]}]
Capabilities {acceptInsecureCerts: false, browserName: chrome, browserVersion: 111.0.5563.146, chrome: {chromedriverVersion: 111.0.5563.64 (c710e93d5b63..., userDataDir: /var/folders/vc/xx8_9t4d2c9...}, goog:chromeOptions: {debuggerAddress: localhost:61091}, networkConnectionEnabled: false, pageLoadStrategy: normal, platformName: MAC, proxy: Proxy(), se:cdp: ws://localhost:61091/devtoo..., se:cdpVersion: 111.0.5563.146, setWindowRect: true, strictFileInteractability: false, timeouts: {implicit: 0, pageLoad: 300000, script: 30000}, unhandledPromptBehavior: dismiss and notify, webauthn:extension:credBlob: true, webauthn:extension:largeBlob: true, webauthn:extension:minPinLength: true, webauthn:extension:prf: true, webauthn:virtualAuthenticators: true}
at org.openqa.selenium.remote.HttpCommandExecutor.execute(HttpCommandExecutor.java:145)
at org.openqa.selenium.remote.service.DriverCommandExecutor.invokeExecute(DriverCommandExecutor.java:167)
at org.openqa.selenium.remote.service.DriverCommandExecutor.execute(DriverCommandExecutor.java:142)
at org.openqa.selenium.remote.RemoteWebDriver.execute(RemoteWebDriver.java:547)
at org.openqa.selenium.remote.RemoteWebDriver.perform(RemoteWebDriver.java:615)
at org.openqa.selenium.interactions.Actions$BuiltAction.perform(Actions.java:567)
at com.mamaearth.Utils.mamaearth_utils_ActionFunction.move_cursor_to_element(mamaearth_utils_ActionFunction.java:18)
at com.mamaearth.Utils.mamaearth_utils_CategoriesFunctions.click_on_Beauty_FacialKits_cateogry(mamaearth_utils_CategoriesFunctions.java:518)
at com.mamaearth.TestCase.TC_VerifyAllCategories.Test_mamaearth_category_Beauty_FacialKits_launching(TC_VerifyAllCategories.java:187)
at java.base/java.util.ArrayList.forEach(ArrayList.java:1511)
... Removed 25 stack frames]]>
    </failure>
  </testcase> <!-- Test_mamaearth_category_Beauty_FacialKits_launching -->
  <testcase classname="com.mamaearth.TestCase.TC_VerifyAllCategories" name="Test_mamaearth_category_Hair_launching" time="0.003">
    <failure type="java.lang.NullPointerException" message="Cannot invoke &amp;quot;com.mamaearth.PageObject.mamaearth_Category_Beauty_FacialKits.click_on_Hair_cateogry()&amp;quot; because &amp;quot;this.facialKits&amp;quot; is null">
      <![CDATA[java.lang.NullPointerException: Cannot invoke "com.mamaearth.PageObject.mamaearth_Category_Beauty_FacialKits.click_on_Hair_cateogry()" because "this.facialKits" is null
at com.mamaearth.TestCase.TC_VerifyAllCategories.Test_mamaearth_category_Hair_launching(TC_VerifyAllCategories.java:193)
at java.base/java.util.ArrayList.forEach(ArrayList.java:1511)
... Removed 25 stack frames]]>
    </failure>
  </testcase> <!-- Test_mamaearth_category_Hair_launching -->
  <testcase classname="com.mamaearth.TestCase.TC_VerifyAllCategories" name="Test_mamaearth_category_Hair_Shampoo_launching" time="0.003">
    <failure type="java.lang.NullPointerException" message="Cannot invoke &amp;quot;com.mamaearth.PageObject.mamaearth_Category_Hair.click_on_Hair_Shampoo_cateogry()&amp;quot; because &amp;quot;this.hair&amp;quot; is null">
      <![CDATA[java.lang.NullPointerException: Cannot invoke "com.mamaearth.PageObject.mamaearth_Category_Hair.click_on_Hair_Shampoo_cateogry()" because "this.hair" is null
at com.mamaearth.TestCase.TC_VerifyAllCategories.Test_mamaearth_category_Hair_Shampoo_launching(TC_VerifyAllCategories.java:200)
at java.base/java.util.ArrayList.forEach(ArrayList.java:1511)
... Removed 25 stack frames]]>
    </failure>
  </testcase> <!-- Test_mamaearth_category_Hair_Shampoo_launching -->
  <testcase classname="com.mamaearth.TestCase.TC_VerifyAllCategories" name="Test_mamaearth_category_Hair_Conditioner_launching" time="0.021">
    <failure type="java.lang.NullPointerException" message="Cannot invoke &amp;quot;com.mamaearth.PageObject.mamaearth_Category_Hair_Shampoo.click_on_Hair_Conditioner_cateogry()&amp;quot; because &amp;quot;this.hairShampoo&amp;quot; is null">
      <![CDATA[java.lang.NullPointerException: Cannot invoke "com.mamaearth.PageObject.mamaearth_Category_Hair_Shampoo.click_on_Hair_Conditioner_cateogry()" because "this.hairShampoo" is null
at com.mamaearth.TestCase.TC_VerifyAllCategories.Test_mamaearth_category_Hair_Conditioner_launching(TC_VerifyAllCategories.java:207)
at java.base/java.util.ArrayList.forEach(ArrayList.java:1511)
... Removed 25 stack frames]]>
    </failure>
  </testcase> <!-- Test_mamaearth_category_Hair_Conditioner_launching -->
  <testcase classname="com.mamaearth.TestCase.TC_VerifyAllCategories" name="Test_mamaearth_category_Hair_HairOil_launching" time="0.002">
    <failure type="java.lang.NullPointerException" message="Cannot invoke &amp;quot;com.mamaearth.PageObject.mamaearth_Category_Hair_Conditioner.click_on_Hair_HairOil_cateogry()&amp;quot; because &amp;quot;this.hairConditioner&amp;quot; is null">
      <![CDATA[java.lang.NullPointerException: Cannot invoke "com.mamaearth.PageObject.mamaearth_Category_Hair_Conditioner.click_on_Hair_HairOil_cateogry()" because "this.hairConditioner" is null
at com.mamaearth.TestCase.TC_VerifyAllCategories.Test_mamaearth_category_Hair_HairOil_launching(TC_VerifyAllCategories.java:214)
at java.base/java.util.ArrayList.forEach(ArrayList.java:1511)
... Removed 25 stack frames]]>
    </failure>
  </testcase> <!-- Test_mamaearth_category_Hair_HairOil_launching -->
  <testcase classname="com.mamaearth.TestCase.TC_VerifyAllCategories" name="Test_mamaearth_category_Hair_HairMask_launching" time="0.002">
    <failure type="java.lang.NullPointerException" message="Cannot invoke &amp;quot;com.mamaearth.PageObject.mamaearth_Category_Hair_HairOil.click_on_Hair_HairMask_cateogry()&amp;quot; because &amp;quot;this.hairOil&amp;quot; is null">
      <![CDATA[java.lang.NullPointerException: Cannot invoke "com.mamaearth.PageObject.mamaearth_Category_Hair_HairOil.click_on_Hair_HairMask_cateogry()" because "this.hairOil" is null
at com.mamaearth.TestCase.TC_VerifyAllCategories.Test_mamaearth_category_Hair_HairMask_launching(TC_VerifyAllCategories.java:221)
at java.base/java.util.ArrayList.forEach(ArrayList.java:1511)
... Removed 25 stack frames]]>
    </failure>
  </testcase> <!-- Test_mamaearth_category_Hair_HairMask_launching -->
  <testcase classname="com.mamaearth.TestCase.TC_VerifyAllCategories" name="Test_mamaearth_category_Hair_HairSerum_launching" time="0.002">
    <failure type="java.lang.NullPointerException" message="Cannot invoke &amp;quot;com.mamaearth.PageObject.mamaearth_Category_Hair_HairMask.click_on_Hair_HairSerum_cateogry()&amp;quot; because &amp;quot;this.hairMask&amp;quot; is null">
      <![CDATA[java.lang.NullPointerException: Cannot invoke "com.mamaearth.PageObject.mamaearth_Category_Hair_HairMask.click_on_Hair_HairSerum_cateogry()" because "this.hairMask" is null
at com.mamaearth.TestCase.TC_VerifyAllCategories.Test_mamaearth_category_Hair_HairSerum_launching(TC_VerifyAllCategories.java:228)
at java.base/java.util.ArrayList.forEach(ArrayList.java:1511)
... Removed 25 stack frames]]>
    </failure>
  </testcase> <!-- Test_mamaearth_category_Hair_HairSerum_launching -->
  <testcase classname="com.mamaearth.TestCase.TC_VerifyAllCategories" name="Test_mamaearth_category_Hair_HairOilBooster_launching" time="0.001">
    <failure type="java.lang.NullPointerException" message="Cannot invoke &amp;quot;com.mamaearth.PageObject.mamaearth_Category_Hair_HairSerum.click_on_Hair_HairOilBooster_cateogry()&amp;quot; because &amp;quot;this.hairSerum&amp;quot; is null">
      <![CDATA[java.lang.NullPointerException: Cannot invoke "com.mamaearth.PageObject.mamaearth_Category_Hair_HairSerum.click_on_Hair_HairOilBooster_cateogry()" because "this.hairSerum" is null
at com.mamaearth.TestCase.TC_VerifyAllCategories.Test_mamaearth_category_Hair_HairOilBooster_launching(TC_VerifyAllCategories.java:235)
at java.base/java.util.ArrayList.forEach(ArrayList.java:1511)
... Removed 25 stack frames]]>
    </failure>
  </testcase> <!-- Test_mamaearth_category_Hair_HairOilBooster_launching -->
  <testcase classname="com.mamaearth.TestCase.TC_VerifyAllCategories" name="Test_mamaearth_category_Face_launching" time="0.002">
    <failure type="java.lang.NullPointerException" message="Cannot invoke &amp;quot;com.mamaearth.PageObject.mamaearth_Category_Hair_HairOilBooster.click_on_Face_cateogry()&amp;quot; because &amp;quot;this.hairOilBooster&amp;quot; is null">
      <![CDATA[java.lang.NullPointerException: Cannot invoke "com.mamaearth.PageObject.mamaearth_Category_Hair_HairOilBooster.click_on_Face_cateogry()" because "this.hairOilBooster" is null
at com.mamaearth.TestCase.TC_VerifyAllCategories.Test_mamaearth_category_Face_launching(TC_VerifyAllCategories.java:242)
at java.base/java.util.ArrayList.forEach(ArrayList.java:1511)
... Removed 25 stack frames]]>
    </failure>
  </testcase> <!-- Test_mamaearth_category_Face_launching -->
  <testcase classname="com.mamaearth.TestCase.TC_VerifyAllCategories" name="Test_mamaearth_category_Face_FaceWash_launching" time="0.001">
    <failure type="java.lang.NullPointerException" message="Cannot invoke &amp;quot;com.mamaearth.PageObject.mamaearth_Category_Face.click_on_Face_FaceWash_cateogry()&amp;quot; because &amp;quot;this.face&amp;quot; is null">
      <![CDATA[java.lang.NullPointerException: Cannot invoke "com.mamaearth.PageObject.mamaearth_Category_Face.click_on_Face_FaceWash_cateogry()" because "this.face" is null
at com.mamaearth.TestCase.TC_VerifyAllCategories.Test_mamaearth_category_Face_FaceWash_launching(TC_VerifyAllCategories.java:249)
at java.base/java.util.ArrayList.forEach(ArrayList.java:1511)
... Removed 25 stack frames]]>
    </failure>
  </testcase> <!-- Test_mamaearth_category_Face_FaceWash_launching -->
  <testcase classname="com.mamaearth.TestCase.TC_VerifyAllCategories" name="Test_mamaearth_category_Face_FaceMask_launching" time="0.001">
    <failure type="java.lang.NullPointerException" message="Cannot invoke &amp;quot;com.mamaearth.PageObject.mamaearth_Category_Face_FaceWash.click_on_Face_FaceMask_cateogry()&amp;quot; because &amp;quot;this.faceWash&amp;quot; is null">
      <![CDATA[java.lang.NullPointerException: Cannot invoke "com.mamaearth.PageObject.mamaearth_Category_Face_FaceWash.click_on_Face_FaceMask_cateogry()" because "this.faceWash" is null
at com.mamaearth.TestCase.TC_VerifyAllCategories.Test_mamaearth_category_Face_FaceMask_launching(TC_VerifyAllCategories.java:257)
at java.base/java.util.ArrayList.forEach(ArrayList.java:1511)
... Removed 25 stack frames]]>
    </failure>
  </testcase> <!-- Test_mamaearth_category_Face_FaceMask_launching -->
  <testcase classname="com.mamaearth.TestCase.TC_VerifyAllCategories" name="Test_mamaearth_category_Face_FaceCream_launching" time="0.002">
    <failure type="java.lang.NullPointerException" message="Cannot invoke &amp;quot;com.mamaearth.PageObject.mamaearth_Category_Face_FaceMask.click_on_Face_FaceCream_cateogry()&amp;quot; because &amp;quot;this.faceMask&amp;quot; is null">
      <![CDATA[java.lang.NullPointerException: Cannot invoke "com.mamaearth.PageObject.mamaearth_Category_Face_FaceMask.click_on_Face_FaceCream_cateogry()" because "this.faceMask" is null
at com.mamaearth.TestCase.TC_VerifyAllCategories.Test_mamaearth_category_Face_FaceCream_launching(TC_VerifyAllCategories.java:264)
at java.base/java.util.ArrayList.forEach(ArrayList.java:1511)
... Removed 25 stack frames]]>
    </failure>
  </testcase> <!-- Test_mamaearth_category_Face_FaceCream_launching -->
  <testcase classname="com.mamaearth.TestCase.TC_VerifyAllCategories" name="Test_mamaearth_category_Face_FaceSerum_launching" time="0.001">
    <failure type="java.lang.NullPointerException" message="Cannot invoke &amp;quot;com.mamaearth.PageObject.mamaearth_Category_Face_FaceCream.click_on_Face_FaceSerum_cateogry()&amp;quot; because &amp;quot;this.faceCream&amp;quot; is null">
      <![CDATA[java.lang.NullPointerException: Cannot invoke "com.mamaearth.PageObject.mamaearth_Category_Face_FaceCream.click_on_Face_FaceSerum_cateogry()" because "this.faceCream" is null
at com.mamaearth.TestCase.TC_VerifyAllCategories.Test_mamaearth_category_Face_FaceSerum_launching(TC_VerifyAllCategories.java:271)
at java.base/java.util.ArrayList.forEach(ArrayList.java:1511)
... Removed 25 stack frames]]>
    </failure>
  </testcase> <!-- Test_mamaearth_category_Face_FaceSerum_launching -->
  <testcase classname="com.mamaearth.TestCase.TC_VerifyAllCategories" name="Test_mamaearth_category_Face_FaceScrub_launching" time="0.001">
    <failure type="java.lang.NullPointerException" message="Cannot invoke &amp;quot;com.mamaearth.PageObject.mamaearth_Category_Face_FaceSerum.click_on_Face_FaceScrub_cateogry()&amp;quot; because &amp;quot;this.faceSerum&amp;quot; is null">
      <![CDATA[java.lang.NullPointerException: Cannot invoke "com.mamaearth.PageObject.mamaearth_Category_Face_FaceSerum.click_on_Face_FaceScrub_cateogry()" because "this.faceSerum" is null
at com.mamaearth.TestCase.TC_VerifyAllCategories.Test_mamaearth_category_Face_FaceScrub_launching(TC_VerifyAllCategories.java:278)
at java.base/java.util.ArrayList.forEach(ArrayList.java:1511)
... Removed 25 stack frames]]>
    </failure>
  </testcase> <!-- Test_mamaearth_category_Face_FaceScrub_launching -->
  <testcase classname="com.mamaearth.TestCase.TC_VerifyAllCategories" name="Test_mamaearth_category_Face_FaceToner_launching" time="0.002">
    <failure type="java.lang.NullPointerException" message="Cannot invoke &amp;quot;com.mamaearth.PageObject.mamaearth_Category_Face_FaceScrub.click_on_Face_FaceToner_cateogry()&amp;quot; because &amp;quot;this.faceScrub&amp;quot; is null">
      <![CDATA[java.lang.NullPointerException: Cannot invoke "com.mamaearth.PageObject.mamaearth_Category_Face_FaceScrub.click_on_Face_FaceToner_cateogry()" because "this.faceScrub" is null
at com.mamaearth.TestCase.TC_VerifyAllCategories.Test_mamaearth_category_Face_FaceToner_launching(TC_VerifyAllCategories.java:285)
at java.base/java.util.ArrayList.forEach(ArrayList.java:1511)
... Removed 25 stack frames]]>
    </failure>
  </testcase> <!-- Test_mamaearth_category_Face_FaceToner_launching -->
  <testcase classname="com.mamaearth.TestCase.TC_VerifyAllCategories" name="Test_mamaearth_category_Face_FaceGel_launching" time="0.003">
    <failure type="java.lang.NullPointerException" message="Cannot invoke &amp;quot;com.mamaearth.PageObject.mamaearth_Category_Face_FaceToner.click_on_Face_FaceGel_cateogry()&amp;quot; because &amp;quot;this.faceToner&amp;quot; is null">
      <![CDATA[java.lang.NullPointerException: Cannot invoke "com.mamaearth.PageObject.mamaearth_Category_Face_FaceToner.click_on_Face_FaceGel_cateogry()" because "this.faceToner" is null
at com.mamaearth.TestCase.TC_VerifyAllCategories.Test_mamaearth_category_Face_FaceGel_launching(TC_VerifyAllCategories.java:292)
at java.base/java.util.ArrayList.forEach(ArrayList.java:1511)
... Removed 25 stack frames]]>
    </failure>
  </testcase> <!-- Test_mamaearth_category_Face_FaceGel_launching -->
  <testcase classname="com.mamaearth.TestCase.TC_VerifyAllCategories" name="Test_mamaearth_category_Face_FaceSheetMask_launching" time="0.001">
    <failure type="java.lang.NullPointerException" message="Cannot invoke &amp;quot;com.mamaearth.PageObject.mamaearth_Category_Face_FaceGel.click_on_Face_FaceSheetMask_cateogry()&amp;quot; because &amp;quot;this.faceGel&amp;quot; is null">
      <![CDATA[java.lang.NullPointerException: Cannot invoke "com.mamaearth.PageObject.mamaearth_Category_Face_FaceGel.click_on_Face_FaceSheetMask_cateogry()" because "this.faceGel" is null
at com.mamaearth.TestCase.TC_VerifyAllCategories.Test_mamaearth_category_Face_FaceSheetMask_launching(TC_VerifyAllCategories.java:299)
at java.base/java.util.ArrayList.forEach(ArrayList.java:1511)
... Removed 25 stack frames]]>
    </failure>
  </testcase> <!-- Test_mamaearth_category_Face_FaceSheetMask_launching -->
  <testcase classname="com.mamaearth.TestCase.TC_VerifyAllCategories" name="Test_mamaearth_category_Face_FaceMoisturizer_launching" time="0.001">
    <failure type="java.lang.NullPointerException" message="Cannot invoke &amp;quot;com.mamaearth.PageObject.mamaearth_Category_Face_FaceSheetMask.click_on_Face_FaceMoisturizer_cateogry()&amp;quot; because &amp;quot;this.faceSheetMask&amp;quot; is null">
      <![CDATA[java.lang.NullPointerException: Cannot invoke "com.mamaearth.PageObject.mamaearth_Category_Face_FaceSheetMask.click_on_Face_FaceMoisturizer_cateogry()" because "this.faceSheetMask" is null
at com.mamaearth.TestCase.TC_VerifyAllCategories.Test_mamaearth_category_Face_FaceMoisturizer_launching(TC_VerifyAllCategories.java:306)
at java.base/java.util.ArrayList.forEach(ArrayList.java:1511)
... Removed 25 stack frames]]>
    </failure>
  </testcase> <!-- Test_mamaearth_category_Face_FaceMoisturizer_launching -->
  <testcase classname="com.mamaearth.TestCase.TC_VerifyAllCategories" name="Test_mamaearth_category_Body_launching" time="0.002">
    <failure type="java.lang.NullPointerException" message="Cannot invoke &amp;quot;com.mamaearth.PageObject.mamaearth_Category_Face_FaceMoisturizer.click_on_Body_cateogry()&amp;quot; because &amp;quot;this.faceMoisturizer&amp;quot; is null">
      <![CDATA[java.lang.NullPointerException: Cannot invoke "com.mamaearth.PageObject.mamaearth_Category_Face_FaceMoisturizer.click_on_Body_cateogry()" because "this.faceMoisturizer" is null
at com.mamaearth.TestCase.TC_VerifyAllCategories.Test_mamaearth_category_Body_launching(TC_VerifyAllCategories.java:313)
at java.base/java.util.ArrayList.forEach(ArrayList.java:1511)
... Removed 25 stack frames]]>
    </failure>
  </testcase> <!-- Test_mamaearth_category_Body_launching -->
  <testcase classname="com.mamaearth.TestCase.TC_VerifyAllCategories" name="Test_mamaearth_category_Body_BodyLotion_launching" time="0.004">
    <failure type="java.lang.NullPointerException" message="Cannot invoke &amp;quot;com.mamaearth.PageObject.mamaearth_Category_Body.click_on_Body_BodyLotion_cateogry()&amp;quot; because &amp;quot;this.body&amp;quot; is null">
      <![CDATA[java.lang.NullPointerException: Cannot invoke "com.mamaearth.PageObject.mamaearth_Category_Body.click_on_Body_BodyLotion_cateogry()" because "this.body" is null
at com.mamaearth.TestCase.TC_VerifyAllCategories.Test_mamaearth_category_Body_BodyLotion_launching(TC_VerifyAllCategories.java:320)
at java.base/java.util.ArrayList.forEach(ArrayList.java:1511)
... Removed 25 stack frames]]>
    </failure>
  </testcase> <!-- Test_mamaearth_category_Body_BodyLotion_launching -->
  <testcase classname="com.mamaearth.TestCase.TC_VerifyAllCategories" name="Test_mamaearth_category_Body_UnderarmCream_launching" time="0.016">
    <failure type="java.lang.NullPointerException" message="Cannot invoke &amp;quot;com.mamaearth.PageObject.mamaearth_Category_Body_BodyLotion.click_on_Body_UnderarmCream_cateogry()&amp;quot; because &amp;quot;this.bodyLotion&amp;quot; is null">
      <![CDATA[java.lang.NullPointerException: Cannot invoke "com.mamaearth.PageObject.mamaearth_Category_Body_BodyLotion.click_on_Body_UnderarmCream_cateogry()" because "this.bodyLotion" is null
at com.mamaearth.TestCase.TC_VerifyAllCategories.Test_mamaearth_category_Body_UnderarmCream_launching(TC_VerifyAllCategories.java:327)
at java.base/java.util.ArrayList.forEach(ArrayList.java:1511)
... Removed 25 stack frames]]>
    </failure>
  </testcase> <!-- Test_mamaearth_category_Body_UnderarmCream_launching -->
  <testcase classname="com.mamaearth.TestCase.TC_VerifyAllCategories" name="Test_mamaearth_category_Body_BodyScrub_launching" time="0.015">
    <failure type="java.lang.NullPointerException" message="Cannot invoke &amp;quot;com.mamaearth.PageObject.mamaearth_Category_Body_UnderarmCream.click_on_Body_BodyScrub_cateogry()&amp;quot; because &amp;quot;this.underarmCream&amp;quot; is null">
      <![CDATA[java.lang.NullPointerException: Cannot invoke "com.mamaearth.PageObject.mamaearth_Category_Body_UnderarmCream.click_on_Body_BodyScrub_cateogry()" because "this.underarmCream" is null
at com.mamaearth.TestCase.TC_VerifyAllCategories.Test_mamaearth_category_Body_BodyScrub_launching(TC_VerifyAllCategories.java:334)
at java.base/java.util.ArrayList.forEach(ArrayList.java:1511)
... Removed 25 stack frames]]>
    </failure>
  </testcase> <!-- Test_mamaearth_category_Body_BodyScrub_launching -->
  <testcase classname="com.mamaearth.TestCase.TC_VerifyAllCategories" name="Test_mamaearth_category_Body_HandCream_launching" time="0.019">
    <failure type="java.lang.NullPointerException" message="Cannot invoke &amp;quot;com.mamaearth.PageObject.mamaearth_Category_Body_BodyScrub.click_on_Body_HandCream_cateogry()&amp;quot; because &amp;quot;this.bodyScrub&amp;quot; is null">
      <![CDATA[java.lang.NullPointerException: Cannot invoke "com.mamaearth.PageObject.mamaearth_Category_Body_BodyScrub.click_on_Body_HandCream_cateogry()" because "this.bodyScrub" is null
at com.mamaearth.TestCase.TC_VerifyAllCategories.Test_mamaearth_category_Body_HandCream_launching(TC_VerifyAllCategories.java:341)
at java.base/java.util.ArrayList.forEach(ArrayList.java:1511)
... Removed 25 stack frames]]>
    </failure>
  </testcase> <!-- Test_mamaearth_category_Body_HandCream_launching -->
  <testcase classname="com.mamaearth.TestCase.TC_VerifyAllCategories" name="Test_mamaearth_category_Body_BodyWash_launching" time="0.02">
    <failure type="java.lang.NullPointerException" message="Cannot invoke &amp;quot;com.mamaearth.PageObject.mamaearth_Category_Body_HandCream.click_on_Body_BodyWash_cateogry()&amp;quot; because &amp;quot;this.handCream&amp;quot; is null">
      <![CDATA[java.lang.NullPointerException: Cannot invoke "com.mamaearth.PageObject.mamaearth_Category_Body_HandCream.click_on_Body_BodyWash_cateogry()" because "this.handCream" is null
at com.mamaearth.TestCase.TC_VerifyAllCategories.Test_mamaearth_category_Body_BodyWash_launching(TC_VerifyAllCategories.java:348)
at java.base/java.util.ArrayList.forEach(ArrayList.java:1511)
... Removed 25 stack frames]]>
    </failure>
  </testcase> <!-- Test_mamaearth_category_Body_BodyWash_launching -->
  <testcase classname="com.mamaearth.TestCase.TC_VerifyAllCategories" name="Test_mamaearth_category_Body_BodySoap_launching" time="0.001">
    <failure type="java.lang.NullPointerException" message="Cannot invoke &amp;quot;com.mamaearth.PageObject.mamaearth_Category_Body_BodyWash.click_on_Body_BodySoap_cateogry()&amp;quot; because &amp;quot;this.bodyWash&amp;quot; is null">
      <![CDATA[java.lang.NullPointerException: Cannot invoke "com.mamaearth.PageObject.mamaearth_Category_Body_BodyWash.click_on_Body_BodySoap_cateogry()" because "this.bodyWash" is null
at com.mamaearth.TestCase.TC_VerifyAllCategories.Test_mamaearth_category_Body_BodySoap_launching(TC_VerifyAllCategories.java:355)
at java.base/java.util.ArrayList.forEach(ArrayList.java:1511)
... Removed 25 stack frames]]>
    </failure>
  </testcase> <!-- Test_mamaearth_category_Body_BodySoap_launching -->
  <testcase classname="com.mamaearth.TestCase.TC_VerifyAllCategories" name="Test_mamaearth_category_Makeup_launching" time="0.001">
    <failure type="java.lang.NullPointerException" message="Cannot invoke &amp;quot;com.mamaearth.PageObject.mamaearth_Category_Body_BodyLotion.click_on_Makeup_cateogry()&amp;quot; because &amp;quot;this.bodyLotion&amp;quot; is null">
      <![CDATA[java.lang.NullPointerException: Cannot invoke "com.mamaearth.PageObject.mamaearth_Category_Body_BodyLotion.click_on_Makeup_cateogry()" because "this.bodyLotion" is null
at com.mamaearth.TestCase.TC_VerifyAllCategories.Test_mamaearth_category_Makeup_launching(TC_VerifyAllCategories.java:362)
at java.base/java.util.ArrayList.forEach(ArrayList.java:1511)
... Removed 25 stack frames]]>
    </failure>
  </testcase> <!-- Test_mamaearth_category_Makeup_launching -->
  <testcase classname="com.mamaearth.TestCase.TC_VerifyAllCategories" name="Test_mamaearth_category_Makeup_Lipsticks_launching" time="0.002">
    <failure type="java.lang.NullPointerException" message="Cannot invoke &amp;quot;com.mamaearth.PageObject.mamaearth_Category_Makeup.click_on_Makeup_Lipsticks_cateogry()&amp;quot; because &amp;quot;this.makeup&amp;quot; is null">
      <![CDATA[java.lang.NullPointerException: Cannot invoke "com.mamaearth.PageObject.mamaearth_Category_Makeup.click_on_Makeup_Lipsticks_cateogry()" because "this.makeup" is null
at com.mamaearth.TestCase.TC_VerifyAllCategories.Test_mamaearth_category_Makeup_Lipsticks_launching(TC_VerifyAllCategories.java:369)
at java.base/java.util.ArrayList.forEach(ArrayList.java:1511)
... Removed 25 stack frames]]>
    </failure>
  </testcase> <!-- Test_mamaearth_category_Makeup_Lipsticks_launching -->
  <testcase classname="com.mamaearth.TestCase.TC_VerifyAllCategories" name="Test_mamaearth_category_Makeup_LipBalm_launching" time="0.002">
    <failure type="java.lang.NullPointerException" message="Cannot invoke &amp;quot;com.mamaearth.PageObject.mamaearth_Category_Makeup_Lipsticks.click_on_Makeup_LipBalm_cateogry()&amp;quot; because &amp;quot;this.lipsticks&amp;quot; is null">
      <![CDATA[java.lang.NullPointerException: Cannot invoke "com.mamaearth.PageObject.mamaearth_Category_Makeup_Lipsticks.click_on_Makeup_LipBalm_cateogry()" because "this.lipsticks" is null
at com.mamaearth.TestCase.TC_VerifyAllCategories.Test_mamaearth_category_Makeup_LipBalm_launching(TC_VerifyAllCategories.java:376)
at java.base/java.util.ArrayList.forEach(ArrayList.java:1511)
... Removed 25 stack frames]]>
    </failure>
  </testcase> <!-- Test_mamaearth_category_Makeup_LipBalm_launching -->
  <testcase classname="com.mamaearth.TestCase.TC_VerifyAllCategories" name="Test_mamaearth_category_Makeup_Foundation_launching" time="0.001">
    <failure type="java.lang.NullPointerException" message="Cannot invoke &amp;quot;com.mamaearth.PageObject.mamaearth_Category_Makeup_LipBalm.click_on_Makeup_Foundation_cateogry()&amp;quot; because &amp;quot;this.lipBalm&amp;quot; is null">
      <![CDATA[java.lang.NullPointerException: Cannot invoke "com.mamaearth.PageObject.mamaearth_Category_Makeup_LipBalm.click_on_Makeup_Foundation_cateogry()" because "this.lipBalm" is null
at com.mamaearth.TestCase.TC_VerifyAllCategories.Test_mamaearth_category_Makeup_Foundation_launching(TC_VerifyAllCategories.java:383)
at java.base/java.util.ArrayList.forEach(ArrayList.java:1511)
... Removed 25 stack frames]]>
    </failure>
  </testcase> <!-- Test_mamaearth_category_Makeup_Foundation_launching -->
  <testcase classname="com.mamaearth.TestCase.TC_VerifyAllCategories" name="Test_mamaearth_category_Makeup_Kajal_launching" time="0.001">
    <failure type="java.lang.NullPointerException" message="Cannot invoke &amp;quot;com.mamaearth.PageObject.mamaearth_Category_Makeup_Foundation.click_on_Makeup_Kajal_cateogry()&amp;quot; because &amp;quot;this.foundation&amp;quot; is null">
      <![CDATA[java.lang.NullPointerException: Cannot invoke "com.mamaearth.PageObject.mamaearth_Category_Makeup_Foundation.click_on_Makeup_Kajal_cateogry()" because "this.foundation" is null
at com.mamaearth.TestCase.TC_VerifyAllCategories.Test_mamaearth_category_Makeup_Kajal_launching(TC_VerifyAllCategories.java:390)
at java.base/java.util.ArrayList.forEach(ArrayList.java:1511)
... Removed 25 stack frames]]>
    </failure>
  </testcase> <!-- Test_mamaearth_category_Makeup_Kajal_launching -->
  <testcase classname="com.mamaearth.TestCase.TC_VerifyAllCategories" name="Test_mamaearth_category_Makeup_Compact_launching" time="0.002">
    <failure type="java.lang.NullPointerException" message="Cannot invoke &amp;quot;com.mamaearth.PageObject.mamaearth_Category_Makeup_Kajal.click_on_Makeup_Compact_cateogry()&amp;quot; because &amp;quot;this.kajal&amp;quot; is null">
      <![CDATA[java.lang.NullPointerException: Cannot invoke "com.mamaearth.PageObject.mamaearth_Category_Makeup_Kajal.click_on_Makeup_Compact_cateogry()" because "this.kajal" is null
at com.mamaearth.TestCase.TC_VerifyAllCategories.Test_mamaearth_category_Makeup_Compact_launching(TC_VerifyAllCategories.java:397)
at java.base/java.util.ArrayList.forEach(ArrayList.java:1511)
... Removed 25 stack frames]]>
    </failure>
  </testcase> <!-- Test_mamaearth_category_Makeup_Compact_launching -->
  <testcase classname="com.mamaearth.TestCase.TC_VerifyAllCategories" name="Test_mamaearth_category_Makeup_Concealer_launching" time="0.002">
    <failure type="java.lang.NullPointerException" message="Cannot invoke &amp;quot;com.mamaearth.PageObject.mamaearth_Category_Makeup_Compact.click_on_Makeup_Concealer_cateogry()&amp;quot; because &amp;quot;this.compact&amp;quot; is null">
      <![CDATA[java.lang.NullPointerException: Cannot invoke "com.mamaearth.PageObject.mamaearth_Category_Makeup_Compact.click_on_Makeup_Concealer_cateogry()" because "this.compact" is null
at com.mamaearth.TestCase.TC_VerifyAllCategories.Test_mamaearth_category_Makeup_Concealer_launching(TC_VerifyAllCategories.java:404)
at java.base/java.util.ArrayList.forEach(ArrayList.java:1511)
... Removed 25 stack frames]]>
    </failure>
  </testcase> <!-- Test_mamaearth_category_Makeup_Concealer_launching -->
  <testcase classname="com.mamaearth.TestCase.TC_VerifyAllCategories" name="Test_mamaearth_category_Ingredient_launching" time="0.002">
    <failure type="java.lang.NullPointerException" message="Cannot invoke &amp;quot;com.mamaearth.PageObject.mamaearth_Category_Makeup_Concealer.click_on_Ingredient_cateogry()&amp;quot; because &amp;quot;this.concealer&amp;quot; is null">
      <![CDATA[java.lang.NullPointerException: Cannot invoke "com.mamaearth.PageObject.mamaearth_Category_Makeup_Concealer.click_on_Ingredient_cateogry()" because "this.concealer" is null
at com.mamaearth.TestCase.TC_VerifyAllCategories.Test_mamaearth_category_Ingredient_launching(TC_VerifyAllCategories.java:411)
at java.base/java.util.ArrayList.forEach(ArrayList.java:1511)
... Removed 25 stack frames]]>
    </failure>
  </testcase> <!-- Test_mamaearth_category_Ingredient_launching -->
  <testcase classname="com.mamaearth.TestCase.TC_VerifyAllCategories" name="Test_mamaearth_category_Ingredient_Onion_launching" time="0.002">
    <failure type="java.lang.NullPointerException" message="Cannot invoke &amp;quot;com.mamaearth.PageObject.mamaearth_Category_Ingredient.click_on_Ingredient_Onion_cateogry()&amp;quot; because &amp;quot;this.ingredient&amp;quot; is null">
      <![CDATA[java.lang.NullPointerException: Cannot invoke "com.mamaearth.PageObject.mamaearth_Category_Ingredient.click_on_Ingredient_Onion_cateogry()" because "this.ingredient" is null
at com.mamaearth.TestCase.TC_VerifyAllCategories.Test_mamaearth_category_Ingredient_Onion_launching(TC_VerifyAllCategories.java:418)
at java.base/java.util.ArrayList.forEach(ArrayList.java:1511)
... Removed 25 stack frames]]>
    </failure>
  </testcase> <!-- Test_mamaearth_category_Ingredient_Onion_launching -->
  <testcase classname="com.mamaearth.TestCase.TC_VerifyAllCategories" name="Test_mamaearth_category_Ingredient_Henna_launching" time="0.001">
    <failure type="java.lang.NullPointerException" message="Cannot invoke &amp;quot;com.mamaearth.PageObject.mamaearth_Category_Ingredient_Onion.click_on_Ingredient_Henna_cateogry()&amp;quot; because &amp;quot;this.onion&amp;quot; is null">
      <![CDATA[java.lang.NullPointerException: Cannot invoke "com.mamaearth.PageObject.mamaearth_Category_Ingredient_Onion.click_on_Ingredient_Henna_cateogry()" because "this.onion" is null
at com.mamaearth.TestCase.TC_VerifyAllCategories.Test_mamaearth_category_Ingredient_Henna_launching(TC_VerifyAllCategories.java:425)
at java.base/java.util.ArrayList.forEach(ArrayList.java:1511)
... Removed 25 stack frames]]>
    </failure>
  </testcase> <!-- Test_mamaearth_category_Ingredient_Henna_launching -->
  <testcase classname="com.mamaearth.TestCase.TC_VerifyAllCategories" name="Test_mamaearth_category_Ingredient_Rice_launching" time="0.001">
    <failure type="java.lang.NullPointerException" message="Cannot invoke &amp;quot;com.mamaearth.PageObject.mamaearth_Category_Ingredient_Henna.click_on_Ingredient_Rice_cateogry()&amp;quot; because &amp;quot;this.henna&amp;quot; is null">
      <![CDATA[java.lang.NullPointerException: Cannot invoke "com.mamaearth.PageObject.mamaearth_Category_Ingredient_Henna.click_on_Ingredient_Rice_cateogry()" because "this.henna" is null
at com.mamaearth.TestCase.TC_VerifyAllCategories.Test_mamaearth_category_Ingredient_Rice_launching(TC_VerifyAllCategories.java:432)
at java.base/java.util.ArrayList.forEach(ArrayList.java:1511)
... Removed 25 stack frames]]>
    </failure>
  </testcase> <!-- Test_mamaearth_category_Ingredient_Rice_launching -->
  <testcase classname="com.mamaearth.TestCase.TC_VerifyAllCategories" name="Test_mamaearth_category_Ingredient_Ubtan_launching" time="0.002">
    <failure type="java.lang.NullPointerException" message="Cannot invoke &amp;quot;com.mamaearth.PageObject.mamaearth_Category_Ingredient_Rice.click_on_Ingredient_Ubtan_cateogry()&amp;quot; because &amp;quot;this.rice&amp;quot; is null">
      <![CDATA[java.lang.NullPointerException: Cannot invoke "com.mamaearth.PageObject.mamaearth_Category_Ingredient_Rice.click_on_Ingredient_Ubtan_cateogry()" because "this.rice" is null
at com.mamaearth.TestCase.TC_VerifyAllCategories.Test_mamaearth_category_Ingredient_Ubtan_launching(TC_VerifyAllCategories.java:439)
at java.base/java.util.ArrayList.forEach(ArrayList.java:1511)
... Removed 25 stack frames]]>
    </failure>
  </testcase> <!-- Test_mamaearth_category_Ingredient_Ubtan_launching -->
  <testcase classname="com.mamaearth.TestCase.TC_VerifyAllCategories" name="Test_mamaearth_category_Ingredient_VitaminC_launching" time="0.024">
    <failure type="java.lang.NullPointerException" message="Cannot invoke &amp;quot;com.mamaearth.PageObject.mamaearth_Category_Ingredient_Ubtan.click_on_Ingredient_VitaminC_cateogry()&amp;quot; because &amp;quot;this.ubtan&amp;quot; is null">
      <![CDATA[java.lang.NullPointerException: Cannot invoke "com.mamaearth.PageObject.mamaearth_Category_Ingredient_Ubtan.click_on_Ingredient_VitaminC_cateogry()" because "this.ubtan" is null
at com.mamaearth.TestCase.TC_VerifyAllCategories.Test_mamaearth_category_Ingredient_VitaminC_launching(TC_VerifyAllCategories.java:446)
at java.base/java.util.ArrayList.forEach(ArrayList.java:1511)
... Removed 25 stack frames]]>
    </failure>
  </testcase> <!-- Test_mamaearth_category_Ingredient_VitaminC_launching -->
  <testcase classname="com.mamaearth.TestCase.TC_VerifyAllCategories" name="Test_mamaearth_category_Ingredient_GreenTea_launching" time="0.019">
    <failure type="java.lang.NullPointerException" message="Cannot invoke &amp;quot;com.mamaearth.PageObject.mamaearth_Category_Ingredient_VitaminC.click_on_Ingredient_GreenTea_cateogry()&amp;quot; because &amp;quot;this.vitaminC&amp;quot; is null">
      <![CDATA[java.lang.NullPointerException: Cannot invoke "com.mamaearth.PageObject.mamaearth_Category_Ingredient_VitaminC.click_on_Ingredient_GreenTea_cateogry()" because "this.vitaminC" is null
at com.mamaearth.TestCase.TC_VerifyAllCategories.Test_mamaearth_category_Ingredient_GreenTea_launching(TC_VerifyAllCategories.java:453)
at java.base/java.util.ArrayList.forEach(ArrayList.java:1511)
... Removed 25 stack frames]]>
    </failure>
  </testcase> <!-- Test_mamaearth_category_Ingredient_GreenTea_launching -->
  <testcase classname="com.mamaearth.TestCase.TC_VerifyAllCategories" name="Test_mamaearth_category_Ingredient_TeaTree_launching" time="0.034">
    <failure type="java.lang.NullPointerException" message="Cannot invoke &amp;quot;com.mamaearth.PageObject.mamaearth_Category_Ingredient_GreenTea.click_on_Ingredient_TeaTree_cateogry()&amp;quot; because &amp;quot;this.greenTea&amp;quot; is null">
      <![CDATA[java.lang.NullPointerException: Cannot invoke "com.mamaearth.PageObject.mamaearth_Category_Ingredient_GreenTea.click_on_Ingredient_TeaTree_cateogry()" because "this.greenTea" is null
at com.mamaearth.TestCase.TC_VerifyAllCategories.Test_mamaearth_category_Ingredient_TeaTree_launching(TC_VerifyAllCategories.java:460)
at java.base/java.util.ArrayList.forEach(ArrayList.java:1511)
... Removed 25 stack frames]]>
    </failure>
  </testcase> <!-- Test_mamaearth_category_Ingredient_TeaTree_launching -->
  <testcase classname="com.mamaearth.TestCase.TC_VerifyAllCategories" name="Test_mamaearth_category_Ingredient_Aqua_launching" time="0.019">
    <failure type="java.lang.NullPointerException" message="Cannot invoke &amp;quot;com.mamaearth.PageObject.mamaearth_Category_Ingredient_TeaTree.click_on_Ingredient_Aqau_cateogry()&amp;quot; because &amp;quot;this.teaTree&amp;quot; is null">
      <![CDATA[java.lang.NullPointerException: Cannot invoke "com.mamaearth.PageObject.mamaearth_Category_Ingredient_TeaTree.click_on_Ingredient_Aqau_cateogry()" because "this.teaTree" is null
at com.mamaearth.TestCase.TC_VerifyAllCategories.Test_mamaearth_category_Ingredient_Aqua_launching(TC_VerifyAllCategories.java:467)
at java.base/java.util.ArrayList.forEach(ArrayList.java:1511)
... Removed 25 stack frames]]>
    </failure>
  </testcase> <!-- Test_mamaearth_category_Ingredient_Aqua_launching -->
  <testcase classname="com.mamaearth.TestCase.TC_VerifyAllCategories" name="Test_mamaearth_category_Ingredient_Bhringmla_launching" time="0.001">
    <failure type="java.lang.NullPointerException" message="Cannot invoke &amp;quot;com.mamaearth.PageObject.mamaearth_Category_Ingredient_GreenTea.click_on_Ingredient_Bhringmla_cateogry()&amp;quot; because &amp;quot;this.greenTea&amp;quot; is null">
      <![CDATA[java.lang.NullPointerException: Cannot invoke "com.mamaearth.PageObject.mamaearth_Category_Ingredient_GreenTea.click_on_Ingredient_Bhringmla_cateogry()" because "this.greenTea" is null
at com.mamaearth.TestCase.TC_VerifyAllCategories.Test_mamaearth_category_Ingredient_Bhringmla_launching(TC_VerifyAllCategories.java:474)
at java.base/java.util.ArrayList.forEach(ArrayList.java:1511)
... Removed 25 stack frames]]>
    </failure>
  </testcase> <!-- Test_mamaearth_category_Ingredient_Bhringmla_launching -->
  <testcase classname="com.mamaearth.TestCase.TC_VerifyAllCategories" name="Test_mamaearth_category_Ingredient_Charcoal_launching" time="0.018">
    <failure type="java.lang.NullPointerException" message="Cannot invoke &amp;quot;com.mamaearth.PageObject.mamaearth_Category_Ingredient_Bhringmla.click_on_Ingredient_Charcoal_cateogry()&amp;quot; because &amp;quot;this.bhringmla&amp;quot; is null">
      <![CDATA[java.lang.NullPointerException: Cannot invoke "com.mamaearth.PageObject.mamaearth_Category_Ingredient_Bhringmla.click_on_Ingredient_Charcoal_cateogry()" because "this.bhringmla" is null
at com.mamaearth.TestCase.TC_VerifyAllCategories.Test_mamaearth_category_Ingredient_Charcoal_launching(TC_VerifyAllCategories.java:481)
at java.base/java.util.ArrayList.forEach(ArrayList.java:1511)
... Removed 25 stack frames]]>
    </failure>
  </testcase> <!-- Test_mamaearth_category_Ingredient_Charcoal_launching -->
  <testcase classname="com.mamaearth.TestCase.TC_VerifyAllCategories" name="Test_mamaearth_category_Ingredient_Coco_launching" time="0.02">
    <failure type="java.lang.NullPointerException" message="Cannot invoke &amp;quot;com.mamaearth.PageObject.mamaearth_Category_Ingredient_Charcoal.click_on_Ingredient_Coco_cateogry()&amp;quot; because &amp;quot;this.charcoal&amp;quot; is null">
      <![CDATA[java.lang.NullPointerException: Cannot invoke "com.mamaearth.PageObject.mamaearth_Category_Ingredient_Charcoal.click_on_Ingredient_Coco_cateogry()" because "this.charcoal" is null
at com.mamaearth.TestCase.TC_VerifyAllCategories.Test_mamaearth_category_Ingredient_Coco_launching(TC_VerifyAllCategories.java:488)
at java.base/java.util.ArrayList.forEach(ArrayList.java:1511)
... Removed 25 stack frames]]>
    </failure>
  </testcase> <!-- Test_mamaearth_category_Ingredient_Coco_launching -->
  <testcase classname="com.mamaearth.TestCase.TC_VerifyAllCategories" name="Test_mamaearth_category_Ingredient_Argan_launching" time="0.02">
    <failure type="java.lang.NullPointerException" message="Cannot invoke &amp;quot;com.mamaearth.PageObject.mamaearth_Category_Ingredient_Coco.click_on_Ingredient_Argan_cateogry()&amp;quot; because &amp;quot;this.coco&amp;quot; is null">
      <![CDATA[java.lang.NullPointerException: Cannot invoke "com.mamaearth.PageObject.mamaearth_Category_Ingredient_Coco.click_on_Ingredient_Argan_cateogry()" because "this.coco" is null
at com.mamaearth.TestCase.TC_VerifyAllCategories.Test_mamaearth_category_Ingredient_Argan_launching(TC_VerifyAllCategories.java:495)
at java.base/java.util.ArrayList.forEach(ArrayList.java:1511)
... Removed 25 stack frames]]>
    </failure>
  </testcase> <!-- Test_mamaearth_category_Ingredient_Argan_launching -->
  <testcase classname="com.mamaearth.TestCase.TC_VerifyAllCategories" name="Test_mamaearth_category_Ingredient_AppleCiderVinegar_launching" time="0.004">
    <failure type="java.lang.NullPointerException" message="Cannot invoke &amp;quot;com.mamaearth.PageObject.mamaearth_Category_Ingredient_Argan.click_on_Ingredient_AppleCiderVinegar_cateogry()&amp;quot; because &amp;quot;this.argan&amp;quot; is null">
      <![CDATA[java.lang.NullPointerException: Cannot invoke "com.mamaearth.PageObject.mamaearth_Category_Ingredient_Argan.click_on_Ingredient_AppleCiderVinegar_cateogry()" because "this.argan" is null
at com.mamaearth.TestCase.TC_VerifyAllCategories.Test_mamaearth_category_Ingredient_AppleCiderVinegar_launching(TC_VerifyAllCategories.java:502)
at java.base/java.util.ArrayList.forEach(ArrayList.java:1511)
... Removed 25 stack frames]]>
    </failure>
  </testcase> <!-- Test_mamaearth_category_Ingredient_AppleCiderVinegar_launching -->
  <testcase classname="com.mamaearth.TestCase.TC_VerifyAllCategories" name="Test_mamaearth_category_Ingredient_Retinol_launching" time="0.002">
    <failure type="java.lang.NullPointerException" message="Cannot invoke &amp;quot;com.mamaearth.PageObject.mamaearth_Category_Ingredient_AppleCiderVinegar.click_on_Ingredient_Retinol_cateogry()&amp;quot; because &amp;quot;this.appleCiderVinegar&amp;quot; is null">
      <![CDATA[java.lang.NullPointerException: Cannot invoke "com.mamaearth.PageObject.mamaearth_Category_Ingredient_AppleCiderVinegar.click_on_Ingredient_Retinol_cateogry()" because "this.appleCiderVinegar" is null
at com.mamaearth.TestCase.TC_VerifyAllCategories.Test_mamaearth_category_Ingredient_Retinol_launching(TC_VerifyAllCategories.java:509)
at java.base/java.util.ArrayList.forEach(ArrayList.java:1511)
... Removed 25 stack frames]]>
    </failure>
  </testcase> <!-- Test_mamaearth_category_Ingredient_Retinol_launching -->
  <testcase classname="com.mamaearth.TestCase.TC_VerifyAllCategories" name="Test_mamaearth_category_Ingredient_HoneyMalai_launching" time="0.001">
    <failure type="java.lang.NullPointerException" message="Cannot invoke &amp;quot;com.mamaearth.PageObject.mamaearth_Category_Ingredient_Retinol.click_on_Ingredient_HoneyMalai_cateogry()&amp;quot; because &amp;quot;this.retinol&amp;quot; is null">
      <![CDATA[java.lang.NullPointerException: Cannot invoke "com.mamaearth.PageObject.mamaearth_Category_Ingredient_Retinol.click_on_Ingredient_HoneyMalai_cateogry()" because "this.retinol" is null
at com.mamaearth.TestCase.TC_VerifyAllCategories.Test_mamaearth_category_Ingredient_HoneyMalai_launching(TC_VerifyAllCategories.java:516)
at java.base/java.util.ArrayList.forEach(ArrayList.java:1511)
... Removed 25 stack frames]]>
    </failure>
  </testcase> <!-- Test_mamaearth_category_Ingredient_HoneyMalai_launching -->
  <testcase classname="com.mamaearth.TestCase.TC_VerifyAllCategories" name="Test_mamaearth_category_Baby_launching" time="0.002">
    <failure type="java.lang.NullPointerException" message="Cannot invoke &amp;quot;com.mamaearth.PageObject.mamaearth_Category_Ingredient_HoneyMalai.click_on_Baby_cateogry()&amp;quot; because &amp;quot;this.honeyMalai&amp;quot; is null">
      <![CDATA[java.lang.NullPointerException: Cannot invoke "com.mamaearth.PageObject.mamaearth_Category_Ingredient_HoneyMalai.click_on_Baby_cateogry()" because "this.honeyMalai" is null
at com.mamaearth.TestCase.TC_VerifyAllCategories.Test_mamaearth_category_Baby_launching(TC_VerifyAllCategories.java:523)
at java.base/java.util.ArrayList.forEach(ArrayList.java:1511)
... Removed 25 stack frames]]>
    </failure>
  </testcase> <!-- Test_mamaearth_category_Baby_launching -->
  <testcase classname="com.mamaearth.TestCase.TC_VerifyAllCategories" name="Test_mamaearth_category_Baby__BabyShampoo_launching" time="0.002">
    <failure type="java.lang.NullPointerException" message="Cannot invoke &amp;quot;com.mamaearth.PageObject.Baby.mamaearth_Category_Baby.click_on_Baby_BabyShampoo_cateogry()&amp;quot; because &amp;quot;this.baby&amp;quot; is null">
      <![CDATA[java.lang.NullPointerException: Cannot invoke "com.mamaearth.PageObject.Baby.mamaearth_Category_Baby.click_on_Baby_BabyShampoo_cateogry()" because "this.baby" is null
at com.mamaearth.TestCase.TC_VerifyAllCategories.Test_mamaearth_category_Baby__BabyShampoo_launching(TC_VerifyAllCategories.java:530)
at java.base/java.util.ArrayList.forEach(ArrayList.java:1511)
... Removed 25 stack frames]]>
    </failure>
  </testcase> <!-- Test_mamaearth_category_Baby__BabyShampoo_launching -->
  <testcase classname="com.mamaearth.TestCase.TC_VerifyAllCategories" name="Test_mamaearth_category_Baby__BabyOralcare_launching" time="0.002">
    <failure type="java.lang.NullPointerException" message="Cannot invoke &amp;quot;com.mamaearth.PageObject.Baby.mamaearth_Category_Baby_BabyShampoo.click_on_Baby_BabyOralcare_cateogry()&amp;quot; because &amp;quot;this.babyShampoo&amp;quot; is null">
      <![CDATA[java.lang.NullPointerException: Cannot invoke "com.mamaearth.PageObject.Baby.mamaearth_Category_Baby_BabyShampoo.click_on_Baby_BabyOralcare_cateogry()" because "this.babyShampoo" is null
at com.mamaearth.TestCase.TC_VerifyAllCategories.Test_mamaearth_category_Baby__BabyOralcare_launching(TC_VerifyAllCategories.java:537)
at java.base/java.util.ArrayList.forEach(ArrayList.java:1511)
... Removed 25 stack frames]]>
    </failure>
  </testcase> <!-- Test_mamaearth_category_Baby__BabyOralcare_launching -->
  <testcase classname="com.mamaearth.TestCase.TC_VerifyAllCategories" name="Test_mamaearth_category_Baby__BabyOil_launching" time="0.001">
    <failure type="java.lang.NullPointerException" message="Cannot invoke &amp;quot;com.mamaearth.PageObject.Baby.mamaearth_Category_Baby_BabyOralcare.click_on_Baby_BabyOil_cateogry()&amp;quot; because &amp;quot;this.babyOralcare&amp;quot; is null">
      <![CDATA[java.lang.NullPointerException: Cannot invoke "com.mamaearth.PageObject.Baby.mamaearth_Category_Baby_BabyOralcare.click_on_Baby_BabyOil_cateogry()" because "this.babyOralcare" is null
at com.mamaearth.TestCase.TC_VerifyAllCategories.Test_mamaearth_category_Baby__BabyOil_launching(TC_VerifyAllCategories.java:544)
at java.base/java.util.ArrayList.forEach(ArrayList.java:1511)
... Removed 25 stack frames]]>
    </failure>
  </testcase> <!-- Test_mamaearth_category_Baby__BabyOil_launching -->
  <testcase classname="com.mamaearth.TestCase.TC_VerifyAllCategories" name="Test_mamaearth_category_Baby__BabySkin_launching" time="0.002">
    <failure type="java.lang.NullPointerException" message="Cannot invoke &amp;quot;com.mamaearth.PageObject.Baby.mamaearth_Category_Baby_BabyOil.click_on_Baby_BabySkin_cateogry()&amp;quot; because &amp;quot;this.babyOil&amp;quot; is null">
      <![CDATA[java.lang.NullPointerException: Cannot invoke "com.mamaearth.PageObject.Baby.mamaearth_Category_Baby_BabyOil.click_on_Baby_BabySkin_cateogry()" because "this.babyOil" is null
at com.mamaearth.TestCase.TC_VerifyAllCategories.Test_mamaearth_category_Baby__BabySkin_launching(TC_VerifyAllCategories.java:551)
at java.base/java.util.ArrayList.forEach(ArrayList.java:1511)
... Removed 25 stack frames]]>
    </failure>
  </testcase> <!-- Test_mamaearth_category_Baby__BabySkin_launching -->
  <testcase classname="com.mamaearth.TestCase.TC_VerifyAllCategories" name="Test_mamaearth_category_Baby__BabyBath_launching" time="0.002">
    <failure type="java.lang.NullPointerException" message="Cannot invoke &amp;quot;com.mamaearth.PageObject.Baby.mamaearth_Category_Baby_BabySkin.click_on_Baby_BabyBath_cateogry()&amp;quot; because &amp;quot;this.babySkin&amp;quot; is null">
      <![CDATA[java.lang.NullPointerException: Cannot invoke "com.mamaearth.PageObject.Baby.mamaearth_Category_Baby_BabySkin.click_on_Baby_BabyBath_cateogry()" because "this.babySkin" is null
at com.mamaearth.TestCase.TC_VerifyAllCategories.Test_mamaearth_category_Baby__BabyBath_launching(TC_VerifyAllCategories.java:558)
at java.base/java.util.ArrayList.forEach(ArrayList.java:1511)
... Removed 25 stack frames]]>
    </failure>
  </testcase> <!-- Test_mamaearth_category_Baby__BabyBath_launching -->
  <testcase classname="com.mamaearth.TestCase.TC_VerifyAllCategories" name="Test_mamaearth_category_Baby__BabyBodyLotion_launching" time="0.019">
    <failure type="java.lang.NullPointerException" message="Cannot invoke &amp;quot;com.mamaearth.PageObject.Baby.mamaearth_Category_Baby_BabyBath.click_on_Baby_BabyBodyLotion_cateogry()&amp;quot; because &amp;quot;this.babyBath&amp;quot; is null">
      <![CDATA[java.lang.NullPointerException: Cannot invoke "com.mamaearth.PageObject.Baby.mamaearth_Category_Baby_BabyBath.click_on_Baby_BabyBodyLotion_cateogry()" because "this.babyBath" is null
at com.mamaearth.TestCase.TC_VerifyAllCategories.Test_mamaearth_category_Baby__BabyBodyLotion_launching(TC_VerifyAllCategories.java:565)
at java.base/java.util.ArrayList.forEach(ArrayList.java:1511)
... Removed 25 stack frames]]>
    </failure>
  </testcase> <!-- Test_mamaearth_category_Baby__BabyBodyLotion_launching -->
  <testcase classname="com.mamaearth.TestCase.TC_CheckcoutWithoutGI" name="Test_GuestUser_WithCoupon_withoutGI_COD" time="26.764"/>
  <testcase classname="com.mamaearth.TestCase.TC_CheckcoutWithoutGI" name="Test_GuestUser_WithoutCoupon_withoutGI_COD" time="24.137"/>
</testsuite> <!-- Test -->
