<?xml version="1.0" encoding="UTF-8"?>
<!-- Generated by org.testng.reporters.JUnitXMLReporter -->
<testsuite ignored="0" hostname="Udit-078.local" failures="0" tests="2" name="Test" time="7.376" errors="0" timestamp="2023-02-13T15:15:28 IST">
  <testcase classname="com.mamaearth.TestCase.TC_SearchingAndAlgolia" name="@BeforeMethod setup" time="7.021">
    <failure type="java.lang.NullPointerException" message="Cannot invoke &amp;quot;org.openqa.selenium.WebDriver.findElement(org.openqa.selenium.By)&amp;quot; because &amp;quot;com.mamaearth.TestCase.TC_SearchingAndAlgolia.driver&amp;quot; is null">
      <![CDATA[java.lang.NullPointerException: Cannot invoke "org.openqa.selenium.WebDriver.findElement(org.openqa.selenium.By)" because "com.mamaearth.TestCase.TC_SearchingAndAlgolia.driver" is null
at com.mamaearth.TestCase.TC_SearchingAndAlgolia.setup(TC_SearchingAndAlgolia.java:41)
at java.base/java.util.concurrent.ThreadPoolExecutor.runWorker(ThreadPoolExecutor.java:1136)
at java.base/java.util.concurrent.ThreadPoolExecutor$Worker.run(ThreadPoolExecutor.java:635)
at java.base/java.lang.Thread.run(Thread.java:833)
... Removed 14 stack frames]]>
    </failure>
  </testcase> <!-- @BeforeMethod setup -->
  <testcase classname="com.mamaearth.TestCase.TC_SearchingAndAlgolia" name="@AfterMethod tearDown" time="-1.676281523004E9">
    <skipped/>
  </testcase> <!-- @AfterMethod tearDown -->
  <testcase classname="com.mamaearth.TestCase.TC_CheckcoutWithoutGI" name="@BeforeMethod setup" time="6.721">
    <failure type="java.lang.NullPointerException" message="Cannot invoke &amp;quot;org.openqa.selenium.WebDriver.findElement(org.openqa.selenium.By)&amp;quot; because &amp;quot;com.mamaearth.TestCase.TC_CheckcoutWithoutGI.driver&amp;quot; is null">
      <![CDATA[java.lang.NullPointerException: Cannot invoke "org.openqa.selenium.WebDriver.findElement(org.openqa.selenium.By)" because "com.mamaearth.TestCase.TC_CheckcoutWithoutGI.driver" is null
at com.mamaearth.TestCase.TC_CheckcoutWithoutGI.setup(TC_CheckcoutWithoutGI.java:58)
at java.base/java.util.concurrent.ThreadPoolExecutor.runWorker(ThreadPoolExecutor.java:1136)
at java.base/java.util.concurrent.ThreadPoolExecutor$Worker.run(ThreadPoolExecutor.java:635)
at java.base/java.lang.Thread.run(Thread.java:833)
... Removed 14 stack frames]]>
    </failure>
  </testcase> <!-- @BeforeMethod setup -->
  <testcase classname="com.mamaearth.TestCase.TC_CheckcoutWithoutGI" name="@AfterMethod teardown" time="-1.676281523323E9">
    <skipped/>
  </testcase> <!-- @AfterMethod teardown -->
  <testcase classname="com.mamaearth.TestCase.TC_SearchingAndAlgolia" name="TC1" time="0.0">
    <skipped/>
  </testcase> <!-- TC1 -->
  <testcase classname="com.mamaearth.TestCase.TC_CheckcoutWithoutGI" name="TC_001" time="0.0">
    <skipped/>
  </testcase> <!-- TC_001 -->
</testsuite> <!-- Test -->
