<?xml version="1.0" encoding="UTF-8"?>
<testng-results ignored="0" total="67" passed="67" failed="0" skipped="0">
  <reporter-output>
  </reporter-output>
  <suite started-at="2023-04-06T13:58:26 IST" name="Suite" finished-at="2023-04-06T14:02:46 IST" duration-ms="259471">
    <groups>
    </groups>
    <test started-at="2023-04-06T13:58:26 IST" name="Category Test" finished-at="2023-04-06T14:00:14 IST" duration-ms="107877">
      <class name="com.mamaearth.TestCase.TC_VerifyAllCategories">
        <test-method is-config="true" signature="setup()[pri:0, instance:com.mamaearth.TestCase.TC_VerifyAllCategories@7e6f74c]" started-at="2023-04-06T13:58:26 IST" name="setup" finished-at="2023-04-06T13:58:35 IST" duration-ms="9075" status="PASS">
          <reporter-output>
          </reporter-output>
        </test-method> <!-- setup -->
        <test-method signature="Test_mamaearth_launching()[pri:1, instance:com.mamaearth.TestCase.TC_VerifyAllCategories@7e6f74c]" started-at="2023-04-06T13:58:35 IST" name="Test_mamaearth_launching" finished-at="2023-04-06T13:58:35 IST" duration-ms="97" status="PASS">
          <reporter-output>
          </reporter-output>
        </test-method> <!-- Test_mamaearth_launching -->
        <test-method signature="Test_mamaearth_category_Beauty_launching()[pri:2, instance:com.mamaearth.TestCase.TC_VerifyAllCategories@7e6f74c]" started-at="2023-04-06T13:58:35 IST" name="Test_mamaearth_category_Beauty_launching" finished-at="2023-04-06T13:58:39 IST" duration-ms="3638" status="PASS">
          <reporter-output>
          </reporter-output>
        </test-method> <!-- Test_mamaearth_category_Beauty_launching -->
        <test-method signature="Test_mamaearth_category_Beauty_Fragrance_launching()[pri:3, instance:com.mamaearth.TestCase.TC_VerifyAllCategories@7e6f74c]" started-at="2023-04-06T13:58:39 IST" name="Test_mamaearth_category_Beauty_Fragrance_launching" finished-at="2023-04-06T13:58:41 IST" duration-ms="1870" status="PASS">
          <reporter-output>
          </reporter-output>
        </test-method> <!-- Test_mamaearth_category_Beauty_Fragrance_launching -->
        <test-method signature="Test_mamaearth_category_Beauty_FacialKits_launching()[pri:4, instance:com.mamaearth.TestCase.TC_VerifyAllCategories@7e6f74c]" started-at="2023-04-06T13:58:41 IST" name="Test_mamaearth_category_Beauty_FacialKits_launching" finished-at="2023-04-06T13:58:42 IST" duration-ms="1033" status="PASS">
          <reporter-output>
          </reporter-output>
        </test-method> <!-- Test_mamaearth_category_Beauty_FacialKits_launching -->
        <test-method signature="Test_mamaearth_category_Hair_launching()[pri:5, instance:com.mamaearth.TestCase.TC_VerifyAllCategories@7e6f74c]" started-at="2023-04-06T13:58:42 IST" name="Test_mamaearth_category_Hair_launching" finished-at="2023-04-06T13:58:43 IST" duration-ms="1503" status="PASS">
          <reporter-output>
          </reporter-output>
        </test-method> <!-- Test_mamaearth_category_Hair_launching -->
        <test-method signature="Test_mamaearth_category_Hair_Shampoo_launching()[pri:6, instance:com.mamaearth.TestCase.TC_VerifyAllCategories@7e6f74c]" started-at="2023-04-06T13:58:43 IST" name="Test_mamaearth_category_Hair_Shampoo_launching" finished-at="2023-04-06T13:58:45 IST" duration-ms="1440" status="PASS">
          <reporter-output>
          </reporter-output>
        </test-method> <!-- Test_mamaearth_category_Hair_Shampoo_launching -->
        <test-method signature="Test_mamaearth_category_Hair_Conditioner_launching()[pri:7, instance:com.mamaearth.TestCase.TC_VerifyAllCategories@7e6f74c]" started-at="2023-04-06T13:58:45 IST" name="Test_mamaearth_category_Hair_Conditioner_launching" finished-at="2023-04-06T13:58:46 IST" duration-ms="1081" status="PASS">
          <reporter-output>
          </reporter-output>
        </test-method> <!-- Test_mamaearth_category_Hair_Conditioner_launching -->
        <test-method signature="Test_mamaearth_category_Hair_HairOil_launching()[pri:8, instance:com.mamaearth.TestCase.TC_VerifyAllCategories@7e6f74c]" started-at="2023-04-06T13:58:46 IST" name="Test_mamaearth_category_Hair_HairOil_launching" finished-at="2023-04-06T13:58:47 IST" duration-ms="1161" status="PASS">
          <reporter-output>
          </reporter-output>
        </test-method> <!-- Test_mamaearth_category_Hair_HairOil_launching -->
        <test-method signature="Test_mamaearth_category_Hair_HairMask_launching()[pri:9, instance:com.mamaearth.TestCase.TC_VerifyAllCategories@7e6f74c]" started-at="2023-04-06T13:58:47 IST" name="Test_mamaearth_category_Hair_HairMask_launching" finished-at="2023-04-06T13:58:48 IST" duration-ms="1232" status="PASS">
          <reporter-output>
          </reporter-output>
        </test-method> <!-- Test_mamaearth_category_Hair_HairMask_launching -->
        <test-method signature="Test_mamaearth_category_Hair_HairSerum_launching()[pri:10, instance:com.mamaearth.TestCase.TC_VerifyAllCategories@7e6f74c]" started-at="2023-04-06T13:58:48 IST" name="Test_mamaearth_category_Hair_HairSerum_launching" finished-at="2023-04-06T13:58:50 IST" duration-ms="1220" status="PASS">
          <reporter-output>
          </reporter-output>
        </test-method> <!-- Test_mamaearth_category_Hair_HairSerum_launching -->
        <test-method signature="Test_mamaearth_category_Hair_HairOilBooster_launching()[pri:11, instance:com.mamaearth.TestCase.TC_VerifyAllCategories@7e6f74c]" started-at="2023-04-06T13:58:50 IST" name="Test_mamaearth_category_Hair_HairOilBooster_launching" finished-at="2023-04-06T13:58:51 IST" duration-ms="1243" status="PASS">
          <reporter-output>
          </reporter-output>
        </test-method> <!-- Test_mamaearth_category_Hair_HairOilBooster_launching -->
        <test-method signature="Test_mamaearth_category_Face_launching()[pri:12, instance:com.mamaearth.TestCase.TC_VerifyAllCategories@7e6f74c]" started-at="2023-04-06T13:58:51 IST" name="Test_mamaearth_category_Face_launching" finished-at="2023-04-06T13:58:53 IST" duration-ms="1914" status="PASS">
          <reporter-output>
          </reporter-output>
        </test-method> <!-- Test_mamaearth_category_Face_launching -->
        <test-method signature="Test_mamaearth_category_Face_FaceWash_launching()[pri:13, instance:com.mamaearth.TestCase.TC_VerifyAllCategories@7e6f74c]" started-at="2023-04-06T13:58:53 IST" name="Test_mamaearth_category_Face_FaceWash_launching" finished-at="2023-04-06T13:58:54 IST" duration-ms="1666" status="PASS">
          <reporter-output>
          </reporter-output>
        </test-method> <!-- Test_mamaearth_category_Face_FaceWash_launching -->
        <test-method signature="Test_mamaearth_category_Face_FaceMask_launching()[pri:14, instance:com.mamaearth.TestCase.TC_VerifyAllCategories@7e6f74c]" started-at="2023-04-06T13:58:54 IST" name="Test_mamaearth_category_Face_FaceMask_launching" finished-at="2023-04-06T13:58:56 IST" duration-ms="1253" status="PASS">
          <reporter-output>
          </reporter-output>
        </test-method> <!-- Test_mamaearth_category_Face_FaceMask_launching -->
        <test-method signature="Test_mamaearth_category_Face_FaceCream_launching()[pri:15, instance:com.mamaearth.TestCase.TC_VerifyAllCategories@7e6f74c]" started-at="2023-04-06T13:58:56 IST" name="Test_mamaearth_category_Face_FaceCream_launching" finished-at="2023-04-06T13:58:57 IST" duration-ms="1412" status="PASS">
          <reporter-output>
          </reporter-output>
        </test-method> <!-- Test_mamaearth_category_Face_FaceCream_launching -->
        <test-method signature="Test_mamaearth_category_Face_FaceSerum_launching()[pri:16, instance:com.mamaearth.TestCase.TC_VerifyAllCategories@7e6f74c]" started-at="2023-04-06T13:58:57 IST" name="Test_mamaearth_category_Face_FaceSerum_launching" finished-at="2023-04-06T13:58:58 IST" duration-ms="1389" status="PASS">
          <reporter-output>
          </reporter-output>
        </test-method> <!-- Test_mamaearth_category_Face_FaceSerum_launching -->
        <test-method signature="Test_mamaearth_category_Face_FaceScrub_launching()[pri:17, instance:com.mamaearth.TestCase.TC_VerifyAllCategories@7e6f74c]" started-at="2023-04-06T13:58:58 IST" name="Test_mamaearth_category_Face_FaceScrub_launching" finished-at="2023-04-06T13:59:00 IST" duration-ms="1120" status="PASS">
          <reporter-output>
          </reporter-output>
        </test-method> <!-- Test_mamaearth_category_Face_FaceScrub_launching -->
        <test-method signature="Test_mamaearth_category_Face_FaceToner_launching()[pri:18, instance:com.mamaearth.TestCase.TC_VerifyAllCategories@7e6f74c]" started-at="2023-04-06T13:59:00 IST" name="Test_mamaearth_category_Face_FaceToner_launching" finished-at="2023-04-06T13:59:01 IST" duration-ms="1070" status="PASS">
          <reporter-output>
          </reporter-output>
        </test-method> <!-- Test_mamaearth_category_Face_FaceToner_launching -->
        <test-method signature="Test_mamaearth_category_Face_FaceGel_launching()[pri:19, instance:com.mamaearth.TestCase.TC_VerifyAllCategories@7e6f74c]" started-at="2023-04-06T13:59:01 IST" name="Test_mamaearth_category_Face_FaceGel_launching" finished-at="2023-04-06T13:59:02 IST" duration-ms="1287" status="PASS">
          <reporter-output>
          </reporter-output>
        </test-method> <!-- Test_mamaearth_category_Face_FaceGel_launching -->
        <test-method signature="Test_mamaearth_category_Face_FaceSheetMask_launching()[pri:20, instance:com.mamaearth.TestCase.TC_VerifyAllCategories@7e6f74c]" started-at="2023-04-06T13:59:02 IST" name="Test_mamaearth_category_Face_FaceSheetMask_launching" finished-at="2023-04-06T13:59:04 IST" duration-ms="2483" status="PASS">
          <reporter-output>
          </reporter-output>
        </test-method> <!-- Test_mamaearth_category_Face_FaceSheetMask_launching -->
        <test-method signature="Test_mamaearth_category_Face_FaceMoisturizer_launching()[pri:21, instance:com.mamaearth.TestCase.TC_VerifyAllCategories@7e6f74c]" started-at="2023-04-06T13:59:04 IST" name="Test_mamaearth_category_Face_FaceMoisturizer_launching" finished-at="2023-04-06T13:59:06 IST" duration-ms="1247" status="PASS">
          <reporter-output>
          </reporter-output>
        </test-method> <!-- Test_mamaearth_category_Face_FaceMoisturizer_launching -->
        <test-method signature="Test_mamaearth_category_Body_launching()[pri:22, instance:com.mamaearth.TestCase.TC_VerifyAllCategories@7e6f74c]" started-at="2023-04-06T13:59:06 IST" name="Test_mamaearth_category_Body_launching" finished-at="2023-04-06T13:59:07 IST" duration-ms="1421" status="PASS">
          <reporter-output>
          </reporter-output>
        </test-method> <!-- Test_mamaearth_category_Body_launching -->
        <test-method signature="Test_mamaearth_category_Body_BodyLotion_launching()[pri:23, instance:com.mamaearth.TestCase.TC_VerifyAllCategories@7e6f74c]" started-at="2023-04-06T13:59:07 IST" name="Test_mamaearth_category_Body_BodyLotion_launching" finished-at="2023-04-06T13:59:08 IST" duration-ms="1330" status="PASS">
          <reporter-output>
          </reporter-output>
        </test-method> <!-- Test_mamaearth_category_Body_BodyLotion_launching -->
        <test-method signature="Test_mamaearth_category_Body_UnderarmCream_launching()[pri:24, instance:com.mamaearth.TestCase.TC_VerifyAllCategories@7e6f74c]" started-at="2023-04-06T13:59:08 IST" name="Test_mamaearth_category_Body_UnderarmCream_launching" finished-at="2023-04-06T13:59:10 IST" duration-ms="1334" status="PASS">
          <reporter-output>
          </reporter-output>
        </test-method> <!-- Test_mamaearth_category_Body_UnderarmCream_launching -->
        <test-method signature="Test_mamaearth_category_Body_BodyScrub_launching()[pri:25, instance:com.mamaearth.TestCase.TC_VerifyAllCategories@7e6f74c]" started-at="2023-04-06T13:59:10 IST" name="Test_mamaearth_category_Body_BodyScrub_launching" finished-at="2023-04-06T13:59:11 IST" duration-ms="1108" status="PASS">
          <reporter-output>
          </reporter-output>
        </test-method> <!-- Test_mamaearth_category_Body_BodyScrub_launching -->
        <test-method signature="Test_mamaearth_category_Body_HandCream_launching()[pri:26, instance:com.mamaearth.TestCase.TC_VerifyAllCategories@7e6f74c]" started-at="2023-04-06T13:59:11 IST" name="Test_mamaearth_category_Body_HandCream_launching" finished-at="2023-04-06T13:59:12 IST" duration-ms="1151" status="PASS">
          <reporter-output>
          </reporter-output>
        </test-method> <!-- Test_mamaearth_category_Body_HandCream_launching -->
        <test-method signature="Test_mamaearth_category_Body_BodyWash_launching()[pri:27, instance:com.mamaearth.TestCase.TC_VerifyAllCategories@7e6f74c]" started-at="2023-04-06T13:59:12 IST" name="Test_mamaearth_category_Body_BodyWash_launching" finished-at="2023-04-06T13:59:13 IST" duration-ms="1410" status="PASS">
          <reporter-output>
          </reporter-output>
        </test-method> <!-- Test_mamaearth_category_Body_BodyWash_launching -->
        <test-method signature="Test_mamaearth_category_Body_BodySoap_launching()[pri:28, instance:com.mamaearth.TestCase.TC_VerifyAllCategories@7e6f74c]" started-at="2023-04-06T13:59:13 IST" name="Test_mamaearth_category_Body_BodySoap_launching" finished-at="2023-04-06T13:59:15 IST" duration-ms="1578" status="PASS">
          <reporter-output>
          </reporter-output>
        </test-method> <!-- Test_mamaearth_category_Body_BodySoap_launching -->
        <test-method signature="Test_mamaearth_category_Makeup_launching()[pri:29, instance:com.mamaearth.TestCase.TC_VerifyAllCategories@7e6f74c]" started-at="2023-04-06T13:59:15 IST" name="Test_mamaearth_category_Makeup_launching" finished-at="2023-04-06T13:59:16 IST" duration-ms="1453" status="PASS">
          <reporter-output>
          </reporter-output>
        </test-method> <!-- Test_mamaearth_category_Makeup_launching -->
        <test-method signature="Test_mamaearth_category_Makeup_Lipsticks_launching()[pri:30, instance:com.mamaearth.TestCase.TC_VerifyAllCategories@7e6f74c]" started-at="2023-04-06T13:59:16 IST" name="Test_mamaearth_category_Makeup_Lipsticks_launching" finished-at="2023-04-06T13:59:18 IST" duration-ms="2040" status="PASS">
          <reporter-output>
          </reporter-output>
        </test-method> <!-- Test_mamaearth_category_Makeup_Lipsticks_launching -->
        <test-method signature="Test_mamaearth_category_Makeup_LipBalm_launching()[pri:31, instance:com.mamaearth.TestCase.TC_VerifyAllCategories@7e6f74c]" started-at="2023-04-06T13:59:19 IST" name="Test_mamaearth_category_Makeup_LipBalm_launching" finished-at="2023-04-06T13:59:20 IST" duration-ms="1481" status="PASS">
          <reporter-output>
          </reporter-output>
        </test-method> <!-- Test_mamaearth_category_Makeup_LipBalm_launching -->
        <test-method signature="Test_mamaearth_category_Makeup_Foundation_launching()[pri:32, instance:com.mamaearth.TestCase.TC_VerifyAllCategories@7e6f74c]" started-at="2023-04-06T13:59:20 IST" name="Test_mamaearth_category_Makeup_Foundation_launching" finished-at="2023-04-06T13:59:21 IST" duration-ms="1177" status="PASS">
          <reporter-output>
          </reporter-output>
        </test-method> <!-- Test_mamaearth_category_Makeup_Foundation_launching -->
        <test-method signature="Test_mamaearth_category_Makeup_Kajal_launching()[pri:33, instance:com.mamaearth.TestCase.TC_VerifyAllCategories@7e6f74c]" started-at="2023-04-06T13:59:21 IST" name="Test_mamaearth_category_Makeup_Kajal_launching" finished-at="2023-04-06T13:59:23 IST" duration-ms="1848" status="PASS">
          <reporter-output>
          </reporter-output>
        </test-method> <!-- Test_mamaearth_category_Makeup_Kajal_launching -->
        <test-method signature="Test_mamaearth_category_Makeup_Compact_launching()[pri:34, instance:com.mamaearth.TestCase.TC_VerifyAllCategories@7e6f74c]" started-at="2023-04-06T13:59:23 IST" name="Test_mamaearth_category_Makeup_Compact_launching" finished-at="2023-04-06T13:59:24 IST" duration-ms="1442" status="PASS">
          <reporter-output>
          </reporter-output>
        </test-method> <!-- Test_mamaearth_category_Makeup_Compact_launching -->
        <test-method signature="Test_mamaearth_category_Makeup_Concealer_launching()[pri:35, instance:com.mamaearth.TestCase.TC_VerifyAllCategories@7e6f74c]" started-at="2023-04-06T13:59:24 IST" name="Test_mamaearth_category_Makeup_Concealer_launching" finished-at="2023-04-06T13:59:26 IST" duration-ms="1903" status="PASS">
          <reporter-output>
          </reporter-output>
        </test-method> <!-- Test_mamaearth_category_Makeup_Concealer_launching -->
        <test-method signature="Test_mamaearth_category_Ingredient_launching()[pri:36, instance:com.mamaearth.TestCase.TC_VerifyAllCategories@7e6f74c]" started-at="2023-04-06T13:59:26 IST" name="Test_mamaearth_category_Ingredient_launching" finished-at="2023-04-06T13:59:28 IST" duration-ms="2120" status="PASS">
          <reporter-output>
          </reporter-output>
        </test-method> <!-- Test_mamaearth_category_Ingredient_launching -->
        <test-method signature="Test_mamaearth_category_Ingredient_Onion_launching()[pri:37, instance:com.mamaearth.TestCase.TC_VerifyAllCategories@7e6f74c]" started-at="2023-04-06T13:59:28 IST" name="Test_mamaearth_category_Ingredient_Onion_launching" finished-at="2023-04-06T13:59:31 IST" duration-ms="2112" status="PASS">
          <reporter-output>
          </reporter-output>
        </test-method> <!-- Test_mamaearth_category_Ingredient_Onion_launching -->
        <test-method signature="Test_mamaearth_category_Ingredient_Henna_launching()[pri:38, instance:com.mamaearth.TestCase.TC_VerifyAllCategories@7e6f74c]" started-at="2023-04-06T13:59:31 IST" name="Test_mamaearth_category_Ingredient_Henna_launching" finished-at="2023-04-06T13:59:32 IST" duration-ms="1805" status="PASS">
          <reporter-output>
          </reporter-output>
        </test-method> <!-- Test_mamaearth_category_Ingredient_Henna_launching -->
        <test-method signature="Test_mamaearth_category_Ingredient_Rice_launching()[pri:39, instance:com.mamaearth.TestCase.TC_VerifyAllCategories@7e6f74c]" started-at="2023-04-06T13:59:32 IST" name="Test_mamaearth_category_Ingredient_Rice_launching" finished-at="2023-04-06T13:59:34 IST" duration-ms="1910" status="PASS">
          <reporter-output>
          </reporter-output>
        </test-method> <!-- Test_mamaearth_category_Ingredient_Rice_launching -->
        <test-method signature="Test_mamaearth_category_Ingredient_Ubtan_launching()[pri:40, instance:com.mamaearth.TestCase.TC_VerifyAllCategories@7e6f74c]" started-at="2023-04-06T13:59:34 IST" name="Test_mamaearth_category_Ingredient_Ubtan_launching" finished-at="2023-04-06T13:59:37 IST" duration-ms="2274" status="PASS">
          <reporter-output>
          </reporter-output>
        </test-method> <!-- Test_mamaearth_category_Ingredient_Ubtan_launching -->
        <test-method signature="Test_mamaearth_category_Ingredient_VitaminC_launching()[pri:41, instance:com.mamaearth.TestCase.TC_VerifyAllCategories@7e6f74c]" started-at="2023-04-06T13:59:37 IST" name="Test_mamaearth_category_Ingredient_VitaminC_launching" finished-at="2023-04-06T13:59:38 IST" duration-ms="1815" status="PASS">
          <reporter-output>
          </reporter-output>
        </test-method> <!-- Test_mamaearth_category_Ingredient_VitaminC_launching -->
        <test-method signature="Test_mamaearth_category_Ingredient_GreenTea_launching()[pri:42, instance:com.mamaearth.TestCase.TC_VerifyAllCategories@7e6f74c]" started-at="2023-04-06T13:59:38 IST" name="Test_mamaearth_category_Ingredient_GreenTea_launching" finished-at="2023-04-06T13:59:41 IST" duration-ms="2481" status="PASS">
          <reporter-output>
          </reporter-output>
        </test-method> <!-- Test_mamaearth_category_Ingredient_GreenTea_launching -->
        <test-method signature="Test_mamaearth_category_Ingredient_TeaTree_launching()[pri:43, instance:com.mamaearth.TestCase.TC_VerifyAllCategories@7e6f74c]" started-at="2023-04-06T13:59:41 IST" name="Test_mamaearth_category_Ingredient_TeaTree_launching" finished-at="2023-04-06T13:59:44 IST" duration-ms="2939" status="PASS">
          <reporter-output>
          </reporter-output>
        </test-method> <!-- Test_mamaearth_category_Ingredient_TeaTree_launching -->
        <test-method signature="Test_mamaearth_category_Ingredient_Aqua_launching()[pri:44, instance:com.mamaearth.TestCase.TC_VerifyAllCategories@7e6f74c]" started-at="2023-04-06T13:59:44 IST" name="Test_mamaearth_category_Ingredient_Aqua_launching" finished-at="2023-04-06T13:59:46 IST" duration-ms="2213" status="PASS">
          <reporter-output>
          </reporter-output>
        </test-method> <!-- Test_mamaearth_category_Ingredient_Aqua_launching -->
        <test-method signature="Test_mamaearth_category_Ingredient_Bhringmla_launching()[pri:45, instance:com.mamaearth.TestCase.TC_VerifyAllCategories@7e6f74c]" started-at="2023-04-06T13:59:46 IST" name="Test_mamaearth_category_Ingredient_Bhringmla_launching" finished-at="2023-04-06T13:59:48 IST" duration-ms="2040" status="PASS">
          <reporter-output>
          </reporter-output>
        </test-method> <!-- Test_mamaearth_category_Ingredient_Bhringmla_launching -->
        <test-method signature="Test_mamaearth_category_Ingredient_Charcoal_launching()[pri:46, instance:com.mamaearth.TestCase.TC_VerifyAllCategories@7e6f74c]" started-at="2023-04-06T13:59:48 IST" name="Test_mamaearth_category_Ingredient_Charcoal_launching" finished-at="2023-04-06T13:59:50 IST" duration-ms="2359" status="PASS">
          <reporter-output>
          </reporter-output>
        </test-method> <!-- Test_mamaearth_category_Ingredient_Charcoal_launching -->
        <test-method signature="Test_mamaearth_category_Ingredient_Coco_launching()[pri:47, instance:com.mamaearth.TestCase.TC_VerifyAllCategories@7e6f74c]" started-at="2023-04-06T13:59:50 IST" name="Test_mamaearth_category_Ingredient_Coco_launching" finished-at="2023-04-06T13:59:53 IST" duration-ms="2109" status="PASS">
          <reporter-output>
          </reporter-output>
        </test-method> <!-- Test_mamaearth_category_Ingredient_Coco_launching -->
        <test-method signature="Test_mamaearth_category_Ingredient_Argan_launching()[pri:48, instance:com.mamaearth.TestCase.TC_VerifyAllCategories@7e6f74c]" started-at="2023-04-06T13:59:53 IST" name="Test_mamaearth_category_Ingredient_Argan_launching" finished-at="2023-04-06T13:59:55 IST" duration-ms="1964" status="PASS">
          <reporter-output>
          </reporter-output>
        </test-method> <!-- Test_mamaearth_category_Ingredient_Argan_launching -->
        <test-method signature="Test_mamaearth_category_Ingredient_AppleCiderVinegar_launching()[pri:49, instance:com.mamaearth.TestCase.TC_VerifyAllCategories@7e6f74c]" started-at="2023-04-06T13:59:55 IST" name="Test_mamaearth_category_Ingredient_AppleCiderVinegar_launching" finished-at="2023-04-06T13:59:56 IST" duration-ms="1367" status="PASS">
          <reporter-output>
          </reporter-output>
        </test-method> <!-- Test_mamaearth_category_Ingredient_AppleCiderVinegar_launching -->
        <test-method signature="Test_mamaearth_category_Ingredient_Retinol_launching()[pri:50, instance:com.mamaearth.TestCase.TC_VerifyAllCategories@7e6f74c]" started-at="2023-04-06T13:59:56 IST" name="Test_mamaearth_category_Ingredient_Retinol_launching" finished-at="2023-04-06T13:59:57 IST" duration-ms="1526" status="PASS">
          <reporter-output>
          </reporter-output>
        </test-method> <!-- Test_mamaearth_category_Ingredient_Retinol_launching -->
        <test-method signature="Test_mamaearth_category_Ingredient_HoneyMalai_launching()[pri:51, instance:com.mamaearth.TestCase.TC_VerifyAllCategories@7e6f74c]" started-at="2023-04-06T13:59:57 IST" name="Test_mamaearth_category_Ingredient_HoneyMalai_launching" finished-at="2023-04-06T13:59:59 IST" duration-ms="1308" status="PASS">
          <reporter-output>
          </reporter-output>
        </test-method> <!-- Test_mamaearth_category_Ingredient_HoneyMalai_launching -->
        <test-method signature="Test_mamaearth_category_Baby_launching()[pri:52, instance:com.mamaearth.TestCase.TC_VerifyAllCategories@7e6f74c]" started-at="2023-04-06T13:59:59 IST" name="Test_mamaearth_category_Baby_launching" finished-at="2023-04-06T14:00:00 IST" duration-ms="1547" status="PASS">
          <reporter-output>
          </reporter-output>
        </test-method> <!-- Test_mamaearth_category_Baby_launching -->
        <test-method signature="Test_mamaearth_category_Baby__BabyShampoo_launching()[pri:53, instance:com.mamaearth.TestCase.TC_VerifyAllCategories@7e6f74c]" started-at="2023-04-06T14:00:00 IST" name="Test_mamaearth_category_Baby__BabyShampoo_launching" finished-at="2023-04-06T14:00:02 IST" duration-ms="1245" status="PASS">
          <reporter-output>
          </reporter-output>
        </test-method> <!-- Test_mamaearth_category_Baby__BabyShampoo_launching -->
        <test-method signature="Test_mamaearth_category_Baby__BabyOralcare_launching()[pri:54, instance:com.mamaearth.TestCase.TC_VerifyAllCategories@7e6f74c]" started-at="2023-04-06T14:00:02 IST" name="Test_mamaearth_category_Baby__BabyOralcare_launching" finished-at="2023-04-06T14:00:06 IST" duration-ms="4679" status="PASS">
          <reporter-output>
          </reporter-output>
        </test-method> <!-- Test_mamaearth_category_Baby__BabyOralcare_launching -->
        <test-method signature="Test_mamaearth_category_Baby__BabyOil_launching()[pri:55, instance:com.mamaearth.TestCase.TC_VerifyAllCategories@7e6f74c]" started-at="2023-04-06T14:00:06 IST" name="Test_mamaearth_category_Baby__BabyOil_launching" finished-at="2023-04-06T14:00:08 IST" duration-ms="1798" status="PASS">
          <reporter-output>
          </reporter-output>
        </test-method> <!-- Test_mamaearth_category_Baby__BabyOil_launching -->
        <test-method signature="Test_mamaearth_category_Baby__BabySkin_launching()[pri:56, instance:com.mamaearth.TestCase.TC_VerifyAllCategories@7e6f74c]" started-at="2023-04-06T14:00:08 IST" name="Test_mamaearth_category_Baby__BabySkin_launching" finished-at="2023-04-06T14:00:10 IST" duration-ms="1598" status="PASS">
          <reporter-output>
          </reporter-output>
        </test-method> <!-- Test_mamaearth_category_Baby__BabySkin_launching -->
        <test-method signature="Test_mamaearth_category_Baby__BabyBath_launching()[pri:57, instance:com.mamaearth.TestCase.TC_VerifyAllCategories@7e6f74c]" started-at="2023-04-06T14:00:10 IST" name="Test_mamaearth_category_Baby__BabyBath_launching" finished-at="2023-04-06T14:00:12 IST" duration-ms="2034" status="PASS">
          <reporter-output>
          </reporter-output>
        </test-method> <!-- Test_mamaearth_category_Baby__BabyBath_launching -->
        <test-method signature="Test_mamaearth_category_Baby__BabyBodyLotion_launching()[pri:58, instance:com.mamaearth.TestCase.TC_VerifyAllCategories@7e6f74c]" started-at="2023-04-06T14:00:12 IST" name="Test_mamaearth_category_Baby__BabyBodyLotion_launching" finished-at="2023-04-06T14:00:13 IST" duration-ms="1834" status="PASS">
          <reporter-output>
          </reporter-output>
        </test-method> <!-- Test_mamaearth_category_Baby__BabyBodyLotion_launching -->
        <test-method is-config="true" signature="tearDown()[pri:0, instance:com.mamaearth.TestCase.TC_VerifyAllCategories@7e6f74c]" started-at="2023-04-06T14:00:13 IST" name="tearDown" finished-at="2023-04-06T14:00:14 IST" duration-ms="581" status="PASS">
          <reporter-output>
          </reporter-output>
        </test-method> <!-- tearDown -->
      </class> <!-- com.mamaearth.TestCase.TC_VerifyAllCategories -->
    </test> <!-- Category Test -->
    <test started-at="2023-04-06T14:00:14 IST" name="SearchAlgolia and Static Page Test" finished-at="2023-04-06T14:01:34 IST" duration-ms="79834">
      <class name="com.mamaearth.TestCase.TC_StaticPagesVerification">
        <test-method is-config="true" signature="setup()[pri:0, instance:com.mamaearth.TestCase.TC_StaticPagesVerification@544fa968]" started-at="2023-04-06T14:00:14 IST" name="setup" finished-at="2023-04-06T14:00:26 IST" duration-ms="12066" status="PASS">
          <reporter-output>
          </reporter-output>
        </test-method> <!-- setup -->
        <test-method signature="Test_mamaearth_PrivacyPolicy_Page()[pri:1, instance:com.mamaearth.TestCase.TC_StaticPagesVerification@544fa968]" started-at="2023-04-06T14:00:26 IST" name="Test_mamaearth_PrivacyPolicy_Page" finished-at="2023-04-06T14:00:29 IST" duration-ms="2419" status="PASS">
          <reporter-output>
          </reporter-output>
        </test-method> <!-- Test_mamaearth_PrivacyPolicy_Page -->
        <test-method is-config="true" signature="TearDown()[pri:0, instance:com.mamaearth.TestCase.TC_StaticPagesVerification@544fa968]" started-at="2023-04-06T14:00:29 IST" name="TearDown" finished-at="2023-04-06T14:00:29 IST" duration-ms="227" status="PASS">
          <reporter-output>
          </reporter-output>
        </test-method> <!-- TearDown -->
        <test-method is-config="true" signature="setup()[pri:0, instance:com.mamaearth.TestCase.TC_StaticPagesVerification@544fa968]" started-at="2023-04-06T14:00:29 IST" name="setup" finished-at="2023-04-06T14:00:37 IST" duration-ms="8386" status="PASS">
          <reporter-output>
          </reporter-output>
        </test-method> <!-- setup -->
        <test-method signature="Test_mamaearth_Returns_Page()[pri:2, instance:com.mamaearth.TestCase.TC_StaticPagesVerification@544fa968]" started-at="2023-04-06T14:00:37 IST" name="Test_mamaearth_Returns_Page" finished-at="2023-04-06T14:00:40 IST" duration-ms="2414" status="PASS">
          <reporter-output>
          </reporter-output>
        </test-method> <!-- Test_mamaearth_Returns_Page -->
        <test-method is-config="true" signature="TearDown()[pri:0, instance:com.mamaearth.TestCase.TC_StaticPagesVerification@544fa968]" started-at="2023-04-06T14:00:40 IST" name="TearDown" finished-at="2023-04-06T14:00:40 IST" duration-ms="207" status="PASS">
          <reporter-output>
          </reporter-output>
        </test-method> <!-- TearDown -->
        <test-method is-config="true" signature="setup()[pri:0, instance:com.mamaearth.TestCase.TC_StaticPagesVerification@544fa968]" started-at="2023-04-06T14:00:40 IST" name="setup" finished-at="2023-04-06T14:00:48 IST" duration-ms="8462" status="PASS">
          <reporter-output>
          </reporter-output>
        </test-method> <!-- setup -->
        <test-method signature="Test_mamaearth_TermsAndConditions_Page()[pri:3, instance:com.mamaearth.TestCase.TC_StaticPagesVerification@544fa968]" started-at="2023-04-06T14:00:48 IST" name="Test_mamaearth_TermsAndConditions_Page" finished-at="2023-04-06T14:00:50 IST" duration-ms="1673" status="PASS">
          <reporter-output>
          </reporter-output>
        </test-method> <!-- Test_mamaearth_TermsAndConditions_Page -->
        <test-method is-config="true" signature="TearDown()[pri:0, instance:com.mamaearth.TestCase.TC_StaticPagesVerification@544fa968]" started-at="2023-04-06T14:00:50 IST" name="TearDown" finished-at="2023-04-06T14:00:50 IST" duration-ms="198" status="PASS">
          <reporter-output>
          </reporter-output>
        </test-method> <!-- TearDown -->
        <test-method is-config="true" signature="setup()[pri:0, instance:com.mamaearth.TestCase.TC_StaticPagesVerification@544fa968]" started-at="2023-04-06T14:00:50 IST" name="setup" finished-at="2023-04-06T14:00:58 IST" duration-ms="7950" status="PASS">
          <reporter-output>
          </reporter-output>
        </test-method> <!-- setup -->
        <test-method signature="Test_mamaearth_TermsAndConditionsAndCashback_Page()[pri:4, instance:com.mamaearth.TestCase.TC_StaticPagesVerification@544fa968]" started-at="2023-04-06T14:00:58 IST" name="Test_mamaearth_TermsAndConditionsAndCashback_Page" finished-at="2023-04-06T14:01:00 IST" duration-ms="1518" status="PASS">
          <reporter-output>
          </reporter-output>
        </test-method> <!-- Test_mamaearth_TermsAndConditionsAndCashback_Page -->
        <test-method is-config="true" signature="TearDown()[pri:0, instance:com.mamaearth.TestCase.TC_StaticPagesVerification@544fa968]" started-at="2023-04-06T14:01:00 IST" name="TearDown" finished-at="2023-04-06T14:01:00 IST" duration-ms="206" status="PASS">
          <reporter-output>
          </reporter-output>
        </test-method> <!-- TearDown -->
        <test-method is-config="true" signature="setup()[pri:0, instance:com.mamaearth.TestCase.TC_StaticPagesVerification@544fa968]" started-at="2023-04-06T14:01:00 IST" name="setup" finished-at="2023-04-06T14:01:08 IST" duration-ms="7787" status="PASS">
          <reporter-output>
          </reporter-output>
        </test-method> <!-- setup -->
        <test-method signature="Test_mamaearth_FAQs_Page()[pri:5, instance:com.mamaearth.TestCase.TC_StaticPagesVerification@544fa968]" started-at="2023-04-06T14:01:08 IST" name="Test_mamaearth_FAQs_Page" finished-at="2023-04-06T14:01:10 IST" duration-ms="2423" status="PASS">
          <reporter-output>
          </reporter-output>
        </test-method> <!-- Test_mamaearth_FAQs_Page -->
        <test-method is-config="true" signature="TearDown()[pri:0, instance:com.mamaearth.TestCase.TC_StaticPagesVerification@544fa968]" started-at="2023-04-06T14:01:10 IST" name="TearDown" finished-at="2023-04-06T14:01:10 IST" duration-ms="177" status="PASS">
          <reporter-output>
          </reporter-output>
        </test-method> <!-- TearDown -->
        <test-method is-config="true" signature="setup()[pri:0, instance:com.mamaearth.TestCase.TC_StaticPagesVerification@544fa968]" started-at="2023-04-06T14:01:10 IST" name="setup" finished-at="2023-04-06T14:01:19 IST" duration-ms="8577" status="PASS">
          <reporter-output>
          </reporter-output>
        </test-method> <!-- setup -->
        <test-method signature="Test_mamaearth_WeAreSafe_Page()[pri:6, instance:com.mamaearth.TestCase.TC_StaticPagesVerification@544fa968]" started-at="2023-04-06T14:01:19 IST" name="Test_mamaearth_WeAreSafe_Page" finished-at="2023-04-06T14:01:21 IST" duration-ms="2362" status="PASS">
          <reporter-output>
          </reporter-output>
        </test-method> <!-- Test_mamaearth_WeAreSafe_Page -->
        <test-method is-config="true" signature="TearDown()[pri:0, instance:com.mamaearth.TestCase.TC_StaticPagesVerification@544fa968]" started-at="2023-04-06T14:01:21 IST" name="TearDown" finished-at="2023-04-06T14:01:21 IST" duration-ms="214" status="PASS">
          <reporter-output>
          </reporter-output>
        </test-method> <!-- TearDown -->
        <test-method is-config="true" signature="setup()[pri:0, instance:com.mamaearth.TestCase.TC_StaticPagesVerification@544fa968]" started-at="2023-04-06T14:01:21 IST" name="setup" finished-at="2023-04-06T14:01:31 IST" duration-ms="9408" status="PASS">
          <reporter-output>
          </reporter-output>
        </test-method> <!-- setup -->
        <test-method signature="Test_mamaearth_AboutUS_Page()[pri:7, instance:com.mamaearth.TestCase.TC_StaticPagesVerification@544fa968]" started-at="2023-04-06T14:01:31 IST" name="Test_mamaearth_AboutUS_Page" finished-at="2023-04-06T14:01:34 IST" duration-ms="2935" status="PASS">
          <reporter-output>
          </reporter-output>
        </test-method> <!-- Test_mamaearth_AboutUS_Page -->
        <test-method is-config="true" signature="TearDown()[pri:0, instance:com.mamaearth.TestCase.TC_StaticPagesVerification@544fa968]" started-at="2023-04-06T14:01:34 IST" name="TearDown" finished-at="2023-04-06T14:01:34 IST" duration-ms="214" status="PASS">
          <reporter-output>
          </reporter-output>
        </test-method> <!-- TearDown -->
      </class> <!-- com.mamaearth.TestCase.TC_StaticPagesVerification -->
    </test> <!-- SearchAlgolia and Static Page Test -->
    <test started-at="2023-04-06T14:01:34 IST" name="Cheackout Test" finished-at="2023-04-06T14:02:46 IST" duration-ms="71635">
      <class name="com.mamaearth.TestCase.TC_CheckcoutWithoutGI">
        <test-method is-config="true" signature="setup()[pri:0, instance:com.mamaearth.TestCase.TC_CheckcoutWithoutGI@247d8ae]" started-at="2023-04-06T14:01:35 IST" name="setup" finished-at="2023-04-06T14:01:44 IST" duration-ms="8575" status="PASS">
          <reporter-output>
          </reporter-output>
        </test-method> <!-- setup -->
        <test-method signature="Test_GuestUser_WithCoupon_withoutGI_COD(java.lang.String,java.lang.String,java.lang.String,java.lang.String,java.lang.String,java.lang.String)[pri:1, instance:com.mamaearth.TestCase.TC_CheckcoutWithoutGI@247d8ae]" started-at="2023-04-06T14:01:44 IST" name="Test_GuestUser_WithCoupon_withoutGI_COD" data-provider="fill_address_details" finished-at="2023-04-06T14:02:11 IST" duration-ms="27008" status="PASS">
          <params>
            <param index="0">
              <value>
                <![CDATA[udit]]>
              </value>
            </param>
            <param index="1">
              <value>
                <![CDATA[sharma]]>
              </value>
            </param>
            <param index="2">
              <value>
                <![CDATA[uudfjksdf125@gmail.com]]>
              </value>
            </param>
            <param index="3">
              <value>
                <![CDATA[9090989098]]>
              </value>
            </param>
            <param index="4">
              <value>
                <![CDATA[110031]]>
              </value>
            </param>
            <param index="5">
              <value>
                <![CDATA[B- 385/s, Street no.9]]>
              </value>
            </param>
          </params>
          <reporter-output>
          </reporter-output>
        </test-method> <!-- Test_GuestUser_WithCoupon_withoutGI_COD -->
        <test-method is-config="true" signature="teardown()[pri:0, instance:com.mamaearth.TestCase.TC_CheckcoutWithoutGI@247d8ae]" started-at="2023-04-06T14:02:11 IST" name="teardown" finished-at="2023-04-06T14:02:11 IST" duration-ms="210" status="PASS">
          <reporter-output>
          </reporter-output>
        </test-method> <!-- teardown -->
        <test-method is-config="true" signature="setup()[pri:0, instance:com.mamaearth.TestCase.TC_CheckcoutWithoutGI@247d8ae]" started-at="2023-04-06T14:02:11 IST" name="setup" finished-at="2023-04-06T14:02:19 IST" duration-ms="7739" status="PASS">
          <reporter-output>
          </reporter-output>
        </test-method> <!-- setup -->
        <test-method signature="Test_GuestUser_WithoutCoupon_withoutGI_COD(java.lang.String,java.lang.String,java.lang.String,java.lang.String,java.lang.String,java.lang.String)[pri:2, instance:com.mamaearth.TestCase.TC_CheckcoutWithoutGI@247d8ae]" started-at="2023-04-06T14:02:19 IST" name="Test_GuestUser_WithoutCoupon_withoutGI_COD" data-provider="fill_address_details" finished-at="2023-04-06T14:02:45 IST" duration-ms="26868" status="PASS">
          <params>
            <param index="0">
              <value>
                <![CDATA[udit]]>
              </value>
            </param>
            <param index="1">
              <value>
                <![CDATA[sharma]]>
              </value>
            </param>
            <param index="2">
              <value>
                <![CDATA[uudfjksdf125@gmail.com]]>
              </value>
            </param>
            <param index="3">
              <value>
                <![CDATA[9090989098]]>
              </value>
            </param>
            <param index="4">
              <value>
                <![CDATA[110031]]>
              </value>
            </param>
            <param index="5">
              <value>
                <![CDATA[B- 385/s, Street no.9]]>
              </value>
            </param>
          </params>
          <reporter-output>
          </reporter-output>
        </test-method> <!-- Test_GuestUser_WithoutCoupon_withoutGI_COD -->
        <test-method is-config="true" signature="teardown()[pri:0, instance:com.mamaearth.TestCase.TC_CheckcoutWithoutGI@247d8ae]" started-at="2023-04-06T14:02:45 IST" name="teardown" finished-at="2023-04-06T14:02:46 IST" duration-ms="205" status="PASS">
          <reporter-output>
          </reporter-output>
        </test-method> <!-- teardown -->
      </class> <!-- com.mamaearth.TestCase.TC_CheckcoutWithoutGI -->
    </test> <!-- Cheackout Test -->
  </suite> <!-- Suite -->
</testng-results>
