<?xml version="1.0" encoding="UTF-8"?>
<testng-results ignored="0" total="35" passed="35" failed="0" skipped="0">
  <reporter-output>
  </reporter-output>
  <suite started-at="2023-03-10T13:10:07 IST" name="Default suite" finished-at="2023-03-10T13:11:12 IST" duration-ms="64893">
    <groups>
    </groups>
    <test started-at="2023-03-10T13:10:07 IST" name="Default test" finished-at="2023-03-10T13:11:12 IST" duration-ms="64893">
      <class name="com.mamaearth.TestCase.TC_VerifyAllCategories">
        <test-method is-config="true" signature="setup()[pri:0, instance:com.mamaearth.TestCase.TC_VerifyAllCategories@4562e04d]" started-at="2023-03-10T13:10:07 IST" name="setup" finished-at="2023-03-10T13:10:16 IST" duration-ms="9655" status="PASS">
          <reporter-output>
          </reporter-output>
        </test-method> <!-- setup -->
        <test-method signature="Test_mamaearth_launching()[pri:1, instance:com.mamaearth.TestCase.TC_VerifyAllCategories@4562e04d]" started-at="2023-03-10T13:10:16 IST" name="Test_mamaearth_launching" finished-at="2023-03-10T13:10:16 IST" duration-ms="97" status="PASS">
          <reporter-output>
          </reporter-output>
        </test-method> <!-- Test_mamaearth_launching -->
        <test-method signature="Test_mamaearth_category_Beauty_launching()[pri:2, instance:com.mamaearth.TestCase.TC_VerifyAllCategories@4562e04d]" started-at="2023-03-10T13:10:16 IST" name="Test_mamaearth_category_Beauty_launching" finished-at="2023-03-10T13:10:20 IST" duration-ms="3762" status="PASS">
          <reporter-output>
          </reporter-output>
        </test-method> <!-- Test_mamaearth_category_Beauty_launching -->
        <test-method signature="Test_mamaearth_category_Beauty_Fragrance_launching()[pri:3, instance:com.mamaearth.TestCase.TC_VerifyAllCategories@4562e04d]" started-at="2023-03-10T13:10:20 IST" name="Test_mamaearth_category_Beauty_Fragrance_launching" finished-at="2023-03-10T13:10:22 IST" duration-ms="1678" status="PASS">
          <reporter-output>
          </reporter-output>
        </test-method> <!-- Test_mamaearth_category_Beauty_Fragrance_launching -->
        <test-method signature="Test_mamaearth_category_Beauty_FacialKits_launching()[pri:4, instance:com.mamaearth.TestCase.TC_VerifyAllCategories@4562e04d]" started-at="2023-03-10T13:10:22 IST" name="Test_mamaearth_category_Beauty_FacialKits_launching" finished-at="2023-03-10T13:10:25 IST" duration-ms="3292" status="PASS">
          <reporter-output>
          </reporter-output>
        </test-method> <!-- Test_mamaearth_category_Beauty_FacialKits_launching -->
        <test-method signature="Test_mamaearth_category_Hair_launching()[pri:5, instance:com.mamaearth.TestCase.TC_VerifyAllCategories@4562e04d]" started-at="2023-03-10T13:10:25 IST" name="Test_mamaearth_category_Hair_launching" finished-at="2023-03-10T13:10:27 IST" duration-ms="1379" status="PASS">
          <reporter-output>
          </reporter-output>
        </test-method> <!-- Test_mamaearth_category_Hair_launching -->
        <test-method signature="Test_mamaearth_category_Hair_Shampoo_launching()[pri:6, instance:com.mamaearth.TestCase.TC_VerifyAllCategories@4562e04d]" started-at="2023-03-10T13:10:27 IST" name="Test_mamaearth_category_Hair_Shampoo_launching" finished-at="2023-03-10T13:10:28 IST" duration-ms="1176" status="PASS">
          <reporter-output>
          </reporter-output>
        </test-method> <!-- Test_mamaearth_category_Hair_Shampoo_launching -->
        <test-method signature="Test_mamaearth_category_Hair_Conditioner_launching()[pri:7, instance:com.mamaearth.TestCase.TC_VerifyAllCategories@4562e04d]" started-at="2023-03-10T13:10:28 IST" name="Test_mamaearth_category_Hair_Conditioner_launching" finished-at="2023-03-10T13:10:29 IST" duration-ms="1001" status="PASS">
          <reporter-output>
          </reporter-output>
        </test-method> <!-- Test_mamaearth_category_Hair_Conditioner_launching -->
        <test-method signature="Test_mamaearth_category_Hair_HairOil_launching()[pri:8, instance:com.mamaearth.TestCase.TC_VerifyAllCategories@4562e04d]" started-at="2023-03-10T13:10:29 IST" name="Test_mamaearth_category_Hair_HairOil_launching" finished-at="2023-03-10T13:10:31 IST" duration-ms="1840" status="PASS">
          <reporter-output>
          </reporter-output>
        </test-method> <!-- Test_mamaearth_category_Hair_HairOil_launching -->
        <test-method signature="Test_mamaearth_category_Hair_HairMask_launching()[pri:9, instance:com.mamaearth.TestCase.TC_VerifyAllCategories@4562e04d]" started-at="2023-03-10T13:10:31 IST" name="Test_mamaearth_category_Hair_HairMask_launching" finished-at="2023-03-10T13:10:32 IST" duration-ms="1173" status="PASS">
          <reporter-output>
          </reporter-output>
        </test-method> <!-- Test_mamaearth_category_Hair_HairMask_launching -->
        <test-method signature="Test_mamaearth_category_Hair_HairSerum_launching()[pri:10, instance:com.mamaearth.TestCase.TC_VerifyAllCategories@4562e04d]" started-at="2023-03-10T13:10:32 IST" name="Test_mamaearth_category_Hair_HairSerum_launching" finished-at="2023-03-10T13:10:33 IST" duration-ms="1067" status="PASS">
          <reporter-output>
          </reporter-output>
        </test-method> <!-- Test_mamaearth_category_Hair_HairSerum_launching -->
        <test-method signature="Test_mamaearth_category_Hair_HairOilBooster_launching()[pri:11, instance:com.mamaearth.TestCase.TC_VerifyAllCategories@4562e04d]" started-at="2023-03-10T13:10:33 IST" name="Test_mamaearth_category_Hair_HairOilBooster_launching" finished-at="2023-03-10T13:10:34 IST" duration-ms="981" status="PASS">
          <reporter-output>
          </reporter-output>
        </test-method> <!-- Test_mamaearth_category_Hair_HairOilBooster_launching -->
        <test-method signature="Test_mamaearth_category_Face_launching()[pri:12, instance:com.mamaearth.TestCase.TC_VerifyAllCategories@4562e04d]" started-at="2023-03-10T13:10:34 IST" name="Test_mamaearth_category_Face_launching" finished-at="2023-03-10T13:10:36 IST" duration-ms="1816" status="PASS">
          <reporter-output>
          </reporter-output>
        </test-method> <!-- Test_mamaearth_category_Face_launching -->
        <test-method signature="Test_mamaearth_category_Face_FaceWash_launching()[pri:13, instance:com.mamaearth.TestCase.TC_VerifyAllCategories@4562e04d]" started-at="2023-03-10T13:10:36 IST" name="Test_mamaearth_category_Face_FaceWash_launching" finished-at="2023-03-10T13:10:38 IST" duration-ms="2364" status="PASS">
          <reporter-output>
          </reporter-output>
        </test-method> <!-- Test_mamaearth_category_Face_FaceWash_launching -->
        <test-method signature="Test_mamaearth_category_Face_FaceMask_launching()[pri:14, instance:com.mamaearth.TestCase.TC_VerifyAllCategories@4562e04d]" started-at="2023-03-10T13:10:38 IST" name="Test_mamaearth_category_Face_FaceMask_launching" finished-at="2023-03-10T13:10:40 IST" duration-ms="2123" status="PASS">
          <reporter-output>
          </reporter-output>
        </test-method> <!-- Test_mamaearth_category_Face_FaceMask_launching -->
        <test-method signature="Test_mamaearth_category_Face_FaceCream_launching()[pri:15, instance:com.mamaearth.TestCase.TC_VerifyAllCategories@4562e04d]" started-at="2023-03-10T13:10:40 IST" name="Test_mamaearth_category_Face_FaceCream_launching" finished-at="2023-03-10T13:10:42 IST" duration-ms="1848" status="PASS">
          <reporter-output>
          </reporter-output>
        </test-method> <!-- Test_mamaearth_category_Face_FaceCream_launching -->
        <test-method signature="Test_mamaearth_category_Face_FaceSerum_launching()[pri:16, instance:com.mamaearth.TestCase.TC_VerifyAllCategories@4562e04d]" started-at="2023-03-10T13:10:42 IST" name="Test_mamaearth_category_Face_FaceSerum_launching" finished-at="2023-03-10T13:10:43 IST" duration-ms="1230" status="PASS">
          <reporter-output>
          </reporter-output>
        </test-method> <!-- Test_mamaearth_category_Face_FaceSerum_launching -->
        <test-method signature="Test_mamaearth_category_Face_FaceScrub_launching()[pri:17, instance:com.mamaearth.TestCase.TC_VerifyAllCategories@4562e04d]" started-at="2023-03-10T13:10:43 IST" name="Test_mamaearth_category_Face_FaceScrub_launching" finished-at="2023-03-10T13:10:44 IST" duration-ms="1275" status="PASS">
          <reporter-output>
          </reporter-output>
        </test-method> <!-- Test_mamaearth_category_Face_FaceScrub_launching -->
        <test-method signature="Test_mamaearth_category_Face_FaceToner_launching()[pri:18, instance:com.mamaearth.TestCase.TC_VerifyAllCategories@4562e04d]" started-at="2023-03-10T13:10:44 IST" name="Test_mamaearth_category_Face_FaceToner_launching" finished-at="2023-03-10T13:10:46 IST" duration-ms="1125" status="PASS">
          <reporter-output>
          </reporter-output>
        </test-method> <!-- Test_mamaearth_category_Face_FaceToner_launching -->
        <test-method signature="Test_mamaearth_category_Face_FaceGel_launching()[pri:19, instance:com.mamaearth.TestCase.TC_VerifyAllCategories@4562e04d]" started-at="2023-03-10T13:10:46 IST" name="Test_mamaearth_category_Face_FaceGel_launching" finished-at="2023-03-10T13:10:47 IST" duration-ms="1068" status="PASS">
          <reporter-output>
          </reporter-output>
        </test-method> <!-- Test_mamaearth_category_Face_FaceGel_launching -->
        <test-method signature="Test_mamaearth_category_Face_FaceSheetMask_launching()[pri:20, instance:com.mamaearth.TestCase.TC_VerifyAllCategories@4562e04d]" started-at="2023-03-10T13:10:47 IST" name="Test_mamaearth_category_Face_FaceSheetMask_launching" finished-at="2023-03-10T13:10:49 IST" duration-ms="2641" status="PASS">
          <reporter-output>
          </reporter-output>
        </test-method> <!-- Test_mamaearth_category_Face_FaceSheetMask_launching -->
        <test-method signature="Test_mamaearth_category_Face_FaceMoisturizer_launching()[pri:21, instance:com.mamaearth.TestCase.TC_VerifyAllCategories@4562e04d]" started-at="2023-03-10T13:10:49 IST" name="Test_mamaearth_category_Face_FaceMoisturizer_launching" finished-at="2023-03-10T13:10:51 IST" duration-ms="1262" status="PASS">
          <reporter-output>
          </reporter-output>
        </test-method> <!-- Test_mamaearth_category_Face_FaceMoisturizer_launching -->
        <test-method signature="Test_mamaearth_category_Body_launching()[pri:22, instance:com.mamaearth.TestCase.TC_VerifyAllCategories@4562e04d]" started-at="2023-03-10T13:10:51 IST" name="Test_mamaearth_category_Body_launching" finished-at="2023-03-10T13:10:52 IST" duration-ms="1380" status="PASS">
          <reporter-output>
          </reporter-output>
        </test-method> <!-- Test_mamaearth_category_Body_launching -->
        <test-method signature="Test_mamaearth_category_Body_BodyLotion_launching()[pri:23, instance:com.mamaearth.TestCase.TC_VerifyAllCategories@4562e04d]" started-at="2023-03-10T13:10:52 IST" name="Test_mamaearth_category_Body_BodyLotion_launching" finished-at="2023-03-10T13:10:53 IST" duration-ms="1494" status="PASS">
          <reporter-output>
          </reporter-output>
        </test-method> <!-- Test_mamaearth_category_Body_BodyLotion_launching -->
        <test-method signature="Test_mamaearth_category_Body_UnderarmCream_launching()[pri:24, instance:com.mamaearth.TestCase.TC_VerifyAllCategories@4562e04d]" started-at="2023-03-10T13:10:53 IST" name="Test_mamaearth_category_Body_UnderarmCream_launching" finished-at="2023-03-10T13:10:54 IST" duration-ms="896" status="PASS">
          <reporter-output>
          </reporter-output>
        </test-method> <!-- Test_mamaearth_category_Body_UnderarmCream_launching -->
        <test-method signature="Test_mamaearth_category_Body_BodyScrub_launching()[pri:25, instance:com.mamaearth.TestCase.TC_VerifyAllCategories@4562e04d]" started-at="2023-03-10T13:10:54 IST" name="Test_mamaearth_category_Body_BodyScrub_launching" finished-at="2023-03-10T13:10:56 IST" duration-ms="1453" status="PASS">
          <reporter-output>
          </reporter-output>
        </test-method> <!-- Test_mamaearth_category_Body_BodyScrub_launching -->
        <test-method signature="Test_mamaearth_category_Body_HandCream_launching()[pri:26, instance:com.mamaearth.TestCase.TC_VerifyAllCategories@4562e04d]" started-at="2023-03-10T13:10:56 IST" name="Test_mamaearth_category_Body_HandCream_launching" finished-at="2023-03-10T13:10:57 IST" duration-ms="868" status="PASS">
          <reporter-output>
          </reporter-output>
        </test-method> <!-- Test_mamaearth_category_Body_HandCream_launching -->
        <test-method signature="Test_mamaearth_category_Body_BodyWash_launching()[pri:27, instance:com.mamaearth.TestCase.TC_VerifyAllCategories@4562e04d]" started-at="2023-03-10T13:10:57 IST" name="Test_mamaearth_category_Body_BodyWash_launching" finished-at="2023-03-10T13:10:58 IST" duration-ms="953" status="PASS">
          <reporter-output>
          </reporter-output>
        </test-method> <!-- Test_mamaearth_category_Body_BodyWash_launching -->
        <test-method signature="Test_mamaearth_category_Body_BodySoap_launching()[pri:28, instance:com.mamaearth.TestCase.TC_VerifyAllCategories@4562e04d]" started-at="2023-03-10T13:10:58 IST" name="Test_mamaearth_category_Body_BodySoap_launching" finished-at="2023-03-10T13:10:59 IST" duration-ms="1366" status="PASS">
          <reporter-output>
          </reporter-output>
        </test-method> <!-- Test_mamaearth_category_Body_BodySoap_launching -->
        <test-method signature="Test_mamaearth_category_Makeup_launching()[pri:29, instance:com.mamaearth.TestCase.TC_VerifyAllCategories@4562e04d]" started-at="2023-03-10T13:10:59 IST" name="Test_mamaearth_category_Makeup_launching" finished-at="2023-03-10T13:11:03 IST" duration-ms="4166" status="PASS">
          <reporter-output>
          </reporter-output>
        </test-method> <!-- Test_mamaearth_category_Makeup_launching -->
        <test-method signature="Test_mamaearth_category_Makeup_Lipsticks_launching()[pri:30, instance:com.mamaearth.TestCase.TC_VerifyAllCategories@4562e04d]" started-at="2023-03-10T13:11:03 IST" name="Test_mamaearth_category_Makeup_Lipsticks_launching" finished-at="2023-03-10T13:11:05 IST" duration-ms="2223" status="PASS">
          <reporter-output>
          </reporter-output>
        </test-method> <!-- Test_mamaearth_category_Makeup_Lipsticks_launching -->
        <test-method signature="Test_mamaearth_category_Makeup_LipBalm_launching()[pri:31, instance:com.mamaearth.TestCase.TC_VerifyAllCategories@4562e04d]" started-at="2023-03-10T13:11:05 IST" name="Test_mamaearth_category_Makeup_LipBalm_launching" finished-at="2023-03-10T13:11:06 IST" duration-ms="1044" status="PASS">
          <reporter-output>
          </reporter-output>
        </test-method> <!-- Test_mamaearth_category_Makeup_LipBalm_launching -->
        <test-method signature="Test_mamaearth_category_Makeup_Foundation_launching()[pri:32, instance:com.mamaearth.TestCase.TC_VerifyAllCategories@4562e04d]" started-at="2023-03-10T13:11:06 IST" name="Test_mamaearth_category_Makeup_Foundation_launching" finished-at="2023-03-10T13:11:07 IST" duration-ms="962" status="PASS">
          <reporter-output>
          </reporter-output>
        </test-method> <!-- Test_mamaearth_category_Makeup_Foundation_launching -->
        <test-method signature="Test_mamaearth_category_Makeup_Kajal_launching()[pri:33, instance:com.mamaearth.TestCase.TC_VerifyAllCategories@4562e04d]" started-at="2023-03-10T13:11:07 IST" name="Test_mamaearth_category_Makeup_Kajal_launching" finished-at="2023-03-10T13:11:08 IST" duration-ms="924" status="PASS">
          <reporter-output>
          </reporter-output>
        </test-method> <!-- Test_mamaearth_category_Makeup_Kajal_launching -->
        <test-method signature="Test_mamaearth_category_Makeup_Compact_launching()[pri:34, instance:com.mamaearth.TestCase.TC_VerifyAllCategories@4562e04d]" started-at="2023-03-10T13:11:08 IST" name="Test_mamaearth_category_Makeup_Compact_launching" finished-at="2023-03-10T13:11:09 IST" duration-ms="944" status="PASS">
          <reporter-output>
          </reporter-output>
        </test-method> <!-- Test_mamaearth_category_Makeup_Compact_launching -->
        <test-method signature="Test_mamaearth_category_Makeup_Concealer_launching()[pri:35, instance:com.mamaearth.TestCase.TC_VerifyAllCategories@4562e04d]" started-at="2023-03-10T13:11:09 IST" name="Test_mamaearth_category_Makeup_Concealer_launching" finished-at="2023-03-10T13:11:11 IST" duration-ms="1920" status="PASS">
          <reporter-output>
          </reporter-output>
        </test-method> <!-- Test_mamaearth_category_Makeup_Concealer_launching -->
        <test-method is-config="true" signature="tearDown()[pri:0, instance:com.mamaearth.TestCase.TC_VerifyAllCategories@4562e04d]" started-at="2023-03-10T13:11:11 IST" name="tearDown" finished-at="2023-03-10T13:11:12 IST" duration-ms="374" status="PASS">
          <reporter-output>
          </reporter-output>
        </test-method> <!-- tearDown -->
      </class> <!-- com.mamaearth.TestCase.TC_VerifyAllCategories -->
    </test> <!-- Default test -->
  </suite> <!-- Default suite -->
</testng-results>
