<?xml version="1.0" encoding="UTF-8"?>
<testng-results ignored="1" total="2" passed="1" failed="0" skipped="0">
  <reporter-output>
  </reporter-output>
  <suite started-at="2023-04-05T14:41:10 IST" name="Default suite" finished-at="2023-04-05T14:41:47 IST" duration-ms="37228">
    <groups>
    </groups>
    <test started-at="2023-04-05T14:41:10 IST" name="Default test" finished-at="2023-04-05T14:41:47 IST" duration-ms="37228">
      <class name="com.mamaearth.TestCase.TC_CheckcoutWithoutGI">
        <test-method is-config="true" signature="setup()[pri:0, instance:com.mamaearth.TestCase.TC_CheckcoutWithoutGI@60015ef5]" started-at="2023-04-05T14:41:11 IST" name="setup" finished-at="2023-04-05T14:41:22 IST" duration-ms="10683" status="PASS">
          <reporter-output>
          </reporter-output>
        </test-method> <!-- setup -->
        <test-method signature="Test_GuestUser_WithoutCoupon_withoutGI_COD(java.lang.String,java.lang.String,java.lang.String,java.lang.String,java.lang.String,java.lang.String)[pri:2, instance:com.mamaearth.TestCase.TC_CheckcoutWithoutGI@60015ef5]" started-at="2023-04-05T14:41:22 IST" name="Test_GuestUser_WithoutCoupon_withoutGI_COD" data-provider="fill_address_details" finished-at="2023-04-05T14:41:47 IST" duration-ms="25394" status="PASS">
          <params>
            <param index="0">
              <value>
                <![CDATA[udit]]>
              </value>
            </param>
            <param index="1">
              <value>
                <![CDATA[sharma]]>
              </value>
            </param>
            <param index="2">
              <value>
                <![CDATA[uudfjksdf125@gmail.com]]>
              </value>
            </param>
            <param index="3">
              <value>
                <![CDATA[9090989098]]>
              </value>
            </param>
            <param index="4">
              <value>
                <![CDATA[110031]]>
              </value>
            </param>
            <param index="5">
              <value>
                <![CDATA[B- 385/s, Street no.9]]>
              </value>
            </param>
          </params>
          <reporter-output>
          </reporter-output>
        </test-method> <!-- Test_GuestUser_WithoutCoupon_withoutGI_COD -->
        <test-method is-config="true" signature="teardown()[pri:0, instance:com.mamaearth.TestCase.TC_CheckcoutWithoutGI@60015ef5]" started-at="2023-04-05T14:41:47 IST" name="teardown" finished-at="2023-04-05T14:41:47 IST" duration-ms="327" status="PASS">
          <reporter-output>
          </reporter-output>
        </test-method> <!-- teardown -->
      </class> <!-- com.mamaearth.TestCase.TC_CheckcoutWithoutGI -->
    </test> <!-- Default test -->
  </suite> <!-- Default suite -->
</testng-results>
