<?xml version="1.0" encoding="UTF-8"?>
<testng-results ignored="0" total="17" passed="16" failed="1" skipped="0">
  <reporter-output>
  </reporter-output>
  <suite started-at="2023-02-07T16:22:52 IST" name="Default suite" finished-at="2023-02-07T16:23:38 IST" duration-ms="45396">
    <groups>
    </groups>
    <test started-at="2023-02-07T16:22:52 IST" name="Default test" finished-at="2023-02-07T16:23:38 IST" duration-ms="45396">
      <class name="com.mamaearth.TestCase.TC_VerifyAllCategories">
        <test-method is-config="true" signature="setup()[pri:0, instance:com.mamaearth.TestCase.TC_VerifyAllCategories@f6efaab]" started-at="2023-02-07T16:22:52 IST" name="setup" finished-at="2023-02-07T16:23:02 IST" duration-ms="9859" status="PASS">
          <reporter-output>
          </reporter-output>
        </test-method> <!-- setup -->
        <test-method signature="Test_mamaearth_launching()[pri:-10, instance:com.mamaearth.TestCase.TC_VerifyAllCategories@f6efaab]" started-at="2023-02-07T16:23:02 IST" name="Test_mamaearth_launching" finished-at="2023-02-07T16:23:02 IST" duration-ms="52" status="PASS">
          <reporter-output>
          </reporter-output>
        </test-method> <!-- Test_mamaearth_launching -->
        <test-method signature="Test_mamaearth_category_Beauty_launching()[pri:-3, instance:com.mamaearth.TestCase.TC_VerifyAllCategories@f6efaab]" started-at="2023-02-07T16:23:02 IST" name="Test_mamaearth_category_Beauty_launching" finished-at="2023-02-07T16:23:06 IST" duration-ms="4216" status="PASS">
          <reporter-output>
          </reporter-output>
        </test-method> <!-- Test_mamaearth_category_Beauty_launching -->
        <test-method signature="Test_mamaearth_category_Fragrance_launching()[pri:0, instance:com.mamaearth.TestCase.TC_VerifyAllCategories@f6efaab]" started-at="2023-02-07T16:23:06 IST" name="Test_mamaearth_category_Fragrance_launching" finished-at="2023-02-07T16:23:08 IST" duration-ms="1959" status="PASS">
          <reporter-output>
          </reporter-output>
        </test-method> <!-- Test_mamaearth_category_Fragrance_launching -->
        <test-method signature="Test_mamaearth_category_FacialKits_launching()[pri:1, instance:com.mamaearth.TestCase.TC_VerifyAllCategories@f6efaab]" started-at="2023-02-07T16:23:08 IST" name="Test_mamaearth_category_FacialKits_launching" finished-at="2023-02-07T16:23:12 IST" duration-ms="3271" status="PASS">
          <reporter-output>
          </reporter-output>
        </test-method> <!-- Test_mamaearth_category_FacialKits_launching -->
        <test-method signature="Test_mamaearth_category_Hair_launching()[pri:2, instance:com.mamaearth.TestCase.TC_VerifyAllCategories@f6efaab]" started-at="2023-02-07T16:23:12 IST" name="Test_mamaearth_category_Hair_launching" finished-at="2023-02-07T16:23:13 IST" duration-ms="1594" status="PASS">
          <reporter-output>
          </reporter-output>
        </test-method> <!-- Test_mamaearth_category_Hair_launching -->
        <test-method signature="Test_mamaearth_category_Shampoo_launching()[pri:3, instance:com.mamaearth.TestCase.TC_VerifyAllCategories@f6efaab]" started-at="2023-02-07T16:23:13 IST" name="Test_mamaearth_category_Shampoo_launching" finished-at="2023-02-07T16:23:14 IST" duration-ms="1293" status="PASS">
          <reporter-output>
          </reporter-output>
        </test-method> <!-- Test_mamaearth_category_Shampoo_launching -->
        <test-method signature="Test_mamaearth_category_Face_launching()[pri:4, instance:com.mamaearth.TestCase.TC_VerifyAllCategories@f6efaab]" started-at="2023-02-07T16:23:14 IST" name="Test_mamaearth_category_Face_launching" finished-at="2023-02-07T16:23:17 IST" duration-ms="2290" status="PASS">
          <reporter-output>
          </reporter-output>
        </test-method> <!-- Test_mamaearth_category_Face_launching -->
        <test-method signature="Test_mamaearth_category_Body_launching()[pri:5, instance:com.mamaearth.TestCase.TC_VerifyAllCategories@f6efaab]" started-at="2023-02-07T16:23:17 IST" name="Test_mamaearth_category_Body_launching" finished-at="2023-02-07T16:23:18 IST" duration-ms="1488" status="PASS">
          <reporter-output>
          </reporter-output>
        </test-method> <!-- Test_mamaearth_category_Body_launching -->
        <test-method signature="Test_mamaearth_category_Makeup_launching()[pri:6, instance:com.mamaearth.TestCase.TC_VerifyAllCategories@f6efaab]" started-at="2023-02-07T16:23:18 IST" name="Test_mamaearth_category_Makeup_launching" finished-at="2023-02-07T16:23:20 IST" duration-ms="1356" status="PASS">
          <reporter-output>
          </reporter-output>
        </test-method> <!-- Test_mamaearth_category_Makeup_launching -->
        <test-method signature="Test_mamaearth_category_Ingredient_launching()[pri:7, instance:com.mamaearth.TestCase.TC_VerifyAllCategories@f6efaab]" started-at="2023-02-07T16:23:20 IST" name="Test_mamaearth_category_Ingredient_launching" finished-at="2023-02-07T16:23:21 IST" duration-ms="1401" status="PASS">
          <reporter-output>
          </reporter-output>
        </test-method> <!-- Test_mamaearth_category_Ingredient_launching -->
        <test-method signature="Test_mamaearth_category_Baby_launching()[pri:8, instance:com.mamaearth.TestCase.TC_VerifyAllCategories@f6efaab]" started-at="2023-02-07T16:23:21 IST" name="Test_mamaearth_category_Baby_launching" finished-at="2023-02-07T16:23:22 IST" duration-ms="1279" status="PASS">
          <reporter-output>
          </reporter-output>
        </test-method> <!-- Test_mamaearth_category_Baby_launching -->
        <test-method signature="Test_mamaearth_category_GiftPacks_launching()[pri:9, instance:com.mamaearth.TestCase.TC_VerifyAllCategories@f6efaab]" started-at="2023-02-07T16:23:22 IST" name="Test_mamaearth_category_GiftPacks_launching" finished-at="2023-02-07T16:23:24 IST" duration-ms="1308" status="PASS">
          <reporter-output>
          </reporter-output>
        </test-method> <!-- Test_mamaearth_category_GiftPacks_launching -->
        <test-method signature="Test_mamaearth_category_AllProducts_launching()[pri:10, instance:com.mamaearth.TestCase.TC_VerifyAllCategories@f6efaab]" started-at="2023-02-07T16:23:24 IST" name="Test_mamaearth_category_AllProducts_launching" finished-at="2023-02-07T16:23:24 IST" duration-ms="720" status="PASS">
          <reporter-output>
          </reporter-output>
        </test-method> <!-- Test_mamaearth_category_AllProducts_launching -->
        <test-method signature="Test_mamaearth_category_Blog_launching()[pri:11, instance:com.mamaearth.TestCase.TC_VerifyAllCategories@f6efaab]" started-at="2023-02-07T16:23:24 IST" name="Test_mamaearth_category_Blog_launching" finished-at="2023-02-07T16:23:30 IST" duration-ms="5184" status="PASS">
          <reporter-output>
          </reporter-output>
        </test-method> <!-- Test_mamaearth_category_Blog_launching -->
        <test-method signature="Test_mamaearth_category_PlantGoodness_launching()[pri:12, instance:com.mamaearth.TestCase.TC_VerifyAllCategories@f6efaab]" started-at="2023-02-07T16:23:30 IST" name="Test_mamaearth_category_PlantGoodness_launching" finished-at="2023-02-07T16:23:32 IST" duration-ms="2080" status="PASS">
          <reporter-output>
          </reporter-output>
        </test-method> <!-- Test_mamaearth_category_PlantGoodness_launching -->
        <test-method signature="Test_mamaearth_category_StoreLocator_launching()[pri:13, instance:com.mamaearth.TestCase.TC_VerifyAllCategories@f6efaab]" started-at="2023-02-07T16:23:32 IST" name="Test_mamaearth_category_StoreLocator_launching" finished-at="2023-02-07T16:23:36 IST" duration-ms="4500" status="PASS">
          <reporter-output>
          </reporter-output>
        </test-method> <!-- Test_mamaearth_category_StoreLocator_launching -->
        <test-method signature="Test_mamaearth_GoodnessInsider_launching()[pri:14, instance:com.mamaearth.TestCase.TC_VerifyAllCategories@f6efaab]" started-at="2023-02-07T16:23:36 IST" name="Test_mamaearth_GoodnessInsider_launching" finished-at="2023-02-07T16:23:37 IST" duration-ms="1109" status="FAIL">
          <exception class="org.openqa.selenium.ElementClickInterceptedException">
            <message>
              <![CDATA[element click intercepted: Element <img loading="lazy" class="gif" src="https://images.mamaearth.in/vip-desktop-join.gif" height="60px"> is not clickable at point (1051, 65). Other element would receive the click: <div class="wzrk-overlay"></div>
  (Session info: chrome=109.0.5414.119)
Build info: version: '4.5.0', revision: 'fe167b119a'
System info: os.name: 'Mac OS X', os.arch: 'x86_64', os.version: '11.5.1', java.version: '18.0.1.1'
Driver info: org.openqa.selenium.chrome.ChromeDriver
Command: [5254a4947b5096e9500ae8204a48e142, clickElement {id=8f683727-58ce-40d0-ba0f-3ce6804d91f4}]
Capabilities {acceptInsecureCerts: false, browserName: chrome, browserVersion: 109.0.5414.119, chrome: {chromedriverVersion: 108.0.5359.71 (1e0e3868ee06..., userDataDir: /var/folders/vc/xx8_9t4d2c9...}, goog:chromeOptions: {debuggerAddress: localhost:50888}, networkConnectionEnabled: false, pageLoadStrategy: normal, platformName: MAC, proxy: Proxy(), se:cdp: ws://localhost:50888/devtoo..., se:cdpVersion: 109.0.5414.119, setWindowRect: true, strictFileInteractability: false, timeouts: {implicit: 0, pageLoad: 300000, script: 30000}, unhandledPromptBehavior: dismiss and notify, webauthn:extension:credBlob: true, webauthn:extension:largeBlob: true, webauthn:virtualAuthenticators: true}
Element: [[ChromeDriver: chrome on MAC (5254a4947b5096e9500ae8204a48e142)] -> xpath: //div[@class='ShortSearchBar']//following-sibling::img]
Session ID: 5254a4947b5096e9500ae8204a48e142]]>
            </message>
            <full-stacktrace>
              <![CDATA[org.openqa.selenium.ElementClickInterceptedException: element click intercepted: Element <img loading="lazy" class="gif" src="https://images.mamaearth.in/vip-desktop-join.gif" height="60px"> is not clickable at point (1051, 65). Other element would receive the click: <div class="wzrk-overlay"></div>
  (Session info: chrome=109.0.5414.119)
Build info: version: '4.5.0', revision: 'fe167b119a'
System info: os.name: 'Mac OS X', os.arch: 'x86_64', os.version: '11.5.1', java.version: '18.0.1.1'
Driver info: org.openqa.selenium.chrome.ChromeDriver
Command: [5254a4947b5096e9500ae8204a48e142, clickElement {id=8f683727-58ce-40d0-ba0f-3ce6804d91f4}]
Capabilities {acceptInsecureCerts: false, browserName: chrome, browserVersion: 109.0.5414.119, chrome: {chromedriverVersion: 108.0.5359.71 (1e0e3868ee06..., userDataDir: /var/folders/vc/xx8_9t4d2c9...}, goog:chromeOptions: {debuggerAddress: localhost:50888}, networkConnectionEnabled: false, pageLoadStrategy: normal, platformName: MAC, proxy: Proxy(), se:cdp: ws://localhost:50888/devtoo..., se:cdpVersion: 109.0.5414.119, setWindowRect: true, strictFileInteractability: false, timeouts: {implicit: 0, pageLoad: 300000, script: 30000}, unhandledPromptBehavior: dismiss and notify, webauthn:extension:credBlob: true, webauthn:extension:largeBlob: true, webauthn:virtualAuthenticators: true}
Element: [[ChromeDriver: chrome on MAC (5254a4947b5096e9500ae8204a48e142)] -> xpath: //div[@class='ShortSearchBar']//following-sibling::img]
Session ID: 5254a4947b5096e9500ae8204a48e142
at java.base/jdk.internal.reflect.DirectConstructorHandleAccessor.newInstance(DirectConstructorHandleAccessor.java:67)
at java.base/java.lang.reflect.Constructor.newInstanceWithCaller(Constructor.java:499)
at java.base/java.lang.reflect.Constructor.newInstance(Constructor.java:483)
at org.openqa.selenium.remote.codec.w3c.W3CHttpResponseCodec.createException(W3CHttpResponseCodec.java:200)
at org.openqa.selenium.remote.codec.w3c.W3CHttpResponseCodec.decode(W3CHttpResponseCodec.java:133)
at org.openqa.selenium.remote.codec.w3c.W3CHttpResponseCodec.decode(W3CHttpResponseCodec.java:53)
at org.openqa.selenium.remote.HttpCommandExecutor.execute(HttpCommandExecutor.java:184)
at org.openqa.selenium.remote.service.DriverCommandExecutor.invokeExecute(DriverCommandExecutor.java:167)
at org.openqa.selenium.remote.service.DriverCommandExecutor.execute(DriverCommandExecutor.java:142)
at org.openqa.selenium.remote.RemoteWebDriver.execute(RemoteWebDriver.java:547)
at org.openqa.selenium.remote.RemoteWebElement.execute(RemoteWebElement.java:257)
at org.openqa.selenium.remote.RemoteWebElement.click(RemoteWebElement.java:78)
at java.base/jdk.internal.reflect.DirectMethodHandleAccessor.invoke(DirectMethodHandleAccessor.java:104)
at java.base/java.lang.reflect.Method.invoke(Method.java:577)
at org.openqa.selenium.support.pagefactory.internal.LocatingElementHandler.invoke(LocatingElementHandler.java:52)
at jdk.proxy2/jdk.proxy2.$Proxy16.click(Unknown Source)
at com.mamaearth.PageObject.mamaearth_Category_StoreLocator.click_on_GoodnessInsider_cateogry(mamaearth_Category_StoreLocator.java:59)
at com.mamaearth.TestCase.TC_VerifyAllCategories.Test_mamaearth_GoodnessInsider_launching(TC_VerifyAllCategories.java:181)
at java.base/jdk.internal.reflect.DirectMethodHandleAccessor.invoke(DirectMethodHandleAccessor.java:104)
at java.base/java.lang.reflect.Method.invoke(Method.java:577)
at org.testng.internal.MethodInvocationHelper.invokeMethod(MethodInvocationHelper.java:133)
at org.testng.internal.TestInvoker.invokeMethod(TestInvoker.java:598)
at org.testng.internal.TestInvoker.invokeTestMethod(TestInvoker.java:173)
at org.testng.internal.MethodRunner.runInSequence(MethodRunner.java:46)
at org.testng.internal.TestInvoker$MethodInvocationAgent.invoke(TestInvoker.java:824)
at org.testng.internal.TestInvoker.invokeTestMethods(TestInvoker.java:146)
at org.testng.internal.TestMethodWorker.invokeTestMethods(TestMethodWorker.java:146)
at org.testng.internal.TestMethodWorker.run(TestMethodWorker.java:128)
at java.base/java.util.ArrayList.forEach(ArrayList.java:1511)
at org.testng.TestRunner.privateRun(TestRunner.java:794)
at org.testng.TestRunner.run(TestRunner.java:596)
at org.testng.SuiteRunner.runTest(SuiteRunner.java:377)
at org.testng.SuiteRunner.runSequentially(SuiteRunner.java:371)
at org.testng.SuiteRunner.privateRun(SuiteRunner.java:332)
at org.testng.SuiteRunner.run(SuiteRunner.java:276)
at org.testng.SuiteRunnerWorker.runSuite(SuiteRunnerWorker.java:53)
at org.testng.SuiteRunnerWorker.run(SuiteRunnerWorker.java:96)
at org.testng.TestNG.runSuitesSequentially(TestNG.java:1212)
at org.testng.TestNG.runSuitesLocally(TestNG.java:1134)
at org.testng.TestNG.runSuites(TestNG.java:1063)
at org.testng.TestNG.run(TestNG.java:1031)
at org.testng.remote.AbstractRemoteTestNG.run(AbstractRemoteTestNG.java:115)
at org.testng.remote.RemoteTestNG.initAndRun(RemoteTestNG.java:251)
at org.testng.remote.RemoteTestNG.main(RemoteTestNG.java:77)
]]>
            </full-stacktrace>
          </exception> <!-- org.openqa.selenium.ElementClickInterceptedException -->
          <reporter-output>
          </reporter-output>
        </test-method> <!-- Test_mamaearth_GoodnessInsider_launching -->
        <test-method is-config="true" signature="tearDown()[pri:0, instance:com.mamaearth.TestCase.TC_VerifyAllCategories@f6efaab]" started-at="2023-02-07T16:23:37 IST" name="tearDown" finished-at="2023-02-07T16:23:38 IST" duration-ms="379" status="PASS">
          <reporter-output>
          </reporter-output>
        </test-method> <!-- tearDown -->
      </class> <!-- com.mamaearth.TestCase.TC_VerifyAllCategories -->
    </test> <!-- Default test -->
  </suite> <!-- Default suite -->
</testng-results>
