<?xml version="1.0" encoding="UTF-8"?>
<testng-results ignored="0" total="1" passed="1" failed="0" skipped="0">
  <reporter-output>
  </reporter-output>
  <suite started-at="2023-04-05T17:23:53 IST" name="Default suite" finished-at="2023-04-05T17:24:09 IST" duration-ms="15593">
    <groups>
    </groups>
    <test started-at="2023-04-05T17:23:53 IST" name="Default test" finished-at="2023-04-05T17:24:09 IST" duration-ms="15593">
      <class name="com.mamaearth.TestCase.TC_SearchingAndAlgolia">
        <test-method is-config="true" signature="setup()[pri:0, instance:com.mamaearth.TestCase.TC_SearchingAndAlgolia@368f2016]" started-at="2023-04-05T17:23:53 IST" name="setup" finished-at="2023-04-05T17:24:03 IST" duration-ms="10039" status="PASS">
          <reporter-output>
          </reporter-output>
        </test-method> <!-- setup -->
        <test-method signature="Test_Search_ProductSearch()[pri:0, instance:com.mamaearth.TestCase.TC_SearchingAndAlgolia@368f2016]" started-at="2023-04-05T17:24:03 IST" name="Test_Search_ProductSearch" finished-at="2023-04-05T17:24:09 IST" duration-ms="5291" status="PASS">
          <reporter-output>
          </reporter-output>
        </test-method> <!-- Test_Search_ProductSearch -->
        <test-method is-config="true" signature="tearDown()[pri:0, instance:com.mamaearth.TestCase.TC_SearchingAndAlgolia@368f2016]" started-at="2023-04-05T17:24:09 IST" name="tearDown" finished-at="2023-04-05T17:24:09 IST" duration-ms="238" status="PASS">
          <reporter-output>
          </reporter-output>
        </test-method> <!-- tearDown -->
      </class> <!-- com.mamaearth.TestCase.TC_SearchingAndAlgolia -->
    </test> <!-- Default test -->
  </suite> <!-- Default suite -->
</testng-results>
