<?xml version="1.0" encoding="UTF-8"?>
<testng-results ignored="0" total="67" passed="61" failed="0" skipped="6">
  <reporter-output>
  </reporter-output>
  <suite started-at="2023-04-10T16:54:40 IST" name="Suite" finished-at="2023-04-10T16:58:05 IST" duration-ms="205194">
    <groups>
    </groups>
    <test started-at="2023-04-10T16:54:40 IST" name="Category Test" finished-at="2023-04-10T16:56:16 IST" duration-ms="95506">
      <class name="com.mamaearth.TestCase.TC_VerifyAllCategories">
        <test-method is-config="true" signature="setup()[pri:0, instance:com.mamaearth.TestCase.TC_VerifyAllCategories@7e6f74c]" started-at="2023-04-10T16:54:40 IST" name="setup" finished-at="2023-04-10T16:54:51 IST" duration-ms="11026" status="PASS">
          <reporter-output>
          </reporter-output>
        </test-method> <!-- setup -->
        <test-method signature="Test_mamaearth_launching()[pri:1, instance:com.mamaearth.TestCase.TC_VerifyAllCategories@7e6f74c]" started-at="2023-04-10T16:54:51 IST" name="Test_mamaearth_launching" finished-at="2023-04-10T16:54:51 IST" duration-ms="78" status="PASS">
          <reporter-output>
          </reporter-output>
        </test-method> <!-- Test_mamaearth_launching -->
        <test-method signature="Test_mamaearth_category_Beauty_launching()[pri:2, instance:com.mamaearth.TestCase.TC_VerifyAllCategories@7e6f74c]" started-at="2023-04-10T16:54:51 IST" name="Test_mamaearth_category_Beauty_launching" finished-at="2023-04-10T16:54:55 IST" duration-ms="3545" status="PASS">
          <reporter-output>
          </reporter-output>
        </test-method> <!-- Test_mamaearth_category_Beauty_launching -->
        <test-method signature="Test_mamaearth_category_Beauty_Fragrance_launching()[pri:3, instance:com.mamaearth.TestCase.TC_VerifyAllCategories@7e6f74c]" started-at="2023-04-10T16:54:55 IST" name="Test_mamaearth_category_Beauty_Fragrance_launching" finished-at="2023-04-10T16:54:56 IST" duration-ms="1613" status="PASS">
          <reporter-output>
          </reporter-output>
        </test-method> <!-- Test_mamaearth_category_Beauty_Fragrance_launching -->
        <test-method signature="Test_mamaearth_category_Beauty_FacialKits_launching()[pri:4, instance:com.mamaearth.TestCase.TC_VerifyAllCategories@7e6f74c]" started-at="2023-04-10T16:54:56 IST" name="Test_mamaearth_category_Beauty_FacialKits_launching" finished-at="2023-04-10T16:54:57 IST" duration-ms="848" status="PASS">
          <reporter-output>
          </reporter-output>
        </test-method> <!-- Test_mamaearth_category_Beauty_FacialKits_launching -->
        <test-method signature="Test_mamaearth_category_Hair_launching()[pri:5, instance:com.mamaearth.TestCase.TC_VerifyAllCategories@7e6f74c]" started-at="2023-04-10T16:54:57 IST" name="Test_mamaearth_category_Hair_launching" finished-at="2023-04-10T16:54:59 IST" duration-ms="1480" status="PASS">
          <reporter-output>
          </reporter-output>
        </test-method> <!-- Test_mamaearth_category_Hair_launching -->
        <test-method signature="Test_mamaearth_category_Hair_Shampoo_launching()[pri:6, instance:com.mamaearth.TestCase.TC_VerifyAllCategories@7e6f74c]" started-at="2023-04-10T16:54:59 IST" name="Test_mamaearth_category_Hair_Shampoo_launching" finished-at="2023-04-10T16:55:00 IST" duration-ms="1311" status="PASS">
          <reporter-output>
          </reporter-output>
        </test-method> <!-- Test_mamaearth_category_Hair_Shampoo_launching -->
        <test-method signature="Test_mamaearth_category_Hair_Conditioner_launching()[pri:7, instance:com.mamaearth.TestCase.TC_VerifyAllCategories@7e6f74c]" started-at="2023-04-10T16:55:00 IST" name="Test_mamaearth_category_Hair_Conditioner_launching" finished-at="2023-04-10T16:55:01 IST" duration-ms="1007" status="PASS">
          <reporter-output>
          </reporter-output>
        </test-method> <!-- Test_mamaearth_category_Hair_Conditioner_launching -->
        <test-method signature="Test_mamaearth_category_Hair_HairOil_launching()[pri:8, instance:com.mamaearth.TestCase.TC_VerifyAllCategories@7e6f74c]" started-at="2023-04-10T16:55:01 IST" name="Test_mamaearth_category_Hair_HairOil_launching" finished-at="2023-04-10T16:55:02 IST" duration-ms="1153" status="PASS">
          <reporter-output>
          </reporter-output>
        </test-method> <!-- Test_mamaearth_category_Hair_HairOil_launching -->
        <test-method signature="Test_mamaearth_category_Hair_HairMask_launching()[pri:9, instance:com.mamaearth.TestCase.TC_VerifyAllCategories@7e6f74c]" started-at="2023-04-10T16:55:02 IST" name="Test_mamaearth_category_Hair_HairMask_launching" finished-at="2023-04-10T16:55:03 IST" duration-ms="1048" status="PASS">
          <reporter-output>
          </reporter-output>
        </test-method> <!-- Test_mamaearth_category_Hair_HairMask_launching -->
        <test-method signature="Test_mamaearth_category_Hair_HairSerum_launching()[pri:10, instance:com.mamaearth.TestCase.TC_VerifyAllCategories@7e6f74c]" started-at="2023-04-10T16:55:03 IST" name="Test_mamaearth_category_Hair_HairSerum_launching" finished-at="2023-04-10T16:55:04 IST" duration-ms="1127" status="PASS">
          <reporter-output>
          </reporter-output>
        </test-method> <!-- Test_mamaearth_category_Hair_HairSerum_launching -->
        <test-method signature="Test_mamaearth_category_Hair_HairOilBooster_launching()[pri:11, instance:com.mamaearth.TestCase.TC_VerifyAllCategories@7e6f74c]" started-at="2023-04-10T16:55:04 IST" name="Test_mamaearth_category_Hair_HairOilBooster_launching" finished-at="2023-04-10T16:55:05 IST" duration-ms="826" status="PASS">
          <reporter-output>
          </reporter-output>
        </test-method> <!-- Test_mamaearth_category_Hair_HairOilBooster_launching -->
        <test-method signature="Test_mamaearth_category_Face_launching()[pri:12, instance:com.mamaearth.TestCase.TC_VerifyAllCategories@7e6f74c]" started-at="2023-04-10T16:55:05 IST" name="Test_mamaearth_category_Face_launching" finished-at="2023-04-10T16:55:07 IST" duration-ms="1830" status="PASS">
          <reporter-output>
          </reporter-output>
        </test-method> <!-- Test_mamaearth_category_Face_launching -->
        <test-method signature="Test_mamaearth_category_Face_FaceWash_launching()[pri:13, instance:com.mamaearth.TestCase.TC_VerifyAllCategories@7e6f74c]" started-at="2023-04-10T16:55:07 IST" name="Test_mamaearth_category_Face_FaceWash_launching" finished-at="2023-04-10T16:55:09 IST" duration-ms="1732" status="PASS">
          <reporter-output>
          </reporter-output>
        </test-method> <!-- Test_mamaearth_category_Face_FaceWash_launching -->
        <test-method signature="Test_mamaearth_category_Face_FaceMask_launching()[pri:14, instance:com.mamaearth.TestCase.TC_VerifyAllCategories@7e6f74c]" started-at="2023-04-10T16:55:09 IST" name="Test_mamaearth_category_Face_FaceMask_launching" finished-at="2023-04-10T16:55:10 IST" duration-ms="1154" status="PASS">
          <reporter-output>
          </reporter-output>
        </test-method> <!-- Test_mamaearth_category_Face_FaceMask_launching -->
        <test-method signature="Test_mamaearth_category_Face_FaceCream_launching()[pri:15, instance:com.mamaearth.TestCase.TC_VerifyAllCategories@7e6f74c]" started-at="2023-04-10T16:55:10 IST" name="Test_mamaearth_category_Face_FaceCream_launching" finished-at="2023-04-10T16:55:11 IST" duration-ms="1422" status="PASS">
          <reporter-output>
          </reporter-output>
        </test-method> <!-- Test_mamaearth_category_Face_FaceCream_launching -->
        <test-method signature="Test_mamaearth_category_Face_FaceSerum_launching()[pri:16, instance:com.mamaearth.TestCase.TC_VerifyAllCategories@7e6f74c]" started-at="2023-04-10T16:55:11 IST" name="Test_mamaearth_category_Face_FaceSerum_launching" finished-at="2023-04-10T16:55:13 IST" duration-ms="1273" status="PASS">
          <reporter-output>
          </reporter-output>
        </test-method> <!-- Test_mamaearth_category_Face_FaceSerum_launching -->
        <test-method signature="Test_mamaearth_category_Face_FaceScrub_launching()[pri:17, instance:com.mamaearth.TestCase.TC_VerifyAllCategories@7e6f74c]" started-at="2023-04-10T16:55:13 IST" name="Test_mamaearth_category_Face_FaceScrub_launching" finished-at="2023-04-10T16:55:14 IST" duration-ms="1049" status="PASS">
          <reporter-output>
          </reporter-output>
        </test-method> <!-- Test_mamaearth_category_Face_FaceScrub_launching -->
        <test-method signature="Test_mamaearth_category_Face_FaceToner_launching()[pri:18, instance:com.mamaearth.TestCase.TC_VerifyAllCategories@7e6f74c]" started-at="2023-04-10T16:55:14 IST" name="Test_mamaearth_category_Face_FaceToner_launching" finished-at="2023-04-10T16:55:15 IST" duration-ms="1041" status="PASS">
          <reporter-output>
          </reporter-output>
        </test-method> <!-- Test_mamaearth_category_Face_FaceToner_launching -->
        <test-method signature="Test_mamaearth_category_Face_FaceGel_launching()[pri:19, instance:com.mamaearth.TestCase.TC_VerifyAllCategories@7e6f74c]" started-at="2023-04-10T16:55:15 IST" name="Test_mamaearth_category_Face_FaceGel_launching" finished-at="2023-04-10T16:55:16 IST" duration-ms="1010" status="PASS">
          <reporter-output>
          </reporter-output>
        </test-method> <!-- Test_mamaearth_category_Face_FaceGel_launching -->
        <test-method signature="Test_mamaearth_category_Face_FaceSheetMask_launching()[pri:20, instance:com.mamaearth.TestCase.TC_VerifyAllCategories@7e6f74c]" started-at="2023-04-10T16:55:16 IST" name="Test_mamaearth_category_Face_FaceSheetMask_launching" finished-at="2023-04-10T16:55:18 IST" duration-ms="2724" status="PASS">
          <reporter-output>
          </reporter-output>
        </test-method> <!-- Test_mamaearth_category_Face_FaceSheetMask_launching -->
        <test-method signature="Test_mamaearth_category_Face_FaceMoisturizer_launching()[pri:21, instance:com.mamaearth.TestCase.TC_VerifyAllCategories@7e6f74c]" started-at="2023-04-10T16:55:18 IST" name="Test_mamaearth_category_Face_FaceMoisturizer_launching" finished-at="2023-04-10T16:55:20 IST" duration-ms="1130" status="PASS">
          <reporter-output>
          </reporter-output>
        </test-method> <!-- Test_mamaearth_category_Face_FaceMoisturizer_launching -->
        <test-method signature="Test_mamaearth_category_Body_launching()[pri:22, instance:com.mamaearth.TestCase.TC_VerifyAllCategories@7e6f74c]" started-at="2023-04-10T16:55:20 IST" name="Test_mamaearth_category_Body_launching" finished-at="2023-04-10T16:55:21 IST" duration-ms="1423" status="PASS">
          <reporter-output>
          </reporter-output>
        </test-method> <!-- Test_mamaearth_category_Body_launching -->
        <test-method signature="Test_mamaearth_category_Body_BodyLotion_launching()[pri:23, instance:com.mamaearth.TestCase.TC_VerifyAllCategories@7e6f74c]" started-at="2023-04-10T16:55:21 IST" name="Test_mamaearth_category_Body_BodyLotion_launching" finished-at="2023-04-10T16:55:23 IST" duration-ms="2092" status="PASS">
          <reporter-output>
          </reporter-output>
        </test-method> <!-- Test_mamaearth_category_Body_BodyLotion_launching -->
        <test-method signature="Test_mamaearth_category_Body_UnderarmCream_launching()[pri:24, instance:com.mamaearth.TestCase.TC_VerifyAllCategories@7e6f74c]" started-at="2023-04-10T16:55:23 IST" name="Test_mamaearth_category_Body_UnderarmCream_launching" finished-at="2023-04-10T16:55:24 IST" duration-ms="1160" status="PASS">
          <reporter-output>
          </reporter-output>
        </test-method> <!-- Test_mamaearth_category_Body_UnderarmCream_launching -->
        <test-method signature="Test_mamaearth_category_Body_BodyScrub_launching()[pri:25, instance:com.mamaearth.TestCase.TC_VerifyAllCategories@7e6f74c]" started-at="2023-04-10T16:55:24 IST" name="Test_mamaearth_category_Body_BodyScrub_launching" finished-at="2023-04-10T16:55:25 IST" duration-ms="887" status="PASS">
          <reporter-output>
          </reporter-output>
        </test-method> <!-- Test_mamaearth_category_Body_BodyScrub_launching -->
        <test-method signature="Test_mamaearth_category_Body_HandCream_launching()[pri:26, instance:com.mamaearth.TestCase.TC_VerifyAllCategories@7e6f74c]" started-at="2023-04-10T16:55:25 IST" name="Test_mamaearth_category_Body_HandCream_launching" finished-at="2023-04-10T16:55:26 IST" duration-ms="888" status="PASS">
          <reporter-output>
          </reporter-output>
        </test-method> <!-- Test_mamaearth_category_Body_HandCream_launching -->
        <test-method signature="Test_mamaearth_category_Body_BodyWash_launching()[pri:27, instance:com.mamaearth.TestCase.TC_VerifyAllCategories@7e6f74c]" started-at="2023-04-10T16:55:26 IST" name="Test_mamaearth_category_Body_BodyWash_launching" finished-at="2023-04-10T16:55:27 IST" duration-ms="984" status="PASS">
          <reporter-output>
          </reporter-output>
        </test-method> <!-- Test_mamaearth_category_Body_BodyWash_launching -->
        <test-method signature="Test_mamaearth_category_Body_BodySoap_launching()[pri:28, instance:com.mamaearth.TestCase.TC_VerifyAllCategories@7e6f74c]" started-at="2023-04-10T16:55:27 IST" name="Test_mamaearth_category_Body_BodySoap_launching" finished-at="2023-04-10T16:55:28 IST" duration-ms="1011" status="PASS">
          <reporter-output>
          </reporter-output>
        </test-method> <!-- Test_mamaearth_category_Body_BodySoap_launching -->
        <test-method signature="Test_mamaearth_category_Makeup_launching()[pri:29, instance:com.mamaearth.TestCase.TC_VerifyAllCategories@7e6f74c]" started-at="2023-04-10T16:55:28 IST" name="Test_mamaearth_category_Makeup_launching" finished-at="2023-04-10T16:55:29 IST" duration-ms="1374" status="PASS">
          <reporter-output>
          </reporter-output>
        </test-method> <!-- Test_mamaearth_category_Makeup_launching -->
        <test-method signature="Test_mamaearth_category_Makeup_Lipsticks_launching()[pri:30, instance:com.mamaearth.TestCase.TC_VerifyAllCategories@7e6f74c]" started-at="2023-04-10T16:55:29 IST" name="Test_mamaearth_category_Makeup_Lipsticks_launching" finished-at="2023-04-10T16:55:31 IST" duration-ms="1819" status="PASS">
          <reporter-output>
          </reporter-output>
        </test-method> <!-- Test_mamaearth_category_Makeup_Lipsticks_launching -->
        <test-method signature="Test_mamaearth_category_Makeup_LipBalm_launching()[pri:31, instance:com.mamaearth.TestCase.TC_VerifyAllCategories@7e6f74c]" started-at="2023-04-10T16:55:31 IST" name="Test_mamaearth_category_Makeup_LipBalm_launching" finished-at="2023-04-10T16:55:33 IST" duration-ms="1649" status="PASS">
          <reporter-output>
          </reporter-output>
        </test-method> <!-- Test_mamaearth_category_Makeup_LipBalm_launching -->
        <test-method signature="Test_mamaearth_category_Makeup_Foundation_launching()[pri:32, instance:com.mamaearth.TestCase.TC_VerifyAllCategories@7e6f74c]" started-at="2023-04-10T16:55:33 IST" name="Test_mamaearth_category_Makeup_Foundation_launching" finished-at="2023-04-10T16:55:34 IST" duration-ms="1391" status="PASS">
          <reporter-output>
          </reporter-output>
        </test-method> <!-- Test_mamaearth_category_Makeup_Foundation_launching -->
        <test-method signature="Test_mamaearth_category_Makeup_Kajal_launching()[pri:33, instance:com.mamaearth.TestCase.TC_VerifyAllCategories@7e6f74c]" started-at="2023-04-10T16:55:34 IST" name="Test_mamaearth_category_Makeup_Kajal_launching" finished-at="2023-04-10T16:55:36 IST" duration-ms="1479" status="PASS">
          <reporter-output>
          </reporter-output>
        </test-method> <!-- Test_mamaearth_category_Makeup_Kajal_launching -->
        <test-method signature="Test_mamaearth_category_Makeup_Compact_launching()[pri:34, instance:com.mamaearth.TestCase.TC_VerifyAllCategories@7e6f74c]" started-at="2023-04-10T16:55:36 IST" name="Test_mamaearth_category_Makeup_Compact_launching" finished-at="2023-04-10T16:55:37 IST" duration-ms="1395" status="PASS">
          <reporter-output>
          </reporter-output>
        </test-method> <!-- Test_mamaearth_category_Makeup_Compact_launching -->
        <test-method signature="Test_mamaearth_category_Makeup_Concealer_launching()[pri:35, instance:com.mamaearth.TestCase.TC_VerifyAllCategories@7e6f74c]" started-at="2023-04-10T16:55:37 IST" name="Test_mamaearth_category_Makeup_Concealer_launching" finished-at="2023-04-10T16:55:39 IST" duration-ms="1517" status="PASS">
          <reporter-output>
          </reporter-output>
        </test-method> <!-- Test_mamaearth_category_Makeup_Concealer_launching -->
        <test-method signature="Test_mamaearth_category_Ingredient_launching()[pri:36, instance:com.mamaearth.TestCase.TC_VerifyAllCategories@7e6f74c]" started-at="2023-04-10T16:55:39 IST" name="Test_mamaearth_category_Ingredient_launching" finished-at="2023-04-10T16:55:40 IST" duration-ms="1795" status="PASS">
          <reporter-output>
          </reporter-output>
        </test-method> <!-- Test_mamaearth_category_Ingredient_launching -->
        <test-method signature="Test_mamaearth_category_Ingredient_Onion_launching()[pri:37, instance:com.mamaearth.TestCase.TC_VerifyAllCategories@7e6f74c]" started-at="2023-04-10T16:55:40 IST" name="Test_mamaearth_category_Ingredient_Onion_launching" finished-at="2023-04-10T16:55:42 IST" duration-ms="2104" status="PASS">
          <reporter-output>
          </reporter-output>
        </test-method> <!-- Test_mamaearth_category_Ingredient_Onion_launching -->
        <test-method signature="Test_mamaearth_category_Ingredient_Henna_launching()[pri:38, instance:com.mamaearth.TestCase.TC_VerifyAllCategories@7e6f74c]" started-at="2023-04-10T16:55:42 IST" name="Test_mamaearth_category_Ingredient_Henna_launching" finished-at="2023-04-10T16:55:44 IST" duration-ms="1405" status="PASS">
          <reporter-output>
          </reporter-output>
        </test-method> <!-- Test_mamaearth_category_Ingredient_Henna_launching -->
        <test-method signature="Test_mamaearth_category_Ingredient_Rice_launching()[pri:39, instance:com.mamaearth.TestCase.TC_VerifyAllCategories@7e6f74c]" started-at="2023-04-10T16:55:44 IST" name="Test_mamaearth_category_Ingredient_Rice_launching" finished-at="2023-04-10T16:55:45 IST" duration-ms="1429" status="PASS">
          <reporter-output>
          </reporter-output>
        </test-method> <!-- Test_mamaearth_category_Ingredient_Rice_launching -->
        <test-method signature="Test_mamaearth_category_Ingredient_Ubtan_launching()[pri:40, instance:com.mamaearth.TestCase.TC_VerifyAllCategories@7e6f74c]" started-at="2023-04-10T16:55:45 IST" name="Test_mamaearth_category_Ingredient_Ubtan_launching" finished-at="2023-04-10T16:55:47 IST" duration-ms="1833" status="PASS">
          <reporter-output>
          </reporter-output>
        </test-method> <!-- Test_mamaearth_category_Ingredient_Ubtan_launching -->
        <test-method signature="Test_mamaearth_category_Ingredient_VitaminC_launching()[pri:41, instance:com.mamaearth.TestCase.TC_VerifyAllCategories@7e6f74c]" started-at="2023-04-10T16:55:47 IST" name="Test_mamaearth_category_Ingredient_VitaminC_launching" finished-at="2023-04-10T16:55:49 IST" duration-ms="1793" status="PASS">
          <reporter-output>
          </reporter-output>
        </test-method> <!-- Test_mamaearth_category_Ingredient_VitaminC_launching -->
        <test-method signature="Test_mamaearth_category_Ingredient_GreenTea_launching()[pri:42, instance:com.mamaearth.TestCase.TC_VerifyAllCategories@7e6f74c]" started-at="2023-04-10T16:55:49 IST" name="Test_mamaearth_category_Ingredient_GreenTea_launching" finished-at="2023-04-10T16:55:50 IST" duration-ms="1444" status="PASS">
          <reporter-output>
          </reporter-output>
        </test-method> <!-- Test_mamaearth_category_Ingredient_GreenTea_launching -->
        <test-method signature="Test_mamaearth_category_Ingredient_TeaTree_launching()[pri:43, instance:com.mamaearth.TestCase.TC_VerifyAllCategories@7e6f74c]" started-at="2023-04-10T16:55:50 IST" name="Test_mamaearth_category_Ingredient_TeaTree_launching" finished-at="2023-04-10T16:55:52 IST" duration-ms="1683" status="PASS">
          <reporter-output>
          </reporter-output>
        </test-method> <!-- Test_mamaearth_category_Ingredient_TeaTree_launching -->
        <test-method signature="Test_mamaearth_category_Ingredient_Aqua_launching()[pri:44, instance:com.mamaearth.TestCase.TC_VerifyAllCategories@7e6f74c]" started-at="2023-04-10T16:55:52 IST" name="Test_mamaearth_category_Ingredient_Aqua_launching" finished-at="2023-04-10T16:55:54 IST" duration-ms="1785" status="PASS">
          <reporter-output>
          </reporter-output>
        </test-method> <!-- Test_mamaearth_category_Ingredient_Aqua_launching -->
        <test-method signature="Test_mamaearth_category_Ingredient_Bhringmla_launching()[pri:45, instance:com.mamaearth.TestCase.TC_VerifyAllCategories@7e6f74c]" started-at="2023-04-10T16:55:54 IST" name="Test_mamaearth_category_Ingredient_Bhringmla_launching" finished-at="2023-04-10T16:55:55 IST" duration-ms="1455" status="PASS">
          <reporter-output>
          </reporter-output>
        </test-method> <!-- Test_mamaearth_category_Ingredient_Bhringmla_launching -->
        <test-method signature="Test_mamaearth_category_Ingredient_Charcoal_launching()[pri:46, instance:com.mamaearth.TestCase.TC_VerifyAllCategories@7e6f74c]" started-at="2023-04-10T16:55:55 IST" name="Test_mamaearth_category_Ingredient_Charcoal_launching" finished-at="2023-04-10T16:55:57 IST" duration-ms="1762" status="PASS">
          <reporter-output>
          </reporter-output>
        </test-method> <!-- Test_mamaearth_category_Ingredient_Charcoal_launching -->
        <test-method signature="Test_mamaearth_category_Ingredient_Coco_launching()[pri:47, instance:com.mamaearth.TestCase.TC_VerifyAllCategories@7e6f74c]" started-at="2023-04-10T16:55:57 IST" name="Test_mamaearth_category_Ingredient_Coco_launching" finished-at="2023-04-10T16:56:00 IST" duration-ms="2489" status="PASS">
          <reporter-output>
          </reporter-output>
        </test-method> <!-- Test_mamaearth_category_Ingredient_Coco_launching -->
        <test-method signature="Test_mamaearth_category_Ingredient_Argan_launching()[pri:48, instance:com.mamaearth.TestCase.TC_VerifyAllCategories@7e6f74c]" started-at="2023-04-10T16:56:00 IST" name="Test_mamaearth_category_Ingredient_Argan_launching" finished-at="2023-04-10T16:56:01 IST" duration-ms="1563" status="PASS">
          <reporter-output>
          </reporter-output>
        </test-method> <!-- Test_mamaearth_category_Ingredient_Argan_launching -->
        <test-method signature="Test_mamaearth_category_Ingredient_AppleCiderVinegar_launching()[pri:49, instance:com.mamaearth.TestCase.TC_VerifyAllCategories@7e6f74c]" started-at="2023-04-10T16:56:01 IST" name="Test_mamaearth_category_Ingredient_AppleCiderVinegar_launching" finished-at="2023-04-10T16:56:03 IST" duration-ms="1384" status="PASS">
          <reporter-output>
          </reporter-output>
        </test-method> <!-- Test_mamaearth_category_Ingredient_AppleCiderVinegar_launching -->
        <test-method signature="Test_mamaearth_category_Ingredient_Retinol_launching()[pri:50, instance:com.mamaearth.TestCase.TC_VerifyAllCategories@7e6f74c]" started-at="2023-04-10T16:56:03 IST" name="Test_mamaearth_category_Ingredient_Retinol_launching" finished-at="2023-04-10T16:56:04 IST" duration-ms="1292" status="PASS">
          <reporter-output>
          </reporter-output>
        </test-method> <!-- Test_mamaearth_category_Ingredient_Retinol_launching -->
        <test-method signature="Test_mamaearth_category_Ingredient_HoneyMalai_launching()[pri:51, instance:com.mamaearth.TestCase.TC_VerifyAllCategories@7e6f74c]" started-at="2023-04-10T16:56:04 IST" name="Test_mamaearth_category_Ingredient_HoneyMalai_launching" finished-at="2023-04-10T16:56:05 IST" duration-ms="1263" status="PASS">
          <reporter-output>
          </reporter-output>
        </test-method> <!-- Test_mamaearth_category_Ingredient_HoneyMalai_launching -->
        <test-method signature="Test_mamaearth_category_Baby_launching()[pri:52, instance:com.mamaearth.TestCase.TC_VerifyAllCategories@7e6f74c]" started-at="2023-04-10T16:56:05 IST" name="Test_mamaearth_category_Baby_launching" finished-at="2023-04-10T16:56:07 IST" duration-ms="1599" status="PASS">
          <reporter-output>
          </reporter-output>
        </test-method> <!-- Test_mamaearth_category_Baby_launching -->
        <test-method signature="Test_mamaearth_category_Baby__BabyShampoo_launching()[pri:53, instance:com.mamaearth.TestCase.TC_VerifyAllCategories@7e6f74c]" started-at="2023-04-10T16:56:07 IST" name="Test_mamaearth_category_Baby__BabyShampoo_launching" finished-at="2023-04-10T16:56:08 IST" duration-ms="1498" status="PASS">
          <reporter-output>
          </reporter-output>
        </test-method> <!-- Test_mamaearth_category_Baby__BabyShampoo_launching -->
        <test-method signature="Test_mamaearth_category_Baby__BabyOralcare_launching()[pri:54, instance:com.mamaearth.TestCase.TC_VerifyAllCategories@7e6f74c]" started-at="2023-04-10T16:56:08 IST" name="Test_mamaearth_category_Baby__BabyOralcare_launching" finished-at="2023-04-10T16:56:10 IST" duration-ms="1498" status="PASS">
          <reporter-output>
          </reporter-output>
        </test-method> <!-- Test_mamaearth_category_Baby__BabyOralcare_launching -->
        <test-method signature="Test_mamaearth_category_Baby__BabyOil_launching()[pri:55, instance:com.mamaearth.TestCase.TC_VerifyAllCategories@7e6f74c]" started-at="2023-04-10T16:56:10 IST" name="Test_mamaearth_category_Baby__BabyOil_launching" finished-at="2023-04-10T16:56:11 IST" duration-ms="1221" status="PASS">
          <reporter-output>
          </reporter-output>
        </test-method> <!-- Test_mamaearth_category_Baby__BabyOil_launching -->
        <test-method signature="Test_mamaearth_category_Baby__BabySkin_launching()[pri:56, instance:com.mamaearth.TestCase.TC_VerifyAllCategories@7e6f74c]" started-at="2023-04-10T16:56:11 IST" name="Test_mamaearth_category_Baby__BabySkin_launching" finished-at="2023-04-10T16:56:12 IST" duration-ms="1119" status="PASS">
          <reporter-output>
          </reporter-output>
        </test-method> <!-- Test_mamaearth_category_Baby__BabySkin_launching -->
        <test-method signature="Test_mamaearth_category_Baby__BabyBath_launching()[pri:57, instance:com.mamaearth.TestCase.TC_VerifyAllCategories@7e6f74c]" started-at="2023-04-10T16:56:12 IST" name="Test_mamaearth_category_Baby__BabyBath_launching" finished-at="2023-04-10T16:56:13 IST" duration-ms="1351" status="PASS">
          <reporter-output>
          </reporter-output>
        </test-method> <!-- Test_mamaearth_category_Baby__BabyBath_launching -->
        <test-method signature="Test_mamaearth_category_Baby__BabyBodyLotion_launching()[pri:58, instance:com.mamaearth.TestCase.TC_VerifyAllCategories@7e6f74c]" started-at="2023-04-10T16:56:13 IST" name="Test_mamaearth_category_Baby__BabyBodyLotion_launching" finished-at="2023-04-10T16:56:15 IST" duration-ms="1584" status="PASS">
          <reporter-output>
          </reporter-output>
        </test-method> <!-- Test_mamaearth_category_Baby__BabyBodyLotion_launching -->
        <test-method is-config="true" signature="tearDown()[pri:0, instance:com.mamaearth.TestCase.TC_VerifyAllCategories@7e6f74c]" started-at="2023-04-10T16:56:15 IST" name="tearDown" finished-at="2023-04-10T16:56:16 IST" duration-ms="546" status="PASS">
          <reporter-output>
          </reporter-output>
        </test-method> <!-- tearDown -->
      </class> <!-- com.mamaearth.TestCase.TC_VerifyAllCategories -->
    </test> <!-- Category Test -->
    <test started-at="2023-04-10T16:56:21 IST" name="SearchAlgolia and Static Page Test" finished-at="2023-04-10T16:56:49 IST" duration-ms="27998">
      <class name="com.mamaearth.TestCase.TC_StaticPagesVerification">
        <test-method is-config="true" signature="setup()[pri:0, instance:com.mamaearth.TestCase.TC_StaticPagesVerification@247bddad]" started-at="2023-04-10T16:56:21 IST" name="setup" finished-at="2023-04-10T16:56:28 IST" duration-ms="7931" status="PASS">
          <reporter-output>
          </reporter-output>
        </test-method> <!-- setup -->
        <test-method signature="Test_mamaearth_PrivacyPolicy_Page()[pri:1, instance:com.mamaearth.TestCase.TC_StaticPagesVerification@247bddad]" started-at="2023-04-10T16:56:28 IST" name="Test_mamaearth_PrivacyPolicy_Page" finished-at="2023-04-10T16:56:30 IST" duration-ms="1996" status="PASS">
          <reporter-output>
          </reporter-output>
        </test-method> <!-- Test_mamaearth_PrivacyPolicy_Page -->
        <test-method is-config="true" signature="TearDown()[pri:0, instance:com.mamaearth.TestCase.TC_StaticPagesVerification@247bddad]" started-at="2023-04-10T16:56:30 IST" name="TearDown" finished-at="2023-04-10T16:56:31 IST" duration-ms="196" status="PASS">
          <reporter-output>
          </reporter-output>
        </test-method> <!-- TearDown -->
        <test-method is-config="true" signature="setup()[pri:0, instance:com.mamaearth.TestCase.TC_StaticPagesVerification@247bddad]" started-at="2023-04-10T16:56:31 IST" name="setup" finished-at="2023-04-10T16:56:49 IST" duration-ms="17840" status="FAIL">
          <exception class="org.openqa.selenium.TimeoutException">
            <message>
              <![CDATA[Expected condition failed: waiting for visibility of [[ChromeDriver: chrome on MAC (8f41d9f88a2be317dc60de2786683464)] -> id: wzrk-confirm-id] (tried for 10 second(s) with 500 milliseconds interval)
Build info: version: '4.5.0', revision: 'fe167b119a'
System info: os.name: 'Mac OS X', os.arch: 'x86_64', os.version: '11.5.1', java.version: '18.0.1.1'
Driver info: org.openqa.selenium.chrome.ChromeDriver
Capabilities {acceptInsecureCerts: false, browserName: chrome, browserVersion: 111.0.5563.146, chrome: {chromedriverVersion: 111.0.5563.64 (c710e93d5b63..., userDataDir: /var/folders/vc/xx8_9t4d2c9...}, goog:chromeOptions: {debuggerAddress: localhost:63415}, networkConnectionEnabled: false, pageLoadStrategy: normal, platformName: MAC, proxy: Proxy(), se:cdp: ws://localhost:63415/devtoo..., se:cdpVersion: 111.0.5563.146, setWindowRect: true, strictFileInteractability: false, timeouts: {implicit: 0, pageLoad: 300000, script: 30000}, unhandledPromptBehavior: dismiss and notify, webauthn:extension:credBlob: true, webauthn:extension:largeBlob: true, webauthn:extension:minPinLength: true, webauthn:extension:prf: true, webauthn:virtualAuthenticators: true}
Session ID: 8f41d9f88a2be317dc60de2786683464]]>
            </message>
            <full-stacktrace>
              <![CDATA[org.openqa.selenium.TimeoutException: Expected condition failed: waiting for visibility of [[ChromeDriver: chrome on MAC (8f41d9f88a2be317dc60de2786683464)] -> id: wzrk-confirm-id] (tried for 10 second(s) with 500 milliseconds interval)
Build info: version: '4.5.0', revision: 'fe167b119a'
System info: os.name: 'Mac OS X', os.arch: 'x86_64', os.version: '11.5.1', java.version: '18.0.1.1'
Driver info: org.openqa.selenium.chrome.ChromeDriver
Capabilities {acceptInsecureCerts: false, browserName: chrome, browserVersion: 111.0.5563.146, chrome: {chromedriverVersion: 111.0.5563.64 (c710e93d5b63..., userDataDir: /var/folders/vc/xx8_9t4d2c9...}, goog:chromeOptions: {debuggerAddress: localhost:63415}, networkConnectionEnabled: false, pageLoadStrategy: normal, platformName: MAC, proxy: Proxy(), se:cdp: ws://localhost:63415/devtoo..., se:cdpVersion: 111.0.5563.146, setWindowRect: true, strictFileInteractability: false, timeouts: {implicit: 0, pageLoad: 300000, script: 30000}, unhandledPromptBehavior: dismiss and notify, webauthn:extension:credBlob: true, webauthn:extension:largeBlob: true, webauthn:extension:minPinLength: true, webauthn:extension:prf: true, webauthn:virtualAuthenticators: true}
Session ID: 8f41d9f88a2be317dc60de2786683464
at org.openqa.selenium.support.ui.WebDriverWait.timeoutException(WebDriverWait.java:87)
at org.openqa.selenium.support.ui.FluentWait.until(FluentWait.java:231)
at com.mamaearth.Utils.mamaearth_utils.waitToElementPresence(mamaearth_utils.java:34)
at com.mamaearth.Base.mamaearth_Base.initialization(mamaearth_Base.java:65)
at com.mamaearth.TestCase.TC_StaticPagesVerification.setup(TC_StaticPagesVerification.java:36)
at java.base/jdk.internal.reflect.DirectMethodHandleAccessor.invoke(DirectMethodHandleAccessor.java:104)
at java.base/java.lang.reflect.Method.invoke(Method.java:577)
at org.testng.internal.MethodInvocationHelper.invokeMethod(MethodInvocationHelper.java:133)
at org.testng.internal.MethodInvocationHelper.invokeMethodConsideringTimeout(MethodInvocationHelper.java:62)
at org.testng.internal.ConfigInvoker.invokeConfigurationMethod(ConfigInvoker.java:385)
at org.testng.internal.ConfigInvoker.invokeConfigurations(ConfigInvoker.java:321)
at org.testng.internal.TestInvoker.runConfigMethods(TestInvoker.java:700)
at org.testng.internal.TestInvoker.invokeMethod(TestInvoker.java:527)
at org.testng.internal.TestInvoker.invokeTestMethod(TestInvoker.java:173)
at org.testng.internal.MethodRunner.runInSequence(MethodRunner.java:46)
at org.testng.internal.TestInvoker$MethodInvocationAgent.invoke(TestInvoker.java:824)
at org.testng.internal.TestInvoker.invokeTestMethods(TestInvoker.java:146)
at org.testng.internal.TestMethodWorker.invokeTestMethods(TestMethodWorker.java:146)
at org.testng.internal.TestMethodWorker.run(TestMethodWorker.java:128)
at java.base/java.util.ArrayList.forEach(ArrayList.java:1511)
at org.testng.TestRunner.privateRun(TestRunner.java:794)
at org.testng.TestRunner.run(TestRunner.java:596)
at org.testng.SuiteRunner.runTest(SuiteRunner.java:377)
at org.testng.SuiteRunner.runSequentially(SuiteRunner.java:371)
at org.testng.SuiteRunner.privateRun(SuiteRunner.java:332)
at org.testng.SuiteRunner.run(SuiteRunner.java:276)
at org.testng.SuiteRunnerWorker.runSuite(SuiteRunnerWorker.java:53)
at org.testng.SuiteRunnerWorker.run(SuiteRunnerWorker.java:96)
at org.testng.TestNG.runSuitesSequentially(TestNG.java:1212)
at org.testng.TestNG.runSuitesLocally(TestNG.java:1134)
at org.testng.TestNG.runSuites(TestNG.java:1063)
at org.testng.TestNG.run(TestNG.java:1031)
at org.testng.remote.AbstractRemoteTestNG.run(AbstractRemoteTestNG.java:115)
at org.testng.remote.RemoteTestNG.initAndRun(RemoteTestNG.java:251)
at org.testng.remote.RemoteTestNG.main(RemoteTestNG.java:77)
]]>
            </full-stacktrace>
          </exception> <!-- org.openqa.selenium.TimeoutException -->
          <reporter-output>
          </reporter-output>
        </test-method> <!-- setup -->
        <test-method signature="Test_mamaearth_Returns_Page()[pri:2, instance:com.mamaearth.TestCase.TC_StaticPagesVerification@247bddad]" started-at="2023-04-10T16:56:49 IST" name="Test_mamaearth_Returns_Page" finished-at="2023-04-10T16:56:49 IST" duration-ms="0" status="SKIP">
          <exception class="org.openqa.selenium.TimeoutException">
            <message>
              <![CDATA[Expected condition failed: waiting for visibility of [[ChromeDriver: chrome on MAC (8f41d9f88a2be317dc60de2786683464)] -> id: wzrk-confirm-id] (tried for 10 second(s) with 500 milliseconds interval)
Build info: version: '4.5.0', revision: 'fe167b119a'
System info: os.name: 'Mac OS X', os.arch: 'x86_64', os.version: '11.5.1', java.version: '18.0.1.1'
Driver info: org.openqa.selenium.chrome.ChromeDriver
Capabilities {acceptInsecureCerts: false, browserName: chrome, browserVersion: 111.0.5563.146, chrome: {chromedriverVersion: 111.0.5563.64 (c710e93d5b63..., userDataDir: /var/folders/vc/xx8_9t4d2c9...}, goog:chromeOptions: {debuggerAddress: localhost:63415}, networkConnectionEnabled: false, pageLoadStrategy: normal, platformName: MAC, proxy: Proxy(), se:cdp: ws://localhost:63415/devtoo..., se:cdpVersion: 111.0.5563.146, setWindowRect: true, strictFileInteractability: false, timeouts: {implicit: 0, pageLoad: 300000, script: 30000}, unhandledPromptBehavior: dismiss and notify, webauthn:extension:credBlob: true, webauthn:extension:largeBlob: true, webauthn:extension:minPinLength: true, webauthn:extension:prf: true, webauthn:virtualAuthenticators: true}
Session ID: 8f41d9f88a2be317dc60de2786683464]]>
            </message>
            <full-stacktrace>
              <![CDATA[org.openqa.selenium.TimeoutException: Expected condition failed: waiting for visibility of [[ChromeDriver: chrome on MAC (8f41d9f88a2be317dc60de2786683464)] -> id: wzrk-confirm-id] (tried for 10 second(s) with 500 milliseconds interval)
Build info: version: '4.5.0', revision: 'fe167b119a'
System info: os.name: 'Mac OS X', os.arch: 'x86_64', os.version: '11.5.1', java.version: '18.0.1.1'
Driver info: org.openqa.selenium.chrome.ChromeDriver
Capabilities {acceptInsecureCerts: false, browserName: chrome, browserVersion: 111.0.5563.146, chrome: {chromedriverVersion: 111.0.5563.64 (c710e93d5b63..., userDataDir: /var/folders/vc/xx8_9t4d2c9...}, goog:chromeOptions: {debuggerAddress: localhost:63415}, networkConnectionEnabled: false, pageLoadStrategy: normal, platformName: MAC, proxy: Proxy(), se:cdp: ws://localhost:63415/devtoo..., se:cdpVersion: 111.0.5563.146, setWindowRect: true, strictFileInteractability: false, timeouts: {implicit: 0, pageLoad: 300000, script: 30000}, unhandledPromptBehavior: dismiss and notify, webauthn:extension:credBlob: true, webauthn:extension:largeBlob: true, webauthn:extension:minPinLength: true, webauthn:extension:prf: true, webauthn:virtualAuthenticators: true}
Session ID: 8f41d9f88a2be317dc60de2786683464
at org.openqa.selenium.support.ui.WebDriverWait.timeoutException(WebDriverWait.java:87)
at org.openqa.selenium.support.ui.FluentWait.until(FluentWait.java:231)
at com.mamaearth.Utils.mamaearth_utils.waitToElementPresence(mamaearth_utils.java:34)
at com.mamaearth.Base.mamaearth_Base.initialization(mamaearth_Base.java:65)
at com.mamaearth.TestCase.TC_StaticPagesVerification.setup(TC_StaticPagesVerification.java:36)
at java.base/jdk.internal.reflect.DirectMethodHandleAccessor.invoke(DirectMethodHandleAccessor.java:104)
at java.base/java.lang.reflect.Method.invoke(Method.java:577)
at org.testng.internal.MethodInvocationHelper.invokeMethod(MethodInvocationHelper.java:133)
at org.testng.internal.MethodInvocationHelper.invokeMethodConsideringTimeout(MethodInvocationHelper.java:62)
at org.testng.internal.ConfigInvoker.invokeConfigurationMethod(ConfigInvoker.java:385)
at org.testng.internal.ConfigInvoker.invokeConfigurations(ConfigInvoker.java:321)
at org.testng.internal.TestInvoker.runConfigMethods(TestInvoker.java:700)
at org.testng.internal.TestInvoker.invokeMethod(TestInvoker.java:527)
at org.testng.internal.TestInvoker.invokeTestMethod(TestInvoker.java:173)
at org.testng.internal.MethodRunner.runInSequence(MethodRunner.java:46)
at org.testng.internal.TestInvoker$MethodInvocationAgent.invoke(TestInvoker.java:824)
at org.testng.internal.TestInvoker.invokeTestMethods(TestInvoker.java:146)
at org.testng.internal.TestMethodWorker.invokeTestMethods(TestMethodWorker.java:146)
at org.testng.internal.TestMethodWorker.run(TestMethodWorker.java:128)
at java.base/java.util.ArrayList.forEach(ArrayList.java:1511)
at org.testng.TestRunner.privateRun(TestRunner.java:794)
at org.testng.TestRunner.run(TestRunner.java:596)
at org.testng.SuiteRunner.runTest(SuiteRunner.java:377)
at org.testng.SuiteRunner.runSequentially(SuiteRunner.java:371)
at org.testng.SuiteRunner.privateRun(SuiteRunner.java:332)
at org.testng.SuiteRunner.run(SuiteRunner.java:276)
at org.testng.SuiteRunnerWorker.runSuite(SuiteRunnerWorker.java:53)
at org.testng.SuiteRunnerWorker.run(SuiteRunnerWorker.java:96)
at org.testng.TestNG.runSuitesSequentially(TestNG.java:1212)
at org.testng.TestNG.runSuitesLocally(TestNG.java:1134)
at org.testng.TestNG.runSuites(TestNG.java:1063)
at org.testng.TestNG.run(TestNG.java:1031)
at org.testng.remote.AbstractRemoteTestNG.run(AbstractRemoteTestNG.java:115)
at org.testng.remote.RemoteTestNG.initAndRun(RemoteTestNG.java:251)
at org.testng.remote.RemoteTestNG.main(RemoteTestNG.java:77)
]]>
            </full-stacktrace>
          </exception> <!-- org.openqa.selenium.TimeoutException -->
          <reporter-output>
          </reporter-output>
        </test-method> <!-- Test_mamaearth_Returns_Page -->
        <test-method is-config="true" signature="TearDown()[pri:0, instance:com.mamaearth.TestCase.TC_StaticPagesVerification@247bddad]" started-at="2023-04-10T16:56:49 IST" name="TearDown" finished-at="1970-01-01T05:30:00 IST" duration-ms="-1681126009015" status="SKIP">
          <reporter-output>
          </reporter-output>
        </test-method> <!-- TearDown -->
        <test-method is-config="true" signature="setup()[pri:0, instance:com.mamaearth.TestCase.TC_StaticPagesVerification@247bddad]" started-at="2023-04-10T16:56:49 IST" name="setup" finished-at="1970-01-01T05:30:00 IST" duration-ms="-1681126009016" status="SKIP">
          <reporter-output>
          </reporter-output>
        </test-method> <!-- setup -->
        <test-method signature="Test_mamaearth_TermsAndConditions_Page()[pri:3, instance:com.mamaearth.TestCase.TC_StaticPagesVerification@247bddad]" started-at="2023-04-10T16:56:49 IST" name="Test_mamaearth_TermsAndConditions_Page" finished-at="2023-04-10T16:56:49 IST" duration-ms="0" status="SKIP">
          <exception class="org.openqa.selenium.TimeoutException">
            <message>
              <![CDATA[Expected condition failed: waiting for visibility of [[ChromeDriver: chrome on MAC (8f41d9f88a2be317dc60de2786683464)] -> id: wzrk-confirm-id] (tried for 10 second(s) with 500 milliseconds interval)
Build info: version: '4.5.0', revision: 'fe167b119a'
System info: os.name: 'Mac OS X', os.arch: 'x86_64', os.version: '11.5.1', java.version: '18.0.1.1'
Driver info: org.openqa.selenium.chrome.ChromeDriver
Capabilities {acceptInsecureCerts: false, browserName: chrome, browserVersion: 111.0.5563.146, chrome: {chromedriverVersion: 111.0.5563.64 (c710e93d5b63..., userDataDir: /var/folders/vc/xx8_9t4d2c9...}, goog:chromeOptions: {debuggerAddress: localhost:63415}, networkConnectionEnabled: false, pageLoadStrategy: normal, platformName: MAC, proxy: Proxy(), se:cdp: ws://localhost:63415/devtoo..., se:cdpVersion: 111.0.5563.146, setWindowRect: true, strictFileInteractability: false, timeouts: {implicit: 0, pageLoad: 300000, script: 30000}, unhandledPromptBehavior: dismiss and notify, webauthn:extension:credBlob: true, webauthn:extension:largeBlob: true, webauthn:extension:minPinLength: true, webauthn:extension:prf: true, webauthn:virtualAuthenticators: true}
Session ID: 8f41d9f88a2be317dc60de2786683464]]>
            </message>
            <full-stacktrace>
              <![CDATA[org.openqa.selenium.TimeoutException: Expected condition failed: waiting for visibility of [[ChromeDriver: chrome on MAC (8f41d9f88a2be317dc60de2786683464)] -> id: wzrk-confirm-id] (tried for 10 second(s) with 500 milliseconds interval)
Build info: version: '4.5.0', revision: 'fe167b119a'
System info: os.name: 'Mac OS X', os.arch: 'x86_64', os.version: '11.5.1', java.version: '18.0.1.1'
Driver info: org.openqa.selenium.chrome.ChromeDriver
Capabilities {acceptInsecureCerts: false, browserName: chrome, browserVersion: 111.0.5563.146, chrome: {chromedriverVersion: 111.0.5563.64 (c710e93d5b63..., userDataDir: /var/folders/vc/xx8_9t4d2c9...}, goog:chromeOptions: {debuggerAddress: localhost:63415}, networkConnectionEnabled: false, pageLoadStrategy: normal, platformName: MAC, proxy: Proxy(), se:cdp: ws://localhost:63415/devtoo..., se:cdpVersion: 111.0.5563.146, setWindowRect: true, strictFileInteractability: false, timeouts: {implicit: 0, pageLoad: 300000, script: 30000}, unhandledPromptBehavior: dismiss and notify, webauthn:extension:credBlob: true, webauthn:extension:largeBlob: true, webauthn:extension:minPinLength: true, webauthn:extension:prf: true, webauthn:virtualAuthenticators: true}
Session ID: 8f41d9f88a2be317dc60de2786683464
at org.openqa.selenium.support.ui.WebDriverWait.timeoutException(WebDriverWait.java:87)
at org.openqa.selenium.support.ui.FluentWait.until(FluentWait.java:231)
at com.mamaearth.Utils.mamaearth_utils.waitToElementPresence(mamaearth_utils.java:34)
at com.mamaearth.Base.mamaearth_Base.initialization(mamaearth_Base.java:65)
at com.mamaearth.TestCase.TC_StaticPagesVerification.setup(TC_StaticPagesVerification.java:36)
at java.base/jdk.internal.reflect.DirectMethodHandleAccessor.invoke(DirectMethodHandleAccessor.java:104)
at java.base/java.lang.reflect.Method.invoke(Method.java:577)
at org.testng.internal.MethodInvocationHelper.invokeMethod(MethodInvocationHelper.java:133)
at org.testng.internal.MethodInvocationHelper.invokeMethodConsideringTimeout(MethodInvocationHelper.java:62)
at org.testng.internal.ConfigInvoker.invokeConfigurationMethod(ConfigInvoker.java:385)
at org.testng.internal.ConfigInvoker.invokeConfigurations(ConfigInvoker.java:321)
at org.testng.internal.TestInvoker.runConfigMethods(TestInvoker.java:700)
at org.testng.internal.TestInvoker.invokeMethod(TestInvoker.java:527)
at org.testng.internal.TestInvoker.invokeTestMethod(TestInvoker.java:173)
at org.testng.internal.MethodRunner.runInSequence(MethodRunner.java:46)
at org.testng.internal.TestInvoker$MethodInvocationAgent.invoke(TestInvoker.java:824)
at org.testng.internal.TestInvoker.invokeTestMethods(TestInvoker.java:146)
at org.testng.internal.TestMethodWorker.invokeTestMethods(TestMethodWorker.java:146)
at org.testng.internal.TestMethodWorker.run(TestMethodWorker.java:128)
at java.base/java.util.ArrayList.forEach(ArrayList.java:1511)
at org.testng.TestRunner.privateRun(TestRunner.java:794)
at org.testng.TestRunner.run(TestRunner.java:596)
at org.testng.SuiteRunner.runTest(SuiteRunner.java:377)
at org.testng.SuiteRunner.runSequentially(SuiteRunner.java:371)
at org.testng.SuiteRunner.privateRun(SuiteRunner.java:332)
at org.testng.SuiteRunner.run(SuiteRunner.java:276)
at org.testng.SuiteRunnerWorker.runSuite(SuiteRunnerWorker.java:53)
at org.testng.SuiteRunnerWorker.run(SuiteRunnerWorker.java:96)
at org.testng.TestNG.runSuitesSequentially(TestNG.java:1212)
at org.testng.TestNG.runSuitesLocally(TestNG.java:1134)
at org.testng.TestNG.runSuites(TestNG.java:1063)
at org.testng.TestNG.run(TestNG.java:1031)
at org.testng.remote.AbstractRemoteTestNG.run(AbstractRemoteTestNG.java:115)
at org.testng.remote.RemoteTestNG.initAndRun(RemoteTestNG.java:251)
at org.testng.remote.RemoteTestNG.main(RemoteTestNG.java:77)
]]>
            </full-stacktrace>
          </exception> <!-- org.openqa.selenium.TimeoutException -->
          <reporter-output>
          </reporter-output>
        </test-method> <!-- Test_mamaearth_TermsAndConditions_Page -->
        <test-method is-config="true" signature="TearDown()[pri:0, instance:com.mamaearth.TestCase.TC_StaticPagesVerification@247bddad]" started-at="2023-04-10T16:56:49 IST" name="TearDown" finished-at="1970-01-01T05:30:00 IST" duration-ms="-1681126009019" status="SKIP">
          <reporter-output>
          </reporter-output>
        </test-method> <!-- TearDown -->
        <test-method is-config="true" signature="setup()[pri:0, instance:com.mamaearth.TestCase.TC_StaticPagesVerification@247bddad]" started-at="2023-04-10T16:56:49 IST" name="setup" finished-at="1970-01-01T05:30:00 IST" duration-ms="-1681126009020" status="SKIP">
          <reporter-output>
          </reporter-output>
        </test-method> <!-- setup -->
        <test-method signature="Test_mamaearth_TermsAndConditionsAndCashback_Page()[pri:4, instance:com.mamaearth.TestCase.TC_StaticPagesVerification@247bddad]" started-at="2023-04-10T16:56:49 IST" name="Test_mamaearth_TermsAndConditionsAndCashback_Page" finished-at="2023-04-10T16:56:49 IST" duration-ms="0" status="SKIP">
          <exception class="org.openqa.selenium.TimeoutException">
            <message>
              <![CDATA[Expected condition failed: waiting for visibility of [[ChromeDriver: chrome on MAC (8f41d9f88a2be317dc60de2786683464)] -> id: wzrk-confirm-id] (tried for 10 second(s) with 500 milliseconds interval)
Build info: version: '4.5.0', revision: 'fe167b119a'
System info: os.name: 'Mac OS X', os.arch: 'x86_64', os.version: '11.5.1', java.version: '18.0.1.1'
Driver info: org.openqa.selenium.chrome.ChromeDriver
Capabilities {acceptInsecureCerts: false, browserName: chrome, browserVersion: 111.0.5563.146, chrome: {chromedriverVersion: 111.0.5563.64 (c710e93d5b63..., userDataDir: /var/folders/vc/xx8_9t4d2c9...}, goog:chromeOptions: {debuggerAddress: localhost:63415}, networkConnectionEnabled: false, pageLoadStrategy: normal, platformName: MAC, proxy: Proxy(), se:cdp: ws://localhost:63415/devtoo..., se:cdpVersion: 111.0.5563.146, setWindowRect: true, strictFileInteractability: false, timeouts: {implicit: 0, pageLoad: 300000, script: 30000}, unhandledPromptBehavior: dismiss and notify, webauthn:extension:credBlob: true, webauthn:extension:largeBlob: true, webauthn:extension:minPinLength: true, webauthn:extension:prf: true, webauthn:virtualAuthenticators: true}
Session ID: 8f41d9f88a2be317dc60de2786683464]]>
            </message>
            <full-stacktrace>
              <![CDATA[org.openqa.selenium.TimeoutException: Expected condition failed: waiting for visibility of [[ChromeDriver: chrome on MAC (8f41d9f88a2be317dc60de2786683464)] -> id: wzrk-confirm-id] (tried for 10 second(s) with 500 milliseconds interval)
Build info: version: '4.5.0', revision: 'fe167b119a'
System info: os.name: 'Mac OS X', os.arch: 'x86_64', os.version: '11.5.1', java.version: '18.0.1.1'
Driver info: org.openqa.selenium.chrome.ChromeDriver
Capabilities {acceptInsecureCerts: false, browserName: chrome, browserVersion: 111.0.5563.146, chrome: {chromedriverVersion: 111.0.5563.64 (c710e93d5b63..., userDataDir: /var/folders/vc/xx8_9t4d2c9...}, goog:chromeOptions: {debuggerAddress: localhost:63415}, networkConnectionEnabled: false, pageLoadStrategy: normal, platformName: MAC, proxy: Proxy(), se:cdp: ws://localhost:63415/devtoo..., se:cdpVersion: 111.0.5563.146, setWindowRect: true, strictFileInteractability: false, timeouts: {implicit: 0, pageLoad: 300000, script: 30000}, unhandledPromptBehavior: dismiss and notify, webauthn:extension:credBlob: true, webauthn:extension:largeBlob: true, webauthn:extension:minPinLength: true, webauthn:extension:prf: true, webauthn:virtualAuthenticators: true}
Session ID: 8f41d9f88a2be317dc60de2786683464
at org.openqa.selenium.support.ui.WebDriverWait.timeoutException(WebDriverWait.java:87)
at org.openqa.selenium.support.ui.FluentWait.until(FluentWait.java:231)
at com.mamaearth.Utils.mamaearth_utils.waitToElementPresence(mamaearth_utils.java:34)
at com.mamaearth.Base.mamaearth_Base.initialization(mamaearth_Base.java:65)
at com.mamaearth.TestCase.TC_StaticPagesVerification.setup(TC_StaticPagesVerification.java:36)
at java.base/jdk.internal.reflect.DirectMethodHandleAccessor.invoke(DirectMethodHandleAccessor.java:104)
at java.base/java.lang.reflect.Method.invoke(Method.java:577)
at org.testng.internal.MethodInvocationHelper.invokeMethod(MethodInvocationHelper.java:133)
at org.testng.internal.MethodInvocationHelper.invokeMethodConsideringTimeout(MethodInvocationHelper.java:62)
at org.testng.internal.ConfigInvoker.invokeConfigurationMethod(ConfigInvoker.java:385)
at org.testng.internal.ConfigInvoker.invokeConfigurations(ConfigInvoker.java:321)
at org.testng.internal.TestInvoker.runConfigMethods(TestInvoker.java:700)
at org.testng.internal.TestInvoker.invokeMethod(TestInvoker.java:527)
at org.testng.internal.TestInvoker.invokeTestMethod(TestInvoker.java:173)
at org.testng.internal.MethodRunner.runInSequence(MethodRunner.java:46)
at org.testng.internal.TestInvoker$MethodInvocationAgent.invoke(TestInvoker.java:824)
at org.testng.internal.TestInvoker.invokeTestMethods(TestInvoker.java:146)
at org.testng.internal.TestMethodWorker.invokeTestMethods(TestMethodWorker.java:146)
at org.testng.internal.TestMethodWorker.run(TestMethodWorker.java:128)
at java.base/java.util.ArrayList.forEach(ArrayList.java:1511)
at org.testng.TestRunner.privateRun(TestRunner.java:794)
at org.testng.TestRunner.run(TestRunner.java:596)
at org.testng.SuiteRunner.runTest(SuiteRunner.java:377)
at org.testng.SuiteRunner.runSequentially(SuiteRunner.java:371)
at org.testng.SuiteRunner.privateRun(SuiteRunner.java:332)
at org.testng.SuiteRunner.run(SuiteRunner.java:276)
at org.testng.SuiteRunnerWorker.runSuite(SuiteRunnerWorker.java:53)
at org.testng.SuiteRunnerWorker.run(SuiteRunnerWorker.java:96)
at org.testng.TestNG.runSuitesSequentially(TestNG.java:1212)
at org.testng.TestNG.runSuitesLocally(TestNG.java:1134)
at org.testng.TestNG.runSuites(TestNG.java:1063)
at org.testng.TestNG.run(TestNG.java:1031)
at org.testng.remote.AbstractRemoteTestNG.run(AbstractRemoteTestNG.java:115)
at org.testng.remote.RemoteTestNG.initAndRun(RemoteTestNG.java:251)
at org.testng.remote.RemoteTestNG.main(RemoteTestNG.java:77)
]]>
            </full-stacktrace>
          </exception> <!-- org.openqa.selenium.TimeoutException -->
          <reporter-output>
          </reporter-output>
        </test-method> <!-- Test_mamaearth_TermsAndConditionsAndCashback_Page -->
        <test-method is-config="true" signature="TearDown()[pri:0, instance:com.mamaearth.TestCase.TC_StaticPagesVerification@247bddad]" started-at="2023-04-10T16:56:49 IST" name="TearDown" finished-at="1970-01-01T05:30:00 IST" duration-ms="-1681126009022" status="SKIP">
          <reporter-output>
          </reporter-output>
        </test-method> <!-- TearDown -->
        <test-method is-config="true" signature="setup()[pri:0, instance:com.mamaearth.TestCase.TC_StaticPagesVerification@247bddad]" started-at="2023-04-10T16:56:49 IST" name="setup" finished-at="1970-01-01T05:30:00 IST" duration-ms="-1681126009024" status="SKIP">
          <reporter-output>
          </reporter-output>
        </test-method> <!-- setup -->
        <test-method signature="Test_mamaearth_FAQs_Page()[pri:5, instance:com.mamaearth.TestCase.TC_StaticPagesVerification@247bddad]" started-at="2023-04-10T16:56:49 IST" name="Test_mamaearth_FAQs_Page" finished-at="2023-04-10T16:56:49 IST" duration-ms="0" status="SKIP">
          <exception class="org.openqa.selenium.TimeoutException">
            <message>
              <![CDATA[Expected condition failed: waiting for visibility of [[ChromeDriver: chrome on MAC (8f41d9f88a2be317dc60de2786683464)] -> id: wzrk-confirm-id] (tried for 10 second(s) with 500 milliseconds interval)
Build info: version: '4.5.0', revision: 'fe167b119a'
System info: os.name: 'Mac OS X', os.arch: 'x86_64', os.version: '11.5.1', java.version: '18.0.1.1'
Driver info: org.openqa.selenium.chrome.ChromeDriver
Capabilities {acceptInsecureCerts: false, browserName: chrome, browserVersion: 111.0.5563.146, chrome: {chromedriverVersion: 111.0.5563.64 (c710e93d5b63..., userDataDir: /var/folders/vc/xx8_9t4d2c9...}, goog:chromeOptions: {debuggerAddress: localhost:63415}, networkConnectionEnabled: false, pageLoadStrategy: normal, platformName: MAC, proxy: Proxy(), se:cdp: ws://localhost:63415/devtoo..., se:cdpVersion: 111.0.5563.146, setWindowRect: true, strictFileInteractability: false, timeouts: {implicit: 0, pageLoad: 300000, script: 30000}, unhandledPromptBehavior: dismiss and notify, webauthn:extension:credBlob: true, webauthn:extension:largeBlob: true, webauthn:extension:minPinLength: true, webauthn:extension:prf: true, webauthn:virtualAuthenticators: true}
Session ID: 8f41d9f88a2be317dc60de2786683464]]>
            </message>
            <full-stacktrace>
              <![CDATA[org.openqa.selenium.TimeoutException: Expected condition failed: waiting for visibility of [[ChromeDriver: chrome on MAC (8f41d9f88a2be317dc60de2786683464)] -> id: wzrk-confirm-id] (tried for 10 second(s) with 500 milliseconds interval)
Build info: version: '4.5.0', revision: 'fe167b119a'
System info: os.name: 'Mac OS X', os.arch: 'x86_64', os.version: '11.5.1', java.version: '18.0.1.1'
Driver info: org.openqa.selenium.chrome.ChromeDriver
Capabilities {acceptInsecureCerts: false, browserName: chrome, browserVersion: 111.0.5563.146, chrome: {chromedriverVersion: 111.0.5563.64 (c710e93d5b63..., userDataDir: /var/folders/vc/xx8_9t4d2c9...}, goog:chromeOptions: {debuggerAddress: localhost:63415}, networkConnectionEnabled: false, pageLoadStrategy: normal, platformName: MAC, proxy: Proxy(), se:cdp: ws://localhost:63415/devtoo..., se:cdpVersion: 111.0.5563.146, setWindowRect: true, strictFileInteractability: false, timeouts: {implicit: 0, pageLoad: 300000, script: 30000}, unhandledPromptBehavior: dismiss and notify, webauthn:extension:credBlob: true, webauthn:extension:largeBlob: true, webauthn:extension:minPinLength: true, webauthn:extension:prf: true, webauthn:virtualAuthenticators: true}
Session ID: 8f41d9f88a2be317dc60de2786683464
at org.openqa.selenium.support.ui.WebDriverWait.timeoutException(WebDriverWait.java:87)
at org.openqa.selenium.support.ui.FluentWait.until(FluentWait.java:231)
at com.mamaearth.Utils.mamaearth_utils.waitToElementPresence(mamaearth_utils.java:34)
at com.mamaearth.Base.mamaearth_Base.initialization(mamaearth_Base.java:65)
at com.mamaearth.TestCase.TC_StaticPagesVerification.setup(TC_StaticPagesVerification.java:36)
at java.base/jdk.internal.reflect.DirectMethodHandleAccessor.invoke(DirectMethodHandleAccessor.java:104)
at java.base/java.lang.reflect.Method.invoke(Method.java:577)
at org.testng.internal.MethodInvocationHelper.invokeMethod(MethodInvocationHelper.java:133)
at org.testng.internal.MethodInvocationHelper.invokeMethodConsideringTimeout(MethodInvocationHelper.java:62)
at org.testng.internal.ConfigInvoker.invokeConfigurationMethod(ConfigInvoker.java:385)
at org.testng.internal.ConfigInvoker.invokeConfigurations(ConfigInvoker.java:321)
at org.testng.internal.TestInvoker.runConfigMethods(TestInvoker.java:700)
at org.testng.internal.TestInvoker.invokeMethod(TestInvoker.java:527)
at org.testng.internal.TestInvoker.invokeTestMethod(TestInvoker.java:173)
at org.testng.internal.MethodRunner.runInSequence(MethodRunner.java:46)
at org.testng.internal.TestInvoker$MethodInvocationAgent.invoke(TestInvoker.java:824)
at org.testng.internal.TestInvoker.invokeTestMethods(TestInvoker.java:146)
at org.testng.internal.TestMethodWorker.invokeTestMethods(TestMethodWorker.java:146)
at org.testng.internal.TestMethodWorker.run(TestMethodWorker.java:128)
at java.base/java.util.ArrayList.forEach(ArrayList.java:1511)
at org.testng.TestRunner.privateRun(TestRunner.java:794)
at org.testng.TestRunner.run(TestRunner.java:596)
at org.testng.SuiteRunner.runTest(SuiteRunner.java:377)
at org.testng.SuiteRunner.runSequentially(SuiteRunner.java:371)
at org.testng.SuiteRunner.privateRun(SuiteRunner.java:332)
at org.testng.SuiteRunner.run(SuiteRunner.java:276)
at org.testng.SuiteRunnerWorker.runSuite(SuiteRunnerWorker.java:53)
at org.testng.SuiteRunnerWorker.run(SuiteRunnerWorker.java:96)
at org.testng.TestNG.runSuitesSequentially(TestNG.java:1212)
at org.testng.TestNG.runSuitesLocally(TestNG.java:1134)
at org.testng.TestNG.runSuites(TestNG.java:1063)
at org.testng.TestNG.run(TestNG.java:1031)
at org.testng.remote.AbstractRemoteTestNG.run(AbstractRemoteTestNG.java:115)
at org.testng.remote.RemoteTestNG.initAndRun(RemoteTestNG.java:251)
at org.testng.remote.RemoteTestNG.main(RemoteTestNG.java:77)
]]>
            </full-stacktrace>
          </exception> <!-- org.openqa.selenium.TimeoutException -->
          <reporter-output>
          </reporter-output>
        </test-method> <!-- Test_mamaearth_FAQs_Page -->
        <test-method is-config="true" signature="TearDown()[pri:0, instance:com.mamaearth.TestCase.TC_StaticPagesVerification@247bddad]" started-at="2023-04-10T16:56:49 IST" name="TearDown" finished-at="1970-01-01T05:30:00 IST" duration-ms="-1681126009027" status="SKIP">
          <reporter-output>
          </reporter-output>
        </test-method> <!-- TearDown -->
        <test-method is-config="true" signature="setup()[pri:0, instance:com.mamaearth.TestCase.TC_StaticPagesVerification@247bddad]" started-at="2023-04-10T16:56:49 IST" name="setup" finished-at="1970-01-01T05:30:00 IST" duration-ms="-1681126009029" status="SKIP">
          <reporter-output>
          </reporter-output>
        </test-method> <!-- setup -->
        <test-method signature="Test_mamaearth_WeAreSafe_Page()[pri:6, instance:com.mamaearth.TestCase.TC_StaticPagesVerification@247bddad]" started-at="2023-04-10T16:56:49 IST" name="Test_mamaearth_WeAreSafe_Page" finished-at="2023-04-10T16:56:49 IST" duration-ms="0" status="SKIP">
          <exception class="org.openqa.selenium.TimeoutException">
            <message>
              <![CDATA[Expected condition failed: waiting for visibility of [[ChromeDriver: chrome on MAC (8f41d9f88a2be317dc60de2786683464)] -> id: wzrk-confirm-id] (tried for 10 second(s) with 500 milliseconds interval)
Build info: version: '4.5.0', revision: 'fe167b119a'
System info: os.name: 'Mac OS X', os.arch: 'x86_64', os.version: '11.5.1', java.version: '18.0.1.1'
Driver info: org.openqa.selenium.chrome.ChromeDriver
Capabilities {acceptInsecureCerts: false, browserName: chrome, browserVersion: 111.0.5563.146, chrome: {chromedriverVersion: 111.0.5563.64 (c710e93d5b63..., userDataDir: /var/folders/vc/xx8_9t4d2c9...}, goog:chromeOptions: {debuggerAddress: localhost:63415}, networkConnectionEnabled: false, pageLoadStrategy: normal, platformName: MAC, proxy: Proxy(), se:cdp: ws://localhost:63415/devtoo..., se:cdpVersion: 111.0.5563.146, setWindowRect: true, strictFileInteractability: false, timeouts: {implicit: 0, pageLoad: 300000, script: 30000}, unhandledPromptBehavior: dismiss and notify, webauthn:extension:credBlob: true, webauthn:extension:largeBlob: true, webauthn:extension:minPinLength: true, webauthn:extension:prf: true, webauthn:virtualAuthenticators: true}
Session ID: 8f41d9f88a2be317dc60de2786683464]]>
            </message>
            <full-stacktrace>
              <![CDATA[org.openqa.selenium.TimeoutException: Expected condition failed: waiting for visibility of [[ChromeDriver: chrome on MAC (8f41d9f88a2be317dc60de2786683464)] -> id: wzrk-confirm-id] (tried for 10 second(s) with 500 milliseconds interval)
Build info: version: '4.5.0', revision: 'fe167b119a'
System info: os.name: 'Mac OS X', os.arch: 'x86_64', os.version: '11.5.1', java.version: '18.0.1.1'
Driver info: org.openqa.selenium.chrome.ChromeDriver
Capabilities {acceptInsecureCerts: false, browserName: chrome, browserVersion: 111.0.5563.146, chrome: {chromedriverVersion: 111.0.5563.64 (c710e93d5b63..., userDataDir: /var/folders/vc/xx8_9t4d2c9...}, goog:chromeOptions: {debuggerAddress: localhost:63415}, networkConnectionEnabled: false, pageLoadStrategy: normal, platformName: MAC, proxy: Proxy(), se:cdp: ws://localhost:63415/devtoo..., se:cdpVersion: 111.0.5563.146, setWindowRect: true, strictFileInteractability: false, timeouts: {implicit: 0, pageLoad: 300000, script: 30000}, unhandledPromptBehavior: dismiss and notify, webauthn:extension:credBlob: true, webauthn:extension:largeBlob: true, webauthn:extension:minPinLength: true, webauthn:extension:prf: true, webauthn:virtualAuthenticators: true}
Session ID: 8f41d9f88a2be317dc60de2786683464
at org.openqa.selenium.support.ui.WebDriverWait.timeoutException(WebDriverWait.java:87)
at org.openqa.selenium.support.ui.FluentWait.until(FluentWait.java:231)
at com.mamaearth.Utils.mamaearth_utils.waitToElementPresence(mamaearth_utils.java:34)
at com.mamaearth.Base.mamaearth_Base.initialization(mamaearth_Base.java:65)
at com.mamaearth.TestCase.TC_StaticPagesVerification.setup(TC_StaticPagesVerification.java:36)
at java.base/jdk.internal.reflect.DirectMethodHandleAccessor.invoke(DirectMethodHandleAccessor.java:104)
at java.base/java.lang.reflect.Method.invoke(Method.java:577)
at org.testng.internal.MethodInvocationHelper.invokeMethod(MethodInvocationHelper.java:133)
at org.testng.internal.MethodInvocationHelper.invokeMethodConsideringTimeout(MethodInvocationHelper.java:62)
at org.testng.internal.ConfigInvoker.invokeConfigurationMethod(ConfigInvoker.java:385)
at org.testng.internal.ConfigInvoker.invokeConfigurations(ConfigInvoker.java:321)
at org.testng.internal.TestInvoker.runConfigMethods(TestInvoker.java:700)
at org.testng.internal.TestInvoker.invokeMethod(TestInvoker.java:527)
at org.testng.internal.TestInvoker.invokeTestMethod(TestInvoker.java:173)
at org.testng.internal.MethodRunner.runInSequence(MethodRunner.java:46)
at org.testng.internal.TestInvoker$MethodInvocationAgent.invoke(TestInvoker.java:824)
at org.testng.internal.TestInvoker.invokeTestMethods(TestInvoker.java:146)
at org.testng.internal.TestMethodWorker.invokeTestMethods(TestMethodWorker.java:146)
at org.testng.internal.TestMethodWorker.run(TestMethodWorker.java:128)
at java.base/java.util.ArrayList.forEach(ArrayList.java:1511)
at org.testng.TestRunner.privateRun(TestRunner.java:794)
at org.testng.TestRunner.run(TestRunner.java:596)
at org.testng.SuiteRunner.runTest(SuiteRunner.java:377)
at org.testng.SuiteRunner.runSequentially(SuiteRunner.java:371)
at org.testng.SuiteRunner.privateRun(SuiteRunner.java:332)
at org.testng.SuiteRunner.run(SuiteRunner.java:276)
at org.testng.SuiteRunnerWorker.runSuite(SuiteRunnerWorker.java:53)
at org.testng.SuiteRunnerWorker.run(SuiteRunnerWorker.java:96)
at org.testng.TestNG.runSuitesSequentially(TestNG.java:1212)
at org.testng.TestNG.runSuitesLocally(TestNG.java:1134)
at org.testng.TestNG.runSuites(TestNG.java:1063)
at org.testng.TestNG.run(TestNG.java:1031)
at org.testng.remote.AbstractRemoteTestNG.run(AbstractRemoteTestNG.java:115)
at org.testng.remote.RemoteTestNG.initAndRun(RemoteTestNG.java:251)
at org.testng.remote.RemoteTestNG.main(RemoteTestNG.java:77)
]]>
            </full-stacktrace>
          </exception> <!-- org.openqa.selenium.TimeoutException -->
          <reporter-output>
          </reporter-output>
        </test-method> <!-- Test_mamaearth_WeAreSafe_Page -->
        <test-method is-config="true" signature="TearDown()[pri:0, instance:com.mamaearth.TestCase.TC_StaticPagesVerification@247bddad]" started-at="2023-04-10T16:56:49 IST" name="TearDown" finished-at="1970-01-01T05:30:00 IST" duration-ms="-1681126009032" status="SKIP">
          <reporter-output>
          </reporter-output>
        </test-method> <!-- TearDown -->
        <test-method is-config="true" signature="setup()[pri:0, instance:com.mamaearth.TestCase.TC_StaticPagesVerification@247bddad]" started-at="2023-04-10T16:56:49 IST" name="setup" finished-at="1970-01-01T05:30:00 IST" duration-ms="-1681126009034" status="SKIP">
          <reporter-output>
          </reporter-output>
        </test-method> <!-- setup -->
        <test-method signature="Test_mamaearth_AboutUS_Page()[pri:7, instance:com.mamaearth.TestCase.TC_StaticPagesVerification@247bddad]" started-at="2023-04-10T16:56:49 IST" name="Test_mamaearth_AboutUS_Page" finished-at="2023-04-10T16:56:49 IST" duration-ms="0" status="SKIP">
          <exception class="org.openqa.selenium.TimeoutException">
            <message>
              <![CDATA[Expected condition failed: waiting for visibility of [[ChromeDriver: chrome on MAC (8f41d9f88a2be317dc60de2786683464)] -> id: wzrk-confirm-id] (tried for 10 second(s) with 500 milliseconds interval)
Build info: version: '4.5.0', revision: 'fe167b119a'
System info: os.name: 'Mac OS X', os.arch: 'x86_64', os.version: '11.5.1', java.version: '18.0.1.1'
Driver info: org.openqa.selenium.chrome.ChromeDriver
Capabilities {acceptInsecureCerts: false, browserName: chrome, browserVersion: 111.0.5563.146, chrome: {chromedriverVersion: 111.0.5563.64 (c710e93d5b63..., userDataDir: /var/folders/vc/xx8_9t4d2c9...}, goog:chromeOptions: {debuggerAddress: localhost:63415}, networkConnectionEnabled: false, pageLoadStrategy: normal, platformName: MAC, proxy: Proxy(), se:cdp: ws://localhost:63415/devtoo..., se:cdpVersion: 111.0.5563.146, setWindowRect: true, strictFileInteractability: false, timeouts: {implicit: 0, pageLoad: 300000, script: 30000}, unhandledPromptBehavior: dismiss and notify, webauthn:extension:credBlob: true, webauthn:extension:largeBlob: true, webauthn:extension:minPinLength: true, webauthn:extension:prf: true, webauthn:virtualAuthenticators: true}
Session ID: 8f41d9f88a2be317dc60de2786683464]]>
            </message>
            <full-stacktrace>
              <![CDATA[org.openqa.selenium.TimeoutException: Expected condition failed: waiting for visibility of [[ChromeDriver: chrome on MAC (8f41d9f88a2be317dc60de2786683464)] -> id: wzrk-confirm-id] (tried for 10 second(s) with 500 milliseconds interval)
Build info: version: '4.5.0', revision: 'fe167b119a'
System info: os.name: 'Mac OS X', os.arch: 'x86_64', os.version: '11.5.1', java.version: '18.0.1.1'
Driver info: org.openqa.selenium.chrome.ChromeDriver
Capabilities {acceptInsecureCerts: false, browserName: chrome, browserVersion: 111.0.5563.146, chrome: {chromedriverVersion: 111.0.5563.64 (c710e93d5b63..., userDataDir: /var/folders/vc/xx8_9t4d2c9...}, goog:chromeOptions: {debuggerAddress: localhost:63415}, networkConnectionEnabled: false, pageLoadStrategy: normal, platformName: MAC, proxy: Proxy(), se:cdp: ws://localhost:63415/devtoo..., se:cdpVersion: 111.0.5563.146, setWindowRect: true, strictFileInteractability: false, timeouts: {implicit: 0, pageLoad: 300000, script: 30000}, unhandledPromptBehavior: dismiss and notify, webauthn:extension:credBlob: true, webauthn:extension:largeBlob: true, webauthn:extension:minPinLength: true, webauthn:extension:prf: true, webauthn:virtualAuthenticators: true}
Session ID: 8f41d9f88a2be317dc60de2786683464
at org.openqa.selenium.support.ui.WebDriverWait.timeoutException(WebDriverWait.java:87)
at org.openqa.selenium.support.ui.FluentWait.until(FluentWait.java:231)
at com.mamaearth.Utils.mamaearth_utils.waitToElementPresence(mamaearth_utils.java:34)
at com.mamaearth.Base.mamaearth_Base.initialization(mamaearth_Base.java:65)
at com.mamaearth.TestCase.TC_StaticPagesVerification.setup(TC_StaticPagesVerification.java:36)
at java.base/jdk.internal.reflect.DirectMethodHandleAccessor.invoke(DirectMethodHandleAccessor.java:104)
at java.base/java.lang.reflect.Method.invoke(Method.java:577)
at org.testng.internal.MethodInvocationHelper.invokeMethod(MethodInvocationHelper.java:133)
at org.testng.internal.MethodInvocationHelper.invokeMethodConsideringTimeout(MethodInvocationHelper.java:62)
at org.testng.internal.ConfigInvoker.invokeConfigurationMethod(ConfigInvoker.java:385)
at org.testng.internal.ConfigInvoker.invokeConfigurations(ConfigInvoker.java:321)
at org.testng.internal.TestInvoker.runConfigMethods(TestInvoker.java:700)
at org.testng.internal.TestInvoker.invokeMethod(TestInvoker.java:527)
at org.testng.internal.TestInvoker.invokeTestMethod(TestInvoker.java:173)
at org.testng.internal.MethodRunner.runInSequence(MethodRunner.java:46)
at org.testng.internal.TestInvoker$MethodInvocationAgent.invoke(TestInvoker.java:824)
at org.testng.internal.TestInvoker.invokeTestMethods(TestInvoker.java:146)
at org.testng.internal.TestMethodWorker.invokeTestMethods(TestMethodWorker.java:146)
at org.testng.internal.TestMethodWorker.run(TestMethodWorker.java:128)
at java.base/java.util.ArrayList.forEach(ArrayList.java:1511)
at org.testng.TestRunner.privateRun(TestRunner.java:794)
at org.testng.TestRunner.run(TestRunner.java:596)
at org.testng.SuiteRunner.runTest(SuiteRunner.java:377)
at org.testng.SuiteRunner.runSequentially(SuiteRunner.java:371)
at org.testng.SuiteRunner.privateRun(SuiteRunner.java:332)
at org.testng.SuiteRunner.run(SuiteRunner.java:276)
at org.testng.SuiteRunnerWorker.runSuite(SuiteRunnerWorker.java:53)
at org.testng.SuiteRunnerWorker.run(SuiteRunnerWorker.java:96)
at org.testng.TestNG.runSuitesSequentially(TestNG.java:1212)
at org.testng.TestNG.runSuitesLocally(TestNG.java:1134)
at org.testng.TestNG.runSuites(TestNG.java:1063)
at org.testng.TestNG.run(TestNG.java:1031)
at org.testng.remote.AbstractRemoteTestNG.run(AbstractRemoteTestNG.java:115)
at org.testng.remote.RemoteTestNG.initAndRun(RemoteTestNG.java:251)
at org.testng.remote.RemoteTestNG.main(RemoteTestNG.java:77)
]]>
            </full-stacktrace>
          </exception> <!-- org.openqa.selenium.TimeoutException -->
          <reporter-output>
          </reporter-output>
        </test-method> <!-- Test_mamaearth_AboutUS_Page -->
        <test-method is-config="true" signature="TearDown()[pri:0, instance:com.mamaearth.TestCase.TC_StaticPagesVerification@247bddad]" started-at="2023-04-10T16:56:49 IST" name="TearDown" finished-at="1970-01-01T05:30:00 IST" duration-ms="-1681126009036" status="SKIP">
          <reporter-output>
          </reporter-output>
        </test-method> <!-- TearDown -->
      </class> <!-- com.mamaearth.TestCase.TC_StaticPagesVerification -->
    </test> <!-- SearchAlgolia and Static Page Test -->
    <test started-at="2023-04-10T16:56:54 IST" name="Cheackout Test" finished-at="2023-04-10T16:58:05 IST" duration-ms="71643">
      <class name="com.mamaearth.TestCase.TC_CheckcoutWithoutGI">
        <test-method is-config="true" signature="setup()[pri:0, instance:com.mamaearth.TestCase.TC_CheckcoutWithoutGI@48974e45]" started-at="2023-04-10T16:56:54 IST" name="setup" finished-at="2023-04-10T16:57:02 IST" duration-ms="8030" status="PASS">
          <reporter-output>
          </reporter-output>
        </test-method> <!-- setup -->
        <test-method signature="Test_GuestUser_WithCoupon_withoutGI_COD(java.lang.String,java.lang.String,java.lang.String,java.lang.String,java.lang.String,java.lang.String)[pri:1, instance:com.mamaearth.TestCase.TC_CheckcoutWithoutGI@48974e45]" started-at="2023-04-10T16:57:02 IST" name="Test_GuestUser_WithCoupon_withoutGI_COD" data-provider="fill_address_details" finished-at="2023-04-10T16:57:30 IST" duration-ms="27641" status="PASS">
          <params>
            <param index="0">
              <value>
                <![CDATA[udit]]>
              </value>
            </param>
            <param index="1">
              <value>
                <![CDATA[sharma]]>
              </value>
            </param>
            <param index="2">
              <value>
                <![CDATA[uudfjksdf125@gmail.com]]>
              </value>
            </param>
            <param index="3">
              <value>
                <![CDATA[9090989098]]>
              </value>
            </param>
            <param index="4">
              <value>
                <![CDATA[110031]]>
              </value>
            </param>
            <param index="5">
              <value>
                <![CDATA[B- 385/s, Street no.9]]>
              </value>
            </param>
          </params>
          <reporter-output>
          </reporter-output>
        </test-method> <!-- Test_GuestUser_WithCoupon_withoutGI_COD -->
        <test-method is-config="true" signature="teardown()[pri:0, instance:com.mamaearth.TestCase.TC_CheckcoutWithoutGI@48974e45]" started-at="2023-04-10T16:57:30 IST" name="teardown" finished-at="2023-04-10T16:57:30 IST" duration-ms="218" status="PASS">
          <reporter-output>
          </reporter-output>
        </test-method> <!-- teardown -->
        <test-method is-config="true" signature="setup()[pri:0, instance:com.mamaearth.TestCase.TC_CheckcoutWithoutGI@48974e45]" started-at="2023-04-10T16:57:30 IST" name="setup" finished-at="2023-04-10T16:57:39 IST" duration-ms="9054" status="PASS">
          <reporter-output>
          </reporter-output>
        </test-method> <!-- setup -->
        <test-method signature="Test_GuestUser_WithoutCoupon_withoutGI_COD(java.lang.String,java.lang.String,java.lang.String,java.lang.String,java.lang.String,java.lang.String)[pri:2, instance:com.mamaearth.TestCase.TC_CheckcoutWithoutGI@48974e45]" started-at="2023-04-10T16:57:39 IST" name="Test_GuestUser_WithoutCoupon_withoutGI_COD" data-provider="fill_address_details" finished-at="2023-04-10T16:58:05 IST" duration-ms="25910" status="PASS">
          <params>
            <param index="0">
              <value>
                <![CDATA[udit]]>
              </value>
            </param>
            <param index="1">
              <value>
                <![CDATA[sharma]]>
              </value>
            </param>
            <param index="2">
              <value>
                <![CDATA[uudfjksdf125@gmail.com]]>
              </value>
            </param>
            <param index="3">
              <value>
                <![CDATA[9090989098]]>
              </value>
            </param>
            <param index="4">
              <value>
                <![CDATA[110031]]>
              </value>
            </param>
            <param index="5">
              <value>
                <![CDATA[B- 385/s, Street no.9]]>
              </value>
            </param>
          </params>
          <reporter-output>
          </reporter-output>
        </test-method> <!-- Test_GuestUser_WithoutCoupon_withoutGI_COD -->
        <test-method is-config="true" signature="teardown()[pri:0, instance:com.mamaearth.TestCase.TC_CheckcoutWithoutGI@48974e45]" started-at="2023-04-10T16:58:05 IST" name="teardown" finished-at="2023-04-10T16:58:05 IST" duration-ms="218" status="PASS">
          <reporter-output>
          </reporter-output>
        </test-method> <!-- teardown -->
      </class> <!-- com.mamaearth.TestCase.TC_CheckcoutWithoutGI -->
    </test> <!-- Cheackout Test -->
  </suite> <!-- Suite -->
</testng-results>
