<?xml version="1.0" encoding="UTF-8"?>
<testng-results ignored="0" total="4" passed="4" failed="0" skipped="0">
  <reporter-output>
  </reporter-output>
  <suite started-at="2023-04-12T22:50:22 IST" name="Default suite" finished-at="2023-04-12T22:51:26 IST" duration-ms="64752">
    <groups>
    </groups>
    <test started-at="2023-04-12T22:50:22 IST" name="Default test" finished-at="2023-04-12T22:51:26 IST" duration-ms="64752">
      <class name="com.mamaearth.TestCase.TC_VerifyLoginFlow">
        <test-method is-config="true" signature="setup()[pri:0, instance:com.mamaearth.TestCase.TC_VerifyLoginFlow@7b2bbc3]" started-at="2023-04-12T22:50:22 IST" name="setup" finished-at="2023-04-12T22:50:35 IST" duration-ms="12798" status="PASS">
          <reporter-output>
          </reporter-output>
        </test-method> <!-- setup -->
        <test-method signature="Test_login_with_EmptyNumber()[pri:0, instance:com.mamaearth.TestCase.TC_VerifyLoginFlow@7b2bbc3]" started-at="2023-04-12T22:50:35 IST" name="Test_login_with_EmptyNumber" finished-at="2023-04-12T22:50:36 IST" duration-ms="1141" status="PASS">
          <reporter-output>
          </reporter-output>
        </test-method> <!-- Test_login_with_EmptyNumber -->
        <test-method is-config="true" signature="tearDown()[pri:0, instance:com.mamaearth.TestCase.TC_VerifyLoginFlow@7b2bbc3]" started-at="2023-04-12T22:50:36 IST" name="tearDown" finished-at="2023-04-12T22:50:36 IST" duration-ms="215" status="PASS">
          <reporter-output>
          </reporter-output>
        </test-method> <!-- tearDown -->
        <test-method is-config="true" signature="setup()[pri:0, instance:com.mamaearth.TestCase.TC_VerifyLoginFlow@7b2bbc3]" started-at="2023-04-12T22:50:36 IST" name="setup" finished-at="2023-04-12T22:50:46 IST" duration-ms="10154" status="PASS">
          <reporter-output>
          </reporter-output>
        </test-method> <!-- setup -->
        <test-method signature="Test_login_with_InvalidNumber()[pri:0, instance:com.mamaearth.TestCase.TC_VerifyLoginFlow@7b2bbc3]" started-at="2023-04-12T22:50:46 IST" name="Test_login_with_InvalidNumber" finished-at="2023-04-12T22:50:47 IST" duration-ms="1208" status="PASS">
          <reporter-output>
          </reporter-output>
        </test-method> <!-- Test_login_with_InvalidNumber -->
        <test-method is-config="true" signature="tearDown()[pri:0, instance:com.mamaearth.TestCase.TC_VerifyLoginFlow@7b2bbc3]" started-at="2023-04-12T22:50:47 IST" name="tearDown" finished-at="2023-04-12T22:50:47 IST" duration-ms="211" status="PASS">
          <reporter-output>
          </reporter-output>
        </test-method> <!-- tearDown -->
        <test-method is-config="true" signature="setup()[pri:0, instance:com.mamaearth.TestCase.TC_VerifyLoginFlow@7b2bbc3]" started-at="2023-04-12T22:50:47 IST" name="setup" finished-at="2023-04-12T22:51:03 IST" duration-ms="15166" status="PASS">
          <reporter-output>
          </reporter-output>
        </test-method> <!-- setup -->
        <test-method signature="Test_login_with_lessThanTenDigitNumber()[pri:0, instance:com.mamaearth.TestCase.TC_VerifyLoginFlow@7b2bbc3]" started-at="2023-04-12T22:51:03 IST" name="Test_login_with_lessThanTenDigitNumber" finished-at="2023-04-12T22:51:04 IST" duration-ms="1025" status="PASS">
          <reporter-output>
          </reporter-output>
        </test-method> <!-- Test_login_with_lessThanTenDigitNumber -->
        <test-method is-config="true" signature="tearDown()[pri:0, instance:com.mamaearth.TestCase.TC_VerifyLoginFlow@7b2bbc3]" started-at="2023-04-12T22:51:04 IST" name="tearDown" finished-at="2023-04-12T22:51:04 IST" duration-ms="207" status="PASS">
          <reporter-output>
          </reporter-output>
        </test-method> <!-- tearDown -->
        <test-method is-config="true" signature="setup()[pri:0, instance:com.mamaearth.TestCase.TC_VerifyLoginFlow@7b2bbc3]" started-at="2023-04-12T22:51:04 IST" name="setup" finished-at="2023-04-12T22:51:25 IST" duration-ms="21016" status="PASS">
          <reporter-output>
          </reporter-output>
        </test-method> <!-- setup -->
        <test-method signature="Test_login_with_moreThanTenDigitNumber()[pri:0, instance:com.mamaearth.TestCase.TC_VerifyLoginFlow@7b2bbc3]" started-at="2023-04-12T22:51:25 IST" name="Test_login_with_moreThanTenDigitNumber" finished-at="2023-04-12T22:51:26 IST" duration-ms="1362" status="PASS">
          <reporter-output>
          </reporter-output>
        </test-method> <!-- Test_login_with_moreThanTenDigitNumber -->
        <test-method is-config="true" signature="tearDown()[pri:0, instance:com.mamaearth.TestCase.TC_VerifyLoginFlow@7b2bbc3]" started-at="2023-04-12T22:51:26 IST" name="tearDown" finished-at="2023-04-12T22:51:26 IST" duration-ms="211" status="PASS">
          <reporter-output>
          </reporter-output>
        </test-method> <!-- tearDown -->
      </class> <!-- com.mamaearth.TestCase.TC_VerifyLoginFlow -->
    </test> <!-- Default test -->
  </suite> <!-- Default suite -->
</testng-results>
