<?xml version="1.0" encoding="UTF-8"?>
<testng-results ignored="0" total="51" passed="51" failed="0" skipped="0">
  <reporter-output>
  </reporter-output>
  <suite started-at="2023-03-10T14:38:30 IST" name="Default suite" finished-at="2023-03-10T14:39:53 IST" duration-ms="82939">
    <groups>
    </groups>
    <test started-at="2023-03-10T14:38:30 IST" name="Default test" finished-at="2023-03-10T14:39:53 IST" duration-ms="82939">
      <class name="com.mamaearth.TestCase.TC_VerifyAllCategories">
        <test-method is-config="true" signature="setup()[pri:0, instance:com.mamaearth.TestCase.TC_VerifyAllCategories@692f203f]" started-at="2023-03-10T14:38:30 IST" name="setup" finished-at="2023-03-10T14:38:40 IST" duration-ms="9621" status="PASS">
          <reporter-output>
          </reporter-output>
        </test-method> <!-- setup -->
        <test-method signature="Test_mamaearth_launching()[pri:1, instance:com.mamaearth.TestCase.TC_VerifyAllCategories@692f203f]" started-at="2023-03-10T14:38:40 IST" name="Test_mamaearth_launching" finished-at="2023-03-10T14:38:40 IST" duration-ms="71" status="PASS">
          <reporter-output>
          </reporter-output>
        </test-method> <!-- Test_mamaearth_launching -->
        <test-method signature="Test_mamaearth_category_Beauty_launching()[pri:2, instance:com.mamaearth.TestCase.TC_VerifyAllCategories@692f203f]" started-at="2023-03-10T14:38:40 IST" name="Test_mamaearth_category_Beauty_launching" finished-at="2023-03-10T14:38:44 IST" duration-ms="3591" status="PASS">
          <reporter-output>
          </reporter-output>
        </test-method> <!-- Test_mamaearth_category_Beauty_launching -->
        <test-method signature="Test_mamaearth_category_Beauty_Fragrance_launching()[pri:3, instance:com.mamaearth.TestCase.TC_VerifyAllCategories@692f203f]" started-at="2023-03-10T14:38:44 IST" name="Test_mamaearth_category_Beauty_Fragrance_launching" finished-at="2023-03-10T14:38:45 IST" duration-ms="1735" status="PASS">
          <reporter-output>
          </reporter-output>
        </test-method> <!-- Test_mamaearth_category_Beauty_Fragrance_launching -->
        <test-method signature="Test_mamaearth_category_Beauty_FacialKits_launching()[pri:4, instance:com.mamaearth.TestCase.TC_VerifyAllCategories@692f203f]" started-at="2023-03-10T14:38:45 IST" name="Test_mamaearth_category_Beauty_FacialKits_launching" finished-at="2023-03-10T14:38:49 IST" duration-ms="3271" status="PASS">
          <reporter-output>
          </reporter-output>
        </test-method> <!-- Test_mamaearth_category_Beauty_FacialKits_launching -->
        <test-method signature="Test_mamaearth_category_Hair_launching()[pri:5, instance:com.mamaearth.TestCase.TC_VerifyAllCategories@692f203f]" started-at="2023-03-10T14:38:49 IST" name="Test_mamaearth_category_Hair_launching" finished-at="2023-03-10T14:38:50 IST" duration-ms="1418" status="PASS">
          <reporter-output>
          </reporter-output>
        </test-method> <!-- Test_mamaearth_category_Hair_launching -->
        <test-method signature="Test_mamaearth_category_Hair_Shampoo_launching()[pri:6, instance:com.mamaearth.TestCase.TC_VerifyAllCategories@692f203f]" started-at="2023-03-10T14:38:50 IST" name="Test_mamaearth_category_Hair_Shampoo_launching" finished-at="2023-03-10T14:38:51 IST" duration-ms="1148" status="PASS">
          <reporter-output>
          </reporter-output>
        </test-method> <!-- Test_mamaearth_category_Hair_Shampoo_launching -->
        <test-method signature="Test_mamaearth_category_Hair_Conditioner_launching()[pri:7, instance:com.mamaearth.TestCase.TC_VerifyAllCategories@692f203f]" started-at="2023-03-10T14:38:51 IST" name="Test_mamaearth_category_Hair_Conditioner_launching" finished-at="2023-03-10T14:38:52 IST" duration-ms="1324" status="PASS">
          <reporter-output>
          </reporter-output>
        </test-method> <!-- Test_mamaearth_category_Hair_Conditioner_launching -->
        <test-method signature="Test_mamaearth_category_Hair_HairOil_launching()[pri:8, instance:com.mamaearth.TestCase.TC_VerifyAllCategories@692f203f]" started-at="2023-03-10T14:38:52 IST" name="Test_mamaearth_category_Hair_HairOil_launching" finished-at="2023-03-10T14:38:54 IST" duration-ms="1139" status="PASS">
          <reporter-output>
          </reporter-output>
        </test-method> <!-- Test_mamaearth_category_Hair_HairOil_launching -->
        <test-method signature="Test_mamaearth_category_Hair_HairMask_launching()[pri:9, instance:com.mamaearth.TestCase.TC_VerifyAllCategories@692f203f]" started-at="2023-03-10T14:38:54 IST" name="Test_mamaearth_category_Hair_HairMask_launching" finished-at="2023-03-10T14:38:55 IST" duration-ms="1178" status="PASS">
          <reporter-output>
          </reporter-output>
        </test-method> <!-- Test_mamaearth_category_Hair_HairMask_launching -->
        <test-method signature="Test_mamaearth_category_Hair_HairSerum_launching()[pri:10, instance:com.mamaearth.TestCase.TC_VerifyAllCategories@692f203f]" started-at="2023-03-10T14:38:55 IST" name="Test_mamaearth_category_Hair_HairSerum_launching" finished-at="2023-03-10T14:38:56 IST" duration-ms="1072" status="PASS">
          <reporter-output>
          </reporter-output>
        </test-method> <!-- Test_mamaearth_category_Hair_HairSerum_launching -->
        <test-method signature="Test_mamaearth_category_Hair_HairOilBooster_launching()[pri:11, instance:com.mamaearth.TestCase.TC_VerifyAllCategories@692f203f]" started-at="2023-03-10T14:38:56 IST" name="Test_mamaearth_category_Hair_HairOilBooster_launching" finished-at="2023-03-10T14:38:57 IST" duration-ms="1004" status="PASS">
          <reporter-output>
          </reporter-output>
        </test-method> <!-- Test_mamaearth_category_Hair_HairOilBooster_launching -->
        <test-method signature="Test_mamaearth_category_Face_launching()[pri:12, instance:com.mamaearth.TestCase.TC_VerifyAllCategories@692f203f]" started-at="2023-03-10T14:38:57 IST" name="Test_mamaearth_category_Face_launching" finished-at="2023-03-10T14:38:59 IST" duration-ms="1855" status="PASS">
          <reporter-output>
          </reporter-output>
        </test-method> <!-- Test_mamaearth_category_Face_launching -->
        <test-method signature="Test_mamaearth_category_Face_FaceWash_launching()[pri:13, instance:com.mamaearth.TestCase.TC_VerifyAllCategories@692f203f]" started-at="2023-03-10T14:38:59 IST" name="Test_mamaearth_category_Face_FaceWash_launching" finished-at="2023-03-10T14:39:00 IST" duration-ms="1572" status="PASS">
          <reporter-output>
          </reporter-output>
        </test-method> <!-- Test_mamaearth_category_Face_FaceWash_launching -->
        <test-method signature="Test_mamaearth_category_Face_FaceMask_launching()[pri:14, instance:com.mamaearth.TestCase.TC_VerifyAllCategories@692f203f]" started-at="2023-03-10T14:39:00 IST" name="Test_mamaearth_category_Face_FaceMask_launching" finished-at="2023-03-10T14:39:02 IST" duration-ms="1222" status="PASS">
          <reporter-output>
          </reporter-output>
        </test-method> <!-- Test_mamaearth_category_Face_FaceMask_launching -->
        <test-method signature="Test_mamaearth_category_Face_FaceCream_launching()[pri:15, instance:com.mamaearth.TestCase.TC_VerifyAllCategories@692f203f]" started-at="2023-03-10T14:39:02 IST" name="Test_mamaearth_category_Face_FaceCream_launching" finished-at="2023-03-10T14:39:03 IST" duration-ms="1288" status="PASS">
          <reporter-output>
          </reporter-output>
        </test-method> <!-- Test_mamaearth_category_Face_FaceCream_launching -->
        <test-method signature="Test_mamaearth_category_Face_FaceSerum_launching()[pri:16, instance:com.mamaearth.TestCase.TC_VerifyAllCategories@692f203f]" started-at="2023-03-10T14:39:03 IST" name="Test_mamaearth_category_Face_FaceSerum_launching" finished-at="2023-03-10T14:39:04 IST" duration-ms="1035" status="PASS">
          <reporter-output>
          </reporter-output>
        </test-method> <!-- Test_mamaearth_category_Face_FaceSerum_launching -->
        <test-method signature="Test_mamaearth_category_Face_FaceScrub_launching()[pri:17, instance:com.mamaearth.TestCase.TC_VerifyAllCategories@692f203f]" started-at="2023-03-10T14:39:04 IST" name="Test_mamaearth_category_Face_FaceScrub_launching" finished-at="2023-03-10T14:39:05 IST" duration-ms="1220" status="PASS">
          <reporter-output>
          </reporter-output>
        </test-method> <!-- Test_mamaearth_category_Face_FaceScrub_launching -->
        <test-method signature="Test_mamaearth_category_Face_FaceToner_launching()[pri:18, instance:com.mamaearth.TestCase.TC_VerifyAllCategories@692f203f]" started-at="2023-03-10T14:39:05 IST" name="Test_mamaearth_category_Face_FaceToner_launching" finished-at="2023-03-10T14:39:06 IST" duration-ms="1190" status="PASS">
          <reporter-output>
          </reporter-output>
        </test-method> <!-- Test_mamaearth_category_Face_FaceToner_launching -->
        <test-method signature="Test_mamaearth_category_Face_FaceGel_launching()[pri:19, instance:com.mamaearth.TestCase.TC_VerifyAllCategories@692f203f]" started-at="2023-03-10T14:39:06 IST" name="Test_mamaearth_category_Face_FaceGel_launching" finished-at="2023-03-10T14:39:07 IST" duration-ms="1124" status="PASS">
          <reporter-output>
          </reporter-output>
        </test-method> <!-- Test_mamaearth_category_Face_FaceGel_launching -->
        <test-method signature="Test_mamaearth_category_Face_FaceSheetMask_launching()[pri:20, instance:com.mamaearth.TestCase.TC_VerifyAllCategories@692f203f]" started-at="2023-03-10T14:39:07 IST" name="Test_mamaearth_category_Face_FaceSheetMask_launching" finished-at="2023-03-10T14:39:10 IST" duration-ms="2381" status="PASS">
          <reporter-output>
          </reporter-output>
        </test-method> <!-- Test_mamaearth_category_Face_FaceSheetMask_launching -->
        <test-method signature="Test_mamaearth_category_Face_FaceMoisturizer_launching()[pri:21, instance:com.mamaearth.TestCase.TC_VerifyAllCategories@692f203f]" started-at="2023-03-10T14:39:10 IST" name="Test_mamaearth_category_Face_FaceMoisturizer_launching" finished-at="2023-03-10T14:39:11 IST" duration-ms="1234" status="PASS">
          <reporter-output>
          </reporter-output>
        </test-method> <!-- Test_mamaearth_category_Face_FaceMoisturizer_launching -->
        <test-method signature="Test_mamaearth_category_Body_launching()[pri:22, instance:com.mamaearth.TestCase.TC_VerifyAllCategories@692f203f]" started-at="2023-03-10T14:39:11 IST" name="Test_mamaearth_category_Body_launching" finished-at="2023-03-10T14:39:12 IST" duration-ms="1389" status="PASS">
          <reporter-output>
          </reporter-output>
        </test-method> <!-- Test_mamaearth_category_Body_launching -->
        <test-method signature="Test_mamaearth_category_Body_BodyLotion_launching()[pri:23, instance:com.mamaearth.TestCase.TC_VerifyAllCategories@692f203f]" started-at="2023-03-10T14:39:12 IST" name="Test_mamaearth_category_Body_BodyLotion_launching" finished-at="2023-03-10T14:39:14 IST" duration-ms="1400" status="PASS">
          <reporter-output>
          </reporter-output>
        </test-method> <!-- Test_mamaearth_category_Body_BodyLotion_launching -->
        <test-method signature="Test_mamaearth_category_Body_UnderarmCream_launching()[pri:24, instance:com.mamaearth.TestCase.TC_VerifyAllCategories@692f203f]" started-at="2023-03-10T14:39:14 IST" name="Test_mamaearth_category_Body_UnderarmCream_launching" finished-at="2023-03-10T14:39:15 IST" duration-ms="1214" status="PASS">
          <reporter-output>
          </reporter-output>
        </test-method> <!-- Test_mamaearth_category_Body_UnderarmCream_launching -->
        <test-method signature="Test_mamaearth_category_Body_BodyScrub_launching()[pri:25, instance:com.mamaearth.TestCase.TC_VerifyAllCategories@692f203f]" started-at="2023-03-10T14:39:15 IST" name="Test_mamaearth_category_Body_BodyScrub_launching" finished-at="2023-03-10T14:39:19 IST" duration-ms="4337" status="PASS">
          <reporter-output>
          </reporter-output>
        </test-method> <!-- Test_mamaearth_category_Body_BodyScrub_launching -->
        <test-method signature="Test_mamaearth_category_Body_HandCream_launching()[pri:26, instance:com.mamaearth.TestCase.TC_VerifyAllCategories@692f203f]" started-at="2023-03-10T14:39:19 IST" name="Test_mamaearth_category_Body_HandCream_launching" finished-at="2023-03-10T14:39:20 IST" duration-ms="957" status="PASS">
          <reporter-output>
          </reporter-output>
        </test-method> <!-- Test_mamaearth_category_Body_HandCream_launching -->
        <test-method signature="Test_mamaearth_category_Body_BodyWash_launching()[pri:27, instance:com.mamaearth.TestCase.TC_VerifyAllCategories@692f203f]" started-at="2023-03-10T14:39:20 IST" name="Test_mamaearth_category_Body_BodyWash_launching" finished-at="2023-03-10T14:39:21 IST" duration-ms="1082" status="PASS">
          <reporter-output>
          </reporter-output>
        </test-method> <!-- Test_mamaearth_category_Body_BodyWash_launching -->
        <test-method signature="Test_mamaearth_category_Body_BodySoap_launching()[pri:28, instance:com.mamaearth.TestCase.TC_VerifyAllCategories@692f203f]" started-at="2023-03-10T14:39:21 IST" name="Test_mamaearth_category_Body_BodySoap_launching" finished-at="2023-03-10T14:39:22 IST" duration-ms="1029" status="PASS">
          <reporter-output>
          </reporter-output>
        </test-method> <!-- Test_mamaearth_category_Body_BodySoap_launching -->
        <test-method signature="Test_mamaearth_category_Makeup_launching()[pri:29, instance:com.mamaearth.TestCase.TC_VerifyAllCategories@692f203f]" started-at="2023-03-10T14:39:22 IST" name="Test_mamaearth_category_Makeup_launching" finished-at="2023-03-10T14:39:24 IST" duration-ms="1270" status="PASS">
          <reporter-output>
          </reporter-output>
        </test-method> <!-- Test_mamaearth_category_Makeup_launching -->
        <test-method signature="Test_mamaearth_category_Makeup_Lipsticks_launching()[pri:30, instance:com.mamaearth.TestCase.TC_VerifyAllCategories@692f203f]" started-at="2023-03-10T14:39:24 IST" name="Test_mamaearth_category_Makeup_Lipsticks_launching" finished-at="2023-03-10T14:39:25 IST" duration-ms="1315" status="PASS">
          <reporter-output>
          </reporter-output>
        </test-method> <!-- Test_mamaearth_category_Makeup_Lipsticks_launching -->
        <test-method signature="Test_mamaearth_category_Makeup_LipBalm_launching()[pri:31, instance:com.mamaearth.TestCase.TC_VerifyAllCategories@692f203f]" started-at="2023-03-10T14:39:25 IST" name="Test_mamaearth_category_Makeup_LipBalm_launching" finished-at="2023-03-10T14:39:26 IST" duration-ms="1179" status="PASS">
          <reporter-output>
          </reporter-output>
        </test-method> <!-- Test_mamaearth_category_Makeup_LipBalm_launching -->
        <test-method signature="Test_mamaearth_category_Makeup_Foundation_launching()[pri:32, instance:com.mamaearth.TestCase.TC_VerifyAllCategories@692f203f]" started-at="2023-03-10T14:39:26 IST" name="Test_mamaearth_category_Makeup_Foundation_launching" finished-at="2023-03-10T14:39:27 IST" duration-ms="1104" status="PASS">
          <reporter-output>
          </reporter-output>
        </test-method> <!-- Test_mamaearth_category_Makeup_Foundation_launching -->
        <test-method signature="Test_mamaearth_category_Makeup_Kajal_launching()[pri:33, instance:com.mamaearth.TestCase.TC_VerifyAllCategories@692f203f]" started-at="2023-03-10T14:39:27 IST" name="Test_mamaearth_category_Makeup_Kajal_launching" finished-at="2023-03-10T14:39:29 IST" duration-ms="1790" status="PASS">
          <reporter-output>
          </reporter-output>
        </test-method> <!-- Test_mamaearth_category_Makeup_Kajal_launching -->
        <test-method signature="Test_mamaearth_category_Makeup_Compact_launching()[pri:34, instance:com.mamaearth.TestCase.TC_VerifyAllCategories@692f203f]" started-at="2023-03-10T14:39:29 IST" name="Test_mamaearth_category_Makeup_Compact_launching" finished-at="2023-03-10T14:39:30 IST" duration-ms="1214" status="PASS">
          <reporter-output>
          </reporter-output>
        </test-method> <!-- Test_mamaearth_category_Makeup_Compact_launching -->
        <test-method signature="Test_mamaearth_category_Makeup_Concealer_launching()[pri:35, instance:com.mamaearth.TestCase.TC_VerifyAllCategories@692f203f]" started-at="2023-03-10T14:39:30 IST" name="Test_mamaearth_category_Makeup_Concealer_launching" finished-at="2023-03-10T14:39:32 IST" duration-ms="1590" status="PASS">
          <reporter-output>
          </reporter-output>
        </test-method> <!-- Test_mamaearth_category_Makeup_Concealer_launching -->
        <test-method signature="Test_mamaearth_category_Ingredient_launching()[pri:36, instance:com.mamaearth.TestCase.TC_VerifyAllCategories@692f203f]" started-at="2023-03-10T14:39:32 IST" name="Test_mamaearth_category_Ingredient_launching" finished-at="2023-03-10T14:39:33 IST" duration-ms="1087" status="PASS">
          <reporter-output>
          </reporter-output>
        </test-method> <!-- Test_mamaearth_category_Ingredient_launching -->
        <test-method signature="Test_mamaearth_category_Ingredient_Onion_launching()[pri:37, instance:com.mamaearth.TestCase.TC_VerifyAllCategories@692f203f]" started-at="2023-03-10T14:39:33 IST" name="Test_mamaearth_category_Ingredient_Onion_launching" finished-at="2023-03-10T14:39:34 IST" duration-ms="1450" status="PASS">
          <reporter-output>
          </reporter-output>
        </test-method> <!-- Test_mamaearth_category_Ingredient_Onion_launching -->
        <test-method signature="Test_mamaearth_category_Ingredient_Henna_launching()[pri:38, instance:com.mamaearth.TestCase.TC_VerifyAllCategories@692f203f]" started-at="2023-03-10T14:39:34 IST" name="Test_mamaearth_category_Ingredient_Henna_launching" finished-at="2023-03-10T14:39:36 IST" duration-ms="1567" status="PASS">
          <reporter-output>
          </reporter-output>
        </test-method> <!-- Test_mamaearth_category_Ingredient_Henna_launching -->
        <test-method signature="Test_mamaearth_category_Ingredient_Rice_launching()[pri:39, instance:com.mamaearth.TestCase.TC_VerifyAllCategories@692f203f]" started-at="2023-03-10T14:39:36 IST" name="Test_mamaearth_category_Ingredient_Rice_launching" finished-at="2023-03-10T14:39:37 IST" duration-ms="1342" status="PASS">
          <reporter-output>
          </reporter-output>
        </test-method> <!-- Test_mamaearth_category_Ingredient_Rice_launching -->
        <test-method signature="Test_mamaearth_category_Ingredient_Ubtan_launching()[pri:40, instance:com.mamaearth.TestCase.TC_VerifyAllCategories@692f203f]" started-at="2023-03-10T14:39:37 IST" name="Test_mamaearth_category_Ingredient_Ubtan_launching" finished-at="2023-03-10T14:39:39 IST" duration-ms="1436" status="PASS">
          <reporter-output>
          </reporter-output>
        </test-method> <!-- Test_mamaearth_category_Ingredient_Ubtan_launching -->
        <test-method signature="Test_mamaearth_category_Ingredient_VitaminC_launching()[pri:41, instance:com.mamaearth.TestCase.TC_VerifyAllCategories@692f203f]" started-at="2023-03-10T14:39:39 IST" name="Test_mamaearth_category_Ingredient_VitaminC_launching" finished-at="2023-03-10T14:39:40 IST" duration-ms="1641" status="PASS">
          <reporter-output>
          </reporter-output>
        </test-method> <!-- Test_mamaearth_category_Ingredient_VitaminC_launching -->
        <test-method signature="Test_mamaearth_category_Ingredient_GreenTea_launching()[pri:42, instance:com.mamaearth.TestCase.TC_VerifyAllCategories@692f203f]" started-at="2023-03-10T14:39:40 IST" name="Test_mamaearth_category_Ingredient_GreenTea_launching" finished-at="2023-03-10T14:39:42 IST" duration-ms="1254" status="PASS">
          <reporter-output>
          </reporter-output>
        </test-method> <!-- Test_mamaearth_category_Ingredient_GreenTea_launching -->
        <test-method signature="Test_mamaearth_category_Ingredient_TeaTree_launching()[pri:43, instance:com.mamaearth.TestCase.TC_VerifyAllCategories@692f203f]" started-at="2023-03-10T14:39:42 IST" name="Test_mamaearth_category_Ingredient_TeaTree_launching" finished-at="2023-03-10T14:39:43 IST" duration-ms="1300" status="PASS">
          <reporter-output>
          </reporter-output>
        </test-method> <!-- Test_mamaearth_category_Ingredient_TeaTree_launching -->
        <test-method signature="Test_mamaearth_category_Ingredient_Aqua_launching()[pri:44, instance:com.mamaearth.TestCase.TC_VerifyAllCategories@692f203f]" started-at="2023-03-10T14:39:43 IST" name="Test_mamaearth_category_Ingredient_Aqua_launching" finished-at="2023-03-10T14:39:44 IST" duration-ms="1054" status="PASS">
          <reporter-output>
          </reporter-output>
        </test-method> <!-- Test_mamaearth_category_Ingredient_Aqua_launching -->
        <test-method signature="Test_mamaearth_category_Ingredient_Bhringmla_launching()[pri:45, instance:com.mamaearth.TestCase.TC_VerifyAllCategories@692f203f]" started-at="2023-03-10T14:39:44 IST" name="Test_mamaearth_category_Ingredient_Bhringmla_launching" finished-at="2023-03-10T14:39:45 IST" duration-ms="1204" status="PASS">
          <reporter-output>
          </reporter-output>
        </test-method> <!-- Test_mamaearth_category_Ingredient_Bhringmla_launching -->
        <test-method signature="Test_mamaearth_category_Ingredient_Charcoal_launching()[pri:46, instance:com.mamaearth.TestCase.TC_VerifyAllCategories@692f203f]" started-at="2023-03-10T14:39:45 IST" name="Test_mamaearth_category_Ingredient_Charcoal_launching" finished-at="2023-03-10T14:39:47 IST" duration-ms="1289" status="PASS">
          <reporter-output>
          </reporter-output>
        </test-method> <!-- Test_mamaearth_category_Ingredient_Charcoal_launching -->
        <test-method signature="Test_mamaearth_category_Ingredient_Coco_launching()[pri:47, instance:com.mamaearth.TestCase.TC_VerifyAllCategories@692f203f]" started-at="2023-03-10T14:39:47 IST" name="Test_mamaearth_category_Ingredient_Coco_launching" finished-at="2023-03-10T14:39:48 IST" duration-ms="1253" status="PASS">
          <reporter-output>
          </reporter-output>
        </test-method> <!-- Test_mamaearth_category_Ingredient_Coco_launching -->
        <test-method signature="Test_mamaearth_category_Ingredient_Argan_launching()[pri:48, instance:com.mamaearth.TestCase.TC_VerifyAllCategories@692f203f]" started-at="2023-03-10T14:39:48 IST" name="Test_mamaearth_category_Ingredient_Argan_launching" finished-at="2023-03-10T14:39:49 IST" duration-ms="1097" status="PASS">
          <reporter-output>
          </reporter-output>
        </test-method> <!-- Test_mamaearth_category_Ingredient_Argan_launching -->
        <test-method signature="Test_mamaearth_category_Ingredient_AppleCiderVinegar_launching()[pri:49, instance:com.mamaearth.TestCase.TC_VerifyAllCategories@692f203f]" started-at="2023-03-10T14:39:49 IST" name="Test_mamaearth_category_Ingredient_AppleCiderVinegar_launching" finished-at="2023-03-10T14:39:50 IST" duration-ms="1404" status="PASS">
          <reporter-output>
          </reporter-output>
        </test-method> <!-- Test_mamaearth_category_Ingredient_AppleCiderVinegar_launching -->
        <test-method signature="Test_mamaearth_category_Ingredient_Retinol_launching()[pri:50, instance:com.mamaearth.TestCase.TC_VerifyAllCategories@692f203f]" started-at="2023-03-10T14:39:50 IST" name="Test_mamaearth_category_Ingredient_Retinol_launching" finished-at="2023-03-10T14:39:52 IST" duration-ms="1237" status="PASS">
          <reporter-output>
          </reporter-output>
        </test-method> <!-- Test_mamaearth_category_Ingredient_Retinol_launching -->
        <test-method signature="Test_mamaearth_category_Ingredient_HoneyMalai_launching()[pri:51, instance:com.mamaearth.TestCase.TC_VerifyAllCategories@692f203f]" started-at="2023-03-10T14:39:52 IST" name="Test_mamaearth_category_Ingredient_HoneyMalai_launching" finished-at="2023-03-10T14:39:53 IST" duration-ms="1220" status="PASS">
          <reporter-output>
          </reporter-output>
        </test-method> <!-- Test_mamaearth_category_Ingredient_HoneyMalai_launching -->
        <test-method is-config="true" signature="tearDown()[pri:0, instance:com.mamaearth.TestCase.TC_VerifyAllCategories@692f203f]" started-at="2023-03-10T14:39:53 IST" name="tearDown" finished-at="2023-03-10T14:39:53 IST" duration-ms="447" status="PASS">
          <reporter-output>
          </reporter-output>
        </test-method> <!-- tearDown -->
      </class> <!-- com.mamaearth.TestCase.TC_VerifyAllCategories -->
    </test> <!-- Default test -->
  </suite> <!-- Default suite -->
</testng-results>
