<?xml version="1.0" encoding="UTF-8"?>
<testng-results ignored="0" total="7" passed="7" failed="0" skipped="0">
  <reporter-output>
  </reporter-output>
  <suite started-at="2023-03-22T13:22:00 IST" name="Default suite" finished-at="2023-03-22T13:23:15 IST" duration-ms="75504">
    <groups>
    </groups>
    <test started-at="2023-03-22T13:22:00 IST" name="Default test" finished-at="2023-03-22T13:23:15 IST" duration-ms="75504">
      <class name="com.mamaearth.TestCase.TC_StaticPagesVerification">
        <test-method is-config="true" signature="setup()[pri:0, instance:com.mamaearth.TestCase.TC_StaticPagesVerification@35d019a3]" started-at="2023-03-22T13:22:00 IST" name="setup" finished-at="2023-03-22T13:22:10 IST" duration-ms="10169" status="PASS">
          <reporter-output>
          </reporter-output>
        </test-method> <!-- setup -->
        <test-method signature="Test_mamaearth_PrivacyPolicy_Page()[pri:1, instance:com.mamaearth.TestCase.TC_StaticPagesVerification@35d019a3]" started-at="2023-03-22T13:22:10 IST" name="Test_mamaearth_PrivacyPolicy_Page" finished-at="2023-03-22T13:22:11 IST" duration-ms="1670" status="PASS">
          <reporter-output>
          </reporter-output>
        </test-method> <!-- Test_mamaearth_PrivacyPolicy_Page -->
        <test-method is-config="true" signature="TearDown()[pri:0, instance:com.mamaearth.TestCase.TC_StaticPagesVerification@35d019a3]" started-at="2023-03-22T13:22:11 IST" name="TearDown" finished-at="2023-03-22T13:22:12 IST" duration-ms="215" status="PASS">
          <reporter-output>
          </reporter-output>
        </test-method> <!-- TearDown -->
        <test-method is-config="true" signature="setup()[pri:0, instance:com.mamaearth.TestCase.TC_StaticPagesVerification@35d019a3]" started-at="2023-03-22T13:22:12 IST" name="setup" finished-at="2023-03-22T13:22:20 IST" duration-ms="8680" status="PASS">
          <reporter-output>
          </reporter-output>
        </test-method> <!-- setup -->
        <test-method signature="Test_mamaearth_Returns_Page()[pri:2, instance:com.mamaearth.TestCase.TC_StaticPagesVerification@35d019a3]" started-at="2023-03-22T13:22:20 IST" name="Test_mamaearth_Returns_Page" finished-at="2023-03-22T13:22:22 IST" duration-ms="1779" status="PASS">
          <reporter-output>
          </reporter-output>
        </test-method> <!-- Test_mamaearth_Returns_Page -->
        <test-method is-config="true" signature="TearDown()[pri:0, instance:com.mamaearth.TestCase.TC_StaticPagesVerification@35d019a3]" started-at="2023-03-22T13:22:22 IST" name="TearDown" finished-at="2023-03-22T13:22:22 IST" duration-ms="205" status="PASS">
          <reporter-output>
          </reporter-output>
        </test-method> <!-- TearDown -->
        <test-method is-config="true" signature="setup()[pri:0, instance:com.mamaearth.TestCase.TC_StaticPagesVerification@35d019a3]" started-at="2023-03-22T13:22:22 IST" name="setup" finished-at="2023-03-22T13:22:31 IST" duration-ms="8522" status="PASS">
          <reporter-output>
          </reporter-output>
        </test-method> <!-- setup -->
        <test-method signature="Test_mamaearth_TermsAndConditions_Page()[pri:3, instance:com.mamaearth.TestCase.TC_StaticPagesVerification@35d019a3]" started-at="2023-03-22T13:22:31 IST" name="Test_mamaearth_TermsAndConditions_Page" finished-at="2023-03-22T13:22:32 IST" duration-ms="1645" status="PASS">
          <reporter-output>
          </reporter-output>
        </test-method> <!-- Test_mamaearth_TermsAndConditions_Page -->
        <test-method is-config="true" signature="TearDown()[pri:0, instance:com.mamaearth.TestCase.TC_StaticPagesVerification@35d019a3]" started-at="2023-03-22T13:22:32 IST" name="TearDown" finished-at="2023-03-22T13:22:33 IST" duration-ms="207" status="PASS">
          <reporter-output>
          </reporter-output>
        </test-method> <!-- TearDown -->
        <test-method is-config="true" signature="setup()[pri:0, instance:com.mamaearth.TestCase.TC_StaticPagesVerification@35d019a3]" started-at="2023-03-22T13:22:33 IST" name="setup" finished-at="2023-03-22T13:22:41 IST" duration-ms="8480" status="PASS">
          <reporter-output>
          </reporter-output>
        </test-method> <!-- setup -->
        <test-method signature="Test_mamaearth_TermsAndConditionsAndCashback_Page()[pri:4, instance:com.mamaearth.TestCase.TC_StaticPagesVerification@35d019a3]" started-at="2023-03-22T13:22:41 IST" name="Test_mamaearth_TermsAndConditionsAndCashback_Page" finished-at="2023-03-22T13:22:43 IST" duration-ms="1561" status="PASS">
          <reporter-output>
          </reporter-output>
        </test-method> <!-- Test_mamaearth_TermsAndConditionsAndCashback_Page -->
        <test-method is-config="true" signature="TearDown()[pri:0, instance:com.mamaearth.TestCase.TC_StaticPagesVerification@35d019a3]" started-at="2023-03-22T13:22:43 IST" name="TearDown" finished-at="2023-03-22T13:22:43 IST" duration-ms="220" status="PASS">
          <reporter-output>
          </reporter-output>
        </test-method> <!-- TearDown -->
        <test-method is-config="true" signature="setup()[pri:0, instance:com.mamaearth.TestCase.TC_StaticPagesVerification@35d019a3]" started-at="2023-03-22T13:22:43 IST" name="setup" finished-at="2023-03-22T13:22:52 IST" duration-ms="8663" status="PASS">
          <reporter-output>
          </reporter-output>
        </test-method> <!-- setup -->
        <test-method signature="Test_mamaearth_FAQs_Page()[pri:5, instance:com.mamaearth.TestCase.TC_StaticPagesVerification@35d019a3]" started-at="2023-03-22T13:22:52 IST" name="Test_mamaearth_FAQs_Page" finished-at="2023-03-22T13:22:53 IST" duration-ms="1723" status="PASS">
          <reporter-output>
          </reporter-output>
        </test-method> <!-- Test_mamaearth_FAQs_Page -->
        <test-method is-config="true" signature="TearDown()[pri:0, instance:com.mamaearth.TestCase.TC_StaticPagesVerification@35d019a3]" started-at="2023-03-22T13:22:53 IST" name="TearDown" finished-at="2023-03-22T13:22:54 IST" duration-ms="210" status="PASS">
          <reporter-output>
          </reporter-output>
        </test-method> <!-- TearDown -->
        <test-method is-config="true" signature="setup()[pri:0, instance:com.mamaearth.TestCase.TC_StaticPagesVerification@35d019a3]" started-at="2023-03-22T13:22:54 IST" name="setup" finished-at="2023-03-22T13:23:02 IST" duration-ms="8516" status="PASS">
          <reporter-output>
          </reporter-output>
        </test-method> <!-- setup -->
        <test-method signature="Test_mamaearth_WeAreSafe_Page()[pri:6, instance:com.mamaearth.TestCase.TC_StaticPagesVerification@35d019a3]" started-at="2023-03-22T13:23:02 IST" name="Test_mamaearth_WeAreSafe_Page" finished-at="2023-03-22T13:23:04 IST" duration-ms="1729" status="PASS">
          <reporter-output>
          </reporter-output>
        </test-method> <!-- Test_mamaearth_WeAreSafe_Page -->
        <test-method is-config="true" signature="TearDown()[pri:0, instance:com.mamaearth.TestCase.TC_StaticPagesVerification@35d019a3]" started-at="2023-03-22T13:23:04 IST" name="TearDown" finished-at="2023-03-22T13:23:04 IST" duration-ms="211" status="PASS">
          <reporter-output>
          </reporter-output>
        </test-method> <!-- TearDown -->
        <test-method is-config="true" signature="setup()[pri:0, instance:com.mamaearth.TestCase.TC_StaticPagesVerification@35d019a3]" started-at="2023-03-22T13:23:04 IST" name="setup" finished-at="2023-03-22T13:23:13 IST" duration-ms="8625" status="PASS">
          <reporter-output>
          </reporter-output>
        </test-method> <!-- setup -->
        <test-method signature="Test_mamaearth_AboutUS_Page()[pri:7, instance:com.mamaearth.TestCase.TC_StaticPagesVerification@35d019a3]" started-at="2023-03-22T13:23:13 IST" name="Test_mamaearth_AboutUS_Page" finished-at="2023-03-22T13:23:15 IST" duration-ms="2208" status="PASS">
          <reporter-output>
          </reporter-output>
        </test-method> <!-- Test_mamaearth_AboutUS_Page -->
        <test-method is-config="true" signature="TearDown()[pri:0, instance:com.mamaearth.TestCase.TC_StaticPagesVerification@35d019a3]" started-at="2023-03-22T13:23:15 IST" name="TearDown" finished-at="2023-03-22T13:23:15 IST" duration-ms="224" status="PASS">
          <reporter-output>
          </reporter-output>
        </test-method> <!-- TearDown -->
      </class> <!-- com.mamaearth.TestCase.TC_StaticPagesVerification -->
    </test> <!-- Default test -->
  </suite> <!-- Default suite -->
</testng-results>
