<?xml version="1.0" encoding="UTF-8"?>
<testng-results ignored="0" total="5" passed="5" failed="0" skipped="0">
  <reporter-output>
  </reporter-output>
  <suite started-at="2023-01-20T05:17:49 IST" name="Default suite" finished-at="2023-01-20T05:18:07 IST" duration-ms="17249">
    <groups>
    </groups>
    <test started-at="2023-01-20T05:17:49 IST" name="Default test" finished-at="2023-01-20T05:18:07 IST" duration-ms="17249">
      <class name="com.mamaearth.TestCase.TC_VerifyAllCategories">
        <test-method is-config="true" signature="setup()[pri:0, instance:com.mamaearth.TestCase.TC_VerifyAllCategories@35e2d654]" started-at="2023-01-20T05:17:49 IST" name="setup" finished-at="2023-01-20T05:17:58 IST" duration-ms="8818" status="PASS">
          <reporter-output>
          </reporter-output>
        </test-method> <!-- setup -->
        <test-method signature="Test_mamaearth_launching()[pri:1, instance:com.mamaearth.TestCase.TC_VerifyAllCategories@35e2d654]" started-at="2023-01-20T05:17:58 IST" name="Test_mamaearth_launching" finished-at="2023-01-20T05:17:58 IST" duration-ms="92" status="PASS">
          <reporter-output>
          </reporter-output>
        </test-method> <!-- Test_mamaearth_launching -->
        <test-method signature="Test_mamaearth__category_Hair_launching()[pri:2, instance:com.mamaearth.TestCase.TC_VerifyAllCategories@35e2d654]" started-at="2023-01-20T05:17:58 IST" name="Test_mamaearth__category_Hair_launching" finished-at="2023-01-20T05:18:00 IST" duration-ms="1674" status="PASS">
          <reporter-output>
          </reporter-output>
        </test-method> <!-- Test_mamaearth__category_Hair_launching -->
        <test-method signature="Test_mamaearth__category_Beauty_launching()[pri:3, instance:com.mamaearth.TestCase.TC_VerifyAllCategories@35e2d654]" started-at="2023-01-20T05:18:00 IST" name="Test_mamaearth__category_Beauty_launching" finished-at="2023-01-20T05:18:03 IST" duration-ms="2963" status="PASS">
          <reporter-output>
          </reporter-output>
        </test-method> <!-- Test_mamaearth__category_Beauty_launching -->
        <test-method signature="Test_mamaearth__category_Face_launching()[pri:4, instance:com.mamaearth.TestCase.TC_VerifyAllCategories@35e2d654]" started-at="2023-01-20T05:18:03 IST" name="Test_mamaearth__category_Face_launching" finished-at="2023-01-20T05:18:05 IST" duration-ms="2085" status="PASS">
          <reporter-output>
          </reporter-output>
        </test-method> <!-- Test_mamaearth__category_Face_launching -->
        <test-method signature="Test_mamaearth__category_Body_launching()[pri:5, instance:com.mamaearth.TestCase.TC_VerifyAllCategories@35e2d654]" started-at="2023-01-20T05:18:05 IST" name="Test_mamaearth__category_Body_launching" finished-at="2023-01-20T05:18:06 IST" duration-ms="1315" status="PASS">
          <reporter-output>
          </reporter-output>
        </test-method> <!-- Test_mamaearth__category_Body_launching -->
        <test-method is-config="true" signature="tearDown()[pri:0, instance:com.mamaearth.TestCase.TC_VerifyAllCategories@35e2d654]" started-at="2023-01-20T05:18:06 IST" name="tearDown" finished-at="2023-01-20T05:18:07 IST" duration-ms="272" status="PASS">
          <reporter-output>
          </reporter-output>
        </test-method> <!-- tearDown -->
      </class> <!-- com.mamaearth.TestCase.TC_VerifyAllCategories -->
    </test> <!-- Default test -->
  </suite> <!-- Default suite -->
</testng-results>
