<?xml version="1.0" encoding="UTF-8"?>
<testng-results ignored="0" total="2" passed="2" failed="0" skipped="0">
  <reporter-output>
  </reporter-output>
  <suite started-at="2023-02-22T17:08:07 IST" name="Default suite" finished-at="2023-02-22T17:09:18 IST" duration-ms="70622">
    <groups>
    </groups>
    <test started-at="2023-02-22T17:08:07 IST" name="Default test" finished-at="2023-02-22T17:09:18 IST" duration-ms="70622">
      <class name="com.mamaearth.TestCase.TC_CheckcoutWithoutGI">
        <test-method is-config="true" signature="setup()[pri:0, instance:com.mamaearth.TestCase.TC_CheckcoutWithoutGI@7ee8290b]" started-at="2023-02-22T17:08:08 IST" name="setup" finished-at="2023-02-22T17:08:16 IST" duration-ms="8620" status="PASS">
          <reporter-output>
          </reporter-output>
        </test-method> <!-- setup -->
        <test-method signature="Test_GuestUser_WithoutCoupon_withoutGI_COD(java.lang.String,java.lang.String,java.lang.String,java.lang.String,java.lang.String,java.lang.String)[pri:1, instance:com.mamaearth.TestCase.TC_CheckcoutWithoutGI@7ee8290b]" started-at="2023-02-22T17:08:16 IST" name="Test_GuestUser_WithoutCoupon_withoutGI_COD" data-provider="fill_address_details" finished-at="2023-02-22T17:08:42 IST" duration-ms="25676" status="PASS">
          <params>
            <param index="0">
              <value>
                <![CDATA[udit]]>
              </value>
            </param>
            <param index="1">
              <value>
                <![CDATA[sharma]]>
              </value>
            </param>
            <param index="2">
              <value>
                <![CDATA[uudfjksdf125@gmail.com]]>
              </value>
            </param>
            <param index="3">
              <value>
                <![CDATA[9090989098]]>
              </value>
            </param>
            <param index="4">
              <value>
                <![CDATA[110031]]>
              </value>
            </param>
            <param index="5">
              <value>
                <![CDATA[B- 385/s, Street no.9]]>
              </value>
            </param>
          </params>
          <reporter-output>
          </reporter-output>
        </test-method> <!-- Test_GuestUser_WithoutCoupon_withoutGI_COD -->
        <test-method is-config="true" signature="teardown()[pri:0, instance:com.mamaearth.TestCase.TC_CheckcoutWithoutGI@7ee8290b]" started-at="2023-02-22T17:08:42 IST" name="teardown" finished-at="2023-02-22T17:08:42 IST" duration-ms="321" status="PASS">
          <reporter-output>
          </reporter-output>
        </test-method> <!-- teardown -->
        <test-method is-config="true" signature="setup()[pri:0, instance:com.mamaearth.TestCase.TC_CheckcoutWithoutGI@7ee8290b]" started-at="2023-02-22T17:08:42 IST" name="setup" finished-at="2023-02-22T17:08:50 IST" duration-ms="7947" status="PASS">
          <reporter-output>
          </reporter-output>
        </test-method> <!-- setup -->
        <test-method signature="Test_GuestUser_WithCoupon_withoutGI_COD(java.lang.String,java.lang.String,java.lang.String,java.lang.String,java.lang.String,java.lang.String)[pri:2, instance:com.mamaearth.TestCase.TC_CheckcoutWithoutGI@7ee8290b]" started-at="2023-02-22T17:08:50 IST" name="Test_GuestUser_WithCoupon_withoutGI_COD" data-provider="fill_address_details" finished-at="2023-02-22T17:09:17 IST" duration-ms="27144" status="PASS">
          <params>
            <param index="0">
              <value>
                <![CDATA[udit]]>
              </value>
            </param>
            <param index="1">
              <value>
                <![CDATA[sharma]]>
              </value>
            </param>
            <param index="2">
              <value>
                <![CDATA[uudfjksdf125@gmail.com]]>
              </value>
            </param>
            <param index="3">
              <value>
                <![CDATA[9090989098]]>
              </value>
            </param>
            <param index="4">
              <value>
                <![CDATA[110031]]>
              </value>
            </param>
            <param index="5">
              <value>
                <![CDATA[B- 385/s, Street no.9]]>
              </value>
            </param>
          </params>
          <reporter-output>
          </reporter-output>
        </test-method> <!-- Test_GuestUser_WithCoupon_withoutGI_COD -->
        <test-method is-config="true" signature="teardown()[pri:0, instance:com.mamaearth.TestCase.TC_CheckcoutWithoutGI@7ee8290b]" started-at="2023-02-22T17:09:17 IST" name="teardown" finished-at="2023-02-22T17:09:18 IST" duration-ms="268" status="PASS">
          <reporter-output>
          </reporter-output>
        </test-method> <!-- teardown -->
      </class> <!-- com.mamaearth.TestCase.TC_CheckcoutWithoutGI -->
    </test> <!-- Default test -->
  </suite> <!-- Default suite -->
</testng-results>
