<?xml version="1.0" encoding="UTF-8"?>
<testng-results ignored="0" total="58" passed="54" failed="4" skipped="0">
  <reporter-output>
  </reporter-output>
  <suite started-at="2023-04-05T23:12:41 IST" name="Category Test Suite" finished-at="2023-04-05T23:14:02 IST" duration-ms="81133">
    <groups>
    </groups>
    <test started-at="2023-04-05T23:12:41 IST" name="Category Test" finished-at="2023-04-05T23:14:02 IST" duration-ms="81133">
      <class name="com.mamaearth.TestCase.TC_VerifyAllCategories">
        <test-method is-config="true" signature="setup()[pri:0, instance:com.mamaearth.TestCase.TC_VerifyAllCategories@7e6f74c]" started-at="2023-04-05T23:12:41 IST" name="setup" finished-at="2023-04-05T23:12:50 IST" duration-ms="9410" status="PASS">
          <reporter-output>
          </reporter-output>
        </test-method> <!-- setup -->
        <test-method signature="Test_mamaearth_launching()[pri:1, instance:com.mamaearth.TestCase.TC_VerifyAllCategories@7e6f74c]" started-at="2023-04-05T23:12:50 IST" name="Test_mamaearth_launching" finished-at="2023-04-05T23:12:51 IST" duration-ms="71" status="PASS">
          <reporter-output>
          </reporter-output>
        </test-method> <!-- Test_mamaearth_launching -->
        <test-method signature="Test_mamaearth_category_Beauty_launching()[pri:2, instance:com.mamaearth.TestCase.TC_VerifyAllCategories@7e6f74c]" started-at="2023-04-05T23:12:51 IST" name="Test_mamaearth_category_Beauty_launching" finished-at="2023-04-05T23:12:54 IST" duration-ms="3182" status="PASS">
          <reporter-output>
          </reporter-output>
        </test-method> <!-- Test_mamaearth_category_Beauty_launching -->
        <test-method signature="Test_mamaearth_category_Beauty_Fragrance_launching()[pri:3, instance:com.mamaearth.TestCase.TC_VerifyAllCategories@7e6f74c]" started-at="2023-04-05T23:12:54 IST" name="Test_mamaearth_category_Beauty_Fragrance_launching" finished-at="2023-04-05T23:12:56 IST" duration-ms="1798" status="PASS">
          <reporter-output>
          </reporter-output>
        </test-method> <!-- Test_mamaearth_category_Beauty_Fragrance_launching -->
        <test-method signature="Test_mamaearth_category_Beauty_FacialKits_launching()[pri:4, instance:com.mamaearth.TestCase.TC_VerifyAllCategories@7e6f74c]" started-at="2023-04-05T23:12:56 IST" name="Test_mamaearth_category_Beauty_FacialKits_launching" finished-at="2023-04-05T23:12:57 IST" duration-ms="1063" status="PASS">
          <reporter-output>
          </reporter-output>
        </test-method> <!-- Test_mamaearth_category_Beauty_FacialKits_launching -->
        <test-method signature="Test_mamaearth_category_Hair_launching()[pri:5, instance:com.mamaearth.TestCase.TC_VerifyAllCategories@7e6f74c]" started-at="2023-04-05T23:12:57 IST" name="Test_mamaearth_category_Hair_launching" finished-at="2023-04-05T23:12:58 IST" duration-ms="1279" status="PASS">
          <reporter-output>
          </reporter-output>
        </test-method> <!-- Test_mamaearth_category_Hair_launching -->
        <test-method signature="Test_mamaearth_category_Hair_Shampoo_launching()[pri:6, instance:com.mamaearth.TestCase.TC_VerifyAllCategories@7e6f74c]" started-at="2023-04-05T23:12:58 IST" name="Test_mamaearth_category_Hair_Shampoo_launching" finished-at="2023-04-05T23:12:59 IST" duration-ms="1553" status="PASS">
          <reporter-output>
          </reporter-output>
        </test-method> <!-- Test_mamaearth_category_Hair_Shampoo_launching -->
        <test-method signature="Test_mamaearth_category_Hair_Conditioner_launching()[pri:7, instance:com.mamaearth.TestCase.TC_VerifyAllCategories@7e6f74c]" started-at="2023-04-05T23:12:59 IST" name="Test_mamaearth_category_Hair_Conditioner_launching" finished-at="2023-04-05T23:13:01 IST" duration-ms="1242" status="PASS">
          <reporter-output>
          </reporter-output>
        </test-method> <!-- Test_mamaearth_category_Hair_Conditioner_launching -->
        <test-method signature="Test_mamaearth_category_Hair_HairOil_launching()[pri:8, instance:com.mamaearth.TestCase.TC_VerifyAllCategories@7e6f74c]" started-at="2023-04-05T23:13:01 IST" name="Test_mamaearth_category_Hair_HairOil_launching" finished-at="2023-04-05T23:13:02 IST" duration-ms="1296" status="PASS">
          <reporter-output>
          </reporter-output>
        </test-method> <!-- Test_mamaearth_category_Hair_HairOil_launching -->
        <test-method signature="Test_mamaearth_category_Hair_HairMask_launching()[pri:9, instance:com.mamaearth.TestCase.TC_VerifyAllCategories@7e6f74c]" started-at="2023-04-05T23:13:02 IST" name="Test_mamaearth_category_Hair_HairMask_launching" finished-at="2023-04-05T23:13:03 IST" duration-ms="1119" status="PASS">
          <reporter-output>
          </reporter-output>
        </test-method> <!-- Test_mamaearth_category_Hair_HairMask_launching -->
        <test-method signature="Test_mamaearth_category_Hair_HairSerum_launching()[pri:10, instance:com.mamaearth.TestCase.TC_VerifyAllCategories@7e6f74c]" started-at="2023-04-05T23:13:03 IST" name="Test_mamaearth_category_Hair_HairSerum_launching" finished-at="2023-04-05T23:13:04 IST" duration-ms="1102" status="PASS">
          <reporter-output>
          </reporter-output>
        </test-method> <!-- Test_mamaearth_category_Hair_HairSerum_launching -->
        <test-method signature="Test_mamaearth_category_Hair_HairOilBooster_launching()[pri:11, instance:com.mamaearth.TestCase.TC_VerifyAllCategories@7e6f74c]" started-at="2023-04-05T23:13:04 IST" name="Test_mamaearth_category_Hair_HairOilBooster_launching" finished-at="2023-04-05T23:13:05 IST" duration-ms="822" status="PASS">
          <reporter-output>
          </reporter-output>
        </test-method> <!-- Test_mamaearth_category_Hair_HairOilBooster_launching -->
        <test-method signature="Test_mamaearth_category_Face_launching()[pri:12, instance:com.mamaearth.TestCase.TC_VerifyAllCategories@7e6f74c]" started-at="2023-04-05T23:13:05 IST" name="Test_mamaearth_category_Face_launching" finished-at="2023-04-05T23:13:07 IST" duration-ms="1689" status="PASS">
          <reporter-output>
          </reporter-output>
        </test-method> <!-- Test_mamaearth_category_Face_launching -->
        <test-method signature="Test_mamaearth_category_Face_FaceWash_launching()[pri:13, instance:com.mamaearth.TestCase.TC_VerifyAllCategories@7e6f74c]" started-at="2023-04-05T23:13:07 IST" name="Test_mamaearth_category_Face_FaceWash_launching" finished-at="2023-04-05T23:13:08 IST" duration-ms="1397" status="PASS">
          <reporter-output>
          </reporter-output>
        </test-method> <!-- Test_mamaearth_category_Face_FaceWash_launching -->
        <test-method signature="Test_mamaearth_category_Face_FaceMask_launching()[pri:14, instance:com.mamaearth.TestCase.TC_VerifyAllCategories@7e6f74c]" started-at="2023-04-05T23:13:08 IST" name="Test_mamaearth_category_Face_FaceMask_launching" finished-at="2023-04-05T23:13:09 IST" duration-ms="1348" status="PASS">
          <reporter-output>
          </reporter-output>
        </test-method> <!-- Test_mamaearth_category_Face_FaceMask_launching -->
        <test-method signature="Test_mamaearth_category_Face_FaceCream_launching()[pri:15, instance:com.mamaearth.TestCase.TC_VerifyAllCategories@7e6f74c]" started-at="2023-04-05T23:13:09 IST" name="Test_mamaearth_category_Face_FaceCream_launching" finished-at="2023-04-05T23:13:11 IST" duration-ms="1632" status="PASS">
          <reporter-output>
          </reporter-output>
        </test-method> <!-- Test_mamaearth_category_Face_FaceCream_launching -->
        <test-method signature="Test_mamaearth_category_Face_FaceSerum_launching()[pri:16, instance:com.mamaearth.TestCase.TC_VerifyAllCategories@7e6f74c]" started-at="2023-04-05T23:13:11 IST" name="Test_mamaearth_category_Face_FaceSerum_launching" finished-at="2023-04-05T23:13:12 IST" duration-ms="1294" status="PASS">
          <reporter-output>
          </reporter-output>
        </test-method> <!-- Test_mamaearth_category_Face_FaceSerum_launching -->
        <test-method signature="Test_mamaearth_category_Face_FaceScrub_launching()[pri:17, instance:com.mamaearth.TestCase.TC_VerifyAllCategories@7e6f74c]" started-at="2023-04-05T23:13:12 IST" name="Test_mamaearth_category_Face_FaceScrub_launching" finished-at="2023-04-05T23:13:13 IST" duration-ms="936" status="PASS">
          <reporter-output>
          </reporter-output>
        </test-method> <!-- Test_mamaearth_category_Face_FaceScrub_launching -->
        <test-method signature="Test_mamaearth_category_Face_FaceToner_launching()[pri:18, instance:com.mamaearth.TestCase.TC_VerifyAllCategories@7e6f74c]" started-at="2023-04-05T23:13:13 IST" name="Test_mamaearth_category_Face_FaceToner_launching" finished-at="2023-04-05T23:13:14 IST" duration-ms="876" status="PASS">
          <reporter-output>
          </reporter-output>
        </test-method> <!-- Test_mamaearth_category_Face_FaceToner_launching -->
        <test-method signature="Test_mamaearth_category_Face_FaceGel_launching()[pri:19, instance:com.mamaearth.TestCase.TC_VerifyAllCategories@7e6f74c]" started-at="2023-04-05T23:13:14 IST" name="Test_mamaearth_category_Face_FaceGel_launching" finished-at="2023-04-05T23:13:15 IST" duration-ms="1023" status="PASS">
          <reporter-output>
          </reporter-output>
        </test-method> <!-- Test_mamaearth_category_Face_FaceGel_launching -->
        <test-method signature="Test_mamaearth_category_Face_FaceSheetMask_launching()[pri:20, instance:com.mamaearth.TestCase.TC_VerifyAllCategories@7e6f74c]" started-at="2023-04-05T23:13:15 IST" name="Test_mamaearth_category_Face_FaceSheetMask_launching" finished-at="2023-04-05T23:13:18 IST" duration-ms="2437" status="PASS">
          <reporter-output>
          </reporter-output>
        </test-method> <!-- Test_mamaearth_category_Face_FaceSheetMask_launching -->
        <test-method signature="Test_mamaearth_category_Face_FaceMoisturizer_launching()[pri:21, instance:com.mamaearth.TestCase.TC_VerifyAllCategories@7e6f74c]" started-at="2023-04-05T23:13:18 IST" name="Test_mamaearth_category_Face_FaceMoisturizer_launching" finished-at="2023-04-05T23:13:19 IST" duration-ms="1162" status="FAIL">
          <exception class="java.lang.AssertionError">
            <message>
              <![CDATA[expected [true] but found [false]]]>
            </message>
            <full-stacktrace>
              <![CDATA[java.lang.AssertionError: expected [true] but found [false]
at org.testng.Assert.fail(Assert.java:99)
at org.testng.Assert.failNotEquals(Assert.java:1037)
at org.testng.Assert.assertTrue(Assert.java:45)
at org.testng.Assert.assertTrue(Assert.java:55)
at com.mamaearth.TestCase.TC_VerifyAllCategories.Test_mamaearth_category_Face_FaceMoisturizer_launching(TC_VerifyAllCategories.java:308)
at java.base/jdk.internal.reflect.DirectMethodHandleAccessor.invoke(DirectMethodHandleAccessor.java:104)
at java.base/java.lang.reflect.Method.invoke(Method.java:577)
at org.testng.internal.MethodInvocationHelper.invokeMethod(MethodInvocationHelper.java:133)
at org.testng.internal.TestInvoker.invokeMethod(TestInvoker.java:598)
at org.testng.internal.TestInvoker.invokeTestMethod(TestInvoker.java:173)
at org.testng.internal.MethodRunner.runInSequence(MethodRunner.java:46)
at org.testng.internal.TestInvoker$MethodInvocationAgent.invoke(TestInvoker.java:824)
at org.testng.internal.TestInvoker.invokeTestMethods(TestInvoker.java:146)
at org.testng.internal.TestMethodWorker.invokeTestMethods(TestMethodWorker.java:146)
at org.testng.internal.TestMethodWorker.run(TestMethodWorker.java:128)
at java.base/java.util.ArrayList.forEach(ArrayList.java:1511)
at org.testng.TestRunner.privateRun(TestRunner.java:794)
at org.testng.TestRunner.run(TestRunner.java:596)
at org.testng.SuiteRunner.runTest(SuiteRunner.java:377)
at org.testng.SuiteRunner.runSequentially(SuiteRunner.java:371)
at org.testng.SuiteRunner.privateRun(SuiteRunner.java:332)
at org.testng.SuiteRunner.run(SuiteRunner.java:276)
at org.testng.SuiteRunnerWorker.runSuite(SuiteRunnerWorker.java:53)
at org.testng.SuiteRunnerWorker.run(SuiteRunnerWorker.java:96)
at org.testng.TestNG.runSuitesSequentially(TestNG.java:1212)
at org.testng.TestNG.runSuitesLocally(TestNG.java:1134)
at org.testng.TestNG.runSuites(TestNG.java:1063)
at org.testng.TestNG.run(TestNG.java:1031)
at org.testng.remote.AbstractRemoteTestNG.run(AbstractRemoteTestNG.java:115)
at org.testng.remote.RemoteTestNG.initAndRun(RemoteTestNG.java:251)
at org.testng.remote.RemoteTestNG.main(RemoteTestNG.java:77)
]]>
            </full-stacktrace>
          </exception> <!-- java.lang.AssertionError -->
          <reporter-output>
          </reporter-output>
        </test-method> <!-- Test_mamaearth_category_Face_FaceMoisturizer_launching -->
        <test-method signature="Test_mamaearth_category_Body_launching()[pri:22, instance:com.mamaearth.TestCase.TC_VerifyAllCategories@7e6f74c]" started-at="2023-04-05T23:13:19 IST" name="Test_mamaearth_category_Body_launching" finished-at="2023-04-05T23:13:20 IST" duration-ms="1176" status="PASS">
          <reporter-output>
          </reporter-output>
        </test-method> <!-- Test_mamaearth_category_Body_launching -->
        <test-method signature="Test_mamaearth_category_Body_BodyLotion_launching()[pri:23, instance:com.mamaearth.TestCase.TC_VerifyAllCategories@7e6f74c]" started-at="2023-04-05T23:13:20 IST" name="Test_mamaearth_category_Body_BodyLotion_launching" finished-at="2023-04-05T23:13:21 IST" duration-ms="1235" status="FAIL">
          <exception class="java.lang.AssertionError">
            <message>
              <![CDATA[expected [true] but found [false]]]>
            </message>
            <full-stacktrace>
              <![CDATA[java.lang.AssertionError: expected [true] but found [false]
at org.testng.Assert.fail(Assert.java:99)
at org.testng.Assert.failNotEquals(Assert.java:1037)
at org.testng.Assert.assertTrue(Assert.java:45)
at org.testng.Assert.assertTrue(Assert.java:55)
at com.mamaearth.TestCase.TC_VerifyAllCategories.Test_mamaearth_category_Body_BodyLotion_launching(TC_VerifyAllCategories.java:322)
at java.base/jdk.internal.reflect.DirectMethodHandleAccessor.invoke(DirectMethodHandleAccessor.java:104)
at java.base/java.lang.reflect.Method.invoke(Method.java:577)
at org.testng.internal.MethodInvocationHelper.invokeMethod(MethodInvocationHelper.java:133)
at org.testng.internal.TestInvoker.invokeMethod(TestInvoker.java:598)
at org.testng.internal.TestInvoker.invokeTestMethod(TestInvoker.java:173)
at org.testng.internal.MethodRunner.runInSequence(MethodRunner.java:46)
at org.testng.internal.TestInvoker$MethodInvocationAgent.invoke(TestInvoker.java:824)
at org.testng.internal.TestInvoker.invokeTestMethods(TestInvoker.java:146)
at org.testng.internal.TestMethodWorker.invokeTestMethods(TestMethodWorker.java:146)
at org.testng.internal.TestMethodWorker.run(TestMethodWorker.java:128)
at java.base/java.util.ArrayList.forEach(ArrayList.java:1511)
at org.testng.TestRunner.privateRun(TestRunner.java:794)
at org.testng.TestRunner.run(TestRunner.java:596)
at org.testng.SuiteRunner.runTest(SuiteRunner.java:377)
at org.testng.SuiteRunner.runSequentially(SuiteRunner.java:371)
at org.testng.SuiteRunner.privateRun(SuiteRunner.java:332)
at org.testng.SuiteRunner.run(SuiteRunner.java:276)
at org.testng.SuiteRunnerWorker.runSuite(SuiteRunnerWorker.java:53)
at org.testng.SuiteRunnerWorker.run(SuiteRunnerWorker.java:96)
at org.testng.TestNG.runSuitesSequentially(TestNG.java:1212)
at org.testng.TestNG.runSuitesLocally(TestNG.java:1134)
at org.testng.TestNG.runSuites(TestNG.java:1063)
at org.testng.TestNG.run(TestNG.java:1031)
at org.testng.remote.AbstractRemoteTestNG.run(AbstractRemoteTestNG.java:115)
at org.testng.remote.RemoteTestNG.initAndRun(RemoteTestNG.java:251)
at org.testng.remote.RemoteTestNG.main(RemoteTestNG.java:77)
]]>
            </full-stacktrace>
          </exception> <!-- java.lang.AssertionError -->
          <reporter-output>
          </reporter-output>
        </test-method> <!-- Test_mamaearth_category_Body_BodyLotion_launching -->
        <test-method signature="Test_mamaearth_category_Body_UnderarmCream_launching()[pri:24, instance:com.mamaearth.TestCase.TC_VerifyAllCategories@7e6f74c]" started-at="2023-04-05T23:13:21 IST" name="Test_mamaearth_category_Body_UnderarmCream_launching" finished-at="2023-04-05T23:13:22 IST" duration-ms="1147" status="PASS">
          <reporter-output>
          </reporter-output>
        </test-method> <!-- Test_mamaearth_category_Body_UnderarmCream_launching -->
        <test-method signature="Test_mamaearth_category_Body_BodyScrub_launching()[pri:25, instance:com.mamaearth.TestCase.TC_VerifyAllCategories@7e6f74c]" started-at="2023-04-05T23:13:22 IST" name="Test_mamaearth_category_Body_BodyScrub_launching" finished-at="2023-04-05T23:13:23 IST" duration-ms="842" status="PASS">
          <reporter-output>
          </reporter-output>
        </test-method> <!-- Test_mamaearth_category_Body_BodyScrub_launching -->
        <test-method signature="Test_mamaearth_category_Body_HandCream_launching()[pri:26, instance:com.mamaearth.TestCase.TC_VerifyAllCategories@7e6f74c]" started-at="2023-04-05T23:13:23 IST" name="Test_mamaearth_category_Body_HandCream_launching" finished-at="2023-04-05T23:13:24 IST" duration-ms="849" status="PASS">
          <reporter-output>
          </reporter-output>
        </test-method> <!-- Test_mamaearth_category_Body_HandCream_launching -->
        <test-method signature="Test_mamaearth_category_Body_BodyWash_launching()[pri:27, instance:com.mamaearth.TestCase.TC_VerifyAllCategories@7e6f74c]" started-at="2023-04-05T23:13:24 IST" name="Test_mamaearth_category_Body_BodyWash_launching" finished-at="2023-04-05T23:13:25 IST" duration-ms="941" status="PASS">
          <reporter-output>
          </reporter-output>
        </test-method> <!-- Test_mamaearth_category_Body_BodyWash_launching -->
        <test-method signature="Test_mamaearth_category_Body_BodySoap_launching()[pri:28, instance:com.mamaearth.TestCase.TC_VerifyAllCategories@7e6f74c]" started-at="2023-04-05T23:13:25 IST" name="Test_mamaearth_category_Body_BodySoap_launching" finished-at="2023-04-05T23:13:26 IST" duration-ms="928" status="PASS">
          <reporter-output>
          </reporter-output>
        </test-method> <!-- Test_mamaearth_category_Body_BodySoap_launching -->
        <test-method signature="Test_mamaearth_category_Makeup_launching()[pri:29, instance:com.mamaearth.TestCase.TC_VerifyAllCategories@7e6f74c]" started-at="2023-04-05T23:13:26 IST" name="Test_mamaearth_category_Makeup_launching" finished-at="2023-04-05T23:13:27 IST" duration-ms="1283" status="PASS">
          <reporter-output>
          </reporter-output>
        </test-method> <!-- Test_mamaearth_category_Makeup_launching -->
        <test-method signature="Test_mamaearth_category_Makeup_Lipsticks_launching()[pri:30, instance:com.mamaearth.TestCase.TC_VerifyAllCategories@7e6f74c]" started-at="2023-04-05T23:13:27 IST" name="Test_mamaearth_category_Makeup_Lipsticks_launching" finished-at="2023-04-05T23:13:29 IST" duration-ms="1366" status="PASS">
          <reporter-output>
          </reporter-output>
        </test-method> <!-- Test_mamaearth_category_Makeup_Lipsticks_launching -->
        <test-method signature="Test_mamaearth_category_Makeup_LipBalm_launching()[pri:31, instance:com.mamaearth.TestCase.TC_VerifyAllCategories@7e6f74c]" started-at="2023-04-05T23:13:29 IST" name="Test_mamaearth_category_Makeup_LipBalm_launching" finished-at="2023-04-05T23:13:30 IST" duration-ms="1114" status="PASS">
          <reporter-output>
          </reporter-output>
        </test-method> <!-- Test_mamaearth_category_Makeup_LipBalm_launching -->
        <test-method signature="Test_mamaearth_category_Makeup_Foundation_launching()[pri:32, instance:com.mamaearth.TestCase.TC_VerifyAllCategories@7e6f74c]" started-at="2023-04-05T23:13:30 IST" name="Test_mamaearth_category_Makeup_Foundation_launching" finished-at="2023-04-05T23:13:31 IST" duration-ms="947" status="PASS">
          <reporter-output>
          </reporter-output>
        </test-method> <!-- Test_mamaearth_category_Makeup_Foundation_launching -->
        <test-method signature="Test_mamaearth_category_Makeup_Kajal_launching()[pri:33, instance:com.mamaearth.TestCase.TC_VerifyAllCategories@7e6f74c]" started-at="2023-04-05T23:13:31 IST" name="Test_mamaearth_category_Makeup_Kajal_launching" finished-at="2023-04-05T23:13:32 IST" duration-ms="979" status="PASS">
          <reporter-output>
          </reporter-output>
        </test-method> <!-- Test_mamaearth_category_Makeup_Kajal_launching -->
        <test-method signature="Test_mamaearth_category_Makeup_Compact_launching()[pri:34, instance:com.mamaearth.TestCase.TC_VerifyAllCategories@7e6f74c]" started-at="2023-04-05T23:13:32 IST" name="Test_mamaearth_category_Makeup_Compact_launching" finished-at="2023-04-05T23:13:33 IST" duration-ms="870" status="PASS">
          <reporter-output>
          </reporter-output>
        </test-method> <!-- Test_mamaearth_category_Makeup_Compact_launching -->
        <test-method signature="Test_mamaearth_category_Makeup_Concealer_launching()[pri:35, instance:com.mamaearth.TestCase.TC_VerifyAllCategories@7e6f74c]" started-at="2023-04-05T23:13:33 IST" name="Test_mamaearth_category_Makeup_Concealer_launching" finished-at="2023-04-05T23:13:33 IST" duration-ms="854" status="PASS">
          <reporter-output>
          </reporter-output>
        </test-method> <!-- Test_mamaearth_category_Makeup_Concealer_launching -->
        <test-method signature="Test_mamaearth_category_Ingredient_launching()[pri:36, instance:com.mamaearth.TestCase.TC_VerifyAllCategories@7e6f74c]" started-at="2023-04-05T23:13:33 IST" name="Test_mamaearth_category_Ingredient_launching" finished-at="2023-04-05T23:13:34 IST" duration-ms="956" status="PASS">
          <reporter-output>
          </reporter-output>
        </test-method> <!-- Test_mamaearth_category_Ingredient_launching -->
        <test-method signature="Test_mamaearth_category_Ingredient_Onion_launching()[pri:37, instance:com.mamaearth.TestCase.TC_VerifyAllCategories@7e6f74c]" started-at="2023-04-05T23:13:34 IST" name="Test_mamaearth_category_Ingredient_Onion_launching" finished-at="2023-04-05T23:13:35 IST" duration-ms="1176" status="PASS">
          <reporter-output>
          </reporter-output>
        </test-method> <!-- Test_mamaearth_category_Ingredient_Onion_launching -->
        <test-method signature="Test_mamaearth_category_Ingredient_Henna_launching()[pri:38, instance:com.mamaearth.TestCase.TC_VerifyAllCategories@7e6f74c]" started-at="2023-04-05T23:13:36 IST" name="Test_mamaearth_category_Ingredient_Henna_launching" finished-at="2023-04-05T23:13:37 IST" duration-ms="1148" status="PASS">
          <reporter-output>
          </reporter-output>
        </test-method> <!-- Test_mamaearth_category_Ingredient_Henna_launching -->
        <test-method signature="Test_mamaearth_category_Ingredient_Rice_launching()[pri:39, instance:com.mamaearth.TestCase.TC_VerifyAllCategories@7e6f74c]" started-at="2023-04-05T23:13:37 IST" name="Test_mamaearth_category_Ingredient_Rice_launching" finished-at="2023-04-05T23:13:38 IST" duration-ms="1246" status="PASS">
          <reporter-output>
          </reporter-output>
        </test-method> <!-- Test_mamaearth_category_Ingredient_Rice_launching -->
        <test-method signature="Test_mamaearth_category_Ingredient_Ubtan_launching()[pri:40, instance:com.mamaearth.TestCase.TC_VerifyAllCategories@7e6f74c]" started-at="2023-04-05T23:13:38 IST" name="Test_mamaearth_category_Ingredient_Ubtan_launching" finished-at="2023-04-05T23:13:39 IST" duration-ms="1471" status="FAIL">
          <exception class="java.lang.AssertionError">
            <message>
              <![CDATA[expected [true] but found [false]]]>
            </message>
            <full-stacktrace>
              <![CDATA[java.lang.AssertionError: expected [true] but found [false]
at org.testng.Assert.fail(Assert.java:99)
at org.testng.Assert.failNotEquals(Assert.java:1037)
at org.testng.Assert.assertTrue(Assert.java:45)
at org.testng.Assert.assertTrue(Assert.java:55)
at com.mamaearth.TestCase.TC_VerifyAllCategories.Test_mamaearth_category_Ingredient_Ubtan_launching(TC_VerifyAllCategories.java:441)
at java.base/jdk.internal.reflect.DirectMethodHandleAccessor.invoke(DirectMethodHandleAccessor.java:104)
at java.base/java.lang.reflect.Method.invoke(Method.java:577)
at org.testng.internal.MethodInvocationHelper.invokeMethod(MethodInvocationHelper.java:133)
at org.testng.internal.TestInvoker.invokeMethod(TestInvoker.java:598)
at org.testng.internal.TestInvoker.invokeTestMethod(TestInvoker.java:173)
at org.testng.internal.MethodRunner.runInSequence(MethodRunner.java:46)
at org.testng.internal.TestInvoker$MethodInvocationAgent.invoke(TestInvoker.java:824)
at org.testng.internal.TestInvoker.invokeTestMethods(TestInvoker.java:146)
at org.testng.internal.TestMethodWorker.invokeTestMethods(TestMethodWorker.java:146)
at org.testng.internal.TestMethodWorker.run(TestMethodWorker.java:128)
at java.base/java.util.ArrayList.forEach(ArrayList.java:1511)
at org.testng.TestRunner.privateRun(TestRunner.java:794)
at org.testng.TestRunner.run(TestRunner.java:596)
at org.testng.SuiteRunner.runTest(SuiteRunner.java:377)
at org.testng.SuiteRunner.runSequentially(SuiteRunner.java:371)
at org.testng.SuiteRunner.privateRun(SuiteRunner.java:332)
at org.testng.SuiteRunner.run(SuiteRunner.java:276)
at org.testng.SuiteRunnerWorker.runSuite(SuiteRunnerWorker.java:53)
at org.testng.SuiteRunnerWorker.run(SuiteRunnerWorker.java:96)
at org.testng.TestNG.runSuitesSequentially(TestNG.java:1212)
at org.testng.TestNG.runSuitesLocally(TestNG.java:1134)
at org.testng.TestNG.runSuites(TestNG.java:1063)
at org.testng.TestNG.run(TestNG.java:1031)
at org.testng.remote.AbstractRemoteTestNG.run(AbstractRemoteTestNG.java:115)
at org.testng.remote.RemoteTestNG.initAndRun(RemoteTestNG.java:251)
at org.testng.remote.RemoteTestNG.main(RemoteTestNG.java:77)
]]>
            </full-stacktrace>
          </exception> <!-- java.lang.AssertionError -->
          <reporter-output>
          </reporter-output>
        </test-method> <!-- Test_mamaearth_category_Ingredient_Ubtan_launching -->
        <test-method signature="Test_mamaearth_category_Ingredient_VitaminC_launching()[pri:41, instance:com.mamaearth.TestCase.TC_VerifyAllCategories@7e6f74c]" started-at="2023-04-05T23:13:39 IST" name="Test_mamaearth_category_Ingredient_VitaminC_launching" finished-at="2023-04-05T23:13:41 IST" duration-ms="1547" status="PASS">
          <reporter-output>
          </reporter-output>
        </test-method> <!-- Test_mamaearth_category_Ingredient_VitaminC_launching -->
        <test-method signature="Test_mamaearth_category_Ingredient_GreenTea_launching()[pri:42, instance:com.mamaearth.TestCase.TC_VerifyAllCategories@7e6f74c]" started-at="2023-04-05T23:13:41 IST" name="Test_mamaearth_category_Ingredient_GreenTea_launching" finished-at="2023-04-05T23:13:42 IST" duration-ms="1297" status="PASS">
          <reporter-output>
          </reporter-output>
        </test-method> <!-- Test_mamaearth_category_Ingredient_GreenTea_launching -->
        <test-method signature="Test_mamaearth_category_Ingredient_TeaTree_launching()[pri:43, instance:com.mamaearth.TestCase.TC_VerifyAllCategories@7e6f74c]" started-at="2023-04-05T23:13:42 IST" name="Test_mamaearth_category_Ingredient_TeaTree_launching" finished-at="2023-04-05T23:13:44 IST" duration-ms="1289" status="PASS">
          <reporter-output>
          </reporter-output>
        </test-method> <!-- Test_mamaearth_category_Ingredient_TeaTree_launching -->
        <test-method signature="Test_mamaearth_category_Ingredient_Aqua_launching()[pri:44, instance:com.mamaearth.TestCase.TC_VerifyAllCategories@7e6f74c]" started-at="2023-04-05T23:13:44 IST" name="Test_mamaearth_category_Ingredient_Aqua_launching" finished-at="2023-04-05T23:13:45 IST" duration-ms="1172" status="PASS">
          <reporter-output>
          </reporter-output>
        </test-method> <!-- Test_mamaearth_category_Ingredient_Aqua_launching -->
        <test-method signature="Test_mamaearth_category_Ingredient_Bhringmla_launching()[pri:45, instance:com.mamaearth.TestCase.TC_VerifyAllCategories@7e6f74c]" started-at="2023-04-05T23:13:45 IST" name="Test_mamaearth_category_Ingredient_Bhringmla_launching" finished-at="2023-04-05T23:13:46 IST" duration-ms="1002" status="FAIL">
          <exception class="java.lang.AssertionError">
            <message>
              <![CDATA[expected [true] but found [false]]]>
            </message>
            <full-stacktrace>
              <![CDATA[java.lang.AssertionError: expected [true] but found [false]
at org.testng.Assert.fail(Assert.java:99)
at org.testng.Assert.failNotEquals(Assert.java:1037)
at org.testng.Assert.assertTrue(Assert.java:45)
at org.testng.Assert.assertTrue(Assert.java:55)
at com.mamaearth.TestCase.TC_VerifyAllCategories.Test_mamaearth_category_Ingredient_Bhringmla_launching(TC_VerifyAllCategories.java:476)
at java.base/jdk.internal.reflect.DirectMethodHandleAccessor.invoke(DirectMethodHandleAccessor.java:104)
at java.base/java.lang.reflect.Method.invoke(Method.java:577)
at org.testng.internal.MethodInvocationHelper.invokeMethod(MethodInvocationHelper.java:133)
at org.testng.internal.TestInvoker.invokeMethod(TestInvoker.java:598)
at org.testng.internal.TestInvoker.invokeTestMethod(TestInvoker.java:173)
at org.testng.internal.MethodRunner.runInSequence(MethodRunner.java:46)
at org.testng.internal.TestInvoker$MethodInvocationAgent.invoke(TestInvoker.java:824)
at org.testng.internal.TestInvoker.invokeTestMethods(TestInvoker.java:146)
at org.testng.internal.TestMethodWorker.invokeTestMethods(TestMethodWorker.java:146)
at org.testng.internal.TestMethodWorker.run(TestMethodWorker.java:128)
at java.base/java.util.ArrayList.forEach(ArrayList.java:1511)
at org.testng.TestRunner.privateRun(TestRunner.java:794)
at org.testng.TestRunner.run(TestRunner.java:596)
at org.testng.SuiteRunner.runTest(SuiteRunner.java:377)
at org.testng.SuiteRunner.runSequentially(SuiteRunner.java:371)
at org.testng.SuiteRunner.privateRun(SuiteRunner.java:332)
at org.testng.SuiteRunner.run(SuiteRunner.java:276)
at org.testng.SuiteRunnerWorker.runSuite(SuiteRunnerWorker.java:53)
at org.testng.SuiteRunnerWorker.run(SuiteRunnerWorker.java:96)
at org.testng.TestNG.runSuitesSequentially(TestNG.java:1212)
at org.testng.TestNG.runSuitesLocally(TestNG.java:1134)
at org.testng.TestNG.runSuites(TestNG.java:1063)
at org.testng.TestNG.run(TestNG.java:1031)
at org.testng.remote.AbstractRemoteTestNG.run(AbstractRemoteTestNG.java:115)
at org.testng.remote.RemoteTestNG.initAndRun(RemoteTestNG.java:251)
at org.testng.remote.RemoteTestNG.main(RemoteTestNG.java:77)
]]>
            </full-stacktrace>
          </exception> <!-- java.lang.AssertionError -->
          <reporter-output>
          </reporter-output>
        </test-method> <!-- Test_mamaearth_category_Ingredient_Bhringmla_launching -->
        <test-method signature="Test_mamaearth_category_Ingredient_Charcoal_launching()[pri:46, instance:com.mamaearth.TestCase.TC_VerifyAllCategories@7e6f74c]" started-at="2023-04-05T23:13:46 IST" name="Test_mamaearth_category_Ingredient_Charcoal_launching" finished-at="2023-04-05T23:13:47 IST" duration-ms="1265" status="PASS">
          <reporter-output>
          </reporter-output>
        </test-method> <!-- Test_mamaearth_category_Ingredient_Charcoal_launching -->
        <test-method signature="Test_mamaearth_category_Ingredient_Coco_launching()[pri:47, instance:com.mamaearth.TestCase.TC_VerifyAllCategories@7e6f74c]" started-at="2023-04-05T23:13:47 IST" name="Test_mamaearth_category_Ingredient_Coco_launching" finished-at="2023-04-05T23:13:48 IST" duration-ms="1264" status="PASS">
          <reporter-output>
          </reporter-output>
        </test-method> <!-- Test_mamaearth_category_Ingredient_Coco_launching -->
        <test-method signature="Test_mamaearth_category_Ingredient_Argan_launching()[pri:48, instance:com.mamaearth.TestCase.TC_VerifyAllCategories@7e6f74c]" started-at="2023-04-05T23:13:48 IST" name="Test_mamaearth_category_Ingredient_Argan_launching" finished-at="2023-04-05T23:13:49 IST" duration-ms="1228" status="PASS">
          <reporter-output>
          </reporter-output>
        </test-method> <!-- Test_mamaearth_category_Ingredient_Argan_launching -->
        <test-method signature="Test_mamaearth_category_Ingredient_AppleCiderVinegar_launching()[pri:49, instance:com.mamaearth.TestCase.TC_VerifyAllCategories@7e6f74c]" started-at="2023-04-05T23:13:49 IST" name="Test_mamaearth_category_Ingredient_AppleCiderVinegar_launching" finished-at="2023-04-05T23:13:51 IST" duration-ms="1290" status="PASS">
          <reporter-output>
          </reporter-output>
        </test-method> <!-- Test_mamaearth_category_Ingredient_AppleCiderVinegar_launching -->
        <test-method signature="Test_mamaearth_category_Ingredient_Retinol_launching()[pri:50, instance:com.mamaearth.TestCase.TC_VerifyAllCategories@7e6f74c]" started-at="2023-04-05T23:13:51 IST" name="Test_mamaearth_category_Ingredient_Retinol_launching" finished-at="2023-04-05T23:13:52 IST" duration-ms="1227" status="PASS">
          <reporter-output>
          </reporter-output>
        </test-method> <!-- Test_mamaearth_category_Ingredient_Retinol_launching -->
        <test-method signature="Test_mamaearth_category_Ingredient_HoneyMalai_launching()[pri:51, instance:com.mamaearth.TestCase.TC_VerifyAllCategories@7e6f74c]" started-at="2023-04-05T23:13:52 IST" name="Test_mamaearth_category_Ingredient_HoneyMalai_launching" finished-at="2023-04-05T23:13:53 IST" duration-ms="1304" status="PASS">
          <reporter-output>
          </reporter-output>
        </test-method> <!-- Test_mamaearth_category_Ingredient_HoneyMalai_launching -->
        <test-method signature="Test_mamaearth_category_Baby_launching()[pri:52, instance:com.mamaearth.TestCase.TC_VerifyAllCategories@7e6f74c]" started-at="2023-04-05T23:13:53 IST" name="Test_mamaearth_category_Baby_launching" finished-at="2023-04-05T23:13:55 IST" duration-ms="1789" status="PASS">
          <reporter-output>
          </reporter-output>
        </test-method> <!-- Test_mamaearth_category_Baby_launching -->
        <test-method signature="Test_mamaearth_category_Baby__BabyShampoo_launching()[pri:53, instance:com.mamaearth.TestCase.TC_VerifyAllCategories@7e6f74c]" started-at="2023-04-05T23:13:55 IST" name="Test_mamaearth_category_Baby__BabyShampoo_launching" finished-at="2023-04-05T23:13:56 IST" duration-ms="1273" status="PASS">
          <reporter-output>
          </reporter-output>
        </test-method> <!-- Test_mamaearth_category_Baby__BabyShampoo_launching -->
        <test-method signature="Test_mamaearth_category_Baby__BabyOralcare_launching()[pri:54, instance:com.mamaearth.TestCase.TC_VerifyAllCategories@7e6f74c]" started-at="2023-04-05T23:13:56 IST" name="Test_mamaearth_category_Baby__BabyOralcare_launching" finished-at="2023-04-05T23:13:57 IST" duration-ms="1116" status="PASS">
          <reporter-output>
          </reporter-output>
        </test-method> <!-- Test_mamaearth_category_Baby__BabyOralcare_launching -->
        <test-method signature="Test_mamaearth_category_Baby__BabyOil_launching()[pri:55, instance:com.mamaearth.TestCase.TC_VerifyAllCategories@7e6f74c]" started-at="2023-04-05T23:13:57 IST" name="Test_mamaearth_category_Baby__BabyOil_launching" finished-at="2023-04-05T23:13:58 IST" duration-ms="1041" status="PASS">
          <reporter-output>
          </reporter-output>
        </test-method> <!-- Test_mamaearth_category_Baby__BabyOil_launching -->
        <test-method signature="Test_mamaearth_category_Baby__BabySkin_launching()[pri:56, instance:com.mamaearth.TestCase.TC_VerifyAllCategories@7e6f74c]" started-at="2023-04-05T23:13:58 IST" name="Test_mamaearth_category_Baby__BabySkin_launching" finished-at="2023-04-05T23:13:59 IST" duration-ms="942" status="PASS">
          <reporter-output>
          </reporter-output>
        </test-method> <!-- Test_mamaearth_category_Baby__BabySkin_launching -->
        <test-method signature="Test_mamaearth_category_Baby__BabyBath_launching()[pri:57, instance:com.mamaearth.TestCase.TC_VerifyAllCategories@7e6f74c]" started-at="2023-04-05T23:13:59 IST" name="Test_mamaearth_category_Baby__BabyBath_launching" finished-at="2023-04-05T23:14:01 IST" duration-ms="1198" status="PASS">
          <reporter-output>
          </reporter-output>
        </test-method> <!-- Test_mamaearth_category_Baby__BabyBath_launching -->
        <test-method signature="Test_mamaearth_category_Baby__BabyBodyLotion_launching()[pri:58, instance:com.mamaearth.TestCase.TC_VerifyAllCategories@7e6f74c]" started-at="2023-04-05T23:14:01 IST" name="Test_mamaearth_category_Baby__BabyBodyLotion_launching" finished-at="2023-04-05T23:14:02 IST" duration-ms="1107" status="PASS">
          <reporter-output>
          </reporter-output>
        </test-method> <!-- Test_mamaearth_category_Baby__BabyBodyLotion_launching -->
        <test-method is-config="true" signature="tearDown()[pri:0, instance:com.mamaearth.TestCase.TC_VerifyAllCategories@7e6f74c]" started-at="2023-04-05T23:14:02 IST" name="tearDown" finished-at="2023-04-05T23:14:02 IST" duration-ms="421" status="PASS">
          <reporter-output>
          </reporter-output>
        </test-method> <!-- tearDown -->
      </class> <!-- com.mamaearth.TestCase.TC_VerifyAllCategories -->
    </test> <!-- Category Test -->
  </suite> <!-- Category Test Suite -->
</testng-results>
