<?xml version="1.0" encoding="UTF-8"?>
<testng-results ignored="0" total="58" passed="58" failed="0" skipped="0">
  <reporter-output>
  </reporter-output>
  <suite started-at="2023-04-05T23:14:50 IST" name="Category Test Suite" finished-at="2023-04-05T23:16:11 IST" duration-ms="80764">
    <groups>
    </groups>
    <test started-at="2023-04-05T23:14:50 IST" name="Category Test" finished-at="2023-04-05T23:16:11 IST" duration-ms="80764">
      <class name="com.mamaearth.TestCase.TC_VerifyAllCategories">
        <test-method is-config="true" signature="setup()[pri:0, instance:com.mamaearth.TestCase.TC_VerifyAllCategories@7e6f74c]" started-at="2023-04-05T23:14:50 IST" name="setup" finished-at="2023-04-05T23:14:59 IST" duration-ms="9090" status="PASS">
          <reporter-output>
          </reporter-output>
        </test-method> <!-- setup -->
        <test-method signature="Test_mamaearth_launching()[pri:1, instance:com.mamaearth.TestCase.TC_VerifyAllCategories@7e6f74c]" started-at="2023-04-05T23:14:59 IST" name="Test_mamaearth_launching" finished-at="2023-04-05T23:14:59 IST" duration-ms="68" status="PASS">
          <reporter-output>
          </reporter-output>
        </test-method> <!-- Test_mamaearth_launching -->
        <test-method signature="Test_mamaearth_category_Beauty_launching()[pri:2, instance:com.mamaearth.TestCase.TC_VerifyAllCategories@7e6f74c]" started-at="2023-04-05T23:14:59 IST" name="Test_mamaearth_category_Beauty_launching" finished-at="2023-04-05T23:15:03 IST" duration-ms="3436" status="PASS">
          <reporter-output>
          </reporter-output>
        </test-method> <!-- Test_mamaearth_category_Beauty_launching -->
        <test-method signature="Test_mamaearth_category_Beauty_Fragrance_launching()[pri:3, instance:com.mamaearth.TestCase.TC_VerifyAllCategories@7e6f74c]" started-at="2023-04-05T23:15:03 IST" name="Test_mamaearth_category_Beauty_Fragrance_launching" finished-at="2023-04-05T23:15:04 IST" duration-ms="1625" status="PASS">
          <reporter-output>
          </reporter-output>
        </test-method> <!-- Test_mamaearth_category_Beauty_Fragrance_launching -->
        <test-method signature="Test_mamaearth_category_Beauty_FacialKits_launching()[pri:4, instance:com.mamaearth.TestCase.TC_VerifyAllCategories@7e6f74c]" started-at="2023-04-05T23:15:04 IST" name="Test_mamaearth_category_Beauty_FacialKits_launching" finished-at="2023-04-05T23:15:05 IST" duration-ms="921" status="PASS">
          <reporter-output>
          </reporter-output>
        </test-method> <!-- Test_mamaearth_category_Beauty_FacialKits_launching -->
        <test-method signature="Test_mamaearth_category_Hair_launching()[pri:5, instance:com.mamaearth.TestCase.TC_VerifyAllCategories@7e6f74c]" started-at="2023-04-05T23:15:05 IST" name="Test_mamaearth_category_Hair_launching" finished-at="2023-04-05T23:15:07 IST" duration-ms="1439" status="PASS">
          <reporter-output>
          </reporter-output>
        </test-method> <!-- Test_mamaearth_category_Hair_launching -->
        <test-method signature="Test_mamaearth_category_Hair_Shampoo_launching()[pri:6, instance:com.mamaearth.TestCase.TC_VerifyAllCategories@7e6f74c]" started-at="2023-04-05T23:15:07 IST" name="Test_mamaearth_category_Hair_Shampoo_launching" finished-at="2023-04-05T23:15:08 IST" duration-ms="1471" status="PASS">
          <reporter-output>
          </reporter-output>
        </test-method> <!-- Test_mamaearth_category_Hair_Shampoo_launching -->
        <test-method signature="Test_mamaearth_category_Hair_Conditioner_launching()[pri:7, instance:com.mamaearth.TestCase.TC_VerifyAllCategories@7e6f74c]" started-at="2023-04-05T23:15:08 IST" name="Test_mamaearth_category_Hair_Conditioner_launching" finished-at="2023-04-05T23:15:09 IST" duration-ms="1148" status="PASS">
          <reporter-output>
          </reporter-output>
        </test-method> <!-- Test_mamaearth_category_Hair_Conditioner_launching -->
        <test-method signature="Test_mamaearth_category_Hair_HairOil_launching()[pri:8, instance:com.mamaearth.TestCase.TC_VerifyAllCategories@7e6f74c]" started-at="2023-04-05T23:15:09 IST" name="Test_mamaearth_category_Hair_HairOil_launching" finished-at="2023-04-05T23:15:11 IST" duration-ms="1295" status="PASS">
          <reporter-output>
          </reporter-output>
        </test-method> <!-- Test_mamaearth_category_Hair_HairOil_launching -->
        <test-method signature="Test_mamaearth_category_Hair_HairMask_launching()[pri:9, instance:com.mamaearth.TestCase.TC_VerifyAllCategories@7e6f74c]" started-at="2023-04-05T23:15:11 IST" name="Test_mamaearth_category_Hair_HairMask_launching" finished-at="2023-04-05T23:15:12 IST" duration-ms="1224" status="PASS">
          <reporter-output>
          </reporter-output>
        </test-method> <!-- Test_mamaearth_category_Hair_HairMask_launching -->
        <test-method signature="Test_mamaearth_category_Hair_HairSerum_launching()[pri:10, instance:com.mamaearth.TestCase.TC_VerifyAllCategories@7e6f74c]" started-at="2023-04-05T23:15:12 IST" name="Test_mamaearth_category_Hair_HairSerum_launching" finished-at="2023-04-05T23:15:13 IST" duration-ms="1268" status="PASS">
          <reporter-output>
          </reporter-output>
        </test-method> <!-- Test_mamaearth_category_Hair_HairSerum_launching -->
        <test-method signature="Test_mamaearth_category_Hair_HairOilBooster_launching()[pri:11, instance:com.mamaearth.TestCase.TC_VerifyAllCategories@7e6f74c]" started-at="2023-04-05T23:15:13 IST" name="Test_mamaearth_category_Hair_HairOilBooster_launching" finished-at="2023-04-05T23:15:14 IST" duration-ms="944" status="PASS">
          <reporter-output>
          </reporter-output>
        </test-method> <!-- Test_mamaearth_category_Hair_HairOilBooster_launching -->
        <test-method signature="Test_mamaearth_category_Face_launching()[pri:12, instance:com.mamaearth.TestCase.TC_VerifyAllCategories@7e6f74c]" started-at="2023-04-05T23:15:14 IST" name="Test_mamaearth_category_Face_launching" finished-at="2023-04-05T23:15:16 IST" duration-ms="1582" status="PASS">
          <reporter-output>
          </reporter-output>
        </test-method> <!-- Test_mamaearth_category_Face_launching -->
        <test-method signature="Test_mamaearth_category_Face_FaceWash_launching()[pri:13, instance:com.mamaearth.TestCase.TC_VerifyAllCategories@7e6f74c]" started-at="2023-04-05T23:15:16 IST" name="Test_mamaearth_category_Face_FaceWash_launching" finished-at="2023-04-05T23:15:17 IST" duration-ms="1336" status="PASS">
          <reporter-output>
          </reporter-output>
        </test-method> <!-- Test_mamaearth_category_Face_FaceWash_launching -->
        <test-method signature="Test_mamaearth_category_Face_FaceMask_launching()[pri:14, instance:com.mamaearth.TestCase.TC_VerifyAllCategories@7e6f74c]" started-at="2023-04-05T23:15:17 IST" name="Test_mamaearth_category_Face_FaceMask_launching" finished-at="2023-04-05T23:15:18 IST" duration-ms="1064" status="PASS">
          <reporter-output>
          </reporter-output>
        </test-method> <!-- Test_mamaearth_category_Face_FaceMask_launching -->
        <test-method signature="Test_mamaearth_category_Face_FaceCream_launching()[pri:15, instance:com.mamaearth.TestCase.TC_VerifyAllCategories@7e6f74c]" started-at="2023-04-05T23:15:18 IST" name="Test_mamaearth_category_Face_FaceCream_launching" finished-at="2023-04-05T23:15:19 IST" duration-ms="1274" status="PASS">
          <reporter-output>
          </reporter-output>
        </test-method> <!-- Test_mamaearth_category_Face_FaceCream_launching -->
        <test-method signature="Test_mamaearth_category_Face_FaceSerum_launching()[pri:16, instance:com.mamaearth.TestCase.TC_VerifyAllCategories@7e6f74c]" started-at="2023-04-05T23:15:19 IST" name="Test_mamaearth_category_Face_FaceSerum_launching" finished-at="2023-04-05T23:15:21 IST" duration-ms="1316" status="PASS">
          <reporter-output>
          </reporter-output>
        </test-method> <!-- Test_mamaearth_category_Face_FaceSerum_launching -->
        <test-method signature="Test_mamaearth_category_Face_FaceScrub_launching()[pri:17, instance:com.mamaearth.TestCase.TC_VerifyAllCategories@7e6f74c]" started-at="2023-04-05T23:15:21 IST" name="Test_mamaearth_category_Face_FaceScrub_launching" finished-at="2023-04-05T23:15:22 IST" duration-ms="1093" status="PASS">
          <reporter-output>
          </reporter-output>
        </test-method> <!-- Test_mamaearth_category_Face_FaceScrub_launching -->
        <test-method signature="Test_mamaearth_category_Face_FaceToner_launching()[pri:18, instance:com.mamaearth.TestCase.TC_VerifyAllCategories@7e6f74c]" started-at="2023-04-05T23:15:22 IST" name="Test_mamaearth_category_Face_FaceToner_launching" finished-at="2023-04-05T23:15:23 IST" duration-ms="978" status="PASS">
          <reporter-output>
          </reporter-output>
        </test-method> <!-- Test_mamaearth_category_Face_FaceToner_launching -->
        <test-method signature="Test_mamaearth_category_Face_FaceGel_launching()[pri:19, instance:com.mamaearth.TestCase.TC_VerifyAllCategories@7e6f74c]" started-at="2023-04-05T23:15:23 IST" name="Test_mamaearth_category_Face_FaceGel_launching" finished-at="2023-04-05T23:15:24 IST" duration-ms="915" status="PASS">
          <reporter-output>
          </reporter-output>
        </test-method> <!-- Test_mamaearth_category_Face_FaceGel_launching -->
        <test-method signature="Test_mamaearth_category_Face_FaceSheetMask_launching()[pri:20, instance:com.mamaearth.TestCase.TC_VerifyAllCategories@7e6f74c]" started-at="2023-04-05T23:15:24 IST" name="Test_mamaearth_category_Face_FaceSheetMask_launching" finished-at="2023-04-05T23:15:26 IST" duration-ms="2448" status="PASS">
          <reporter-output>
          </reporter-output>
        </test-method> <!-- Test_mamaearth_category_Face_FaceSheetMask_launching -->
        <test-method signature="Test_mamaearth_category_Face_FaceMoisturizer_launching()[pri:21, instance:com.mamaearth.TestCase.TC_VerifyAllCategories@7e6f74c]" started-at="2023-04-05T23:15:26 IST" name="Test_mamaearth_category_Face_FaceMoisturizer_launching" finished-at="2023-04-05T23:15:27 IST" duration-ms="1276" status="PASS">
          <reporter-output>
          </reporter-output>
        </test-method> <!-- Test_mamaearth_category_Face_FaceMoisturizer_launching -->
        <test-method signature="Test_mamaearth_category_Body_launching()[pri:22, instance:com.mamaearth.TestCase.TC_VerifyAllCategories@7e6f74c]" started-at="2023-04-05T23:15:27 IST" name="Test_mamaearth_category_Body_launching" finished-at="2023-04-05T23:15:29 IST" duration-ms="1202" status="PASS">
          <reporter-output>
          </reporter-output>
        </test-method> <!-- Test_mamaearth_category_Body_launching -->
        <test-method signature="Test_mamaearth_category_Body_BodyLotion_launching()[pri:23, instance:com.mamaearth.TestCase.TC_VerifyAllCategories@7e6f74c]" started-at="2023-04-05T23:15:29 IST" name="Test_mamaearth_category_Body_BodyLotion_launching" finished-at="2023-04-05T23:15:30 IST" duration-ms="1282" status="PASS">
          <reporter-output>
          </reporter-output>
        </test-method> <!-- Test_mamaearth_category_Body_BodyLotion_launching -->
        <test-method signature="Test_mamaearth_category_Body_UnderarmCream_launching()[pri:24, instance:com.mamaearth.TestCase.TC_VerifyAllCategories@7e6f74c]" started-at="2023-04-05T23:15:30 IST" name="Test_mamaearth_category_Body_UnderarmCream_launching" finished-at="2023-04-05T23:15:31 IST" duration-ms="1086" status="PASS">
          <reporter-output>
          </reporter-output>
        </test-method> <!-- Test_mamaearth_category_Body_UnderarmCream_launching -->
        <test-method signature="Test_mamaearth_category_Body_BodyScrub_launching()[pri:25, instance:com.mamaearth.TestCase.TC_VerifyAllCategories@7e6f74c]" started-at="2023-04-05T23:15:31 IST" name="Test_mamaearth_category_Body_BodyScrub_launching" finished-at="2023-04-05T23:15:32 IST" duration-ms="808" status="PASS">
          <reporter-output>
          </reporter-output>
        </test-method> <!-- Test_mamaearth_category_Body_BodyScrub_launching -->
        <test-method signature="Test_mamaearth_category_Body_HandCream_launching()[pri:26, instance:com.mamaearth.TestCase.TC_VerifyAllCategories@7e6f74c]" started-at="2023-04-05T23:15:32 IST" name="Test_mamaearth_category_Body_HandCream_launching" finished-at="2023-04-05T23:15:33 IST" duration-ms="825" status="PASS">
          <reporter-output>
          </reporter-output>
        </test-method> <!-- Test_mamaearth_category_Body_HandCream_launching -->
        <test-method signature="Test_mamaearth_category_Body_BodyWash_launching()[pri:27, instance:com.mamaearth.TestCase.TC_VerifyAllCategories@7e6f74c]" started-at="2023-04-05T23:15:33 IST" name="Test_mamaearth_category_Body_BodyWash_launching" finished-at="2023-04-05T23:15:33 IST" duration-ms="868" status="PASS">
          <reporter-output>
          </reporter-output>
        </test-method> <!-- Test_mamaearth_category_Body_BodyWash_launching -->
        <test-method signature="Test_mamaearth_category_Body_BodySoap_launching()[pri:28, instance:com.mamaearth.TestCase.TC_VerifyAllCategories@7e6f74c]" started-at="2023-04-05T23:15:33 IST" name="Test_mamaearth_category_Body_BodySoap_launching" finished-at="2023-04-05T23:15:35 IST" duration-ms="1127" status="PASS">
          <reporter-output>
          </reporter-output>
        </test-method> <!-- Test_mamaearth_category_Body_BodySoap_launching -->
        <test-method signature="Test_mamaearth_category_Makeup_launching()[pri:29, instance:com.mamaearth.TestCase.TC_VerifyAllCategories@7e6f74c]" started-at="2023-04-05T23:15:35 IST" name="Test_mamaearth_category_Makeup_launching" finished-at="2023-04-05T23:15:36 IST" duration-ms="1217" status="PASS">
          <reporter-output>
          </reporter-output>
        </test-method> <!-- Test_mamaearth_category_Makeup_launching -->
        <test-method signature="Test_mamaearth_category_Makeup_Lipsticks_launching()[pri:30, instance:com.mamaearth.TestCase.TC_VerifyAllCategories@7e6f74c]" started-at="2023-04-05T23:15:36 IST" name="Test_mamaearth_category_Makeup_Lipsticks_launching" finished-at="2023-04-05T23:15:37 IST" duration-ms="1345" status="PASS">
          <reporter-output>
          </reporter-output>
        </test-method> <!-- Test_mamaearth_category_Makeup_Lipsticks_launching -->
        <test-method signature="Test_mamaearth_category_Makeup_LipBalm_launching()[pri:31, instance:com.mamaearth.TestCase.TC_VerifyAllCategories@7e6f74c]" started-at="2023-04-05T23:15:37 IST" name="Test_mamaearth_category_Makeup_LipBalm_launching" finished-at="2023-04-05T23:15:38 IST" duration-ms="1018" status="PASS">
          <reporter-output>
          </reporter-output>
        </test-method> <!-- Test_mamaearth_category_Makeup_LipBalm_launching -->
        <test-method signature="Test_mamaearth_category_Makeup_Foundation_launching()[pri:32, instance:com.mamaearth.TestCase.TC_VerifyAllCategories@7e6f74c]" started-at="2023-04-05T23:15:38 IST" name="Test_mamaearth_category_Makeup_Foundation_launching" finished-at="2023-04-05T23:15:39 IST" duration-ms="884" status="PASS">
          <reporter-output>
          </reporter-output>
        </test-method> <!-- Test_mamaearth_category_Makeup_Foundation_launching -->
        <test-method signature="Test_mamaearth_category_Makeup_Kajal_launching()[pri:33, instance:com.mamaearth.TestCase.TC_VerifyAllCategories@7e6f74c]" started-at="2023-04-05T23:15:39 IST" name="Test_mamaearth_category_Makeup_Kajal_launching" finished-at="2023-04-05T23:15:40 IST" duration-ms="900" status="PASS">
          <reporter-output>
          </reporter-output>
        </test-method> <!-- Test_mamaearth_category_Makeup_Kajal_launching -->
        <test-method signature="Test_mamaearth_category_Makeup_Compact_launching()[pri:34, instance:com.mamaearth.TestCase.TC_VerifyAllCategories@7e6f74c]" started-at="2023-04-05T23:15:40 IST" name="Test_mamaearth_category_Makeup_Compact_launching" finished-at="2023-04-05T23:15:41 IST" duration-ms="849" status="PASS">
          <reporter-output>
          </reporter-output>
        </test-method> <!-- Test_mamaearth_category_Makeup_Compact_launching -->
        <test-method signature="Test_mamaearth_category_Makeup_Concealer_launching()[pri:35, instance:com.mamaearth.TestCase.TC_VerifyAllCategories@7e6f74c]" started-at="2023-04-05T23:15:41 IST" name="Test_mamaearth_category_Makeup_Concealer_launching" finished-at="2023-04-05T23:15:42 IST" duration-ms="993" status="PASS">
          <reporter-output>
          </reporter-output>
        </test-method> <!-- Test_mamaearth_category_Makeup_Concealer_launching -->
        <test-method signature="Test_mamaearth_category_Ingredient_launching()[pri:36, instance:com.mamaearth.TestCase.TC_VerifyAllCategories@7e6f74c]" started-at="2023-04-05T23:15:42 IST" name="Test_mamaearth_category_Ingredient_launching" finished-at="2023-04-05T23:15:43 IST" duration-ms="934" status="PASS">
          <reporter-output>
          </reporter-output>
        </test-method> <!-- Test_mamaearth_category_Ingredient_launching -->
        <test-method signature="Test_mamaearth_category_Ingredient_Onion_launching()[pri:37, instance:com.mamaearth.TestCase.TC_VerifyAllCategories@7e6f74c]" started-at="2023-04-05T23:15:43 IST" name="Test_mamaearth_category_Ingredient_Onion_launching" finished-at="2023-04-05T23:15:44 IST" duration-ms="1152" status="PASS">
          <reporter-output>
          </reporter-output>
        </test-method> <!-- Test_mamaearth_category_Ingredient_Onion_launching -->
        <test-method signature="Test_mamaearth_category_Ingredient_Henna_launching()[pri:38, instance:com.mamaearth.TestCase.TC_VerifyAllCategories@7e6f74c]" started-at="2023-04-05T23:15:44 IST" name="Test_mamaearth_category_Ingredient_Henna_launching" finished-at="2023-04-05T23:15:45 IST" duration-ms="1546" status="PASS">
          <reporter-output>
          </reporter-output>
        </test-method> <!-- Test_mamaearth_category_Ingredient_Henna_launching -->
        <test-method signature="Test_mamaearth_category_Ingredient_Rice_launching()[pri:39, instance:com.mamaearth.TestCase.TC_VerifyAllCategories@7e6f74c]" started-at="2023-04-05T23:15:45 IST" name="Test_mamaearth_category_Ingredient_Rice_launching" finished-at="2023-04-05T23:15:47 IST" duration-ms="1349" status="PASS">
          <reporter-output>
          </reporter-output>
        </test-method> <!-- Test_mamaearth_category_Ingredient_Rice_launching -->
        <test-method signature="Test_mamaearth_category_Ingredient_Ubtan_launching()[pri:40, instance:com.mamaearth.TestCase.TC_VerifyAllCategories@7e6f74c]" started-at="2023-04-05T23:15:47 IST" name="Test_mamaearth_category_Ingredient_Ubtan_launching" finished-at="2023-04-05T23:15:48 IST" duration-ms="1537" status="PASS">
          <reporter-output>
          </reporter-output>
        </test-method> <!-- Test_mamaearth_category_Ingredient_Ubtan_launching -->
        <test-method signature="Test_mamaearth_category_Ingredient_VitaminC_launching()[pri:41, instance:com.mamaearth.TestCase.TC_VerifyAllCategories@7e6f74c]" started-at="2023-04-05T23:15:48 IST" name="Test_mamaearth_category_Ingredient_VitaminC_launching" finished-at="2023-04-05T23:15:50 IST" duration-ms="1671" status="PASS">
          <reporter-output>
          </reporter-output>
        </test-method> <!-- Test_mamaearth_category_Ingredient_VitaminC_launching -->
        <test-method signature="Test_mamaearth_category_Ingredient_GreenTea_launching()[pri:42, instance:com.mamaearth.TestCase.TC_VerifyAllCategories@7e6f74c]" started-at="2023-04-05T23:15:50 IST" name="Test_mamaearth_category_Ingredient_GreenTea_launching" finished-at="2023-04-05T23:15:51 IST" duration-ms="1392" status="PASS">
          <reporter-output>
          </reporter-output>
        </test-method> <!-- Test_mamaearth_category_Ingredient_GreenTea_launching -->
        <test-method signature="Test_mamaearth_category_Ingredient_TeaTree_launching()[pri:43, instance:com.mamaearth.TestCase.TC_VerifyAllCategories@7e6f74c]" started-at="2023-04-05T23:15:51 IST" name="Test_mamaearth_category_Ingredient_TeaTree_launching" finished-at="2023-04-05T23:15:53 IST" duration-ms="1244" status="PASS">
          <reporter-output>
          </reporter-output>
        </test-method> <!-- Test_mamaearth_category_Ingredient_TeaTree_launching -->
        <test-method signature="Test_mamaearth_category_Ingredient_Aqua_launching()[pri:44, instance:com.mamaearth.TestCase.TC_VerifyAllCategories@7e6f74c]" started-at="2023-04-05T23:15:53 IST" name="Test_mamaearth_category_Ingredient_Aqua_launching" finished-at="2023-04-05T23:15:54 IST" duration-ms="996" status="PASS">
          <reporter-output>
          </reporter-output>
        </test-method> <!-- Test_mamaearth_category_Ingredient_Aqua_launching -->
        <test-method signature="Test_mamaearth_category_Ingredient_Bhringmla_launching()[pri:45, instance:com.mamaearth.TestCase.TC_VerifyAllCategories@7e6f74c]" started-at="2023-04-05T23:15:54 IST" name="Test_mamaearth_category_Ingredient_Bhringmla_launching" finished-at="2023-04-05T23:15:55 IST" duration-ms="1054" status="PASS">
          <reporter-output>
          </reporter-output>
        </test-method> <!-- Test_mamaearth_category_Ingredient_Bhringmla_launching -->
        <test-method signature="Test_mamaearth_category_Ingredient_Charcoal_launching()[pri:46, instance:com.mamaearth.TestCase.TC_VerifyAllCategories@7e6f74c]" started-at="2023-04-05T23:15:55 IST" name="Test_mamaearth_category_Ingredient_Charcoal_launching" finished-at="2023-04-05T23:15:56 IST" duration-ms="1300" status="PASS">
          <reporter-output>
          </reporter-output>
        </test-method> <!-- Test_mamaearth_category_Ingredient_Charcoal_launching -->
        <test-method signature="Test_mamaearth_category_Ingredient_Coco_launching()[pri:47, instance:com.mamaearth.TestCase.TC_VerifyAllCategories@7e6f74c]" started-at="2023-04-05T23:15:56 IST" name="Test_mamaearth_category_Ingredient_Coco_launching" finished-at="2023-04-05T23:15:57 IST" duration-ms="1261" status="PASS">
          <reporter-output>
          </reporter-output>
        </test-method> <!-- Test_mamaearth_category_Ingredient_Coco_launching -->
        <test-method signature="Test_mamaearth_category_Ingredient_Argan_launching()[pri:48, instance:com.mamaearth.TestCase.TC_VerifyAllCategories@7e6f74c]" started-at="2023-04-05T23:15:57 IST" name="Test_mamaearth_category_Ingredient_Argan_launching" finished-at="2023-04-05T23:15:58 IST" duration-ms="1207" status="PASS">
          <reporter-output>
          </reporter-output>
        </test-method> <!-- Test_mamaearth_category_Ingredient_Argan_launching -->
        <test-method signature="Test_mamaearth_category_Ingredient_AppleCiderVinegar_launching()[pri:49, instance:com.mamaearth.TestCase.TC_VerifyAllCategories@7e6f74c]" started-at="2023-04-05T23:15:58 IST" name="Test_mamaearth_category_Ingredient_AppleCiderVinegar_launching" finished-at="2023-04-05T23:16:00 IST" duration-ms="1272" status="PASS">
          <reporter-output>
          </reporter-output>
        </test-method> <!-- Test_mamaearth_category_Ingredient_AppleCiderVinegar_launching -->
        <test-method signature="Test_mamaearth_category_Ingredient_Retinol_launching()[pri:50, instance:com.mamaearth.TestCase.TC_VerifyAllCategories@7e6f74c]" started-at="2023-04-05T23:16:00 IST" name="Test_mamaearth_category_Ingredient_Retinol_launching" finished-at="2023-04-05T23:16:01 IST" duration-ms="1188" status="PASS">
          <reporter-output>
          </reporter-output>
        </test-method> <!-- Test_mamaearth_category_Ingredient_Retinol_launching -->
        <test-method signature="Test_mamaearth_category_Ingredient_HoneyMalai_launching()[pri:51, instance:com.mamaearth.TestCase.TC_VerifyAllCategories@7e6f74c]" started-at="2023-04-05T23:16:01 IST" name="Test_mamaearth_category_Ingredient_HoneyMalai_launching" finished-at="2023-04-05T23:16:02 IST" duration-ms="1181" status="PASS">
          <reporter-output>
          </reporter-output>
        </test-method> <!-- Test_mamaearth_category_Ingredient_HoneyMalai_launching -->
        <test-method signature="Test_mamaearth_category_Baby_launching()[pri:52, instance:com.mamaearth.TestCase.TC_VerifyAllCategories@7e6f74c]" started-at="2023-04-05T23:16:02 IST" name="Test_mamaearth_category_Baby_launching" finished-at="2023-04-05T23:16:04 IST" duration-ms="1780" status="PASS">
          <reporter-output>
          </reporter-output>
        </test-method> <!-- Test_mamaearth_category_Baby_launching -->
        <test-method signature="Test_mamaearth_category_Baby__BabyShampoo_launching()[pri:53, instance:com.mamaearth.TestCase.TC_VerifyAllCategories@7e6f74c]" started-at="2023-04-05T23:16:04 IST" name="Test_mamaearth_category_Baby__BabyShampoo_launching" finished-at="2023-04-05T23:16:05 IST" duration-ms="1270" status="PASS">
          <reporter-output>
          </reporter-output>
        </test-method> <!-- Test_mamaearth_category_Baby__BabyShampoo_launching -->
        <test-method signature="Test_mamaearth_category_Baby__BabyOralcare_launching()[pri:54, instance:com.mamaearth.TestCase.TC_VerifyAllCategories@7e6f74c]" started-at="2023-04-05T23:16:05 IST" name="Test_mamaearth_category_Baby__BabyOralcare_launching" finished-at="2023-04-05T23:16:06 IST" duration-ms="1203" status="PASS">
          <reporter-output>
          </reporter-output>
        </test-method> <!-- Test_mamaearth_category_Baby__BabyOralcare_launching -->
        <test-method signature="Test_mamaearth_category_Baby__BabyOil_launching()[pri:55, instance:com.mamaearth.TestCase.TC_VerifyAllCategories@7e6f74c]" started-at="2023-04-05T23:16:06 IST" name="Test_mamaearth_category_Baby__BabyOil_launching" finished-at="2023-04-05T23:16:07 IST" duration-ms="943" status="PASS">
          <reporter-output>
          </reporter-output>
        </test-method> <!-- Test_mamaearth_category_Baby__BabyOil_launching -->
        <test-method signature="Test_mamaearth_category_Baby__BabySkin_launching()[pri:56, instance:com.mamaearth.TestCase.TC_VerifyAllCategories@7e6f74c]" started-at="2023-04-05T23:16:07 IST" name="Test_mamaearth_category_Baby__BabySkin_launching" finished-at="2023-04-05T23:16:08 IST" duration-ms="953" status="PASS">
          <reporter-output>
          </reporter-output>
        </test-method> <!-- Test_mamaearth_category_Baby__BabySkin_launching -->
        <test-method signature="Test_mamaearth_category_Baby__BabyBath_launching()[pri:57, instance:com.mamaearth.TestCase.TC_VerifyAllCategories@7e6f74c]" started-at="2023-04-05T23:16:08 IST" name="Test_mamaearth_category_Baby__BabyBath_launching" finished-at="2023-04-05T23:16:09 IST" duration-ms="1129" status="PASS">
          <reporter-output>
          </reporter-output>
        </test-method> <!-- Test_mamaearth_category_Baby__BabyBath_launching -->
        <test-method signature="Test_mamaearth_category_Baby__BabyBodyLotion_launching()[pri:58, instance:com.mamaearth.TestCase.TC_VerifyAllCategories@7e6f74c]" started-at="2023-04-05T23:16:09 IST" name="Test_mamaearth_category_Baby__BabyBodyLotion_launching" finished-at="2023-04-05T23:16:10 IST" duration-ms="1112" status="PASS">
          <reporter-output>
          </reporter-output>
        </test-method> <!-- Test_mamaearth_category_Baby__BabyBodyLotion_launching -->
        <test-method is-config="true" signature="tearDown()[pri:0, instance:com.mamaearth.TestCase.TC_VerifyAllCategories@7e6f74c]" started-at="2023-04-05T23:16:10 IST" name="tearDown" finished-at="2023-04-05T23:16:11 IST" duration-ms="375" status="PASS">
          <reporter-output>
          </reporter-output>
        </test-method> <!-- tearDown -->
      </class> <!-- com.mamaearth.TestCase.TC_VerifyAllCategories -->
    </test> <!-- Category Test -->
  </suite> <!-- Category Test Suite -->
</testng-results>
