<?xml version="1.0" encoding="UTF-8"?>
<testng-results ignored="0" total="1" passed="1" failed="0" skipped="0">
  <reporter-output>
  </reporter-output>
  <suite started-at="2023-02-06T15:52:38 IST" name="Default suite" finished-at="2023-02-06T15:52:53 IST" duration-ms="14932">
    <groups>
    </groups>
    <test started-at="2023-02-06T15:52:38 IST" name="Default test" finished-at="2023-02-06T15:52:53 IST" duration-ms="14932">
      <class name="com.mamaearth.TestCase.TC_SearchingAndAlgolia">
        <test-method is-config="true" signature="setup()[pri:0, instance:com.mamaearth.TestCase.TC_SearchingAndAlgolia@1189dd52]" started-at="2023-02-06T15:52:38 IST" name="setup" finished-at="2023-02-06T15:52:47 IST" duration-ms="8941" status="PASS">
          <reporter-output>
          </reporter-output>
        </test-method> <!-- setup -->
        <test-method signature="TC1()[pri:0, instance:com.mamaearth.TestCase.TC_SearchingAndAlgolia@1189dd52]" started-at="2023-02-06T15:52:47 IST" name="TC1" finished-at="2023-02-06T15:52:53 IST" duration-ms="5749" status="PASS">
          <reporter-output>
          </reporter-output>
        </test-method> <!-- TC1 -->
        <test-method is-config="true" signature="tearDown()[pri:0, instance:com.mamaearth.TestCase.TC_SearchingAndAlgolia@1189dd52]" started-at="2023-02-06T15:52:53 IST" name="tearDown" finished-at="2023-02-06T15:52:53 IST" duration-ms="213" status="PASS">
          <reporter-output>
          </reporter-output>
        </test-method> <!-- tearDown -->
      </class> <!-- com.mamaearth.TestCase.TC_SearchingAndAlgolia -->
    </test> <!-- Default test -->
  </suite> <!-- Default suite -->
</testng-results>
