<?xml version="1.0" encoding="UTF-8"?>
<!-- Generated by org.testng.reporters.JUnitXMLReporter -->
<testsuite ignored="0" hostname="Udit-078.local" failures="56" tests="58" name="Categories Verification Test" time="12.816" errors="0" timestamp="2023-03-10T15:33:33 IST">
  <testcase classname="com.mamaearth.TestCase.TC_VerifyAllCategories" name="Test_mamaearth_launching" time="0.061"/>
  <testcase classname="com.mamaearth.TestCase.TC_VerifyAllCategories" name="Test_mamaearth_category_Beauty_launching" time="3.535"/>
  <testcase classname="com.mamaearth.TestCase.TC_VerifyAllCategories" name="Test_mamaearth_category_Beauty_Fragrance_launching" time="0.007">
    <failure type="org.openqa.selenium.NoSuchSessionException" message="Session ID is null. Using WebDriver after calling quit()?
Build info: version: &amp;apos;4.5.0&amp;apos;, revision: &amp;apos;fe167b119a&amp;apos;
System info: os.name: &amp;apos;Mac OS X&amp;apos;, os.arch: &amp;apos;x86_64&amp;apos;, os.version: &amp;apos;11.5.1&amp;apos;, java.version: &amp;apos;18.0.1.1&amp;apos;
Driver info: org.openqa.selenium.chrome.ChromeDriver
Command: [null, actions {actions=[org.openqa.selenium.interactions.Sequence@5c60b0a0]}]
Capabilities {acceptInsecureCerts: false, browserName: chrome, browserVersion: 111.0.5563.64, chrome: {chromedriverVersion: 111.0.5563.64 (c710e93d5b63..., userDataDir: /var/folders/vc/xx8_9t4d2c9...}, goog:chromeOptions: {debuggerAddress: localhost:65378}, networkConnectionEnabled: false, pageLoadStrategy: normal, platformName: MAC, proxy: Proxy(), se:cdp: ws://localhost:65378/devtoo..., se:cdpVersion: 111.0.5563.64, setWindowRect: true, strictFileInteractability: false, timeouts: {implicit: 0, pageLoad: 300000, script: 30000}, unhandledPromptBehavior: dismiss and notify, webauthn:extension:credBlob: true, webauthn:extension:largeBlob: true, webauthn:extension:minPinLength: true, webauthn:extension:prf: true, webauthn:virtualAuthenticators: true}">
      <![CDATA[org.openqa.selenium.NoSuchSessionException: Session ID is null. Using WebDriver after calling quit()?
Build info: version: '4.5.0', revision: 'fe167b119a'
System info: os.name: 'Mac OS X', os.arch: 'x86_64', os.version: '11.5.1', java.version: '18.0.1.1'
Driver info: org.openqa.selenium.chrome.ChromeDriver
Command: [null, actions {actions=[org.openqa.selenium.interactions.Sequence@5c60b0a0]}]
Capabilities {acceptInsecureCerts: false, browserName: chrome, browserVersion: 111.0.5563.64, chrome: {chromedriverVersion: 111.0.5563.64 (c710e93d5b63..., userDataDir: /var/folders/vc/xx8_9t4d2c9...}, goog:chromeOptions: {debuggerAddress: localhost:65378}, networkConnectionEnabled: false, pageLoadStrategy: normal, platformName: MAC, proxy: Proxy(), se:cdp: ws://localhost:65378/devtoo..., se:cdpVersion: 111.0.5563.64, setWindowRect: true, strictFileInteractability: false, timeouts: {implicit: 0, pageLoad: 300000, script: 30000}, unhandledPromptBehavior: dismiss and notify, webauthn:extension:credBlob: true, webauthn:extension:largeBlob: true, webauthn:extension:minPinLength: true, webauthn:extension:prf: true, webauthn:virtualAuthenticators: true}
at org.openqa.selenium.remote.HttpCommandExecutor.execute(HttpCommandExecutor.java:145)
at org.openqa.selenium.remote.service.DriverCommandExecutor.invokeExecute(DriverCommandExecutor.java:167)
at org.openqa.selenium.remote.service.DriverCommandExecutor.execute(DriverCommandExecutor.java:142)
at org.openqa.selenium.remote.RemoteWebDriver.execute(RemoteWebDriver.java:547)
at org.openqa.selenium.remote.RemoteWebDriver.perform(RemoteWebDriver.java:615)
at org.openqa.selenium.interactions.Actions$BuiltAction.perform(Actions.java:567)
at com.mamaearth.Utils.mamaearth_utils_ActionFunction.move_cursor_to_element(mamaearth_utils_ActionFunction.java:18)
at com.mamaearth.Utils.mamaearth_utils_CategoriesFunctions.click_on_Beauty_Fragrance_cateogry(mamaearth_utils_CategoriesFunctions.java:465)
at com.mamaearth.TestCase.TC_VerifyAllCategories.Test_mamaearth_category_Beauty_Fragrance_launching(TC_VerifyAllCategories.java:185)
at java.base/java.util.ArrayList.forEach(ArrayList.java:1511)
... Removed 25 stack frames]]>
    </failure>
  </testcase> <!-- Test_mamaearth_category_Beauty_Fragrance_launching -->
  <testcase classname="com.mamaearth.TestCase.TC_VerifyAllCategories" name="Test_mamaearth_category_Beauty_FacialKits_launching" time="0.003">
    <failure type="org.openqa.selenium.NoSuchSessionException" message="Session ID is null. Using WebDriver after calling quit()?
Build info: version: &amp;apos;4.5.0&amp;apos;, revision: &amp;apos;fe167b119a&amp;apos;
System info: os.name: &amp;apos;Mac OS X&amp;apos;, os.arch: &amp;apos;x86_64&amp;apos;, os.version: &amp;apos;11.5.1&amp;apos;, java.version: &amp;apos;18.0.1.1&amp;apos;
Driver info: org.openqa.selenium.chrome.ChromeDriver
Command: [null, actions {actions=[org.openqa.selenium.interactions.Sequence@5c73f672]}]
Capabilities {acceptInsecureCerts: false, browserName: chrome, browserVersion: 111.0.5563.64, chrome: {chromedriverVersion: 111.0.5563.64 (c710e93d5b63..., userDataDir: /var/folders/vc/xx8_9t4d2c9...}, goog:chromeOptions: {debuggerAddress: localhost:65378}, networkConnectionEnabled: false, pageLoadStrategy: normal, platformName: MAC, proxy: Proxy(), se:cdp: ws://localhost:65378/devtoo..., se:cdpVersion: 111.0.5563.64, setWindowRect: true, strictFileInteractability: false, timeouts: {implicit: 0, pageLoad: 300000, script: 30000}, unhandledPromptBehavior: dismiss and notify, webauthn:extension:credBlob: true, webauthn:extension:largeBlob: true, webauthn:extension:minPinLength: true, webauthn:extension:prf: true, webauthn:virtualAuthenticators: true}">
      <![CDATA[org.openqa.selenium.NoSuchSessionException: Session ID is null. Using WebDriver after calling quit()?
Build info: version: '4.5.0', revision: 'fe167b119a'
System info: os.name: 'Mac OS X', os.arch: 'x86_64', os.version: '11.5.1', java.version: '18.0.1.1'
Driver info: org.openqa.selenium.chrome.ChromeDriver
Command: [null, actions {actions=[org.openqa.selenium.interactions.Sequence@5c73f672]}]
Capabilities {acceptInsecureCerts: false, browserName: chrome, browserVersion: 111.0.5563.64, chrome: {chromedriverVersion: 111.0.5563.64 (c710e93d5b63..., userDataDir: /var/folders/vc/xx8_9t4d2c9...}, goog:chromeOptions: {debuggerAddress: localhost:65378}, networkConnectionEnabled: false, pageLoadStrategy: normal, platformName: MAC, proxy: Proxy(), se:cdp: ws://localhost:65378/devtoo..., se:cdpVersion: 111.0.5563.64, setWindowRect: true, strictFileInteractability: false, timeouts: {implicit: 0, pageLoad: 300000, script: 30000}, unhandledPromptBehavior: dismiss and notify, webauthn:extension:credBlob: true, webauthn:extension:largeBlob: true, webauthn:extension:minPinLength: true, webauthn:extension:prf: true, webauthn:virtualAuthenticators: true}
at org.openqa.selenium.remote.HttpCommandExecutor.execute(HttpCommandExecutor.java:145)
at org.openqa.selenium.remote.service.DriverCommandExecutor.invokeExecute(DriverCommandExecutor.java:167)
at org.openqa.selenium.remote.service.DriverCommandExecutor.execute(DriverCommandExecutor.java:142)
at org.openqa.selenium.remote.RemoteWebDriver.execute(RemoteWebDriver.java:547)
at org.openqa.selenium.remote.RemoteWebDriver.perform(RemoteWebDriver.java:615)
at org.openqa.selenium.interactions.Actions$BuiltAction.perform(Actions.java:567)
at com.mamaearth.Utils.mamaearth_utils_ActionFunction.move_cursor_to_element(mamaearth_utils_ActionFunction.java:18)
at com.mamaearth.Utils.mamaearth_utils_CategoriesFunctions.click_on_Beauty_FacialKits_cateogry(mamaearth_utils_CategoriesFunctions.java:476)
at com.mamaearth.TestCase.TC_VerifyAllCategories.Test_mamaearth_category_Beauty_FacialKits_launching(TC_VerifyAllCategories.java:192)
at java.base/java.util.ArrayList.forEach(ArrayList.java:1511)
... Removed 25 stack frames]]>
    </failure>
  </testcase> <!-- Test_mamaearth_category_Beauty_FacialKits_launching -->
  <testcase classname="com.mamaearth.TestCase.TC_VerifyAllCategories" name="Test_mamaearth_category_Hair_launching" time="0.003">
    <failure type="java.lang.NullPointerException" message="Cannot invoke &amp;quot;com.mamaearth.PageObject.mamaearth_Category_Beauty_FacialKits.categoriesRefrence()&amp;quot; because &amp;quot;this.facialKits&amp;quot; is null">
      <![CDATA[java.lang.NullPointerException: Cannot invoke "com.mamaearth.PageObject.mamaearth_Category_Beauty_FacialKits.categoriesRefrence()" because "this.facialKits" is null
at com.mamaearth.TestCase.TC_VerifyAllCategories.Test_mamaearth_category_Hair_launching(TC_VerifyAllCategories.java:200)
at java.base/java.util.ArrayList.forEach(ArrayList.java:1511)
... Removed 25 stack frames]]>
    </failure>
  </testcase> <!-- Test_mamaearth_category_Hair_launching -->
  <testcase classname="com.mamaearth.TestCase.TC_VerifyAllCategories" name="Test_mamaearth_category_Hair_Shampoo_launching" time="0.019">
    <failure type="java.lang.NullPointerException" message="Cannot invoke &amp;quot;com.mamaearth.PageObject.mamaearth_Category_Hair.categoriesRefrence()&amp;quot; because &amp;quot;this.hair&amp;quot; is null">
      <![CDATA[java.lang.NullPointerException: Cannot invoke "com.mamaearth.PageObject.mamaearth_Category_Hair.categoriesRefrence()" because "this.hair" is null
at com.mamaearth.TestCase.TC_VerifyAllCategories.Test_mamaearth_category_Hair_Shampoo_launching(TC_VerifyAllCategories.java:208)
at java.base/java.util.ArrayList.forEach(ArrayList.java:1511)
... Removed 25 stack frames]]>
    </failure>
  </testcase> <!-- Test_mamaearth_category_Hair_Shampoo_launching -->
  <testcase classname="com.mamaearth.TestCase.TC_VerifyAllCategories" name="Test_mamaearth_category_Hair_Conditioner_launching" time="0.002">
    <failure type="java.lang.NullPointerException" message="Cannot invoke &amp;quot;com.mamaearth.PageObject.mamaearth_Category_Hair_Shampoo.categoriesRefrence()&amp;quot; because &amp;quot;this.hairShampoo&amp;quot; is null">
      <![CDATA[java.lang.NullPointerException: Cannot invoke "com.mamaearth.PageObject.mamaearth_Category_Hair_Shampoo.categoriesRefrence()" because "this.hairShampoo" is null
at com.mamaearth.TestCase.TC_VerifyAllCategories.Test_mamaearth_category_Hair_Conditioner_launching(TC_VerifyAllCategories.java:216)
at java.base/java.util.ArrayList.forEach(ArrayList.java:1511)
... Removed 25 stack frames]]>
    </failure>
  </testcase> <!-- Test_mamaearth_category_Hair_Conditioner_launching -->
  <testcase classname="com.mamaearth.TestCase.TC_VerifyAllCategories" name="Test_mamaearth_category_Hair_HairOil_launching" time="0.002">
    <failure type="java.lang.NullPointerException" message="Cannot invoke &amp;quot;com.mamaearth.PageObject.mamaearth_Category_Hair_Conditioner.categoriesRefrence()&amp;quot; because &amp;quot;this.hairConditioner&amp;quot; is null">
      <![CDATA[java.lang.NullPointerException: Cannot invoke "com.mamaearth.PageObject.mamaearth_Category_Hair_Conditioner.categoriesRefrence()" because "this.hairConditioner" is null
at com.mamaearth.TestCase.TC_VerifyAllCategories.Test_mamaearth_category_Hair_HairOil_launching(TC_VerifyAllCategories.java:224)
at java.base/java.util.ArrayList.forEach(ArrayList.java:1511)
... Removed 25 stack frames]]>
    </failure>
  </testcase> <!-- Test_mamaearth_category_Hair_HairOil_launching -->
  <testcase classname="com.mamaearth.TestCase.TC_VerifyAllCategories" name="Test_mamaearth_category_Hair_HairMask_launching" time="0.002">
    <failure type="java.lang.NullPointerException" message="Cannot invoke &amp;quot;com.mamaearth.PageObject.mamaearth_Category_Hair_HairOil.categoriesRefrence()&amp;quot; because &amp;quot;this.hairOil&amp;quot; is null">
      <![CDATA[java.lang.NullPointerException: Cannot invoke "com.mamaearth.PageObject.mamaearth_Category_Hair_HairOil.categoriesRefrence()" because "this.hairOil" is null
at com.mamaearth.TestCase.TC_VerifyAllCategories.Test_mamaearth_category_Hair_HairMask_launching(TC_VerifyAllCategories.java:233)
at java.base/java.util.ArrayList.forEach(ArrayList.java:1511)
... Removed 25 stack frames]]>
    </failure>
  </testcase> <!-- Test_mamaearth_category_Hair_HairMask_launching -->
  <testcase classname="com.mamaearth.TestCase.TC_VerifyAllCategories" name="Test_mamaearth_category_Hair_HairSerum_launching" time="0.002">
    <failure type="java.lang.NullPointerException" message="Cannot invoke &amp;quot;com.mamaearth.PageObject.mamaearth_Category_Hair_HairMask.categoriesRefrence()&amp;quot; because &amp;quot;this.hairMask&amp;quot; is null">
      <![CDATA[java.lang.NullPointerException: Cannot invoke "com.mamaearth.PageObject.mamaearth_Category_Hair_HairMask.categoriesRefrence()" because "this.hairMask" is null
at com.mamaearth.TestCase.TC_VerifyAllCategories.Test_mamaearth_category_Hair_HairSerum_launching(TC_VerifyAllCategories.java:241)
at java.base/java.util.ArrayList.forEach(ArrayList.java:1511)
... Removed 25 stack frames]]>
    </failure>
  </testcase> <!-- Test_mamaearth_category_Hair_HairSerum_launching -->
  <testcase classname="com.mamaearth.TestCase.TC_VerifyAllCategories" name="Test_mamaearth_category_Hair_HairOilBooster_launching" time="0.02">
    <failure type="java.lang.NullPointerException" message="Cannot invoke &amp;quot;com.mamaearth.PageObject.mamaearth_Category_Hair_HairSerum.categoriesRefrence()&amp;quot; because &amp;quot;this.hairSerum&amp;quot; is null">
      <![CDATA[java.lang.NullPointerException: Cannot invoke "com.mamaearth.PageObject.mamaearth_Category_Hair_HairSerum.categoriesRefrence()" because "this.hairSerum" is null
at com.mamaearth.TestCase.TC_VerifyAllCategories.Test_mamaearth_category_Hair_HairOilBooster_launching(TC_VerifyAllCategories.java:249)
at java.base/java.util.ArrayList.forEach(ArrayList.java:1511)
... Removed 25 stack frames]]>
    </failure>
  </testcase> <!-- Test_mamaearth_category_Hair_HairOilBooster_launching -->
  <testcase classname="com.mamaearth.TestCase.TC_VerifyAllCategories" name="Test_mamaearth_category_Face_launching" time="0.001">
    <failure type="java.lang.NullPointerException" message="Cannot invoke &amp;quot;com.mamaearth.PageObject.mamaearth_Category_Hair_HairOilBooster.categoriesRefrence()&amp;quot; because &amp;quot;this.hairOilBooster&amp;quot; is null">
      <![CDATA[java.lang.NullPointerException: Cannot invoke "com.mamaearth.PageObject.mamaearth_Category_Hair_HairOilBooster.categoriesRefrence()" because "this.hairOilBooster" is null
at com.mamaearth.TestCase.TC_VerifyAllCategories.Test_mamaearth_category_Face_launching(TC_VerifyAllCategories.java:257)
at java.base/java.util.ArrayList.forEach(ArrayList.java:1511)
... Removed 25 stack frames]]>
    </failure>
  </testcase> <!-- Test_mamaearth_category_Face_launching -->
  <testcase classname="com.mamaearth.TestCase.TC_VerifyAllCategories" name="Test_mamaearth_category_Face_FaceWash_launching" time="0.019">
    <failure type="java.lang.NullPointerException" message="Cannot invoke &amp;quot;com.mamaearth.PageObject.mamaearth_Category_Face.categoriesRefrence()&amp;quot; because &amp;quot;this.face&amp;quot; is null">
      <![CDATA[java.lang.NullPointerException: Cannot invoke "com.mamaearth.PageObject.mamaearth_Category_Face.categoriesRefrence()" because "this.face" is null
at com.mamaearth.TestCase.TC_VerifyAllCategories.Test_mamaearth_category_Face_FaceWash_launching(TC_VerifyAllCategories.java:265)
at java.base/java.util.ArrayList.forEach(ArrayList.java:1511)
... Removed 25 stack frames]]>
    </failure>
  </testcase> <!-- Test_mamaearth_category_Face_FaceWash_launching -->
  <testcase classname="com.mamaearth.TestCase.TC_VerifyAllCategories" name="Test_mamaearth_category_Face_FaceMask_launching" time="0.002">
    <failure type="java.lang.NullPointerException" message="Cannot invoke &amp;quot;com.mamaearth.PageObject.mamaearth_Category_Face_FaceWash.categoriesRefrence()&amp;quot; because &amp;quot;this.faceWash&amp;quot; is null">
      <![CDATA[java.lang.NullPointerException: Cannot invoke "com.mamaearth.PageObject.mamaearth_Category_Face_FaceWash.categoriesRefrence()" because "this.faceWash" is null
at com.mamaearth.TestCase.TC_VerifyAllCategories.Test_mamaearth_category_Face_FaceMask_launching(TC_VerifyAllCategories.java:273)
at java.base/java.util.ArrayList.forEach(ArrayList.java:1511)
... Removed 25 stack frames]]>
    </failure>
  </testcase> <!-- Test_mamaearth_category_Face_FaceMask_launching -->
  <testcase classname="com.mamaearth.TestCase.TC_VerifyAllCategories" name="Test_mamaearth_category_Face_FaceCream_launching" time="0.018">
    <failure type="java.lang.NullPointerException" message="Cannot invoke &amp;quot;com.mamaearth.PageObject.mamaearth_Category_Face_FaceMask.categoriesRefrence()&amp;quot; because &amp;quot;this.faceMask&amp;quot; is null">
      <![CDATA[java.lang.NullPointerException: Cannot invoke "com.mamaearth.PageObject.mamaearth_Category_Face_FaceMask.categoriesRefrence()" because "this.faceMask" is null
at com.mamaearth.TestCase.TC_VerifyAllCategories.Test_mamaearth_category_Face_FaceCream_launching(TC_VerifyAllCategories.java:281)
at java.base/java.util.ArrayList.forEach(ArrayList.java:1511)
... Removed 25 stack frames]]>
    </failure>
  </testcase> <!-- Test_mamaearth_category_Face_FaceCream_launching -->
  <testcase classname="com.mamaearth.TestCase.TC_VerifyAllCategories" name="Test_mamaearth_category_Face_FaceSerum_launching" time="0.001">
    <failure type="java.lang.NullPointerException" message="Cannot invoke &amp;quot;com.mamaearth.PageObject.mamaearth_Category_Face_FaceCream.categoriesRefrence()&amp;quot; because &amp;quot;this.faceCream&amp;quot; is null">
      <![CDATA[java.lang.NullPointerException: Cannot invoke "com.mamaearth.PageObject.mamaearth_Category_Face_FaceCream.categoriesRefrence()" because "this.faceCream" is null
at com.mamaearth.TestCase.TC_VerifyAllCategories.Test_mamaearth_category_Face_FaceSerum_launching(TC_VerifyAllCategories.java:289)
at java.base/java.util.ArrayList.forEach(ArrayList.java:1511)
... Removed 25 stack frames]]>
    </failure>
  </testcase> <!-- Test_mamaearth_category_Face_FaceSerum_launching -->
  <testcase classname="com.mamaearth.TestCase.TC_VerifyAllCategories" name="Test_mamaearth_category_Face_FaceScrub_launching" time="0.001">
    <failure type="java.lang.NullPointerException" message="Cannot invoke &amp;quot;com.mamaearth.PageObject.mamaearth_Category_Face_FaceSerum.categoriesRefrence()&amp;quot; because &amp;quot;this.faceSerum&amp;quot; is null">
      <![CDATA[java.lang.NullPointerException: Cannot invoke "com.mamaearth.PageObject.mamaearth_Category_Face_FaceSerum.categoriesRefrence()" because "this.faceSerum" is null
at com.mamaearth.TestCase.TC_VerifyAllCategories.Test_mamaearth_category_Face_FaceScrub_launching(TC_VerifyAllCategories.java:297)
at java.base/java.util.ArrayList.forEach(ArrayList.java:1511)
... Removed 25 stack frames]]>
    </failure>
  </testcase> <!-- Test_mamaearth_category_Face_FaceScrub_launching -->
  <testcase classname="com.mamaearth.TestCase.TC_VerifyAllCategories" name="Test_mamaearth_category_Face_FaceToner_launching" time="0.001">
    <failure type="java.lang.NullPointerException" message="Cannot invoke &amp;quot;com.mamaearth.PageObject.mamaearth_Category_Face_FaceScrub.categoriesRefrence()&amp;quot; because &amp;quot;this.faceScrub&amp;quot; is null">
      <![CDATA[java.lang.NullPointerException: Cannot invoke "com.mamaearth.PageObject.mamaearth_Category_Face_FaceScrub.categoriesRefrence()" because "this.faceScrub" is null
at com.mamaearth.TestCase.TC_VerifyAllCategories.Test_mamaearth_category_Face_FaceToner_launching(TC_VerifyAllCategories.java:305)
at java.base/java.util.ArrayList.forEach(ArrayList.java:1511)
... Removed 25 stack frames]]>
    </failure>
  </testcase> <!-- Test_mamaearth_category_Face_FaceToner_launching -->
  <testcase classname="com.mamaearth.TestCase.TC_VerifyAllCategories" name="Test_mamaearth_category_Face_FaceGel_launching" time="0.001">
    <failure type="java.lang.NullPointerException" message="Cannot invoke &amp;quot;com.mamaearth.PageObject.mamaearth_Category_Face_FaceToner.categoriesRefrence()&amp;quot; because &amp;quot;this.faceToner&amp;quot; is null">
      <![CDATA[java.lang.NullPointerException: Cannot invoke "com.mamaearth.PageObject.mamaearth_Category_Face_FaceToner.categoriesRefrence()" because "this.faceToner" is null
at com.mamaearth.TestCase.TC_VerifyAllCategories.Test_mamaearth_category_Face_FaceGel_launching(TC_VerifyAllCategories.java:313)
at java.base/java.util.ArrayList.forEach(ArrayList.java:1511)
... Removed 25 stack frames]]>
    </failure>
  </testcase> <!-- Test_mamaearth_category_Face_FaceGel_launching -->
  <testcase classname="com.mamaearth.TestCase.TC_VerifyAllCategories" name="Test_mamaearth_category_Face_FaceSheetMask_launching" time="0.001">
    <failure type="java.lang.NullPointerException" message="Cannot invoke &amp;quot;com.mamaearth.PageObject.mamaearth_Category_Face_FaceGel.categoriesRefrence()&amp;quot; because &amp;quot;this.faceGel&amp;quot; is null">
      <![CDATA[java.lang.NullPointerException: Cannot invoke "com.mamaearth.PageObject.mamaearth_Category_Face_FaceGel.categoriesRefrence()" because "this.faceGel" is null
at com.mamaearth.TestCase.TC_VerifyAllCategories.Test_mamaearth_category_Face_FaceSheetMask_launching(TC_VerifyAllCategories.java:321)
at java.base/java.util.ArrayList.forEach(ArrayList.java:1511)
... Removed 25 stack frames]]>
    </failure>
  </testcase> <!-- Test_mamaearth_category_Face_FaceSheetMask_launching -->
  <testcase classname="com.mamaearth.TestCase.TC_VerifyAllCategories" name="Test_mamaearth_category_Face_FaceMoisturizer_launching" time="0.001">
    <failure type="java.lang.NullPointerException" message="Cannot invoke &amp;quot;com.mamaearth.PageObject.mamaearth_Category_Face_FaceSheetMask.categoriesRefrence()&amp;quot; because &amp;quot;this.faceSheetMask&amp;quot; is null">
      <![CDATA[java.lang.NullPointerException: Cannot invoke "com.mamaearth.PageObject.mamaearth_Category_Face_FaceSheetMask.categoriesRefrence()" because "this.faceSheetMask" is null
at com.mamaearth.TestCase.TC_VerifyAllCategories.Test_mamaearth_category_Face_FaceMoisturizer_launching(TC_VerifyAllCategories.java:329)
at java.base/java.util.ArrayList.forEach(ArrayList.java:1511)
... Removed 25 stack frames]]>
    </failure>
  </testcase> <!-- Test_mamaearth_category_Face_FaceMoisturizer_launching -->
  <testcase classname="com.mamaearth.TestCase.TC_VerifyAllCategories" name="Test_mamaearth_category_Body_launching" time="0.001">
    <failure type="java.lang.NullPointerException" message="Cannot invoke &amp;quot;com.mamaearth.PageObject.mamaearth_Category_Face_FaceMoisturizer.categoriesRefrence()&amp;quot; because &amp;quot;this.faceMoisturizer&amp;quot; is null">
      <![CDATA[java.lang.NullPointerException: Cannot invoke "com.mamaearth.PageObject.mamaearth_Category_Face_FaceMoisturizer.categoriesRefrence()" because "this.faceMoisturizer" is null
at com.mamaearth.TestCase.TC_VerifyAllCategories.Test_mamaearth_category_Body_launching(TC_VerifyAllCategories.java:337)
at java.base/java.util.ArrayList.forEach(ArrayList.java:1511)
... Removed 25 stack frames]]>
    </failure>
  </testcase> <!-- Test_mamaearth_category_Body_launching -->
  <testcase classname="com.mamaearth.TestCase.TC_VerifyAllCategories" name="Test_mamaearth_category_Body_BodyLotion_launching" time="0.001">
    <failure type="java.lang.NullPointerException" message="Cannot invoke &amp;quot;com.mamaearth.PageObject.mamaearth_Category_Body.categoriesRefrence()&amp;quot; because &amp;quot;this.body&amp;quot; is null">
      <![CDATA[java.lang.NullPointerException: Cannot invoke "com.mamaearth.PageObject.mamaearth_Category_Body.categoriesRefrence()" because "this.body" is null
at com.mamaearth.TestCase.TC_VerifyAllCategories.Test_mamaearth_category_Body_BodyLotion_launching(TC_VerifyAllCategories.java:345)
at java.base/java.util.ArrayList.forEach(ArrayList.java:1511)
... Removed 25 stack frames]]>
    </failure>
  </testcase> <!-- Test_mamaearth_category_Body_BodyLotion_launching -->
  <testcase classname="com.mamaearth.TestCase.TC_VerifyAllCategories" name="Test_mamaearth_category_Body_UnderarmCream_launching" time="0.002">
    <failure type="java.lang.NullPointerException" message="Cannot invoke &amp;quot;com.mamaearth.PageObject.mamaearth_Category_Body_BodyLotion.categoriesRefrence()&amp;quot; because &amp;quot;this.bodyLotion&amp;quot; is null">
      <![CDATA[java.lang.NullPointerException: Cannot invoke "com.mamaearth.PageObject.mamaearth_Category_Body_BodyLotion.categoriesRefrence()" because "this.bodyLotion" is null
at com.mamaearth.TestCase.TC_VerifyAllCategories.Test_mamaearth_category_Body_UnderarmCream_launching(TC_VerifyAllCategories.java:353)
at java.base/java.util.ArrayList.forEach(ArrayList.java:1511)
... Removed 25 stack frames]]>
    </failure>
  </testcase> <!-- Test_mamaearth_category_Body_UnderarmCream_launching -->
  <testcase classname="com.mamaearth.TestCase.TC_VerifyAllCategories" name="Test_mamaearth_category_Body_BodyScrub_launching" time="0.001">
    <failure type="java.lang.NullPointerException" message="Cannot invoke &amp;quot;com.mamaearth.PageObject.mamaearth_Category_Body_UnderarmCream.categoriesRefrence()&amp;quot; because &amp;quot;this.underarmCream&amp;quot; is null">
      <![CDATA[java.lang.NullPointerException: Cannot invoke "com.mamaearth.PageObject.mamaearth_Category_Body_UnderarmCream.categoriesRefrence()" because "this.underarmCream" is null
at com.mamaearth.TestCase.TC_VerifyAllCategories.Test_mamaearth_category_Body_BodyScrub_launching(TC_VerifyAllCategories.java:361)
at java.base/java.util.ArrayList.forEach(ArrayList.java:1511)
... Removed 25 stack frames]]>
    </failure>
  </testcase> <!-- Test_mamaearth_category_Body_BodyScrub_launching -->
  <testcase classname="com.mamaearth.TestCase.TC_VerifyAllCategories" name="Test_mamaearth_category_Body_HandCream_launching" time="0.001">
    <failure type="java.lang.NullPointerException" message="Cannot invoke &amp;quot;com.mamaearth.PageObject.mamaearth_Category_Body_BodyScrub.categoriesRefrence()&amp;quot; because &amp;quot;this.bodyScrub&amp;quot; is null">
      <![CDATA[java.lang.NullPointerException: Cannot invoke "com.mamaearth.PageObject.mamaearth_Category_Body_BodyScrub.categoriesRefrence()" because "this.bodyScrub" is null
at com.mamaearth.TestCase.TC_VerifyAllCategories.Test_mamaearth_category_Body_HandCream_launching(TC_VerifyAllCategories.java:369)
at java.base/java.util.ArrayList.forEach(ArrayList.java:1511)
... Removed 25 stack frames]]>
    </failure>
  </testcase> <!-- Test_mamaearth_category_Body_HandCream_launching -->
  <testcase classname="com.mamaearth.TestCase.TC_VerifyAllCategories" name="Test_mamaearth_category_Body_BodyWash_launching" time="0.002">
    <failure type="java.lang.NullPointerException" message="Cannot invoke &amp;quot;com.mamaearth.PageObject.mamaearth_Category_Body_HandCream.categoriesRefrence()&amp;quot; because &amp;quot;this.handCream&amp;quot; is null">
      <![CDATA[java.lang.NullPointerException: Cannot invoke "com.mamaearth.PageObject.mamaearth_Category_Body_HandCream.categoriesRefrence()" because "this.handCream" is null
at com.mamaearth.TestCase.TC_VerifyAllCategories.Test_mamaearth_category_Body_BodyWash_launching(TC_VerifyAllCategories.java:377)
at java.base/java.util.ArrayList.forEach(ArrayList.java:1511)
... Removed 25 stack frames]]>
    </failure>
  </testcase> <!-- Test_mamaearth_category_Body_BodyWash_launching -->
  <testcase classname="com.mamaearth.TestCase.TC_VerifyAllCategories" name="Test_mamaearth_category_Body_BodySoap_launching" time="0.001">
    <failure type="java.lang.NullPointerException" message="Cannot invoke &amp;quot;com.mamaearth.PageObject.mamaearth_Category_Body_BodyWash.categoriesRefrence()&amp;quot; because &amp;quot;this.bodyWash&amp;quot; is null">
      <![CDATA[java.lang.NullPointerException: Cannot invoke "com.mamaearth.PageObject.mamaearth_Category_Body_BodyWash.categoriesRefrence()" because "this.bodyWash" is null
at com.mamaearth.TestCase.TC_VerifyAllCategories.Test_mamaearth_category_Body_BodySoap_launching(TC_VerifyAllCategories.java:385)
at java.base/java.util.ArrayList.forEach(ArrayList.java:1511)
... Removed 25 stack frames]]>
    </failure>
  </testcase> <!-- Test_mamaearth_category_Body_BodySoap_launching -->
  <testcase classname="com.mamaearth.TestCase.TC_VerifyAllCategories" name="Test_mamaearth_category_Makeup_launching" time="0.001">
    <failure type="java.lang.NullPointerException" message="Cannot invoke &amp;quot;com.mamaearth.PageObject.mamaearth_Category_Body_BodyLotion.categoriesRefrence()&amp;quot; because &amp;quot;this.bodyLotion&amp;quot; is null">
      <![CDATA[java.lang.NullPointerException: Cannot invoke "com.mamaearth.PageObject.mamaearth_Category_Body_BodyLotion.categoriesRefrence()" because "this.bodyLotion" is null
at com.mamaearth.TestCase.TC_VerifyAllCategories.Test_mamaearth_category_Makeup_launching(TC_VerifyAllCategories.java:393)
at java.base/java.util.ArrayList.forEach(ArrayList.java:1511)
... Removed 25 stack frames]]>
    </failure>
  </testcase> <!-- Test_mamaearth_category_Makeup_launching -->
  <testcase classname="com.mamaearth.TestCase.TC_VerifyAllCategories" name="Test_mamaearth_category_Makeup_Lipsticks_launching" time="0.001">
    <failure type="java.lang.NullPointerException" message="Cannot invoke &amp;quot;com.mamaearth.PageObject.mamaearth_Category_Makeup.categoriesRefrence()&amp;quot; because &amp;quot;this.makeup&amp;quot; is null">
      <![CDATA[java.lang.NullPointerException: Cannot invoke "com.mamaearth.PageObject.mamaearth_Category_Makeup.categoriesRefrence()" because "this.makeup" is null
at com.mamaearth.TestCase.TC_VerifyAllCategories.Test_mamaearth_category_Makeup_Lipsticks_launching(TC_VerifyAllCategories.java:401)
at java.base/java.util.ArrayList.forEach(ArrayList.java:1511)
... Removed 25 stack frames]]>
    </failure>
  </testcase> <!-- Test_mamaearth_category_Makeup_Lipsticks_launching -->
  <testcase classname="com.mamaearth.TestCase.TC_VerifyAllCategories" name="Test_mamaearth_category_Makeup_LipBalm_launching" time="0.001">
    <failure type="java.lang.NullPointerException" message="Cannot invoke &amp;quot;com.mamaearth.PageObject.mamaearth_Category_Makeup_Lipsticks.categoriesRefrence()&amp;quot; because &amp;quot;this.lipsticks&amp;quot; is null">
      <![CDATA[java.lang.NullPointerException: Cannot invoke "com.mamaearth.PageObject.mamaearth_Category_Makeup_Lipsticks.categoriesRefrence()" because "this.lipsticks" is null
at com.mamaearth.TestCase.TC_VerifyAllCategories.Test_mamaearth_category_Makeup_LipBalm_launching(TC_VerifyAllCategories.java:409)
at java.base/java.util.ArrayList.forEach(ArrayList.java:1511)
... Removed 25 stack frames]]>
    </failure>
  </testcase> <!-- Test_mamaearth_category_Makeup_LipBalm_launching -->
  <testcase classname="com.mamaearth.TestCase.TC_VerifyAllCategories" name="Test_mamaearth_category_Makeup_Foundation_launching" time="0.002">
    <failure type="java.lang.NullPointerException" message="Cannot invoke &amp;quot;com.mamaearth.PageObject.mamaearth_Category_Makeup_LipBalm.categoriesRefrence()&amp;quot; because &amp;quot;this.lipBalm&amp;quot; is null">
      <![CDATA[java.lang.NullPointerException: Cannot invoke "com.mamaearth.PageObject.mamaearth_Category_Makeup_LipBalm.categoriesRefrence()" because "this.lipBalm" is null
at com.mamaearth.TestCase.TC_VerifyAllCategories.Test_mamaearth_category_Makeup_Foundation_launching(TC_VerifyAllCategories.java:417)
at java.base/java.util.ArrayList.forEach(ArrayList.java:1511)
... Removed 25 stack frames]]>
    </failure>
  </testcase> <!-- Test_mamaearth_category_Makeup_Foundation_launching -->
  <testcase classname="com.mamaearth.TestCase.TC_VerifyAllCategories" name="Test_mamaearth_category_Makeup_Kajal_launching" time="0.001">
    <failure type="java.lang.NullPointerException" message="Cannot invoke &amp;quot;com.mamaearth.PageObject.mamaearth_Category_Makeup_Foundation.categoriesRefrence()&amp;quot; because &amp;quot;this.foundation&amp;quot; is null">
      <![CDATA[java.lang.NullPointerException: Cannot invoke "com.mamaearth.PageObject.mamaearth_Category_Makeup_Foundation.categoriesRefrence()" because "this.foundation" is null
at com.mamaearth.TestCase.TC_VerifyAllCategories.Test_mamaearth_category_Makeup_Kajal_launching(TC_VerifyAllCategories.java:425)
at java.base/java.util.ArrayList.forEach(ArrayList.java:1511)
... Removed 25 stack frames]]>
    </failure>
  </testcase> <!-- Test_mamaearth_category_Makeup_Kajal_launching -->
  <testcase classname="com.mamaearth.TestCase.TC_VerifyAllCategories" name="Test_mamaearth_category_Makeup_Compact_launching" time="0.001">
    <failure type="java.lang.NullPointerException" message="Cannot invoke &amp;quot;com.mamaearth.PageObject.mamaearth_Category_Makeup_Kajal.categoriesRefrence()&amp;quot; because &amp;quot;this.kajal&amp;quot; is null">
      <![CDATA[java.lang.NullPointerException: Cannot invoke "com.mamaearth.PageObject.mamaearth_Category_Makeup_Kajal.categoriesRefrence()" because "this.kajal" is null
at com.mamaearth.TestCase.TC_VerifyAllCategories.Test_mamaearth_category_Makeup_Compact_launching(TC_VerifyAllCategories.java:433)
at java.base/java.util.ArrayList.forEach(ArrayList.java:1511)
... Removed 25 stack frames]]>
    </failure>
  </testcase> <!-- Test_mamaearth_category_Makeup_Compact_launching -->
  <testcase classname="com.mamaearth.TestCase.TC_VerifyAllCategories" name="Test_mamaearth_category_Makeup_Concealer_launching" time="0.001">
    <failure type="java.lang.NullPointerException" message="Cannot invoke &amp;quot;com.mamaearth.PageObject.mamaearth_Category_Makeup_Compact.categoriesRefrence()&amp;quot; because &amp;quot;this.compact&amp;quot; is null">
      <![CDATA[java.lang.NullPointerException: Cannot invoke "com.mamaearth.PageObject.mamaearth_Category_Makeup_Compact.categoriesRefrence()" because "this.compact" is null
at com.mamaearth.TestCase.TC_VerifyAllCategories.Test_mamaearth_category_Makeup_Concealer_launching(TC_VerifyAllCategories.java:441)
at java.base/java.util.ArrayList.forEach(ArrayList.java:1511)
... Removed 25 stack frames]]>
    </failure>
  </testcase> <!-- Test_mamaearth_category_Makeup_Concealer_launching -->
  <testcase classname="com.mamaearth.TestCase.TC_VerifyAllCategories" name="Test_mamaearth_category_Ingredient_launching" time="0.001">
    <failure type="java.lang.NullPointerException" message="Cannot invoke &amp;quot;com.mamaearth.PageObject.mamaearth_Category_Makeup_Concealer.categoriesRefrence()&amp;quot; because &amp;quot;this.concealer&amp;quot; is null">
      <![CDATA[java.lang.NullPointerException: Cannot invoke "com.mamaearth.PageObject.mamaearth_Category_Makeup_Concealer.categoriesRefrence()" because "this.concealer" is null
at com.mamaearth.TestCase.TC_VerifyAllCategories.Test_mamaearth_category_Ingredient_launching(TC_VerifyAllCategories.java:450)
at java.base/java.util.ArrayList.forEach(ArrayList.java:1511)
... Removed 25 stack frames]]>
    </failure>
  </testcase> <!-- Test_mamaearth_category_Ingredient_launching -->
  <testcase classname="com.mamaearth.TestCase.TC_VerifyAllCategories" name="Test_mamaearth_category_Ingredient_Onion_launching" time="0.001">
    <failure type="java.lang.NullPointerException" message="Cannot invoke &amp;quot;com.mamaearth.PageObject.mamaearth_Category_Ingredient.categoriesRefrence()&amp;quot; because &amp;quot;this.ingredient&amp;quot; is null">
      <![CDATA[java.lang.NullPointerException: Cannot invoke "com.mamaearth.PageObject.mamaearth_Category_Ingredient.categoriesRefrence()" because "this.ingredient" is null
at com.mamaearth.TestCase.TC_VerifyAllCategories.Test_mamaearth_category_Ingredient_Onion_launching(TC_VerifyAllCategories.java:458)
at java.base/java.util.ArrayList.forEach(ArrayList.java:1511)
... Removed 25 stack frames]]>
    </failure>
  </testcase> <!-- Test_mamaearth_category_Ingredient_Onion_launching -->
  <testcase classname="com.mamaearth.TestCase.TC_VerifyAllCategories" name="Test_mamaearth_category_Ingredient_Henna_launching" time="0.001">
    <failure type="java.lang.NullPointerException" message="Cannot invoke &amp;quot;com.mamaearth.PageObject.mamaearth_Category_Ingredient_Onion.categoriesRefrence()&amp;quot; because &amp;quot;this.onion&amp;quot; is null">
      <![CDATA[java.lang.NullPointerException: Cannot invoke "com.mamaearth.PageObject.mamaearth_Category_Ingredient_Onion.categoriesRefrence()" because "this.onion" is null
at com.mamaearth.TestCase.TC_VerifyAllCategories.Test_mamaearth_category_Ingredient_Henna_launching(TC_VerifyAllCategories.java:466)
at java.base/java.util.ArrayList.forEach(ArrayList.java:1511)
... Removed 25 stack frames]]>
    </failure>
  </testcase> <!-- Test_mamaearth_category_Ingredient_Henna_launching -->
  <testcase classname="com.mamaearth.TestCase.TC_VerifyAllCategories" name="Test_mamaearth_category_Ingredient_Rice_launching" time="0.001">
    <failure type="java.lang.NullPointerException" message="Cannot invoke &amp;quot;com.mamaearth.PageObject.mamaearth_Category_Ingredient_Henna.categoriesRefrence()&amp;quot; because &amp;quot;this.henna&amp;quot; is null">
      <![CDATA[java.lang.NullPointerException: Cannot invoke "com.mamaearth.PageObject.mamaearth_Category_Ingredient_Henna.categoriesRefrence()" because "this.henna" is null
at com.mamaearth.TestCase.TC_VerifyAllCategories.Test_mamaearth_category_Ingredient_Rice_launching(TC_VerifyAllCategories.java:474)
at java.base/java.util.ArrayList.forEach(ArrayList.java:1511)
... Removed 25 stack frames]]>
    </failure>
  </testcase> <!-- Test_mamaearth_category_Ingredient_Rice_launching -->
  <testcase classname="com.mamaearth.TestCase.TC_VerifyAllCategories" name="Test_mamaearth_category_Ingredient_Ubtan_launching" time="0.002">
    <failure type="java.lang.NullPointerException" message="Cannot invoke &amp;quot;com.mamaearth.PageObject.mamaearth_Category_Ingredient_Rice.categoriesRefrence()&amp;quot; because &amp;quot;this.rice&amp;quot; is null">
      <![CDATA[java.lang.NullPointerException: Cannot invoke "com.mamaearth.PageObject.mamaearth_Category_Ingredient_Rice.categoriesRefrence()" because "this.rice" is null
at com.mamaearth.TestCase.TC_VerifyAllCategories.Test_mamaearth_category_Ingredient_Ubtan_launching(TC_VerifyAllCategories.java:482)
at java.base/java.util.ArrayList.forEach(ArrayList.java:1511)
... Removed 25 stack frames]]>
    </failure>
  </testcase> <!-- Test_mamaearth_category_Ingredient_Ubtan_launching -->
  <testcase classname="com.mamaearth.TestCase.TC_VerifyAllCategories" name="Test_mamaearth_category_Ingredient_VitaminC_launching" time="0.001">
    <failure type="java.lang.NullPointerException" message="Cannot invoke &amp;quot;com.mamaearth.PageObject.mamaearth_Category_Ingredient_Ubtan.categoriesRefrence()&amp;quot; because &amp;quot;this.ubtan&amp;quot; is null">
      <![CDATA[java.lang.NullPointerException: Cannot invoke "com.mamaearth.PageObject.mamaearth_Category_Ingredient_Ubtan.categoriesRefrence()" because "this.ubtan" is null
at com.mamaearth.TestCase.TC_VerifyAllCategories.Test_mamaearth_category_Ingredient_VitaminC_launching(TC_VerifyAllCategories.java:490)
at java.base/java.util.ArrayList.forEach(ArrayList.java:1511)
... Removed 25 stack frames]]>
    </failure>
  </testcase> <!-- Test_mamaearth_category_Ingredient_VitaminC_launching -->
  <testcase classname="com.mamaearth.TestCase.TC_VerifyAllCategories" name="Test_mamaearth_category_Ingredient_GreenTea_launching" time="0.001">
    <failure type="java.lang.NullPointerException" message="Cannot invoke &amp;quot;com.mamaearth.PageObject.mamaearth_Category_Ingredient_VitaminC.categoriesRefrence()&amp;quot; because &amp;quot;this.vitaminC&amp;quot; is null">
      <![CDATA[java.lang.NullPointerException: Cannot invoke "com.mamaearth.PageObject.mamaearth_Category_Ingredient_VitaminC.categoriesRefrence()" because "this.vitaminC" is null
at com.mamaearth.TestCase.TC_VerifyAllCategories.Test_mamaearth_category_Ingredient_GreenTea_launching(TC_VerifyAllCategories.java:498)
at java.base/java.util.ArrayList.forEach(ArrayList.java:1511)
... Removed 25 stack frames]]>
    </failure>
  </testcase> <!-- Test_mamaearth_category_Ingredient_GreenTea_launching -->
  <testcase classname="com.mamaearth.TestCase.TC_VerifyAllCategories" name="Test_mamaearth_category_Ingredient_TeaTree_launching" time="0.001">
    <failure type="java.lang.NullPointerException" message="Cannot invoke &amp;quot;com.mamaearth.PageObject.mamaearth_Category_Ingredient_GreenTea.categoriesRefrence()&amp;quot; because &amp;quot;this.greenTea&amp;quot; is null">
      <![CDATA[java.lang.NullPointerException: Cannot invoke "com.mamaearth.PageObject.mamaearth_Category_Ingredient_GreenTea.categoriesRefrence()" because "this.greenTea" is null
at com.mamaearth.TestCase.TC_VerifyAllCategories.Test_mamaearth_category_Ingredient_TeaTree_launching(TC_VerifyAllCategories.java:506)
at java.base/java.util.ArrayList.forEach(ArrayList.java:1511)
... Removed 25 stack frames]]>
    </failure>
  </testcase> <!-- Test_mamaearth_category_Ingredient_TeaTree_launching -->
  <testcase classname="com.mamaearth.TestCase.TC_VerifyAllCategories" name="Test_mamaearth_category_Ingredient_Aqua_launching" time="0.001">
    <failure type="java.lang.NullPointerException" message="Cannot invoke &amp;quot;com.mamaearth.PageObject.mamaearth_Category_Ingredient_TeaTree.categoriesRefrence()&amp;quot; because &amp;quot;this.teaTree&amp;quot; is null">
      <![CDATA[java.lang.NullPointerException: Cannot invoke "com.mamaearth.PageObject.mamaearth_Category_Ingredient_TeaTree.categoriesRefrence()" because "this.teaTree" is null
at com.mamaearth.TestCase.TC_VerifyAllCategories.Test_mamaearth_category_Ingredient_Aqua_launching(TC_VerifyAllCategories.java:514)
at java.base/java.util.ArrayList.forEach(ArrayList.java:1511)
... Removed 25 stack frames]]>
    </failure>
  </testcase> <!-- Test_mamaearth_category_Ingredient_Aqua_launching -->
  <testcase classname="com.mamaearth.TestCase.TC_VerifyAllCategories" name="Test_mamaearth_category_Ingredient_Bhringmla_launching" time="0.0">
    <failure type="java.lang.NullPointerException" message="Cannot invoke &amp;quot;com.mamaearth.PageObject.mamaearth_Category_Ingredient_GreenTea.categoriesRefrence()&amp;quot; because &amp;quot;this.greenTea&amp;quot; is null">
      <![CDATA[java.lang.NullPointerException: Cannot invoke "com.mamaearth.PageObject.mamaearth_Category_Ingredient_GreenTea.categoriesRefrence()" because "this.greenTea" is null
at com.mamaearth.TestCase.TC_VerifyAllCategories.Test_mamaearth_category_Ingredient_Bhringmla_launching(TC_VerifyAllCategories.java:522)
at java.base/java.util.ArrayList.forEach(ArrayList.java:1511)
... Removed 25 stack frames]]>
    </failure>
  </testcase> <!-- Test_mamaearth_category_Ingredient_Bhringmla_launching -->
  <testcase classname="com.mamaearth.TestCase.TC_VerifyAllCategories" name="Test_mamaearth_category_Ingredient_Charcoal_launching" time="0.001">
    <failure type="java.lang.NullPointerException" message="Cannot invoke &amp;quot;com.mamaearth.PageObject.mamaearth_Category_Ingredient_Bhringmla.categoriesRefrence()&amp;quot; because &amp;quot;this.bhringmla&amp;quot; is null">
      <![CDATA[java.lang.NullPointerException: Cannot invoke "com.mamaearth.PageObject.mamaearth_Category_Ingredient_Bhringmla.categoriesRefrence()" because "this.bhringmla" is null
at com.mamaearth.TestCase.TC_VerifyAllCategories.Test_mamaearth_category_Ingredient_Charcoal_launching(TC_VerifyAllCategories.java:530)
at java.base/java.util.ArrayList.forEach(ArrayList.java:1511)
... Removed 25 stack frames]]>
    </failure>
  </testcase> <!-- Test_mamaearth_category_Ingredient_Charcoal_launching -->
  <testcase classname="com.mamaearth.TestCase.TC_VerifyAllCategories" name="Test_mamaearth_category_Ingredient_Coco_launching" time="0.001">
    <failure type="java.lang.NullPointerException" message="Cannot invoke &amp;quot;com.mamaearth.PageObject.mamaearth_Category_Ingredient_Charcoal.categoriesRefrence()&amp;quot; because &amp;quot;this.charcoal&amp;quot; is null">
      <![CDATA[java.lang.NullPointerException: Cannot invoke "com.mamaearth.PageObject.mamaearth_Category_Ingredient_Charcoal.categoriesRefrence()" because "this.charcoal" is null
at com.mamaearth.TestCase.TC_VerifyAllCategories.Test_mamaearth_category_Ingredient_Coco_launching(TC_VerifyAllCategories.java:538)
at java.base/java.util.ArrayList.forEach(ArrayList.java:1511)
... Removed 25 stack frames]]>
    </failure>
  </testcase> <!-- Test_mamaearth_category_Ingredient_Coco_launching -->
  <testcase classname="com.mamaearth.TestCase.TC_VerifyAllCategories" name="Test_mamaearth_category_Ingredient_Argan_launching" time="0.002">
    <failure type="java.lang.NullPointerException" message="Cannot invoke &amp;quot;com.mamaearth.PageObject.mamaearth_Category_Ingredient_Coco.categoriesRefrence()&amp;quot; because &amp;quot;this.coco&amp;quot; is null">
      <![CDATA[java.lang.NullPointerException: Cannot invoke "com.mamaearth.PageObject.mamaearth_Category_Ingredient_Coco.categoriesRefrence()" because "this.coco" is null
at com.mamaearth.TestCase.TC_VerifyAllCategories.Test_mamaearth_category_Ingredient_Argan_launching(TC_VerifyAllCategories.java:546)
at java.base/java.util.ArrayList.forEach(ArrayList.java:1511)
... Removed 25 stack frames]]>
    </failure>
  </testcase> <!-- Test_mamaearth_category_Ingredient_Argan_launching -->
  <testcase classname="com.mamaearth.TestCase.TC_VerifyAllCategories" name="Test_mamaearth_category_Ingredient_AppleCiderVinegar_launching" time="0.002">
    <failure type="java.lang.NullPointerException" message="Cannot invoke &amp;quot;com.mamaearth.PageObject.mamaearth_Category_Ingredient_Argan.categoriesRefrence()&amp;quot; because &amp;quot;this.argan&amp;quot; is null">
      <![CDATA[java.lang.NullPointerException: Cannot invoke "com.mamaearth.PageObject.mamaearth_Category_Ingredient_Argan.categoriesRefrence()" because "this.argan" is null
at com.mamaearth.TestCase.TC_VerifyAllCategories.Test_mamaearth_category_Ingredient_AppleCiderVinegar_launching(TC_VerifyAllCategories.java:554)
at java.base/java.util.ArrayList.forEach(ArrayList.java:1511)
... Removed 25 stack frames]]>
    </failure>
  </testcase> <!-- Test_mamaearth_category_Ingredient_AppleCiderVinegar_launching -->
  <testcase classname="com.mamaearth.TestCase.TC_VerifyAllCategories" name="Test_mamaearth_category_Ingredient_Retinol_launching" time="0.001">
    <failure type="java.lang.NullPointerException" message="Cannot invoke &amp;quot;com.mamaearth.PageObject.mamaearth_Category_Ingredient_AppleCiderVinegar.categoriesRefrence()&amp;quot; because &amp;quot;this.appleCiderVinegar&amp;quot; is null">
      <![CDATA[java.lang.NullPointerException: Cannot invoke "com.mamaearth.PageObject.mamaearth_Category_Ingredient_AppleCiderVinegar.categoriesRefrence()" because "this.appleCiderVinegar" is null
at com.mamaearth.TestCase.TC_VerifyAllCategories.Test_mamaearth_category_Ingredient_Retinol_launching(TC_VerifyAllCategories.java:562)
at java.base/java.util.ArrayList.forEach(ArrayList.java:1511)
... Removed 25 stack frames]]>
    </failure>
  </testcase> <!-- Test_mamaearth_category_Ingredient_Retinol_launching -->
  <testcase classname="com.mamaearth.TestCase.TC_VerifyAllCategories" name="Test_mamaearth_category_Ingredient_HoneyMalai_launching" time="0.004">
    <failure type="java.lang.NullPointerException" message="Cannot invoke &amp;quot;com.mamaearth.PageObject.mamaearth_Category_Ingredient_Retinol.categoriesRefrence()&amp;quot; because &amp;quot;this.retinol&amp;quot; is null">
      <![CDATA[java.lang.NullPointerException: Cannot invoke "com.mamaearth.PageObject.mamaearth_Category_Ingredient_Retinol.categoriesRefrence()" because "this.retinol" is null
at com.mamaearth.TestCase.TC_VerifyAllCategories.Test_mamaearth_category_Ingredient_HoneyMalai_launching(TC_VerifyAllCategories.java:570)
at java.base/java.util.ArrayList.forEach(ArrayList.java:1511)
... Removed 25 stack frames]]>
    </failure>
  </testcase> <!-- Test_mamaearth_category_Ingredient_HoneyMalai_launching -->
  <testcase classname="com.mamaearth.TestCase.TC_VerifyAllCategories" name="Test_mamaearth_category_Baby_launching" time="0.001">
    <failure type="java.lang.NullPointerException" message="Cannot invoke &amp;quot;com.mamaearth.PageObject.mamaearth_Category_Ingredient_HoneyMalai.categoriesRefrence()&amp;quot; because &amp;quot;this.honeyMalai&amp;quot; is null">
      <![CDATA[java.lang.NullPointerException: Cannot invoke "com.mamaearth.PageObject.mamaearth_Category_Ingredient_HoneyMalai.categoriesRefrence()" because "this.honeyMalai" is null
at com.mamaearth.TestCase.TC_VerifyAllCategories.Test_mamaearth_category_Baby_launching(TC_VerifyAllCategories.java:578)
at java.base/java.util.ArrayList.forEach(ArrayList.java:1511)
... Removed 25 stack frames]]>
    </failure>
  </testcase> <!-- Test_mamaearth_category_Baby_launching -->
  <testcase classname="com.mamaearth.TestCase.TC_VerifyAllCategories" name="Test_mamaearth_category_Baby__BabyShampoo_launching" time="0.001">
    <failure type="java.lang.NullPointerException" message="Cannot invoke &amp;quot;com.mamaearth.PageObject.Baby.mamaearth_Category_Baby.categoriesRefrence()&amp;quot; because &amp;quot;this.baby&amp;quot; is null">
      <![CDATA[java.lang.NullPointerException: Cannot invoke "com.mamaearth.PageObject.Baby.mamaearth_Category_Baby.categoriesRefrence()" because "this.baby" is null
at com.mamaearth.TestCase.TC_VerifyAllCategories.Test_mamaearth_category_Baby__BabyShampoo_launching(TC_VerifyAllCategories.java:586)
at java.base/java.util.ArrayList.forEach(ArrayList.java:1511)
... Removed 25 stack frames]]>
    </failure>
  </testcase> <!-- Test_mamaearth_category_Baby__BabyShampoo_launching -->
  <testcase classname="com.mamaearth.TestCase.TC_VerifyAllCategories" name="Test_mamaearth_category_Baby__BabyOralcare_launching" time="0.001">
    <failure type="java.lang.NullPointerException" message="Cannot invoke &amp;quot;com.mamaearth.PageObject.Baby.mamaearth_Category_Baby_BabyShampoo.categoriesRefrence()&amp;quot; because &amp;quot;this.babyShampoo&amp;quot; is null">
      <![CDATA[java.lang.NullPointerException: Cannot invoke "com.mamaearth.PageObject.Baby.mamaearth_Category_Baby_BabyShampoo.categoriesRefrence()" because "this.babyShampoo" is null
at com.mamaearth.TestCase.TC_VerifyAllCategories.Test_mamaearth_category_Baby__BabyOralcare_launching(TC_VerifyAllCategories.java:594)
at java.base/java.util.ArrayList.forEach(ArrayList.java:1511)
... Removed 25 stack frames]]>
    </failure>
  </testcase> <!-- Test_mamaearth_category_Baby__BabyOralcare_launching -->
  <testcase classname="com.mamaearth.TestCase.TC_VerifyAllCategories" name="Test_mamaearth_category_Baby__BabyOil_launching" time="0.002">
    <failure type="java.lang.NullPointerException" message="Cannot invoke &amp;quot;com.mamaearth.PageObject.Baby.mamaearth_Category_Baby_BabyOralcare.categoriesRefrence()&amp;quot; because &amp;quot;this.babyOralcare&amp;quot; is null">
      <![CDATA[java.lang.NullPointerException: Cannot invoke "com.mamaearth.PageObject.Baby.mamaearth_Category_Baby_BabyOralcare.categoriesRefrence()" because "this.babyOralcare" is null
at com.mamaearth.TestCase.TC_VerifyAllCategories.Test_mamaearth_category_Baby__BabyOil_launching(TC_VerifyAllCategories.java:602)
at java.base/java.util.ArrayList.forEach(ArrayList.java:1511)
... Removed 25 stack frames]]>
    </failure>
  </testcase> <!-- Test_mamaearth_category_Baby__BabyOil_launching -->
  <testcase classname="com.mamaearth.TestCase.TC_VerifyAllCategories" name="Test_mamaearth_category_Baby__BabySkin_launching" time="0.001">
    <failure type="java.lang.NullPointerException" message="Cannot invoke &amp;quot;com.mamaearth.PageObject.Baby.mamaearth_Category_Baby_BabyOil.categoriesRefrence()&amp;quot; because &amp;quot;this.babyOil&amp;quot; is null">
      <![CDATA[java.lang.NullPointerException: Cannot invoke "com.mamaearth.PageObject.Baby.mamaearth_Category_Baby_BabyOil.categoriesRefrence()" because "this.babyOil" is null
at com.mamaearth.TestCase.TC_VerifyAllCategories.Test_mamaearth_category_Baby__BabySkin_launching(TC_VerifyAllCategories.java:610)
at java.base/java.util.ArrayList.forEach(ArrayList.java:1511)
... Removed 25 stack frames]]>
    </failure>
  </testcase> <!-- Test_mamaearth_category_Baby__BabySkin_launching -->
  <testcase classname="com.mamaearth.TestCase.TC_VerifyAllCategories" name="Test_mamaearth_category_Baby__BabyBath_launching" time="0.001">
    <failure type="java.lang.NullPointerException" message="Cannot invoke &amp;quot;com.mamaearth.PageObject.Baby.mamaearth_Category_Baby_BabySkin.categoriesRefrence()&amp;quot; because &amp;quot;this.babySkin&amp;quot; is null">
      <![CDATA[java.lang.NullPointerException: Cannot invoke "com.mamaearth.PageObject.Baby.mamaearth_Category_Baby_BabySkin.categoriesRefrence()" because "this.babySkin" is null
at com.mamaearth.TestCase.TC_VerifyAllCategories.Test_mamaearth_category_Baby__BabyBath_launching(TC_VerifyAllCategories.java:618)
at java.base/java.util.ArrayList.forEach(ArrayList.java:1511)
... Removed 25 stack frames]]>
    </failure>
  </testcase> <!-- Test_mamaearth_category_Baby__BabyBath_launching -->
  <testcase classname="com.mamaearth.TestCase.TC_VerifyAllCategories" name="Test_mamaearth_category_Baby__BabyBodyLotion_launching" time="0.001">
    <failure type="java.lang.NullPointerException" message="Cannot invoke &amp;quot;com.mamaearth.PageObject.Baby.mamaearth_Category_Baby_BabyBath.categoriesRefrence()&amp;quot; because &amp;quot;this.babyBath&amp;quot; is null">
      <![CDATA[java.lang.NullPointerException: Cannot invoke "com.mamaearth.PageObject.Baby.mamaearth_Category_Baby_BabyBath.categoriesRefrence()" because "this.babyBath" is null
at com.mamaearth.TestCase.TC_VerifyAllCategories.Test_mamaearth_category_Baby__BabyBodyLotion_launching(TC_VerifyAllCategories.java:626)
at java.base/java.util.ArrayList.forEach(ArrayList.java:1511)
... Removed 25 stack frames]]>
    </failure>
  </testcase> <!-- Test_mamaearth_category_Baby__BabyBodyLotion_launching -->
</testsuite> <!-- Categories Verification Test -->
