<?xml version="1.0" encoding="UTF-8"?>
<!-- Generated by org.testng.reporters.JUnitXMLReporter -->
<testsuite ignored="0" hostname="Udit-078.local" failures="0" tests="2" name="Login Test" time="72.806" errors="0" timestamp="2023-03-10T15:34:51 IST">
  <testcase classname="com.mamaearth.TestCase.TC_CheckcoutWithoutGI" name="Test_GuestUser_WithCoupon_withoutGI_COD" time="27.936"/>
  <testcase classname="com.mamaearth.TestCase.TC_CheckcoutWithoutGI" name="Test_GuestUser_WithoutCoupon_withoutGI_COD" time="26.043"/>
</testsuite> <!-- Login Test -->
